-------- Log file LP890-9_6115.log -------

Executable: /home/paul/vplanet/vplanet
Version: v1.0.0-410-g06cc63fcbb6ba0d343040b1b7c332851a0939b66
System Name: LP890-9_6115
Primary Input File: 6115_vpl.in
Body File #1: 6115_star.in
Body File #2: 6115_b.in
Body File #3: 6115_c.in
Allow files to be overwitten: Yes
Mass Units: Kilograms
Length Units: Meters
Time Units: Seconds
Angle Units: Radians

------- FORMATTING -----
Verbosity Level: 0
Crossover Decade for Scientific Notation: 4
Number of Digits After Decimal: 6
Integration Method: Runge-Kutta4
Direction: Forward
Time Step: 3.155760e+07
Stop Time: 3.155760e+11
Output Interval: 3.155760e+09
Use Variable Timestep: Yes
dEta: 0.001000
Minimum Value of ecc and obl: 1.000000e-10


---- INITIAL SYSTEM PROPERTIES ----
(Age) System Age [sec]: 3.155760e+13 
(Time) Simulation Time [sec]: 0.000000 
(TotAngMom) Total Angular Momentum [kgm^2/s]: 2.084701e+42 
(TotEnergy) Total System Energy [ergs]: -2.726392e+39 
(PotEnergy) Body's non-orbital Potential Energy [kg*m^2/sec^2]: -2.801863e+39 
(KinEnergy) Body's non-orbital Kinetic Energy [kg*m^2/sec^2]: 7.553136e+37 
(DeltaTime) Average Timestep Over Last Output Interval [sec]: 0.000000 
(Density) Average Density [kg/m^3]: 2017.511691 
(LongP) Body's Longitude of pericenter [rad]: 0.000000 
(LXUVTot) Total XUV Luminosity [kg*m^2/sec^2/(m^2*sec)]: 3.456466e+22 

----- BODY: 6115_star ----
Active Modules: EqTide STELLAR
Module Bit Sum: 67
Color: 000000
(Mass) Mass [kg]: 2.346331e+29 
(Obliquity) Obliquity [rad]: 0.000000 
(PrecA) Body's precession angle [rad]: 0.000000 
(Xobl) Body's sin(obl)*cos(pA) []: 0.000000 
(Yobl) Body's sin(obl)*sin(pA) []: 0.000000 
(Zobl) Body's cos(obl) []: 1.000000 
(Radius) Radius [Solar]: 1.131007 
(RadGyra) Radius of Gyration []: 0.443436 
(RotAngMom) Rotational Angular Momentum [kg*m^2/sec]: 2.077261e+42 
(RotKinEnergy) Body's Rotational Energy [kg*m^2/sec^2]: 7.553136e+37 
(RotVel) Rotational Velocity [m/sec]: 5.722073e+04 
(BodyType) Type of Body (0 == planet) []: 0.000000 
(RotRate) Rotational Frequency [/sec]: 7.272205e-05 
(RotPer) Rotational Period [days]: 1.000000 
(SurfEnFluxTotal) Total Surface Energy Flux [kg*m^2/sec^2/(m^2*sec)]: 0.035262 
(TidalQ) Tidal Q []: 1.000000e+06 
(ImK2) Im(k_2) []: -5.000000e-07 
(K2) k_2 []: 0.500000 
(K2Man) Real Love Number k2 Mantle []: 0.010000 
(Imk2Man) Imaginary Love Number k2 Mantle []: 0.000000 
(TidalQMantle) Mantle's Tidal Q []: 100.000000 
(HEcc) Poincare's h (=e*sin(varpi) []: 0.000000 
(HZLimitDryRunaway) Semi-major axis of Dry Runaway HZ Limit [m]: 4.070588e+10 
(HZLimRecVenus) Recent Venus Habitable Zone Limit [m]: 3.662409e+10 
(HZLimRunaway) Runaway Greenhouse Habitable Zone Limit [m]: 4.820644e+10 
(HZLimMoistGreenhouse) Moist Greenhouse Habitable Zone Limit [m]: 4.845974e+10 
(HZLimMaxGreenhouse) Maximum Greenhouse Habitable Zone Limit [m]: 9.292342e+10 
(HZLimEarlyMars) Early Mars Habitable Zone Limit [m]: 1.013425e+11 
(Instellation) Orbit-averaged INcident STELLar radiATION [kg*m^2/sec^2/(m^2*sec)]: -1.000000 
(KEcc) Poincare's k (=e*cos(varpi) []: 0.000000 
(Eccentricity) Orbital Eccentricity []: -1.000000 
(OrbEnergy) Body's Total Orbital Energy [kg*m^2/sec^2]: 0.000000 
(MeanMotion) Orbital Mean Motion [/sec]: -1.000000 
(OrbPeriod) Orbital Period [sec]: -1.000000 
(SemiMajorAxis) Semi-major Axis [m]: -1.000000 
(CriticalSemiMajorAxis) Holman & Wiegert (1999) P-type Critical Semi-major Axis [m]: -1.000000 
(OrbAngMom) Orbital Angular Momentum [kg*m^2/sec]: 0.000000 
(TotOrbEnergy) System's Total Orbital Energy [kg*m^2/sec^2]: -5.795924e+34 
(OrbPotEnergy) Body's Orbital Potential Energy [kg*m^2/sec^2]: -1.000000 
(LostEnergy) Body's Total Lost Energy [kg*m^2/sec^2]: 5.562685e-309 
(LostAngMom) Lost Angular Momentum due to Magnetic Braking [kg*m^2/sec]: 5.562685e-309 
----- EQTIDE PARAMETERS (6115_star)------
(LockTime) Time when body tidally locked. [sec]: -1.000000 
(BodyDsemiDtEqtide) Body's Contribution to dSemi/dt in EQTIDE []: -1.000000 
(BodyDeccDt) Body's Contribution to dEcc/dt in EQTIDE []: -1.000000 
(DOblDtEqtide) Time Rate of Change of Obliquity in EQTIDE [rad/sec]: 0.000000 
(DRotPerDtEqtide) Time Rate of Change of Rotation Period in EQTIDE []: 2.463923e-16 
(DRotRateDtEqtide) Time Rate of Change of Rotational Frequency in EQTIDE [/sec^2]: -2.073860e-25 
(EqRotRateDiscrete) CPL2 Discrete Equilibrium Spin Rate [/sec]: 2.663910e-05 
(EqRotPerDiscrete) CPL2 Discrete Equilibrium Spin Period [sec]: 2.358633e+05 
(EqRotRateCont) CPL2 Continuous Equilibrium Spin Rate [/sec]: 2.663910e-05 
(EqRotPerCont) CPL2 Continuous Equilibrium Rotation Period [sec]: 2.358633e+05 
(EqRotPer) Equilibrium Rotation Period [sec]: 2.358633e+05 
(EqRotRate) Equilibrium Rotation Rate [/sec]: 2.663910e-05 
(GammaRot) Gamma_Rotation [cgs]: -1.000000 
(GammaOrb) Gamma_Orbital [cgs]: -1.000000 
(OceanK2) K2_Ocean []: 0.010000 
(EnvTidalQ) Envelope Tidal Q []: -1.000000 
(OceanTidalQ) Ocean Tidal Q []: -1.000000 
(TideLock) Tidally Locked? []: 0.000000 
(RotTimeEqtide) Timescale for Rotational Evolution in EQTIDE [sec]: 2.047572e-25 
(EnvK2) K2_Env []: 0.010000 
(OblTimeEqtide) Timescale for Obliquity Evolution in EQTIDE []: -1.000000 
(PowerEqtide) Internal Power due to Tides in EQTIDE [kg*m^2/sec^3]: 2.743432e+17 
(SurfEnFluxEqtide) Surface Energy Flux due to Tides in EQTIDE [kg*m^2/sec^2/(m^2*sec)]: 0.035262 
Tidal Perturbers: 6115_b, 6115_c
----- STELLAR PARAMETERS (6115_star)------
(Luminosity) Luminosity [LSUN]: 0.089872 
(LXUVStellar) Base X-ray/XUV Luminosity [kg*m^2/sec^3]: 3.456466e+22 
(Temperature) Effective Temperature [K]: 2974.316306 
(LXUVFrac) X-ray/XUV Luminosity Fraction []: 0.001000 
(RossbyNumber) Rossby Number []: 0.014598 
(DRotPerDtStellar) Time Rate of Change of Rotation Period in STELLAR []: 2.606214e-09 
Output Order: Time[year] Radius[Solar] RotPer[days] Luminosity[LSUN] TotEnergy[ergs] TotAngMom[kgm^2/s]
Grid Output Order:

----- BODY: 6115_b ----
Active Modules: DistOrb DistRot EqTide
Module Bit Sum: 51
Color: 000000
(Mass) Mass [kg]: 1.373603e+25 
(Obliquity) Obliquity [rad]: 0.251627 
(PrecA) Body's precession angle [rad]: 4.278674 
(Xobl) Body's sin(obl)*cos(pA) []: -0.104632 
(Yobl) Body's sin(obl)*sin(pA) []: -0.225927 
(Zobl) Body's cos(obl) []: 0.968509 
(Radius) Radius [m]: 8.419092e+06 
(RadGyra) Radius of Gyration []: 0.400000 
(RotAngMom) Rotational Angular Momentum [kg*m^2/sec]: 1.132864e+34 
(RotKinEnergy) Body's Rotational Energy [kg*m^2/sec^2]: 4.119210e+29 
(RotVel) Rotational Velocity [m/sec]: 612.253648 
(BodyType) Type of Body (0 == planet) []: 0.000000 
(RotRate) Rotational Frequency [/sec]: 7.272205e-05 
(RotPer) Rotational Period [days]: 1.000000 
(SurfEnFluxTotal) Total Surface Energy Flux [W/m^2]: 7.429534e+04 
(TidalQ) Tidal Q []: 100.000000 
(ImK2) Im(k_2) []: -0.003000 
(K2) k_2 []: 0.300000 
(K2Man) Real Love Number k2 Mantle []: 0.010000 
(Imk2Man) Imaginary Love Number k2 Mantle []: 0.000000 
(TidalQMantle) Mantle's Tidal Q []: 100.000000 
(HEcc) Poincare's h (=e*sin(varpi) []: 0.000000 
(HZLimitDryRunaway) Semi-major axis of Dry Runaway HZ Limit [m]: 4.070588e+10 
(HZLimRecVenus) Recent Venus Habitable Zone Limit [m]: 3.662409e+10 
(HZLimRunaway) Runaway Greenhouse Habitable Zone Limit [m]: 4.820644e+10 
(HZLimMoistGreenhouse) Moist Greenhouse Habitable Zone Limit [m]: 4.845974e+10 
(HZLimMaxGreenhouse) Maximum Greenhouse Habitable Zone Limit [m]: 9.292342e+10 
(HZLimEarlyMars) Early Mars Habitable Zone Limit [m]: 1.013425e+11 
(Instellation) Orbit-averaged INcident STELLar radiATION [kg*m^2/sec^2/(m^2*sec)]: 3.495981e+05 
(KEcc) Poincare's k (=e*cos(varpi) []: 0.000000 
(Eccentricity) Orbital Eccentricity []: 0.000000 
(OrbEnergy) Body's Total Orbital Energy [kg*m^2/sec^2]: -3.834407e+34 
(MeanMotion) Orbital Mean Motion [/sec]: 2.663910e-05 
(OrbPeriod) Orbital Period [sec]: 2.358633e+05 
(SemiMajorAxis) Semi-major Axis [m]: 2.804960e+09 
(CriticalSemiMajorAxis) Holman & Wiegert (1999) P-type Critical Semi-major Axis [m]: -1.000000 
(OrbAngMom) Orbital Angular Momentum [kg*m^2/sec]: 2.878781e+39 
(ArgP) Body's argument of pericenter [rad]: 1.872769 
(Inc) Body's Inclination [rad]: 0.010934 
(LongA) Body's Longitude of ascending node [rad]: 4.410416 
(MeanLongitude) Orbital Mean Longitude [rad]: 5.497787 
(TotOrbEnergy) System's Total Orbital Energy [kg*m^2/sec^2]: -5.795924e+34 
(OrbPotEnergy) Body's Orbital Potential Energy [kg*m^2/sec^2]: -7.668813e+34 
(LostEnergy) Body's Total Lost Energy [kg*m^2/sec^2]: 5.562685e-309 
----- EQTIDE PARAMETERS (6115_b)------
(TidalRadius) Tidal Radius [m]: 8.419092e+06 
(DsemiDtEqtide) Total da/dt in EQTIDE [m/sec]: 2.809797e-06 
(DeccDtEqtide) Total de/dt in EQTIDE [/sec]: 0.000000 
(DMeanMotionDtEqtide) Total dMeanMotion/dt in EQTIDE [/sec^2]: -4.002755e-20 
(DOrbPerDtEqtide) Total dOrbPer/dt in EQTIDE []: 3.544050e-10 
(EccTimeEqtide) Timescale for Eccentricity Evolution (e/[de/dt]) in EQTIDE [sec]: 0.000000 
(SemiTimeEqtide) Timescale for Semi-major Axis Evolution (a/[da/dt]) in EQTIDE [sec]: 9.982786e+14 
(DHEccDtEqtide) Time Rate of Change of Poincare's h in EQTIDE [/sec]: 0.000000 
(DKEccDtEqtide) Time Rate of Change of Poincare's k in EQTIDE [/sec]: 0.000000 
(DXoblDtEqtide) Time Rate of Change of Laskar's X in EQTIDE [/sec]: -6.422762e-12 
(DYoblDtEqtide) Time Rate of Change of Laskar's Y in EQTIDE [/sec]: -1.386832e-11 
(DZoblDtEqtide) Time Rate of Change of Laskar's Z in EQTIDE [/sec]: -3.928987e-12 
(LockTime) Time when body tidally locked. [sec]: -1.000000 
(BodyDsemiDtEqtide) Body's Contribution to dSemi/dt in EQTIDE []: -1.000000 
(BodyDeccDt) Body's Contribution to dEcc/dt in EQTIDE []: -1.000000 
(DOblDtEqtide) Time Rate of Change of Obliquity in EQTIDE [rad/sec]: 1.578034e-11 
(DRotPerDtEqtide) Time Rate of Change of Rotation Period in EQTIDE []: 1.095210e-05 
(DRotRateDtEqtide) Time Rate of Change of Rotational Frequency in EQTIDE [/sec^2]: -9.218282e-15 
(EqRotRateDiscrete) CPL2 Discrete Equilibrium Spin Rate [/sec]: 2.663910e-05 
(EqRotPerDiscrete) CPL2 Discrete Equilibrium Spin Period [sec]: 2.358633e+05 
(EqRotRateCont) CPL2 Continuous Equilibrium Spin Rate [/sec]: 2.663910e-05 
(EqRotPerCont) CPL2 Continuous Equilibrium Rotation Period [sec]: 2.358633e+05 
(EqRotPer) Equilibrium Rotation Period [sec]: 2.358633e+05 
(EqRotRate) Equilibrium Rotation Rate [/sec]: 2.663910e-05 
(GammaRot) Gamma_Rotation [cgs]: -1.000000 
(GammaOrb) Gamma_Orbital [cgs]: -1.000000 
(OceanK2) K2_Ocean []: 0.010000 
(EnvTidalQ) Envelope Tidal Q []: -1.000000 
(OceanTidalQ) Ocean Tidal Q []: -1.000000 
(TideLock) Tidally Locked? []: 0.000000 
(RotTimeEqtide) Timescale for Rotational Evolution in EQTIDE [sec]: 7.888895e+09 
(EnvK2) K2_Env []: 0.010000 
(OblTimeEqtide) Timescale for Obliquity Evolution in EQTIDE []: -1.000000 
(PowerEqtide) Internal Power due to Tides in EQTIDE [kg*m^2/sec^3]: 6.617622e+19 
(SurfEnFluxEqtide) Surface Energy Flux due to Tides in EQTIDE [kg*m^2/sec^2/(m^2*sec)]: 7.429534e+04 
Tidal Perturbers: 6115_star
----- DISTORB PARAMETERS (6115_b)------
(Sinc) Body's sin(1/2*Inclination) in DistOrb []: 0.005467 
(Pinc) Body's p = s*sin(Omega) in DistOrb []: -0.005219 
(Qinc) Body's q = s* cos(Omega) in DistOrb []: -0.001626 
(DIncDtDistOrb) Body's dInc/dt in DistOrb [rad/sec]: -1.538055e-17 
(DSincDtDistOrb) Body's dsin(.5*Inc)/dt in DistOrb [/sec]: -7.690162e-18 
(DLongADtDistOrb) Body's dOmega/dt in DistOrb [rad/sec]: -3.463001e-10 
(DLongPDtDistOrb) Body's dvarpi/dt in DistOrb [rad/sec]: -nan 
(DHeccDtDistOrb) Body's dh/dt in DistOrb [/sec]: 0.000000 
(DKeccDtDistOrb) Body's dk/dt in DistOrb [/sec]: 0.000000 
(DPincDtDistOrb) Body's dp/dt in DistOrb [/sec]: 5.630409e-13 
(DQincDtDistOrb) Body's dq/dt in DistOrb [/sec]: -1.807496e-12 
-----DISTROT PARAMETERS (6115_b)------
(CassiniOne) First Cassini parameter (misalignment of Cassini state vectors) []: 0.671100 
(CassiniTwo) Second Cassini parameter (alignment of Cassini state vectors []: -0.741367 
(DOblDtDistRot) Body's dobl/dt in DistRot [rad]: 2.540961e-12 
(DPrecADtDistRot) Body's dpA/dt in DistRot [rad/sec]: 4.649424e-08 
(DXoblDtDistRot) Body's dXobl/dt in DistRot [/sec]: 1.050327e-08 
(DYoblDtDistRot) Body's dYobl/dt in DistRot [/sec]: -4.867038e-09 
(DZoblDtDistRot) Body's dZobl/dt in DistRot [/sec]: -6.326481e-13 
(OblTimeDistRot) Obliquity timescale in DistRot [rad]: 1.236380e+12 
(PrecATimeDistRot) Axial precession timescale in DistRot [sec]: 1.351390e+08 
(XoblTimeDistRot) Xobl timescale in DistRot [/sec]: 9.520841e+07 
(YoblTimeDistRot) Yobl timescale in DistRot [/sec]: 2.054638e+08 
(ZoblTimeDistRot) Zobl timescale in DistRot [/sec]: 1.580657e+12 
(DynEllip) dynamical ellipticity of planet []: 0.003281 
(PrecFNat) natural precession freq of planet [rad/sec]: 4.650514e-08 
Output Order: Time[year] RotPer[days] LongP[deg] SemiMajorAxis[AU] Eccentricity[] SurfEnFluxTotal[W/m^2] Obliquity[deg] PrecA[deg] CassiniOne[deg] CassiniTwo[deg] PrecFNat[deg/year] DynEllip[] DeltaTime[year]
Grid Output Order:

----- BODY: 6115_c ----
Active Modules: DistOrb DistRot EqTide
Module Bit Sum: 51
Color: 000000
(Mass) Mass [kg]: 1.493046e+25 
(Obliquity) Obliquity [rad]: 2.539462 
(PrecA) Body's precession angle [rad]: 4.741940 
(Xobl) Body's sin(obl)*cos(pA) []: 0.016735 
(Yobl) Body's sin(obl)*sin(pA) []: -0.566153 
(Zobl) Body's cos(obl) []: -0.824131 
(Radius) Radius [m]: 8.718863e+06 
(RadGyra) Radius of Gyration []: 0.400000 
(RotAngMom) Rotational Angular Momentum [kg*m^2/sec]: 1.320624e+34 
(RotKinEnergy) Body's Rotational Energy [kg*m^2/sec^2]: 4.801924e+29 
(RotVel) Rotational Velocity [m/sec]: 634.053588 
(BodyType) Type of Body (0 == planet) []: 0.000000 
(RotRate) Rotational Frequency [/sec]: 7.272205e-05 
(RotPer) Rotational Period [days]: 1.000000 
(SurfEnFluxTotal) Total Surface Energy Flux [W/m^2]: 1.039721e+04 
(TidalQ) Tidal Q []: 12.000000 
(ImK2) Im(k_2) []: -0.025000 
(K2) k_2 []: 0.300000 
(K2Man) Real Love Number k2 Mantle []: 0.010000 
(Imk2Man) Imaginary Love Number k2 Mantle []: 0.000000 
(TidalQMantle) Mantle's Tidal Q []: 100.000000 
(HEcc) Poincare's h (=e*sin(varpi) []: 0.000000 
(HZLimitDryRunaway) Semi-major axis of Dry Runaway HZ Limit [m]: 4.070588e+10 
(HZLimRecVenus) Recent Venus Habitable Zone Limit [m]: 3.662409e+10 
(HZLimRunaway) Runaway Greenhouse Habitable Zone Limit [m]: 4.820644e+10 
(HZLimMoistGreenhouse) Moist Greenhouse Habitable Zone Limit [m]: 4.845974e+10 
(HZLimMaxGreenhouse) Maximum Greenhouse Habitable Zone Limit [m]: 9.292342e+10 
(HZLimEarlyMars) Early Mars Habitable Zone Limit [m]: 1.013425e+11 
(Instellation) Orbit-averaged INcident STELLar radiATION [kg*m^2/sec^2/(m^2*sec)]: 7.743423e+04 
(KEcc) Poincare's k (=e*cos(varpi) []: 0.000000 
(Eccentricity) Orbital Eccentricity []: 0.000000 
(OrbEnergy) Body's Total Orbital Energy [kg*m^2/sec^2]: -1.961518e+34 
(MeanMotion) Orbital Mean Motion [/sec]: 8.600893e-06 
(OrbPeriod) Orbital Period [sec]: 7.305271e+05 
(SemiMajorAxis) Semi-major Axis [m]: 5.959979e+09 
(CriticalSemiMajorAxis) Holman & Wiegert (1999) P-type Critical Semi-major Axis [m]: -1.000000 
(OrbAngMom) Orbital Angular Momentum [kg*m^2/sec]: 4.561196e+39 
(ArgP) Body's argument of pericenter [rad]: 5.014372 
(Inc) Body's Inclination [rad]: 0.006901 
(LongA) Body's Longitude of ascending node [rad]: 1.268813 
(MeanLongitude) Orbital Mean Longitude [rad]: 3.926991 
(TotOrbEnergy) System's Total Orbital Energy [kg*m^2/sec^2]: -5.795924e+34 
(OrbPotEnergy) Body's Orbital Potential Energy [kg*m^2/sec^2]: -3.923036e+34 
(LostEnergy) Body's Total Lost Energy [kg*m^2/sec^2]: 5.562685e-309 
----- EQTIDE PARAMETERS (6115_c)------
(TidalRadius) Tidal Radius [m]: 8.718863e+06 
(DsemiDtEqtide) Total da/dt in EQTIDE [m/sec]: 4.049967e-07 
(DeccDtEqtide) Total de/dt in EQTIDE [/sec]: 0.000000 
(DMeanMotionDtEqtide) Total dMeanMotion/dt in EQTIDE [/sec^2]: -8.766808e-22 
(DOrbPerDtEqtide) Total dOrbPer/dt in EQTIDE []: 7.446193e-11 
(EccTimeEqtide) Timescale for Eccentricity Evolution (e/[de/dt]) in EQTIDE [sec]: 0.000000 
(SemiTimeEqtide) Timescale for Semi-major Axis Evolution (a/[da/dt]) in EQTIDE [sec]: 1.471612e+16 
(DHEccDtEqtide) Time Rate of Change of Poincare's h in EQTIDE [/sec]: 0.000000 
(DKEccDtEqtide) Time Rate of Change of Poincare's k in EQTIDE [/sec]: 0.000000 
(DXoblDtEqtide) Time Rate of Change of Laskar's X in EQTIDE [/sec]: -8.088435e-14 
(DYoblDtEqtide) Time Rate of Change of Laskar's Y in EQTIDE [/sec]: 2.736302e-12 
(DZoblDtEqtide) Time Rate of Change of Laskar's Z in EQTIDE [/sec]: -1.881399e-12 
(LockTime) Time when body tidally locked. [sec]: -1.000000 
(BodyDsemiDtEqtide) Body's Contribution to dSemi/dt in EQTIDE []: -1.000000 
(BodyDeccDt) Body's Contribution to dEcc/dt in EQTIDE []: -1.000000 
(DOblDtEqtide) Time Rate of Change of Obliquity in EQTIDE [rad/sec]: 3.321679e-12 
(DRotPerDtEqtide) Time Rate of Change of Rotation Period in EQTIDE []: 1.013397e-06 
(DRotRateDtEqtide) Time Rate of Change of Rotational Frequency in EQTIDE [/sec^2]: -8.529665e-16 
(EqRotRateDiscrete) CPL2 Discrete Equilibrium Spin Rate [/sec]: 8.600893e-06 
(EqRotPerDiscrete) CPL2 Discrete Equilibrium Spin Period [sec]: 7.305271e+05 
(EqRotRateCont) CPL2 Continuous Equilibrium Spin Rate [/sec]: 8.600893e-06 
(EqRotPerCont) CPL2 Continuous Equilibrium Rotation Period [sec]: 7.305271e+05 
(EqRotPer) Equilibrium Rotation Period [sec]: 7.305271e+05 
(EqRotRate) Equilibrium Rotation Rate [/sec]: 8.600893e-06 
(GammaRot) Gamma_Rotation [cgs]: -1.000000 
(GammaOrb) Gamma_Orbital [cgs]: -1.000000 
(OceanK2) K2_Ocean []: 0.010000 
(EnvTidalQ) Envelope Tidal Q []: -1.000000 
(OceanTidalQ) Ocean Tidal Q []: -1.000000 
(TideLock) Tidally Locked? []: 0.000000 
(RotTimeEqtide) Timescale for Rotational Evolution in EQTIDE [sec]: 8.525781e+10 
(EnvK2) K2_Env []: 0.010000 
(OblTimeEqtide) Timescale for Obliquity Evolution in EQTIDE []: -1.000000 
(PowerEqtide) Internal Power due to Tides in EQTIDE [kg*m^2/sec^3]: 9.932220e+18 
(SurfEnFluxEqtide) Surface Energy Flux due to Tides in EQTIDE [kg*m^2/sec^2/(m^2*sec)]: 1.039721e+04 
Tidal Perturbers: 6115_star
----- DISTORB PARAMETERS (6115_c)------
(Sinc) Body's sin(1/2*Inclination) in DistOrb []: 0.003450 
(Pinc) Body's p = s*sin(Omega) in DistOrb []: 0.003294 
(Qinc) Body's q = s* cos(Omega) in DistOrb []: 0.001026 
(DIncDtDistOrb) Body's dInc/dt in DistOrb [rad/sec]: 1.537985e-17 
(DSincDtDistOrb) Body's dsin(.5*Inc)/dt in DistOrb [/sec]: 7.689877e-18 
(DLongADtDistOrb) Body's dOmega/dt in DistOrb [rad/sec]: -3.462842e-10 
(DLongPDtDistOrb) Body's dvarpi/dt in DistOrb [rad/sec]: -nan 
(DHeccDtDistOrb) Body's dh/dt in DistOrb [/sec]: 0.000000 
(DKeccDtDistOrb) Body's dk/dt in DistOrb [/sec]: 0.000000 
(DPincDtDistOrb) Body's dp/dt in DistOrb [/sec]: -3.553560e-13 
(DQincDtDistOrb) Body's dq/dt in DistOrb [/sec]: 1.140778e-12 
-----DISTROT PARAMETERS (6115_c)------
(CassiniOne) First Cassini parameter (misalignment of Cassini state vectors) []: 0.269068 
(CassiniTwo) Second Cassini parameter (alignment of Cassini state vectors []: 0.963121 
(DOblDtDistRot) Body's dobl/dt in DistRot [rad]: 2.304346e-13 
(DPrecADtDistRot) Body's dpA/dt in DistRot [rad/sec]: -4.211772e-09 
(DXoblDtDistRot) Body's dXobl/dt in DistRot [/sec]: -2.384521e-09 
(DYoblDtDistRot) Body's dYobl/dt in DistRot [/sec]: -6.995566e-11 
(DZoblDtDistRot) Body's dZobl/dt in DistRot [/sec]: 3.641867e-13 
(OblTimeDistRot) Obliquity timescale in DistRot [rad]: 1.363334e+13 
(PrecATimeDistRot) Axial precession timescale in DistRot [sec]: 1.491815e+09 
(XoblTimeDistRot) Xobl timescale in DistRot [/sec]: 4.193714e+08 
(YoblTimeDistRot) Yobl timescale in DistRot [/sec]: 1.429477e+10 
(ZoblTimeDistRot) Zobl timescale in DistRot [/sec]: 2.745844e+12 
(DynEllip) dynamical ellipticity of planet []: 0.003352 
(PrecFNat) natural precession freq of planet [rad/sec]: -4.215129e-09 
Output Order: Time[year] RotPer[days] LongP[deg] SemiMajorAxis[AU] Eccentricity[] SurfEnFluxTotal[W/m^2] Obliquity[deg] PrecA[deg] CassiniOne[deg] CassiniTwo[deg] PrecFNat[deg/year] DynEllip[] DeltaTime[year]
Grid Output Order:



---- FINAL SYSTEM PROPERTIES ----
(Age) System Age [sec]: 3.187318e+13 
(Time) Simulation Time [sec]: 3.155760e+11 
(TotAngMom) Total Angular Momentum [kgm^2/s]: 2.084701e+42 
(TotEnergy) Total System Energy [ergs]: -2.726392e+39 
(PotEnergy) Body's non-orbital Potential Energy [kg*m^2/sec^2]: -2.804103e+39 
(KinEnergy) Body's non-orbital Kinetic Energy [kg*m^2/sec^2]: 7.415244e+37 
(DeltaTime) Average Timestep Over Last Output Interval [sec]: 619.285742 
(Density) Average Density [kg/m^3]: 2022.353681 
(LongP) Body's Longitude of pericenter [rad]: 0.000000 
(LXUVTot) Total XUV Luminosity [kg*m^2/sec^2/(m^2*sec)]: 3.451621e+22 

----- BODY: 6115_star ----
Active Modules: EqTide STELLAR
Module Bit Sum: 67
Color: 000000
(Mass) Mass [kg]: 2.346331e+29 
(Obliquity) Obliquity [rad]: 0.000000 
(PrecA) Body's precession angle [rad]: 0.000000 
(Xobl) Body's sin(obl)*cos(pA) []: 0.000000 
(Yobl) Body's sin(obl)*sin(pA) []: 0.000000 
(Zobl) Body's cos(obl) []: 1.000000 
(Radius) Radius [Solar]: 1.130104 
(RadGyra) Radius of Gyration []: 0.443453 
(RotAngMom) Rotational Angular Momentum [kg*m^2/sec]: 2.056650e+42 
(RotKinEnergy) Body's Rotational Energy [kg*m^2/sec^2]: 7.415244e+37 
(RotVel) Rotational Velocity [m/sec]: 5.669376e+04 
(BodyType) Type of Body (0 == planet) []: 0.000000 
(RotRate) Rotational Frequency [/sec]: 7.210992e-05 
(RotPer) Rotational Period [days]: 1.008489 
(SurfEnFluxTotal) Total Surface Energy Flux [kg*m^2/sec^2/(m^2*sec)]: 0.034712 
(TidalQ) Tidal Q []: 1.000000e+06 
(ImK2) Im(k_2) []: -5.000000e-07 
(K2) k_2 []: 0.500000 
(K2Man) Real Love Number k2 Mantle []: 0.010000 
(Imk2Man) Imaginary Love Number k2 Mantle []: 0.000000 
(TidalQMantle) Mantle's Tidal Q []: 100.000000 
(HEcc) Poincare's h (=e*sin(varpi) []: 0.000000 
(HZLimitDryRunaway) Semi-major axis of Dry Runaway HZ Limit [m]: 4.067734e+10 
(HZLimRecVenus) Recent Venus Habitable Zone Limit [m]: 3.659825e+10 
(HZLimRunaway) Runaway Greenhouse Habitable Zone Limit [m]: 4.817253e+10 
(HZLimMoistGreenhouse) Moist Greenhouse Habitable Zone Limit [m]: 4.842555e+10 
(HZLimMaxGreenhouse) Maximum Greenhouse Habitable Zone Limit [m]: 9.285697e+10 
(HZLimEarlyMars) Early Mars Habitable Zone Limit [m]: 1.012700e+11 
(Instellation) Orbit-averaged INcident STELLar radiATION [kg*m^2/sec^2/(m^2*sec)]: -1.000000 
(KEcc) Poincare's k (=e*cos(varpi) []: 0.000000 
(Eccentricity) Orbital Eccentricity []: -1.000000 
(OrbEnergy) Body's Total Orbital Energy [kg*m^2/sec^2]: 0.000000 
(MeanMotion) Orbital Mean Motion [/sec]: -1.000000 
(OrbPeriod) Orbital Period [sec]: -1.000000 
(SemiMajorAxis) Semi-major Axis [m]: -1.000000 
(CriticalSemiMajorAxis) Holman & Wiegert (1999) P-type Critical Semi-major Axis [m]: -1.000000 
(OrbAngMom) Orbital Angular Momentum [kg*m^2/sec]: 0.000000 
(TotOrbEnergy) System's Total Orbital Energy [kg*m^2/sec^2]: -5.795894e+34 
(OrbPotEnergy) Body's Orbital Potential Energy [kg*m^2/sec^2]: -1.000000 
(LostEnergy) Body's Total Lost Energy [kg*m^2/sec^2]: 3.618243e+36 
(LostAngMom) Lost Angular Momentum due to Magnetic Braking [kg*m^2/sec]: 2.061089e+40 
----- EQTIDE PARAMETERS (6115_star)------
(LockTime) Time when body tidally locked. [sec]: -1.000000 
(BodyDsemiDtEqtide) Body's Contribution to dSemi/dt in EQTIDE []: -1.000000 
(BodyDeccDt) Body's Contribution to dEcc/dt in EQTIDE []: -1.000000 
(DOblDtEqtide) Time Rate of Change of Obliquity in EQTIDE [rad/sec]: 0.000000 
(DRotPerDtEqtide) Time Rate of Change of Rotation Period in EQTIDE []: 2.499645e-16 
(DRotRateDtEqtide) Time Rate of Change of Rotational Frequency in EQTIDE [/sec^2]: -2.068657e-25 
(EqRotRateDiscrete) CPL2 Discrete Equilibrium Spin Rate [/sec]: 2.663886e-05 
(EqRotPerDiscrete) CPL2 Discrete Equilibrium Spin Period [sec]: 2.358654e+05 
(EqRotRateCont) CPL2 Continuous Equilibrium Spin Rate [/sec]: 2.663886e-05 
(EqRotPerCont) CPL2 Continuous Equilibrium Rotation Period [sec]: 2.358654e+05 
(EqRotPer) Equilibrium Rotation Period [sec]: 2.358654e+05 
(EqRotRate) Equilibrium Rotation Rate [/sec]: 2.663886e-05 
(GammaRot) Gamma_Rotation [cgs]: -1.000000 
(GammaOrb) Gamma_Orbital [cgs]: -1.000000 
(OceanK2) K2_Ocean []: 0.010000 
(EnvTidalQ) Envelope Tidal Q []: -1.000000 
(OceanTidalQ) Ocean Tidal Q []: -1.000000 
(TideLock) Tidally Locked? []: 0.000000 
(RotTimeEqtide) Timescale for Rotational Evolution in EQTIDE [sec]: 2.042435e-25 
(EnvK2) K2_Env []: 0.010000 
(OblTimeEqtide) Timescale for Obliquity Evolution in EQTIDE []: -1.000000 
(PowerEqtide) Internal Power due to Tides in EQTIDE [kg*m^2/sec^3]: 2.696294e+17 
(SurfEnFluxEqtide) Surface Energy Flux due to Tides in EQTIDE [kg*m^2/sec^2/(m^2*sec)]: 0.034712 
Tidal Perturbers: 6115_b, 6115_c
----- STELLAR PARAMETERS (6115_star)------
(Luminosity) Luminosity [LSUN]: 0.089746 
(LXUVStellar) Base X-ray/XUV Luminosity [kg*m^2/sec^3]: 3.451621e+22 
(Temperature) Effective Temperature [K]: 2974.572784 
(LXUVFrac) X-ray/XUV Luminosity Fraction []: 0.001000 
(RossbyNumber) Rossby Number []: 0.014724 
(DRotPerDtStellar) Time Rate of Change of Rotation Period in STELLAR []: 2.226426e-09 
Output Order: Time[year] Radius[Solar] RotPer[days] Luminosity[LSUN] TotEnergy[ergs] TotAngMom[kgm^2/s]
Grid Output Order:

----- BODY: 6115_b ----
Active Modules: DistOrb DistRot EqTide
Module Bit Sum: 51
Color: 000000
(Mass) Mass [kg]: 1.373603e+25 
(Obliquity) Obliquity [rad]: 0.000220 
(PrecA) Body's precession angle [rad]: 1.178393 
(Xobl) Body's sin(obl)*cos(pA) []: 8.395486e-05 
(Yobl) Body's sin(obl)*sin(pA) []: 0.000203 
(Zobl) Body's cos(obl) []: 1.000000 
(Radius) Radius [m]: 8.419092e+06 
(RadGyra) Radius of Gyration []: 0.400000 
(RotAngMom) Rotational Angular Momentum [kg*m^2/sec]: 4.149801e+33 
(RotKinEnergy) Body's Rotational Energy [kg*m^2/sec^2]: 5.527298e+28 
(RotVel) Rotational Velocity [m/sec]: 224.275007 
(BodyType) Type of Body (0 == planet) []: 0.000000 
(RotRate) Rotational Frequency [/sec]: 2.663886e-05 
(RotPer) Rotational Period [days]: 2.729924 
(SurfEnFluxTotal) Total Surface Energy Flux [W/m^2]: 0.002070 
(TidalQ) Tidal Q []: 100.000000 
(ImK2) Im(k_2) []: -0.003000 
(K2) k_2 []: 0.300000 
(K2Man) Real Love Number k2 Mantle []: 0.010000 
(Imk2Man) Imaginary Love Number k2 Mantle []: 0.000000 
(TidalQMantle) Mantle's Tidal Q []: 100.000000 
(HEcc) Poincare's h (=e*sin(varpi) []: 0.000000 
(HZLimitDryRunaway) Semi-major axis of Dry Runaway HZ Limit [m]: 4.067734e+10 
(HZLimRecVenus) Recent Venus Habitable Zone Limit [m]: 3.659825e+10 
(HZLimRunaway) Runaway Greenhouse Habitable Zone Limit [m]: 4.817253e+10 
(HZLimMoistGreenhouse) Moist Greenhouse Habitable Zone Limit [m]: 4.842555e+10 
(HZLimMaxGreenhouse) Maximum Greenhouse Habitable Zone Limit [m]: 9.285697e+10 
(HZLimEarlyMars) Early Mars Habitable Zone Limit [m]: 1.012700e+11 
(Instellation) Orbit-averaged INcident STELLar radiATION [kg*m^2/sec^2/(m^2*sec)]: 3.491039e+05 
(KEcc) Poincare's k (=e*cos(varpi) []: 0.000000 
(Eccentricity) Orbital Eccentricity []: 0.000000 
(OrbEnergy) Body's Total Orbital Energy [kg*m^2/sec^2]: -3.834384e+34 
(MeanMotion) Orbital Mean Motion [/sec]: 2.663886e-05 
(OrbPeriod) Orbital Period [sec]: 2.358654e+05 
(SemiMajorAxis) Semi-major Axis [m]: 2.804977e+09 
(CriticalSemiMajorAxis) Holman & Wiegert (1999) P-type Critical Semi-major Axis [m]: -1.000000 
(OrbAngMom) Orbital Angular Momentum [kg*m^2/sec]: 2.878790e+39 
(ArgP) Body's argument of pericenter [rad]: 4.340065 
(Inc) Body's Inclination [rad]: 0.010934 
(LongA) Body's Longitude of ascending node [rad]: 1.943120 
(MeanLongitude) Orbital Mean Longitude [rad]: 5.497787 
(TotOrbEnergy) System's Total Orbital Energy [kg*m^2/sec^2]: -5.795894e+34 
(OrbPotEnergy) Body's Orbital Potential Energy [kg*m^2/sec^2]: -7.668767e+34 
(LostEnergy) Body's Total Lost Energy [kg*m^2/sec^2]: 1.750070e+29 
----- EQTIDE PARAMETERS (6115_b)------
(TidalRadius) Tidal Radius [m]: 8.419092e+06 
(DsemiDtEqtide) Total da/dt in EQTIDE [m/sec]: 1.135162e-08 
(DeccDtEqtide) Total de/dt in EQTIDE [/sec]: -0.000000 
(DMeanMotionDtEqtide) Total dMeanMotion/dt in EQTIDE [/sec^2]: -1.617094e-22 
(DOrbPerDtEqtide) Total dOrbPer/dt in EQTIDE []: 1.431805e-12 
(EccTimeEqtide) Timescale for Eccentricity Evolution (e/[de/dt]) in EQTIDE [sec]: 0.000000 
(SemiTimeEqtide) Timescale for Semi-major Axis Evolution (a/[da/dt]) in EQTIDE [sec]: 2.470993e+17 
(DHEccDtEqtide) Time Rate of Change of Poincare's h in EQTIDE [/sec]: -0.000000 
(DKEccDtEqtide) Time Rate of Change of Poincare's k in EQTIDE [/sec]: -0.000000 
(DXoblDtEqtide) Time Rate of Change of Laskar's X in EQTIDE [/sec]: -2.905128e-14 
(DYoblDtEqtide) Time Rate of Change of Laskar's Y in EQTIDE [/sec]: -7.019472e-14 
(DZoblDtEqtide) Time Rate of Change of Laskar's Z in EQTIDE [/sec]: 1.667833e-17 
(LockTime) Time when body tidally locked. [sec]: 5.160878e+09 
(BodyDsemiDtEqtide) Body's Contribution to dSemi/dt in EQTIDE []: -1.000000 
(BodyDeccDt) Body's Contribution to dEcc/dt in EQTIDE []: -1.000000 
(DOblDtEqtide) Time Rate of Change of Obliquity in EQTIDE [rad/sec]: -7.596892e-14 
(DRotPerDtEqtide) Time Rate of Change of Rotation Period in EQTIDE []: -4.925304e-299 
(DRotRateDtEqtide) Time Rate of Change of Rotational Frequency in EQTIDE [/sec^2]: 5.562685e-309 
(EqRotRateDiscrete) CPL2 Discrete Equilibrium Spin Rate [/sec]: 2.663886e-05 
(EqRotPerDiscrete) CPL2 Discrete Equilibrium Spin Period [sec]: 2.358654e+05 
(EqRotRateCont) CPL2 Continuous Equilibrium Spin Rate [/sec]: 2.663886e-05 
(EqRotPerCont) CPL2 Continuous Equilibrium Rotation Period [sec]: 2.358654e+05 
(EqRotPer) Equilibrium Rotation Period [sec]: 2.358654e+05 
(EqRotRate) Equilibrium Rotation Rate [/sec]: 2.663886e-05 
(GammaRot) Gamma_Rotation [cgs]: -1.000000 
(GammaOrb) Gamma_Orbital [cgs]: -1.000000 
(OceanK2) K2_Ocean []: 0.010000 
(EnvTidalQ) Envelope Tidal Q []: -1.000000 
(OceanTidalQ) Ocean Tidal Q []: -1.000000 
(TideLock) Tidally Locked? []: 1.000000 
(RotTimeEqtide) Timescale for Rotational Evolution in EQTIDE [sec]: 4.788849e+303 
(EnvK2) K2_Env []: 0.010000 
(OblTimeEqtide) Timescale for Obliquity Evolution in EQTIDE []: -1.000000 
(PowerEqtide) Internal Power due to Tides in EQTIDE [kg*m^2/sec^3]: 1.843719e+12 
(SurfEnFluxEqtide) Surface Energy Flux due to Tides in EQTIDE [kg*m^2/sec^2/(m^2*sec)]: 0.002070 
Tidal Perturbers: 6115_star
----- DISTORB PARAMETERS (6115_b)------
(Sinc) Body's sin(1/2*Inclination) in DistOrb []: 0.005467 
(Pinc) Body's p = s*sin(Omega) in DistOrb []: 0.005092 
(Qinc) Body's q = s* cos(Omega) in DistOrb []: -0.001989 
(DIncDtDistOrb) Body's dInc/dt in DistOrb [rad/sec]: 5.121208e-17 
(DSincDtDistOrb) Body's dsin(.5*Inc)/dt in DistOrb [/sec]: 2.560566e-17 
(DLongADtDistOrb) Body's dOmega/dt in DistOrb [rad/sec]: -3.462879e-10 
(DLongPDtDistOrb) Body's dvarpi/dt in DistOrb [rad/sec]: -nan 
(DHeccDtDistOrb) Body's dh/dt in DistOrb [/sec]: 0.000000 
(DKeccDtDistOrb) Body's dk/dt in DistOrb [/sec]: 0.000000 
(DPincDtDistOrb) Body's dp/dt in DistOrb [/sec]: 6.887150e-13 
(DQincDtDistOrb) Body's dq/dt in DistOrb [/sec]: 1.763428e-12 
-----DISTROT PARAMETERS (6115_b)------
(CassiniOne) First Cassini parameter (misalignment of Cassini state vectors) []: 0.020064 
(CassiniTwo) Second Cassini parameter (alignment of Cassini state vectors []: -0.999799 
(DOblDtDistRot) Body's dobl/dt in DistRot [rad]: 7.596892e-14 
(DPrecADtDistRot) Body's dpA/dt in DistRot [rad/sec]: 3.462918e-10 
(DXoblDtDistRot) Body's dXobl/dt in DistRot [/sec]: -4.119565e-14 
(DYoblDtDistRot) Body's dYobl/dt in DistRot [/sec]: 9.926761e-14 
(DZoblDtDistRot) Body's dZobl/dt in DistRot [/sec]: -1.667833e-17 
(OblTimeDistRot) Obliquity timescale in DistRot [rad]: 4.135366e+13 
(PrecATimeDistRot) Axial precession timescale in DistRot [sec]: 1.814419e+10 
(XoblTimeDistRot) Xobl timescale in DistRot [/sec]: 2.427441e+13 
(YoblTimeDistRot) Yobl timescale in DistRot [/sec]: 1.007378e+13 
(ZoblTimeDistRot) Zobl timescale in DistRot [/sec]: 5.995805e+16 
(DynEllip) dynamical ellipticity of planet []: 0.000440 
(PrecFNat) natural precession freq of planet [rad/sec]: 1.758892e-08 
Output Order: Time[year] RotPer[days] LongP[deg] SemiMajorAxis[AU] Eccentricity[] SurfEnFluxTotal[W/m^2] Obliquity[deg] PrecA[deg] CassiniOne[deg] CassiniTwo[deg] PrecFNat[deg/year] DynEllip[] DeltaTime[year]
Grid Output Order:

----- BODY: 6115_c ----
Active Modules: DistOrb DistRot EqTide
Module Bit Sum: 51
Color: 000000
(Mass) Mass [kg]: 1.493046e+25 
(Obliquity) Obliquity [rad]: 0.008574 
(PrecA) Body's precession angle [rad]: 3.976244 
(Xobl) Body's sin(obl)*cos(pA) []: -0.005769 
(Yobl) Body's sin(obl)*sin(pA) []: -0.006368 
(Zobl) Body's cos(obl) []: 1.002103 
(Radius) Radius [m]: 8.718863e+06 
(RadGyra) Radius of Gyration []: 0.400000 
(RotAngMom) Rotational Angular Momentum [kg*m^2/sec]: 1.561903e+33 
(RotKinEnergy) Body's Rotational Energy [kg*m^2/sec^2]: 6.716844e+27 
(RotVel) Rotational Velocity [m/sec]: 74.989586 
(BodyType) Type of Body (0 == planet) []: 0.000000 
(RotRate) Rotational Frequency [/sec]: 8.600845e-06 
(RotPer) Rotational Period [days]: 8.455222 
(SurfEnFluxTotal) Total Surface Energy Flux [W/m^2]: 0.102531 
(TidalQ) Tidal Q []: 12.000000 
(ImK2) Im(k_2) []: -0.025000 
(K2) k_2 []: 0.300000 
(K2Man) Real Love Number k2 Mantle []: 0.010000 
(Imk2Man) Imaginary Love Number k2 Mantle []: 0.000000 
(TidalQMantle) Mantle's Tidal Q []: 100.000000 
(HEcc) Poincare's h (=e*sin(varpi) []: 0.000000 
(HZLimitDryRunaway) Semi-major axis of Dry Runaway HZ Limit [m]: 4.067734e+10 
(HZLimRecVenus) Recent Venus Habitable Zone Limit [m]: 3.659825e+10 
(HZLimRunaway) Runaway Greenhouse Habitable Zone Limit [m]: 4.817253e+10 
(HZLimMoistGreenhouse) Moist Greenhouse Habitable Zone Limit [m]: 4.842555e+10 
(HZLimMaxGreenhouse) Maximum Greenhouse Habitable Zone Limit [m]: 9.285697e+10 
(HZLimEarlyMars) Early Mars Habitable Zone Limit [m]: 1.012700e+11 
(Instellation) Orbit-averaged INcident STELLar radiATION [kg*m^2/sec^2/(m^2*sec)]: 7.732511e+04 
(KEcc) Poincare's k (=e*cos(varpi) []: 0.000000 
(Eccentricity) Orbital Eccentricity []: 0.000000 
(OrbEnergy) Body's Total Orbital Energy [kg*m^2/sec^2]: -1.961511e+34 
(MeanMotion) Orbital Mean Motion [/sec]: 8.600845e-06 
(OrbPeriod) Orbital Period [sec]: 7.305312e+05 
(SemiMajorAxis) Semi-major Axis [m]: 5.960001e+09 
(CriticalSemiMajorAxis) Holman & Wiegert (1999) P-type Critical Semi-major Axis [m]: -1.000000 
(OrbAngMom) Orbital Angular Momentum [kg*m^2/sec]: 4.561204e+39 
(ArgP) Body's argument of pericenter [rad]: 1.198438 
(Inc) Body's Inclination [rad]: 0.006901 
(LongA) Body's Longitude of ascending node [rad]: 5.084748 
(MeanLongitude) Orbital Mean Longitude [rad]: 3.926991 
(TotOrbEnergy) System's Total Orbital Energy [kg*m^2/sec^2]: -5.795894e+34 
(OrbPotEnergy) Body's Orbital Potential Energy [kg*m^2/sec^2]: -3.923021e+34 
(LostEnergy) Body's Total Lost Energy [kg*m^2/sec^2]: 4.005625e+29 
----- EQTIDE PARAMETERS (6115_c)------
(TidalRadius) Tidal Radius [m]: 8.718863e+06 
(DsemiDtEqtide) Total da/dt in EQTIDE [m/sec]: 1.656881e-10 
(DeccDtEqtide) Total de/dt in EQTIDE [/sec]: -0.000000 
(DMeanMotionDtEqtide) Total dMeanMotion/dt in EQTIDE [/sec^2]: -3.586553e-25 
(DOrbPerDtEqtide) Total dOrbPer/dt in EQTIDE []: 3.046316e-14 
(EccTimeEqtide) Timescale for Eccentricity Evolution (e/[de/dt]) in EQTIDE [sec]: 0.000000 
(SemiTimeEqtide) Timescale for Semi-major Axis Evolution (a/[da/dt]) in EQTIDE [sec]: 3.597121e+19 
(DHEccDtEqtide) Time Rate of Change of Poincare's h in EQTIDE [/sec]: -0.000000 
(DKEccDtEqtide) Time Rate of Change of Poincare's k in EQTIDE [/sec]: -0.000000 
(DXoblDtEqtide) Time Rate of Change of Laskar's X in EQTIDE [/sec]: 5.709171e-13 
(DYoblDtEqtide) Time Rate of Change of Laskar's Y in EQTIDE [/sec]: 6.301204e-13 
(DZoblDtEqtide) Time Rate of Change of Laskar's Z in EQTIDE [/sec]: 7.291011e-15 
(LockTime) Time when body tidally locked. [sec]: 7.648177e+10 
(BodyDsemiDtEqtide) Body's Contribution to dSemi/dt in EQTIDE []: -1.000000 
(BodyDeccDt) Body's Contribution to dEcc/dt in EQTIDE []: -1.000000 
(DOblDtEqtide) Time Rate of Change of Obliquity in EQTIDE [rad/sec]: -8.503242e-13 
(DRotPerDtEqtide) Time Rate of Change of Rotation Period in EQTIDE []: -4.724785e-298 
(DRotRateDtEqtide) Time Rate of Change of Rotational Frequency in EQTIDE [/sec^2]: 5.562685e-309 
(EqRotRateDiscrete) CPL2 Discrete Equilibrium Spin Rate [/sec]: 8.600845e-06 
(EqRotPerDiscrete) CPL2 Discrete Equilibrium Spin Period [sec]: 7.305312e+05 
(EqRotRateCont) CPL2 Continuous Equilibrium Spin Rate [/sec]: 8.600845e-06 
(EqRotPerCont) CPL2 Continuous Equilibrium Rotation Period [sec]: 7.305312e+05 
(EqRotPer) Equilibrium Rotation Period [sec]: 7.305312e+05 
(EqRotRate) Equilibrium Rotation Rate [/sec]: 8.600845e-06 
(GammaRot) Gamma_Rotation [cgs]: -1.000000 
(GammaOrb) Gamma_Orbital [cgs]: -1.000000 
(OceanK2) K2_Ocean []: 0.010000 
(EnvTidalQ) Envelope Tidal Q []: -1.000000 
(OceanTidalQ) Ocean Tidal Q []: -1.000000 
(TideLock) Tidally Locked? []: 1.000000 
(RotTimeEqtide) Timescale for Rotational Evolution in EQTIDE [sec]: 1.546168e+303 
(EnvK2) K2_Env []: 0.010000 
(OblTimeEqtide) Timescale for Obliquity Evolution in EQTIDE []: -1.000000 
(PowerEqtide) Internal Power due to Tides in EQTIDE [kg*m^2/sec^3]: 9.794513e+13 
(SurfEnFluxEqtide) Surface Energy Flux due to Tides in EQTIDE [kg*m^2/sec^2/(m^2*sec)]: 0.102531 
Tidal Perturbers: 6115_star
----- DISTORB PARAMETERS (6115_c)------
(Sinc) Body's sin(1/2*Inclination) in DistOrb []: 0.003450 
(Pinc) Body's p = s*sin(Omega) in DistOrb []: -0.003214 
(Qinc) Body's q = s* cos(Omega) in DistOrb []: 0.001255 
(DIncDtDistOrb) Body's dInc/dt in DistOrb [rad/sec]: -5.121358e-17 
(DSincDtDistOrb) Body's dsin(.5*Inc)/dt in DistOrb [/sec]: -2.560664e-17 
(DLongADtDistOrb) Body's dOmega/dt in DistOrb [rad/sec]: -3.462980e-10 
(DLongPDtDistOrb) Body's dvarpi/dt in DistOrb [rad/sec]: -nan 
(DHeccDtDistOrb) Body's dh/dt in DistOrb [/sec]: 0.000000 
(DKeccDtDistOrb) Body's dk/dt in DistOrb [/sec]: 0.000000 
(DPincDtDistOrb) Body's dp/dt in DistOrb [/sec]: -4.346742e-13 
(DQincDtDistOrb) Body's dq/dt in DistOrb [/sec]: -1.112966e-12 
-----DISTROT PARAMETERS (6115_c)------
(CassiniOne) First Cassini parameter (misalignment of Cassini state vectors) []: 0.355835 
(CassiniTwo) Second Cassini parameter (alignment of Cassini state vectors []: -0.934549 
(DOblDtDistRot) Body's dobl/dt in DistRot [rad]: 8.485088e-13 
(DPrecADtDistRot) Body's dpA/dt in DistRot [rad/sec]: 3.462918e-10 
(DXoblDtDistRot) Body's dXobl/dt in DistRot [/sec]: 1.634185e-12 
(DYoblDtDistRot) Body's dYobl/dt in DistRot [/sec]: -2.628041e-12 
(DZoblDtDistRot) Body's dZobl/dt in DistRot [/sec]: -7.306615e-15 
(OblTimeDistRot) Obliquity timescale in DistRot [rad]: 3.702487e+12 
(PrecATimeDistRot) Axial precession timescale in DistRot [sec]: 1.814419e+10 
(XoblTimeDistRot) Xobl timescale in DistRot [/sec]: 6.119258e+11 
(YoblTimeDistRot) Yobl timescale in DistRot [/sec]: 3.805115e+11 
(ZoblTimeDistRot) Zobl timescale in DistRot [/sec]: 1.368623e+14 
(DynEllip) dynamical ellipticity of planet []: 4.689001e-05 
(PrecFNat) natural precession freq of planet [rad/sec]: 6.061741e-10 
Output Order: Time[year] RotPer[days] LongP[deg] SemiMajorAxis[AU] Eccentricity[] SurfEnFluxTotal[W/m^2] Obliquity[deg] PrecA[deg] CassiniOne[deg] CassiniTwo[deg] PrecFNat[deg/year] DynEllip[] DeltaTime[year]
Grid Output Order:
