-------- Log file LP8909.log -------

Executable: /home/dpaul/miniconda3/envs/astro/bin/vplanet
Version: Unknown
System Name: LP8909
Primary Input File: vpl.in
Body File #1: LP8909.in
Body File #2: b.in
Body File #3: c.in
Allow files to be overwitten: Yes
Mass Units: Grams
Length Units: Meters
Time Units: Seconds
Angle Units: Radians

------- FORMATTING -----
Verbosity Level: 5
Crossover Decade for Scientific Notation: 4
Number of Digits After Decimal: 6
Integration Method: Runge-Kutta4
Direction: Forward
Time Step: 3.155760e+07
Stop Time: 1.577880e+14
Output Interval: 3.155760e+09
Use Variable Timestep: Yes
dEta: 0.100000
Minimum Value of ecc and obl: 1.000000e-10


---- INITIAL SYSTEM PROPERTIES ----
(Age) System Age [sec]: 3.155760e+13 
(Time) Simulation Time [sec]: 0.000000 
(TotAngMom) Total Angular Momentum [kg*m^2/sec]: 2.084701e+42 
(TotEnergy) Total System Energy [kg*m^2/sec^2]: -2.726392e+39 
(PotEnergy) Body's non-orbital Potential Energy [kg*m^2/sec^2]: -2.801863e+39 
(KinEnergy) Body's non-orbital Kinetic Energy [kg*m^2/sec^2]: 7.553136e+37 
(DeltaTime) Average Timestep Over Last Output Interval [sec]: 0.000000 

----- BODY: LP8909 ----
Active Modules: STELLAR
Module Bit Sum: 65
Color: c91111
(Mass) Mass [kg]: 2.346331e+29 
(Radius) Radius [Rearth]: 123.366131 
(RadGyra) Radius of Gyration/Moment of Inertia Constant []: 0.443436 
(RotAngMom) Rotational Angular Momentum [kg*m^2/sec]: 2.077261e+42 
(RotVel) Rotational Velocity [m/sec]: 5.722073e+04 
(BodyType) Type of Body (0 == planet) []: 0.000000 
(RotRate) Rotational Frequency [/sec]: 7.272205e-05 
(RotPer) Rotational Period [sec]: 8.640000e+04 
(Density) Average Density [kg/m^3]: 114.984378 
(HZLimitDryRunaway) Semi-major axis of Dry Runaway HZ Limit [AU]: 0.272102 
(HZLimRecVenus) Recent Venus HZ Limit [AU]: 0.244817 
(HZLimRunaway) Runaway Greenhouse HZ Limit [AU]: 0.322240 
(HZLimMoistGreenhouse) Moist Greenhouse HZ Limit [AU]: 0.323933 
(HZLimMaxGreenhouse) Maximum Greenhouse HZ Limit [AU]: 0.621155 
(HZLimEarlyMars) Early Mars HZ Limit [AU]: 0.677433 
(Instellation) Orbit-averaged INcident STELLar radiATION [kg*m^2/sec^2/(m^2*sec)]: -1.000000 
(CriticalSemiMajorAxis) Holman & Wiegert (1999) P-type Critical Semi-major Axis [m]: -1.000000 
(LXUVTot) Total XUV Luminosity [kg*m^2/sec^2/(m^2*sec)]: 4.155571e+22 
(LostEnergy) Body's Total Lost Energy [kg*m^2/sec^2]: 5.562685e-309 
(LostAngMom) Lost Angular Momentum due to Magnetic Braking [kg*m^2/sec]: 5.562685e-309 
----- STELLAR PARAMETERS (LP8909)------
(Luminosity) Luminosity [LSUN]: 0.089872 
(LXUVStellar) Base X-ray/XUV Luminosity [LSUN]: 0.000108 
(Temperature) Effective Temperature [K]: 2974.316306 
(LXUVFrac) Fraction of luminosity in XUV []: 0.001202 
(RossbyNumber) Rossby Number []: 0.014598 
(DRotPerDtStellar) Time Rate of Change of Rotation Period in STELLAR []: 2.606214e-09 
Output Order: Age[year] Luminosity[LSUN] LXUVStellar[LSUN] Radius[Rearth] Temperature[K] HZLimRunaway[AU] HZLimMaxGreenhouse[AU] HZLimRecVenus[AU] HZLimitDryRunaway[AU] HZLimEarlyMars[AU] HZLimMoistGreenhouse[AU]
Grid Output Order:

----- BODY: b ----
Active Modules: AtmEsc
Module Bit Sum: 9
Color: 13aed5
(Mass) Mass [kg]: 1.373603e+25 
(Radius) Radius [m]: 9.051372e+06 
(RadGyra) Radius of Gyration/Moment of Inertia Constant []: 0.500000 
(BodyType) Type of Body (0 == planet) []: 0.000000 
(Density) Average Density [kg/m^3]: 4422.107089 
(HZLimitDryRunaway) Semi-major axis of Dry Runaway HZ Limit [m]: 4.070588e+10 
(HZLimRecVenus) Recent Venus HZ Limit [m]: 3.662409e+10 
(HZLimRunaway) Runaway Greenhouse HZ Limit [m]: 4.820644e+10 
(HZLimMoistGreenhouse) Moist Greenhouse HZ Limit [m]: 4.845974e+10 
(HZLimMaxGreenhouse) Maximum Greenhouse HZ Limit [m]: 9.292342e+10 
(HZLimEarlyMars) Early Mars HZ Limit [m]: 1.013425e+11 
(Instellation) Orbit-averaged INcident STELLar radiATION [kg*m^2/sec^2/(m^2*sec)]: 3.495981e+05 
(MeanMotion) Orbital Mean Motion [/sec]: 2.663910e-05 
(OrbPeriod) Orbital Period [sec]: 2.358633e+05 
(SemiMajorAxis) Semi-major Axis [m]: 2.804960e+09 
(LXUVTot) Total XUV Luminosity [kg*m^2/sec^2/(m^2*sec)]: -1.000000 
----- ATMESC PARAMETERS (b)------
(SurfWaterMass) Surface water mass [TO]: 3.000000 
(EnvelopeMass) Envelope mass [Mearth]: 0.001000 
(OxygenMass) Oxygen mass in the atmosphere [bars]: 0.000000 
(RGLimit) Runaway greenhouse semi-major axis [AU]: 0.306561 
(XO) Atomic oxygen mixing ratio in upper atmosphere []: 0.333333 
(EtaO) Oxygen eta parameter (Luger and Barnes 2015) []: 0.000000 
(PlanetRadius) Planet radius [Rearth]: 1.419133 
(OxygenMantleMass) Mass of oxygen in mantle [bars]: 0.000000 
(RadXUV) XUV radius separating hydro. dyn. escape and equilibrium [m]: -1.000000 
(RadSolid) Radius to the solid surface [m]: -1.000000 
(PresXUV) Pressure at base of thermosphere []: 5.000000 
(ScaleHeight) Scale height in Lehmer & Catling (2016) model [m]: -1.000000 
(ThermTemp) Isothermal atmospheric temperature [K]: 400.000000 
(AtmGasConst) Atmospheric gas constant []: 4124.000000 
(PresSurf) Surface pressure due to atmosphere [Pa]: -1.000000 
(DEnvMassDt) Envelope Mass Loss Rate [Mearth/Myr]: -0.001031 
(FXUV) XUV flux [W/m^2]: 420.307819 
(AtmXAbsEffH2O) XUV atmospheric escape efficiency for H2O []: 0.010000 
(RocheRadius) Roche Lobe Radius [m]: 7.551680e+07 
(BondiRadius) Bondi Radius [m]: 3.669336e+08 
(HEscapeRegime) Integer flag for H envelope escape regime []: 3.000000 
(RRCriticalFlux) Critical XUV Flux that separates RR and energy-limited escape [W/m^2]: 67.017331 
(KTide) Mass loss enhancement due to stellar gravity []: 0.821072 
(RGDuration) Runaway Greenhouse Duration [years]: 0.00000e+00
Output Order: Time[year] Age[year] SurfWaterMass[TO] RGLimit[AU] OxygenMantleMass[bars] PlanetRadius[Rearth] EnvelopeMass[Mearth] DEnvMassDt[Mearth/Myr] OxygenMass[bars] FXUV[W/m^2]
Grid Output Order:

----- BODY: c ----
Active Modules: AtmEsc
Module Bit Sum: 9
Color: 13aed5
(Mass) Mass [kg]: 1.493046e+25 
(Radius) Radius [m]: 9.208266e+06 
(RadGyra) Radius of Gyration/Moment of Inertia Constant []: 0.500000 
(BodyType) Type of Body (0 == planet) []: 0.000000 
(Density) Average Density [kg/m^3]: 4565.109349 
(HZLimitDryRunaway) Semi-major axis of Dry Runaway HZ Limit [m]: 4.070588e+10 
(HZLimRecVenus) Recent Venus HZ Limit [m]: 3.662409e+10 
(HZLimRunaway) Runaway Greenhouse HZ Limit [m]: 4.820644e+10 
(HZLimMoistGreenhouse) Moist Greenhouse HZ Limit [m]: 4.845974e+10 
(HZLimMaxGreenhouse) Maximum Greenhouse HZ Limit [m]: 9.292342e+10 
(HZLimEarlyMars) Early Mars HZ Limit [m]: 1.013425e+11 
(Instellation) Orbit-averaged INcident STELLar radiATION [kg*m^2/sec^2/(m^2*sec)]: 7.743423e+04 
(MeanMotion) Orbital Mean Motion [/sec]: 8.600893e-06 
(OrbPeriod) Orbital Period [sec]: 7.305271e+05 
(SemiMajorAxis) Semi-major Axis [m]: 5.959979e+09 
(LXUVTot) Total XUV Luminosity [kg*m^2/sec^2/(m^2*sec)]: -1.000000 
----- ATMESC PARAMETERS (c)------
(SurfWaterMass) Surface water mass [TO]: 3.000000 
(EnvelopeMass) Envelope mass [Mearth]: 0.001000 
(OxygenMass) Oxygen mass in the atmosphere [bars]: 0.000000 
(RGLimit) Runaway greenhouse semi-major axis [AU]: 0.305980 
(XO) Atomic oxygen mixing ratio in upper atmosphere []: 0.333333 
(EtaO) Oxygen eta parameter (Luger and Barnes 2015) []: 0.000000 
(PlanetRadius) Planet radius [Rearth]: 1.443732 
(OxygenMantleMass) Mass of oxygen in mantle [bars]: 0.000000 
(RadXUV) XUV radius separating hydro. dyn. escape and equilibrium [m]: -1.000000 
(RadSolid) Radius to the solid surface [m]: -1.000000 
(PresXUV) Pressure at base of thermosphere []: 5.000000 
(ScaleHeight) Scale height in Lehmer & Catling (2016) model [m]: -1.000000 
(ThermTemp) Isothermal atmospheric temperature [K]: 400.000000 
(AtmGasConst) Atmospheric gas constant []: 4124.000000 
(PresSurf) Surface pressure due to atmosphere [Pa]: -1.000000 
(DEnvMassDt) Envelope Mass Loss Rate [Mearth/Myr]: -0.000198 
(FXUV) XUV flux [W/m^2]: 93.096071 
(AtmXAbsEffH2O) XUV atmospheric escape efficiency for H2O []: 0.011161 
(RocheRadius) Roche Lobe Radius [m]: 1.649804e+08 
(BondiRadius) Bondi Radius [m]: 2.736155e+08 
(HEscapeRegime) Integer flag for H envelope escape regime []: 3.000000 
(RRCriticalFlux) Critical XUV Flux that separates RR and energy-limited escape [W/m^2]: 93.668981 
(KTide) Mass loss enhancement due to stellar gravity []: 0.916365 
(RGDuration) Runaway Greenhouse Duration [years]: 0.00000e+00
Output Order: Time[year] Age[year] SurfWaterMass[TO] RGLimit[AU] OxygenMantleMass[bars] PlanetRadius[Rearth] EnvelopeMass[Mearth] DEnvMassDt[Mearth/Myr] OxygenMass[bars] FXUV[W/m^2]
Grid Output Order:



---- FINAL SYSTEM PROPERTIES ----
(Age) System Age [sec]: 1.893456e+14 
(Time) Simulation Time [sec]: 1.577880e+14 
(TotAngMom) Total Angular Momentum [kg*m^2/sec]: 2.084711e+42 
(TotEnergy) Total System Energy [kg*m^2/sec^2]: -2.726383e+39 
(PotEnergy) Body's non-orbital Potential Energy [kg*m^2/sec^2]: -5.721244e+39 
(KinEnergy) Body's non-orbital Kinetic Energy [kg*m^2/sec^2]: 1.284531e+37 
(DeltaTime) Average Timestep Over Last Output Interval [sec]: 6.269514e+04 

----- BODY: LP8909 ----
Active Modules: STELLAR
Module Bit Sum: 65
Color: c91111
(Mass) Mass [kg]: 2.346331e+29 
(Radius) Radius [Rearth]: 60.416057 
(RadGyra) Radius of Gyration/Moment of Inertia Constant []: 0.458848 
(RotAngMom) Rotational Angular Momentum [kg*m^2/sec]: 4.341050e+41 
(RotVel) Rotational Velocity [m/sec]: 2.280465e+04 
(BodyType) Type of Body (0 == planet) []: 0.000000 
(RotRate) Rotational Frequency [/sec]: 5.918064e-05 
(RotPer) Rotational Period [sec]: 1.061696e+05 
(Density) Average Density [kg/m^3]: 978.970344 
(HZLimitDryRunaway) Semi-major axis of Dry Runaway HZ Limit [AU]: 0.143124 
(HZLimRecVenus) Recent Venus HZ Limit [AU]: 0.128527 
(HZLimRunaway) Runaway Greenhouse HZ Limit [AU]: 0.169320 
(HZLimMoistGreenhouse) Moist Greenhouse HZ Limit [AU]: 0.170062 
(HZLimMaxGreenhouse) Maximum Greenhouse HZ Limit [AU]: 0.324772 
(HZLimEarlyMars) Early Mars HZ Limit [AU]: 0.354197 
(Instellation) Orbit-averaged INcident STELLar radiATION [kg*m^2/sec^2/(m^2*sec)]: -1.000000 
(CriticalSemiMajorAxis) Holman & Wiegert (1999) P-type Critical Semi-major Axis [m]: -1.000000 
(LXUVTot) Total XUV Luminosity [kg*m^2/sec^2/(m^2*sec)]: 1.149715e+22 
(LostEnergy) Body's Total Lost Energy [kg*m^2/sec^2]: 2.982076e+39 
(LostAngMom) Lost Angular Momentum due to Magnetic Braking [kg*m^2/sec]: 1.643168e+42 
----- STELLAR PARAMETERS (LP8909)------
(Luminosity) Luminosity [LSUN]: 0.024865 
(LXUVStellar) Base X-ray/XUV Luminosity [LSUN]: 2.989378e-05 
(Temperature) Effective Temperature [K]: 3082.669022 
(LXUVFrac) Fraction of luminosity in XUV []: 0.001202 
(RossbyNumber) Rossby Number []: 0.018962 
(DRotPerDtStellar) Time Rate of Change of Rotation Period in STELLAR []: -1.361323e-10 
Output Order: Age[year] Luminosity[LSUN] LXUVStellar[LSUN] Radius[Rearth] Temperature[K] HZLimRunaway[AU] HZLimMaxGreenhouse[AU] HZLimRecVenus[AU] HZLimitDryRunaway[AU] HZLimEarlyMars[AU] HZLimMoistGreenhouse[AU]
Grid Output Order:

----- BODY: b ----
Active Modules: AtmEsc
Module Bit Sum: 9
Color: 13aed5
(Mass) Mass [kg]: 1.373006e+25 
(Radius) Radius [m]: 7.998894e+06 
(RadGyra) Radius of Gyration/Moment of Inertia Constant []: 0.500000 
(BodyType) Type of Body (0 == planet) []: 0.000000 
(Density) Average Density [kg/m^3]: 6404.628066 
(HZLimitDryRunaway) Semi-major axis of Dry Runaway HZ Limit [m]: 2.141100e+10 
(HZLimRecVenus) Recent Venus HZ Limit [m]: 1.922732e+10 
(HZLimRunaway) Runaway Greenhouse HZ Limit [m]: 2.532992e+10 
(HZLimMoistGreenhouse) Moist Greenhouse HZ Limit [m]: 2.544092e+10 
(HZLimMaxGreenhouse) Maximum Greenhouse HZ Limit [m]: 4.858520e+10 
(HZLimEarlyMars) Early Mars HZ Limit [m]: 5.298715e+10 
(Instellation) Orbit-averaged INcident STELLar radiATION [kg*m^2/sec^2/(m^2*sec)]: 9.672271e+04 
(MeanMotion) Orbital Mean Motion [/sec]: 2.663910e-05 
(OrbPeriod) Orbital Period [sec]: 2.358633e+05 
(SemiMajorAxis) Semi-major Axis [m]: 2.804960e+09 
(LXUVTot) Total XUV Luminosity [kg*m^2/sec^2/(m^2*sec)]: -1.000000 
----- ATMESC PARAMETERS (b)------
(SurfWaterMass) Surface water mass [TO]: 2.914863 
(EnvelopeMass) Envelope mass [Mearth]: 0.000000 
(OxygenMass) Oxygen mass in the atmosphere [bars]: 0.000000 
(RGLimit) Runaway greenhouse semi-major axis [AU]: 0.161077 
(XO) Atomic oxygen mixing ratio in upper atmosphere []: 0.333333 
(EtaO) Oxygen eta parameter (Luger and Barnes 2015) []: 0.494949 
(PlanetRadius) Planet radius [Rearth]: 1.254119 
(OxygenMantleMass) Mass of oxygen in mantle [bars]: 7.443788 
(RadXUV) XUV radius separating hydro. dyn. escape and equilibrium [m]: -1.000000 
(RadSolid) Radius to the solid surface [m]: -1.000000 
(PresXUV) Pressure at base of thermosphere []: 5.000000 
(ScaleHeight) Scale height in Lehmer & Catling (2016) model [m]: -1.000000 
(ThermTemp) Isothermal atmospheric temperature [K]: 400.000000 
(AtmGasConst) Atmospheric gas constant []: 4124.000000 
(PresSurf) Surface pressure due to atmosphere [Pa]: -1.000000 
(DEnvMassDt) Envelope Mass Loss Rate [Mearth/Myr]: 2.939197e-320 
(FXUV) XUV flux [W/m^2]: 116.285848 
(AtmXAbsEffH2O) XUV atmospheric escape efficiency for H2O []: 0.010000 
(RocheRadius) Roche Lobe Radius [m]: 7.550585e+07 
(BondiRadius) Bondi Radius [m]: 5.056857e+08 
(HEscapeRegime) Integer flag for H envelope escape regime []: 8.000000 
(RRCriticalFlux) Critical XUV Flux that separates RR and energy-limited escape [W/m^2]: 101.953626 
(KTide) Mass loss enhancement due to stellar gravity []: 0.841688 
(RGDuration) Runaway Greenhouse Duration [years]: 0.00000e+00
Output Order: Time[year] Age[year] SurfWaterMass[TO] RGLimit[AU] OxygenMantleMass[bars] PlanetRadius[Rearth] EnvelopeMass[Mearth] DEnvMassDt[Mearth/Myr] OxygenMass[bars] FXUV[W/m^2]
Grid Output Order:

----- BODY: c ----
Active Modules: AtmEsc
Module Bit Sum: 9
Color: 13aed5
(Mass) Mass [kg]: 1.492734e+25 
(Radius) Radius [m]: 9.480810e+06 
(RadGyra) Radius of Gyration/Moment of Inertia Constant []: 0.500000 
(BodyType) Type of Body (0 == planet) []: 0.000000 
(Density) Average Density [kg/m^3]: 4181.744038 
(HZLimitDryRunaway) Semi-major axis of Dry Runaway HZ Limit [m]: 2.141100e+10 
(HZLimRecVenus) Recent Venus HZ Limit [m]: 1.922732e+10 
(HZLimRunaway) Runaway Greenhouse HZ Limit [m]: 2.532992e+10 
(HZLimMoistGreenhouse) Moist Greenhouse HZ Limit [m]: 2.544092e+10 
(HZLimMaxGreenhouse) Maximum Greenhouse HZ Limit [m]: 4.858520e+10 
(HZLimEarlyMars) Early Mars HZ Limit [m]: 5.298715e+10 
(Instellation) Orbit-averaged INcident STELLar radiATION [kg*m^2/sec^2/(m^2*sec)]: 2.142360e+04 
(MeanMotion) Orbital Mean Motion [/sec]: 8.600893e-06 
(OrbPeriod) Orbital Period [sec]: 7.305271e+05 
(SemiMajorAxis) Semi-major Axis [m]: 5.959979e+09 
(LXUVTot) Total XUV Luminosity [kg*m^2/sec^2/(m^2*sec)]: -1.000000 
----- ATMESC PARAMETERS (c)------
(SurfWaterMass) Surface water mass [TO]: 3.000000 
(EnvelopeMass) Envelope mass [Mearth]: 0.000477 
(OxygenMass) Oxygen mass in the atmosphere [bars]: 0.000000 
(RGLimit) Runaway greenhouse semi-major axis [AU]: 0.160772 
(XO) Atomic oxygen mixing ratio in upper atmosphere []: 0.333333 
(EtaO) Oxygen eta parameter (Luger and Barnes 2015) []: 0.000000 
(PlanetRadius) Planet radius [Rearth]: 1.486463 
(OxygenMantleMass) Mass of oxygen in mantle [bars]: 0.000000 
(RadXUV) XUV radius separating hydro. dyn. escape and equilibrium [m]: -1.000000 
(RadSolid) Radius to the solid surface [m]: -1.000000 
(PresXUV) Pressure at base of thermosphere []: 5.000000 
(ScaleHeight) Scale height in Lehmer & Catling (2016) model [m]: -1.000000 
(ThermTemp) Isothermal atmospheric temperature [K]: 400.000000 
(AtmGasConst) Atmospheric gas constant []: 4124.000000 
(PresSurf) Surface pressure due to atmosphere [Pa]: -1.000000 
(DEnvMassDt) Envelope Mass Loss Rate [Mearth/Myr]: -6.002877e-05 
(FXUV) XUV flux [W/m^2]: 25.756731 
(AtmXAbsEffH2O) XUV atmospheric escape efficiency for H2O []: 0.022055 
(RocheRadius) Roche Lobe Radius [m]: 1.649689e+08 
(BondiRadius) Bondi Radius [m]: 3.771653e+08 
(HEscapeRegime) Integer flag for H envelope escape regime []: 3.000000 
(RRCriticalFlux) Critical XUV Flux that separates RR and energy-limited escape [W/m^2]: 85.321998 
(KTide) Mass loss enhancement due to stellar gravity []: 0.913889 
(RGDuration) Runaway Greenhouse Duration [years]: 0.00000e+00
Output Order: Time[year] Age[year] SurfWaterMass[TO] RGLimit[AU] OxygenMantleMass[bars] PlanetRadius[Rearth] EnvelopeMass[Mearth] DEnvMassDt[Mearth/Myr] OxygenMass[bars] FXUV[W/m^2]
Grid Output Order:
