-------- Log file TG.log -------

Executable: /home/user/envs/py39/bin/vplanet
Version: Unknown
System Name: TG
Primary Input File: vpl.in
Body File #1: TGstar.in
Body File #2: TGb.in
Body File #3: TGc.in
Allow files to be overwitten: Yes
Mass Units: Grams
Length Units: Meters
Time Units: Seconds
Angle Units: Radians

------- FORMATTING -----
Verbosity Level: 1
Crossover Decade for Scientific Notation: 4
Number of Digits After Decimal: 6
Integration Method: Runge-Kutta4
Direction: Forward
Time Step: 3.155760e+07
Stop Time: 3.155760e+12
Output Interval: 3.155760e+09
Use Variable Timestep: Yes
dEta: 0.001000
Minimum Value of ecc and obl: 1.000000e-10


---- INITIAL SYSTEM PROPERTIES ----
(Age) System Age [sec]: 2.272147e+17 
(Time) Simulation Time [sec]: 0.000000 
(TotAngMom) Total Angular Momentum [kg*m^2/s]: 4.360461e+40 
(TotEnergy) Total System Energy [ergs]: -2.219384e+40 
(PotEnergy) Body's non-orbital Potential Energy [kg*m^2/sec^2]: -2.219509e+40 
(KinEnergy) Body's non-orbital Kinetic Energy [kg*m^2/sec^2]: 1.314982e+36 
(DeltaTime) Average Timestep Over Last Output Interval [sec]: 0.000000 

----- BODY: TGstar ----
Active Modules: EqTide STELLAR
Module Bit Sum: 67
Color: 000000
(Mass) Mass [kg]: 2.346331e+29 
(Obliquity) Obliquity [rad]: 0.000000 
(PrecA) Body's precession angle [rad]: 0.000000 
(Xobl) Body's sin(obliquity)*cos(precession angle) []: 0.000000 
(Yobl) Body's sin(obliquity)*sin(precession angle) []: 0.000000 
(Zobl) Body's cos(obliquity) []: 1.000000 
(Radius) Radius [Rearth]: 15.573488 
(RadGyra) Radius of Gyration/Moment of Inertia Constant []: 0.463486 
(RotAngMom) Rotational Angular Momentum [kg*m^2/sec]: 3.616461e+40 
(RotKinEnergy) Body's Rotational Energy [kg*m^2/sec^2]: 1.314982e+36 
(RotVel) Rotational Velocity [m/sec]: 7223.427860 
(BodyType) Type of Body (0 == planet) []: 0.000000 
(RotRate) Rotational Frequency [/sec]: 7.272205e-05 
(RotPer) Rotational Period [days]: 1.000000 
(Density) Average Density [kg/m^3]: 5.715694e+04 
(SurfEnFluxTotal) Total Surface Energy Flux [kg*m^2/sec^2/(m^2*sec)]: 7.093813e-05 
(TidalQ) Tidal Q []: 1.000000e+06 
(ImK2) Im(k_2) []: -5.000000e-07 
(K2) k_2 []: 0.500000 
(K2Man) Real Love Number k2 Mantle []: 0.010000 
(Imk2Man) Imaginary Love Number k2 Mantle []: 0.000000 
(TidalQMantle) Mantle's Tidal Q []: 100.000000 
(HEcc) Poincare's h (=e*sin(varpi) []: 0.000000 
(HZLimitDryRunaway) Semi-major axis of Dry Runaway HZ Limit [m]: 5.122390e+09 
(HZLimRecVenus) Recent Venus HZ Limit [m]: 4.609151e+09 
(HZLimRunaway) Runaway Greenhouse HZ Limit [m]: 6.066555e+09 
(HZLimMoistGreenhouse) Moist Greenhouse HZ Limit [m]: 6.098671e+09 
(HZLimMaxGreenhouse) Maximum Greenhouse HZ Limit [m]: 1.169672e+10 
(HZLimEarlyMars) Early Mars HZ Limit [m]: 1.275647e+10 
(Instellation) Orbit-averaged INcident STELLar radiATION [kg*m^2/sec^2/(m^2*sec)]: -1.000000 
(KEcc) Poincare's k (=e*cos(varpi) []: 0.000000 
(Eccentricity) Orbital Eccentricity []: -1.000000 
(OrbEnergy) Body's Total Orbital Energy [kg*m^2/sec^2]: 0.000000 
(MeanMotion) Orbital Mean Motion [/sec]: -1.000000 
(OrbPeriod) Orbital Period [sec]: -1.000000 
(SemiMajorAxis) Semi-major Axis [m]: -1.000000 
(CriticalSemiMajorAxis) Holman & Wiegert (1999) P-type Critical Semi-major Axis [m]: -1.000000 
(COPP) Climate Obliquity Precession Parameter []: 0.000000 
(OrbAngMom) Orbital Angular Momentum [kg*m^2/sec]: 0.000000 
(LongP) Body's Longitude of pericenter [rad]: 0.000000 
(LXUVTot) Total XUV Luminosity [kg*m^2/sec^2/(m^2*sec)]: 2.842787e+18 
(TotOrbEnergy) System's Total Orbital Energy [kg*m^2/sec^2]: -5.795924e+34 
(OrbPotEnergy) Body's Orbital Potential Energy [kg*m^2/sec^2]: -1.000000 
(LostEnergy) Body's Total Lost Energy [kg*m^2/sec^2]: 5.562685e-309 
(LostAngMom) Lost Angular Momentum due to Magnetic Braking [kg*m^2/sec]: 5.562685e-309 
----- EQTIDE PARAMETERS (TGstar)------
(LockTime) Time when body tidally locked. [sec]: -1.000000 
(BodyDsemiDtEqtide) In EqTide, the total change in semi-major axis is due to dissipation in both bodies. This output parameter returns the change due to current body. []: -1.000000 
(BodyDeccDt) In EqTide, the total change in eccentricity is due to towrues on both bodies. This output parameter returns the change due to current body. []: -1.000000 
(DOblDtEqtide) Time Rate of Change of Obliquity in EqTide [rad/sec]: 0.000000 
(DRotPerDtEqtide) Time Rate of Change of Rotation Period in EqTide []: 4.537160e-19 
(DRotRateDtEqtide) Time Rate of Change of Rotational Frequency in EqTide [/sec^2]: -3.818884e-28 
(EqRotRateDiscrete) CPL2 Discrete Equilibrium Spin Rate [/sec]: 2.663910e-05 
(EqRotPerDiscrete) CPL2 Discrete Equilibrium Spin Period [sec]: 2.358633e+05 
(EqRotRateCont) CPL2 Continuous Equilibrium Spin Rate [/sec]: 2.663910e-05 
(EqRotPerCont) CPL2 Continuous Equilibrium Rotation Period [sec]: 2.358633e+05 
(EqRotPer) Equilibrium Rotation Period [sec]: 2.358633e+05 
(EqTidePower) Equilibrium Power from Tides [/sec]: 0.000000 
(GammaRot) Gamma_Rotation [sec]: -1.000000 
(GammaOrb) Gamma_Orbital [sec]: -1.000000 
(OceanK2) Ocean's Love number k_2 []: 0.010000 
(EnvTidalQ) Envelope Tidal Q []: -1.000000 
(OceanTidalQ) Ocean Tidal Q []: -1.000000 
(TideLock) Tidally Locked? []: 0.000000 
(RotTimeEqtide) Timescale for Rotational Evolution in EqTide [sec]: 3.770477e-28 
(EnvK2) Envelope's Love number k_2 []: 0.010000 
(OblTimeEqtide) Timescale for Obliquity Evolution in EqTide []: -1.000000 
(PowerEqtide) Internal Power due to Tides in EqTide [kg*m^2/sec^3]: 8.795165e+12 
(SurfEnFluxEqtide) Surface Energy Flux due to Tides in EqTide [kg*m^2/sec^2/(m^2*sec)]: 7.093813e-05 
Tidal Perturbers: TGb, TGc
----- STELLAR PARAMETERS (TGstar)------
(Luminosity) Luminosity [LSUN]: 0.001423 
(LXUVStellar) Base X-ray/XUV Luminosity [kg*m^2/sec^3]: 2.842787e+18 
(Temperature) Effective Temperature [K]: 2969.131618 
(LXUVFrac) Fraction of luminosity in XUV []: 5.193750e-06 
(RossbyNumber) Rossby Number []: 0.014560 
(DRotPerDtStellar) Time Rate of Change of Rotation Period in STELLAR []: 2.525017e-12 
Output Order: Time[year] Radius[Rearth] RotPer[days] Luminosity[LSUN] TotEnergy[ergs] TotAngMom[kg*m^2/s]
Grid Output Order:

----- BODY: TGb ----
Active Modules: DistOrb DistRot EqTide
Module Bit Sum: 51
Color: 000000
(Mass) Mass [kg]: 1.373603e+25 
(Obliquity) Obliquity [rad]: 0.349066 
(PrecA) Body's precession angle [rad]: 2.879793 
(Xobl) Body's sin(obliquity)*cos(precession angle) []: -0.330366 
(Yobl) Body's sin(obliquity)*sin(precession angle) []: 0.088521 
(Zobl) Body's cos(obliquity) []: 0.939693 
(Radius) Radius [m]: 8.419092e+06 
(RadGyra) Radius of Gyration/Moment of Inertia Constant []: 0.400000 
(RotAngMom) Rotational Angular Momentum [kg*m^2/sec]: 1.132864e+34 
(RotKinEnergy) Body's Rotational Energy [kg*m^2/sec^2]: 4.119210e+29 
(RotVel) Rotational Velocity [m/sec]: 612.253648 
(BodyType) Type of Body (0 == planet) []: 0.000000 
(RotRate) Rotational Frequency [/sec]: 7.272205e-05 
(RotPer) Rotational Period [days]: 1.000000 
(Density) Average Density [kg/m^3]: 5495.115003 
(SurfEnFluxTotal) Total Surface Energy Flux [W/m^2]: 7.429534e+04 
(TidalQ) Tidal Q []: 100.000000 
(ImK2) Im(k_2) []: -0.003000 
(K2) k_2 []: 0.300000 
(K2Man) Real Love Number k2 Mantle []: 0.010000 
(Imk2Man) Imaginary Love Number k2 Mantle []: 0.000000 
(TidalQMantle) Mantle's Tidal Q []: 100.000000 
(HEcc) Poincare's h (=e*sin(varpi) []: 0.000000 
(HZLimitDryRunaway) Semi-major axis of Dry Runaway HZ Limit [m]: 5.122390e+09 
(HZLimRecVenus) Recent Venus HZ Limit [m]: 4.609151e+09 
(HZLimRunaway) Runaway Greenhouse HZ Limit [m]: 6.066555e+09 
(HZLimMoistGreenhouse) Moist Greenhouse HZ Limit [m]: 6.098671e+09 
(HZLimMaxGreenhouse) Maximum Greenhouse HZ Limit [m]: 1.169672e+10 
(HZLimEarlyMars) Early Mars HZ Limit [m]: 1.275647e+10 
(Instellation) Orbit-averaged INcident STELLar radiATION [kg*m^2/sec^2/(m^2*sec)]: 5536.050763 
(KEcc) Poincare's k (=e*cos(varpi) []: 0.000000 
(Eccentricity) Orbital Eccentricity []: 0.000000 
(OrbEnergy) Body's Total Orbital Energy [kg*m^2/sec^2]: -3.834407e+34 
(MeanMotion) Orbital Mean Motion [/sec]: 2.663910e-05 
(OrbPeriod) Orbital Period [sec]: 2.358633e+05 
(SemiMajorAxis) Semi-major Axis [m]: 2.804960e+09 
(CriticalSemiMajorAxis) Holman & Wiegert (1999) P-type Critical Semi-major Axis [m]: -1.000000 
(COPP) Climate Obliquity Precession Parameter []: 0.000000 
(OrbAngMom) Orbital Angular Momentum [kg*m^2/sec]: 2.878781e+39 
(ArgP) Body's argument of pericenter [rad]: 1.255138 
(Inc) Body's Inclination [rad]: 0.010881 
(LongA) Body's Longitude of ascending node [rad]: 5.028047 
(MeanLongitude) Orbital Mean Longitude [rad]: 0.785398 
(LongP) Body's Longitude of pericenter [rad]: 0.000000 
(TotOrbEnergy) System's Total Orbital Energy [kg*m^2/sec^2]: -5.795924e+34 
(OrbPotEnergy) Body's Orbital Potential Energy [kg*m^2/sec^2]: -7.668813e+34 
(LostEnergy) Body's Total Lost Energy [kg*m^2/sec^2]: 5.562685e-309 
----- EQTIDE PARAMETERS (TGb)------
(TidalRadius) In EqTide, the value of the radius that enters the tidal evolution equations. This parameter is distinct from others, such as the radius of XUV absorption or a pressure level in an atmosphere. [m]: 8.419092e+06 
(DsemiDtEqtide) Total da/dt from EqTide [m/sec]: 2.798400e-06 
(DeccDtEqtide) Total de/dt from EqTide [/sec]: 0.000000 
(DMeanMotionDtEqtide) Total dMeanMotion/dt from EqTide [/sec^2]: -3.986519e-20 
(DOrbPerDtEqtide) Total dOrbPer/dt from EqTide []: 3.529674e-10 
(EccTimeEqtide) Timescale for Eccentricity Evolution (e/[de/dt]) in EqTide [sec]: 0.000000 
(SemiTimeEqtide) Timescale for Semi-major Axis Evolution (a/[da/dt]) in EqTide [sec]: 1.002344e+15 
(DHEccDtEqtide) Time Rate of Change of Poincare's h in EqTide [/sec]: 0.000000 
(DKEccDtEqtide) Time Rate of Change of Poincare's k in EqTide [/sec]: 0.000000 
(DXoblDtEqtide) Time Rate of Change of Laskar's X in EqTide [/sec]: -1.967585e-11 
(DYoblDtEqtide) Time Rate of Change of Laskar's Y in EqTide [/sec]: 5.272127e-12 
(DZoblDtEqtide) Time Rate of Change of Laskar's Z in EqTide [/sec]: -7.414050e-12 
(LockTime) Time when body tidally locked. [sec]: -1.000000 
(BodyDsemiDtEqtide) In EqTide, the total change in semi-major axis is due to dissipation in both bodies. This output parameter returns the change due to current body. []: -1.000000 
(BodyDeccDt) In EqTide, the total change in eccentricity is due to towrues on both bodies. This output parameter returns the change due to current body. []: -1.000000 
(DOblDtEqtide) Time Rate of Change of Obliquity in EqTide [rad/sec]: 2.167723e-11 
(DRotPerDtEqtide) Time Rate of Change of Rotation Period in EqTide []: 1.095210e-05 
(DRotRateDtEqtide) Time Rate of Change of Rotational Frequency in EqTide [/sec^2]: -9.218282e-15 
(EqRotRateDiscrete) CPL2 Discrete Equilibrium Spin Rate [/sec]: 2.663910e-05 
(EqRotPerDiscrete) CPL2 Discrete Equilibrium Spin Period [sec]: 2.358633e+05 
(EqRotRateCont) CPL2 Continuous Equilibrium Spin Rate [/sec]: 2.663910e-05 
(EqRotPerCont) CPL2 Continuous Equilibrium Rotation Period [sec]: 2.358633e+05 
(EqRotPer) Equilibrium Rotation Period [sec]: 2.358633e+05 
(EqTidePower) Equilibrium Power from Tides [/sec]: 0.000000 
(GammaRot) Gamma_Rotation [sec]: -1.000000 
(GammaOrb) Gamma_Orbital [sec]: -1.000000 
(OceanK2) Ocean's Love number k_2 []: 0.010000 
(EnvTidalQ) Envelope Tidal Q []: -1.000000 
(OceanTidalQ) Ocean Tidal Q []: -1.000000 
(TideLock) Tidally Locked? []: 0.000000 
(RotTimeEqtide) Timescale for Rotational Evolution in EqTide [sec]: 7.888895e+09 
(EnvK2) Envelope's Love number k_2 []: 0.010000 
(OblTimeEqtide) Timescale for Obliquity Evolution in EqTide []: -1.000000 
(PowerEqtide) Internal Power due to Tides in EqTide [kg*m^2/sec^3]: 6.617622e+19 
(SurfEnFluxEqtide) Surface Energy Flux due to Tides in EqTide [kg*m^2/sec^2/(m^2*sec)]: 7.429534e+04 
Tidal Perturbers: TGstar
----- DISTORB PARAMETERS (TGb)------
(Sinc) Body's sin(Inc/2) in DistOrb []: 0.005441 
(Pinc) Body's Poincare p in DistOrb []: -0.005172 
(Qinc) Body's Poincare q in DistOrb []: 0.001689 
(DIncDtDistOrb) Body's inclination derivative in DistOrb [rad/sec]: 4.366535e-17 
(DSincDtDistOrb) Body's sin(Inc/2) derivative in DistOrb [/sec]: 2.183235e-17 
(DLongADtDistOrb) Body's longitude of ascending node derivative in DistOrb [rad/sec]: -3.463013e-10 
(DLongPDtDistOrb) Body's longitude of pericenter derivative in DistOrb [rad/sec]: -nan 
(DHeccDtDistOrb) Body's Poincare h derivative in DistOrb [/sec]: 0.000000 
(DKeccDtDistOrb) Body's Poincare k in DistOrb [/sec]: 0.000000 
(DPincDtDistOrb) Body's Poincare p in DistOrb [/sec]: -5.849184e-13 
(DQincDtDistOrb) Body's Poincare q in DistOrb [/sec]: -1.790985e-12 
-----DISTROT PARAMETERS (TGb)------
(CassiniOne) First Cassini parameter (misalignment of Cassini state vectors) []: 0.998549 
(CassiniTwo) Second Cassini parameter (alignment of Cassini state vectors []: -0.053844 
(DOblDtDistRot) Body's dobl/dt in DistRot [rad]: 3.762637e-12 
(DPrecADtDistRot) Body's dpA/dt in DistRot [rad/sec]: 4.512094e-08 
(DXoblDtDistRot) Body's dXobl/dt in DistRot [/sec]: -3.997580e-09 
(DYoblDtDistRot) Body's dYobl/dt in DistRot [/sec]: -1.490551e-08 
(DZoblDtDistRot) Body's dZobl/dt in DistRot [/sec]: -1.286898e-12 
(OblTimeDistRot) Obliquity timescale in DistRot [rad]: 8.349443e+11 
(PrecATimeDistRot) Axial precession timescale in DistRot [sec]: 1.392521e+08 
(XoblTimeDistRot) Xobl timescale in DistRot [/sec]: 2.501513e+08 
(YoblTimeDistRot) Yobl timescale in DistRot [/sec]: 6.708927e+07 
(ZoblTimeDistRot) Zobl timescale in DistRot [/sec]: 7.770625e+11 
(DynEllip) dynamical ellipticity of planet []: 0.003281 
(PrecFNat) natural precession freq of planet [rad/sec]: 4.512147e-08 
Output Order: Time[year] RotPer[days] LongP[deg] SemiMajorAxis[au] Eccentricity[] SurfEnFluxTotal[W/m^2] Obliquity[deg] PrecA[deg] CassiniOne[deg] CassiniTwo[deg] PrecFNat[deg/year] DynEllip[] DeltaTime[year] Inc[deg]
Grid Output Order:

----- BODY: TGc ----
Active Modules: DistOrb DistRot EqTide
Module Bit Sum: 51
Color: 000000
(Mass) Mass [kg]: 1.493046e+25 
(Obliquity) Obliquity [rad]: 0.226893 
(PrecA) Body's precession angle [rad]: 1.326450 
(Xobl) Body's sin(obliquity)*cos(precession angle) []: 0.054421 
(Yobl) Body's sin(obliquity)*sin(precession angle) []: 0.218269 
(Zobl) Body's cos(obliquity) []: 0.974370 
(Radius) Radius [m]: 8.718863e+06 
(RadGyra) Radius of Gyration/Moment of Inertia Constant []: 0.400000 
(RotAngMom) Rotational Angular Momentum [kg*m^2/sec]: 1.320624e+34 
(RotKinEnergy) Body's Rotational Energy [kg*m^2/sec^2]: 4.801924e+29 
(RotVel) Rotational Velocity [m/sec]: 634.053588 
(BodyType) Type of Body (0 == planet) []: 0.000000 
(RotRate) Rotational Frequency [/sec]: 7.272205e-05 
(RotPer) Rotational Period [days]: 1.000000 
(Density) Average Density [kg/m^3]: 5377.806954 
(SurfEnFluxTotal) Total Surface Energy Flux [W/m^2]: 1.039721e+04 
(TidalQ) Tidal Q []: 12.000000 
(ImK2) Im(k_2) []: -0.025000 
(K2) k_2 []: 0.300000 
(K2Man) Real Love Number k2 Mantle []: 0.010000 
(Imk2Man) Imaginary Love Number k2 Mantle []: 0.000000 
(TidalQMantle) Mantle's Tidal Q []: 100.000000 
(HEcc) Poincare's h (=e*sin(varpi) []: 0.000000 
(HZLimitDryRunaway) Semi-major axis of Dry Runaway HZ Limit [m]: 5.122390e+09 
(HZLimRecVenus) Recent Venus HZ Limit [m]: 4.609151e+09 
(HZLimRunaway) Runaway Greenhouse HZ Limit [m]: 6.066555e+09 
(HZLimMoistGreenhouse) Moist Greenhouse HZ Limit [m]: 6.098671e+09 
(HZLimMaxGreenhouse) Maximum Greenhouse HZ Limit [m]: 1.169672e+10 
(HZLimEarlyMars) Early Mars HZ Limit [m]: 1.275647e+10 
(Instellation) Orbit-averaged INcident STELLar radiATION [kg*m^2/sec^2/(m^2*sec)]: 1226.207444 
(KEcc) Poincare's k (=e*cos(varpi) []: 0.000000 
(Eccentricity) Orbital Eccentricity []: 0.000000 
(OrbEnergy) Body's Total Orbital Energy [kg*m^2/sec^2]: -1.961518e+34 
(MeanMotion) Orbital Mean Motion [/sec]: 8.600893e-06 
(OrbPeriod) Orbital Period [sec]: 7.305271e+05 
(SemiMajorAxis) Semi-major Axis [m]: 5.959979e+09 
(CriticalSemiMajorAxis) Holman & Wiegert (1999) P-type Critical Semi-major Axis [m]: -1.000000 
(COPP) Climate Obliquity Precession Parameter []: 0.000000 
(OrbAngMom) Orbital Angular Momentum [kg*m^2/sec]: 4.561196e+39 
(ArgP) Body's argument of pericenter [rad]: 4.396701 
(Inc) Body's Inclination [rad]: 0.006868 
(LongA) Body's Longitude of ascending node [rad]: 1.886484 
(MeanLongitude) Orbital Mean Longitude [rad]: 3.926991 
(LongP) Body's Longitude of pericenter [rad]: 0.000000 
(TotOrbEnergy) System's Total Orbital Energy [kg*m^2/sec^2]: -5.795924e+34 
(OrbPotEnergy) Body's Orbital Potential Energy [kg*m^2/sec^2]: -3.923036e+34 
(LostEnergy) Body's Total Lost Energy [kg*m^2/sec^2]: 5.562685e-309 
----- EQTIDE PARAMETERS (TGc)------
(TidalRadius) In EqTide, the value of the radius that enters the tidal evolution equations. This parameter is distinct from others, such as the radius of XUV absorption or a pressure level in an atmosphere. [m]: 8.718863e+06 
(DsemiDtEqtide) Total da/dt from EqTide [m/sec]: 4.048004e-07 
(DeccDtEqtide) Total de/dt from EqTide [/sec]: 0.000000 
(DMeanMotionDtEqtide) Total dMeanMotion/dt from EqTide [/sec^2]: -8.762560e-22 
(DOrbPerDtEqtide) Total dOrbPer/dt from EqTide []: 7.442585e-11 
(EccTimeEqtide) Timescale for Eccentricity Evolution (e/[de/dt]) in EqTide [sec]: 0.000000 
(SemiTimeEqtide) Timescale for Semi-major Axis Evolution (a/[da/dt]) in EqTide [sec]: 1.472325e+16 
(DHEccDtEqtide) Time Rate of Change of Poincare's h in EqTide [/sec]: 0.000000 
(DKEccDtEqtide) Time Rate of Change of Poincare's k in EqTide [/sec]: 0.000000 
(DXoblDtEqtide) Time Rate of Change of Laskar's X in EqTide [/sec]: 3.109723e-13 
(DYoblDtEqtide) Time Rate of Change of Laskar's Y in EqTide [/sec]: 1.247242e-12 
(DZoblDtEqtide) Time Rate of Change of Laskar's Z in EqTide [/sec]: -2.967636e-13 
(LockTime) Time when body tidally locked. [sec]: -1.000000 
(BodyDsemiDtEqtide) In EqTide, the total change in semi-major axis is due to dissipation in both bodies. This output parameter returns the change due to current body. []: -1.000000 
(BodyDeccDt) In EqTide, the total change in eccentricity is due to towrues on both bodies. This output parameter returns the change due to current body. []: -1.000000 
(DOblDtEqtide) Time Rate of Change of Obliquity in EqTide [rad/sec]: 1.319236e-12 
(DRotPerDtEqtide) Time Rate of Change of Rotation Period in EqTide []: 1.013397e-06 
(DRotRateDtEqtide) Time Rate of Change of Rotational Frequency in EqTide [/sec^2]: -8.529665e-16 
(EqRotRateDiscrete) CPL2 Discrete Equilibrium Spin Rate [/sec]: 8.600893e-06 
(EqRotPerDiscrete) CPL2 Discrete Equilibrium Spin Period [sec]: 7.305271e+05 
(EqRotRateCont) CPL2 Continuous Equilibrium Spin Rate [/sec]: 8.600893e-06 
(EqRotPerCont) CPL2 Continuous Equilibrium Rotation Period [sec]: 7.305271e+05 
(EqRotPer) Equilibrium Rotation Period [sec]: 7.305271e+05 
(EqTidePower) Equilibrium Power from Tides [/sec]: 0.000000 
(GammaRot) Gamma_Rotation [sec]: -1.000000 
(GammaOrb) Gamma_Orbital [sec]: -1.000000 
(OceanK2) Ocean's Love number k_2 []: 0.010000 
(EnvTidalQ) Envelope Tidal Q []: -1.000000 
(OceanTidalQ) Ocean Tidal Q []: -1.000000 
(TideLock) Tidally Locked? []: 0.000000 
(RotTimeEqtide) Timescale for Rotational Evolution in EqTide [sec]: 8.525781e+10 
(EnvK2) Envelope's Love number k_2 []: 0.010000 
(OblTimeEqtide) Timescale for Obliquity Evolution in EqTide []: -1.000000 
(PowerEqtide) Internal Power due to Tides in EqTide [kg*m^2/sec^3]: 9.932220e+18 
(SurfEnFluxEqtide) Surface Energy Flux due to Tides in EqTide [kg*m^2/sec^2/(m^2*sec)]: 1.039721e+04 
Tidal Perturbers: TGstar
----- DISTORB PARAMETERS (TGc)------
(Sinc) Body's sin(Inc/2) in DistOrb []: 0.003434 
(Pinc) Body's Poincare p in DistOrb []: 0.003264 
(Qinc) Body's Poincare q in DistOrb []: -0.001066 
(DIncDtDistOrb) Body's inclination derivative in DistOrb [rad/sec]: -4.366358e-17 
(DSincDtDistOrb) Body's sin(Inc/2) derivative in DistOrb [/sec]: -2.183166e-17 
(DLongADtDistOrb) Body's longitude of ascending node derivative in DistOrb [rad/sec]: -3.462873e-10 
(DLongPDtDistOrb) Body's longitude of pericenter derivative in DistOrb [rad/sec]: -nan 
(DHeccDtDistOrb) Body's Poincare h derivative in DistOrb [/sec]: 0.000000 
(DKeccDtDistOrb) Body's Poincare k in DistOrb [/sec]: 0.000000 
(DPincDtDistOrb) Body's Poincare p in DistOrb [/sec]: 3.691638e-13 
(DQincDtDistOrb) Body's Poincare q in DistOrb [/sec]: 1.130357e-12 
-----DISTROT PARAMETERS (TGc)------
(CassiniOne) First Cassini parameter (misalignment of Cassini state vectors) []: 0.071263 
(CassiniTwo) Second Cassini parameter (alignment of Cassini state vectors []: -0.997458 
(DOblDtDistRot) Body's dobl/dt in DistRot [rad]: -1.694787e-13 
(DPrecADtDistRot) Body's dpA/dt in DistRot [rad/sec]: 4.973283e-09 
(DXoblDtDistRot) Body's dXobl/dt in DistRot [/sec]: -1.085554e-09 
(DYoblDtDistRot) Body's dYobl/dt in DistRot [/sec]: 2.704887e-10 
(DZoblDtDistRot) Body's dZobl/dt in DistRot [/sec]: 3.812441e-14 
(OblTimeDistRot) Obliquity timescale in DistRot [rad]: 1.853680e+13 
(PrecATimeDistRot) Axial precession timescale in DistRot [sec]: 1.263388e+09 
(XoblTimeDistRot) Xobl timescale in DistRot [/sec]: 9.211889e+08 
(YoblTimeDistRot) Yobl timescale in DistRot [/sec]: 3.697012e+09 
(ZoblTimeDistRot) Zobl timescale in DistRot [/sec]: 2.622991e+13 
(DynEllip) dynamical ellipticity of planet []: 0.003352 
(PrecFNat) natural precession freq of planet [rad/sec]: 4.983550e-09 
Output Order: Time[year] RotPer[days] LongP[deg] SemiMajorAxis[au] Eccentricity[] SurfEnFluxTotal[W/m^2] Obliquity[deg] PrecA[deg] CassiniOne[deg] CassiniTwo[deg] PrecFNat[deg/year] DynEllip[] DeltaTime[year] Inc[deg]
Grid Output Order:



---- FINAL SYSTEM PROPERTIES ----
(Age) System Age [sec]: 2.272179e+17 
(Time) Simulation Time [sec]: 3.155760e+12 
(TotAngMom) Total Angular Momentum [kg*m^2/s]: 4.360461e+40 
(TotEnergy) Total System Energy [ergs]: -2.219384e+40 
(PotEnergy) Body's non-orbital Potential Energy [kg*m^2/sec^2]: -2.219509e+40 
(KinEnergy) Body's non-orbital Kinetic Energy [kg*m^2/sec^2]: 1.314740e+36 
(DeltaTime) Average Timestep Over Last Output Interval [sec]: 63.028866 

----- BODY: TGstar ----
Active Modules: EqTide STELLAR
Module Bit Sum: 67
Color: 000000
(Mass) Mass [kg]: 2.346331e+29 
(Obliquity) Obliquity [rad]: 0.000000 
(PrecA) Body's precession angle [rad]: 0.000000 
(Xobl) Body's sin(obliquity)*cos(precession angle) []: 0.000000 
(Yobl) Body's sin(obliquity)*sin(precession angle) []: 0.000000 
(Zobl) Body's cos(obliquity) []: 1.000000 
(Radius) Radius [Rearth]: 15.573488 
(RadGyra) Radius of Gyration/Moment of Inertia Constant []: 0.463486 
(RotAngMom) Rotational Angular Momentum [kg*m^2/sec]: 3.616128e+40 
(RotKinEnergy) Body's Rotational Energy [kg*m^2/sec^2]: 1.314740e+36 
(RotVel) Rotational Velocity [m/sec]: 7222.761701 
(BodyType) Type of Body (0 == planet) []: 0.000000 
(RotRate) Rotational Frequency [/sec]: 7.271535e-05 
(RotPer) Rotational Period [days]: 1.000092 
(Density) Average Density [kg/m^3]: 5.715694e+04 
(SurfEnFluxTotal) Total Surface Energy Flux [kg*m^2/sec^2/(m^2*sec)]: 7.092622e-05 
(TidalQ) Tidal Q []: 1.000000e+06 
(ImK2) Im(k_2) []: -5.000000e-07 
(K2) k_2 []: 0.500000 
(K2Man) Real Love Number k2 Mantle []: 0.010000 
(Imk2Man) Imaginary Love Number k2 Mantle []: 0.000000 
(TidalQMantle) Mantle's Tidal Q []: 100.000000 
(HEcc) Poincare's h (=e*sin(varpi) []: 0.000000 
(HZLimitDryRunaway) Semi-major axis of Dry Runaway HZ Limit [m]: 5.122390e+09 
(HZLimRecVenus) Recent Venus HZ Limit [m]: 4.609151e+09 
(HZLimRunaway) Runaway Greenhouse HZ Limit [m]: 6.066555e+09 
(HZLimMoistGreenhouse) Moist Greenhouse HZ Limit [m]: 6.098670e+09 
(HZLimMaxGreenhouse) Maximum Greenhouse HZ Limit [m]: 1.169672e+10 
(HZLimEarlyMars) Early Mars HZ Limit [m]: 1.275647e+10 
(Instellation) Orbit-averaged INcident STELLar radiATION [kg*m^2/sec^2/(m^2*sec)]: -1.000000 
(KEcc) Poincare's k (=e*cos(varpi) []: 0.000000 
(Eccentricity) Orbital Eccentricity []: -1.000000 
(OrbEnergy) Body's Total Orbital Energy [kg*m^2/sec^2]: 0.000000 
(MeanMotion) Orbital Mean Motion [/sec]: -1.000000 
(OrbPeriod) Orbital Period [sec]: -1.000000 
(SemiMajorAxis) Semi-major Axis [m]: -1.000000 
(CriticalSemiMajorAxis) Holman & Wiegert (1999) P-type Critical Semi-major Axis [m]: -1.000000 
(COPP) Climate Obliquity Precession Parameter []: 0.000000 
(OrbAngMom) Orbital Angular Momentum [kg*m^2/sec]: 0.000000 
(LongP) Body's Longitude of pericenter [rad]: 0.000000 
(LXUVTot) Total XUV Luminosity [kg*m^2/sec^2/(m^2*sec)]: 2.842738e+18 
(TotOrbEnergy) System's Total Orbital Energy [kg*m^2/sec^2]: -5.795898e+34 
(OrbPotEnergy) Body's Orbital Potential Energy [kg*m^2/sec^2]: -1.000000 
(LostEnergy) Body's Total Lost Energy [kg*m^2/sec^2]: 2.425295e+32 
(LostAngMom) Lost Angular Momentum due to Magnetic Braking [kg*m^2/sec]: 3.335173e+36 
----- EQTIDE PARAMETERS (TGstar)------
(LockTime) Time when body tidally locked. [sec]: -1.000000 
(BodyDsemiDtEqtide) In EqTide, the total change in semi-major axis is due to dissipation in both bodies. This output parameter returns the change due to current body. []: -1.000000 
(BodyDeccDt) In EqTide, the total change in eccentricity is due to towrues on both bodies. This output parameter returns the change due to current body. []: -1.000000 
(DOblDtEqtide) Time Rate of Change of Obliquity in EqTide [rad/sec]: 0.000000 
(DRotPerDtEqtide) Time Rate of Change of Rotation Period in EqTide []: 4.537875e-19 
(DRotRateDtEqtide) Time Rate of Change of Rotational Frequency in EqTide [/sec^2]: -3.818782e-28 
(EqRotRateDiscrete) CPL2 Discrete Equilibrium Spin Rate [/sec]: 2.663892e-05 
(EqRotPerDiscrete) CPL2 Discrete Equilibrium Spin Period [sec]: 2.358649e+05 
(EqRotRateCont) CPL2 Continuous Equilibrium Spin Rate [/sec]: 2.663892e-05 
(EqRotPerCont) CPL2 Continuous Equilibrium Rotation Period [sec]: 2.358649e+05 
(EqRotPer) Equilibrium Rotation Period [sec]: 2.358649e+05 
(EqTidePower) Equilibrium Power from Tides [/sec]: 0.000000 
(GammaRot) Gamma_Rotation [sec]: -1.000000 
(GammaOrb) Gamma_Orbital [sec]: -1.000000 
(OceanK2) Ocean's Love number k_2 []: 0.010000 
(EnvTidalQ) Envelope Tidal Q []: -1.000000 
(OceanTidalQ) Ocean Tidal Q []: -1.000000 
(TideLock) Tidally Locked? []: 0.000000 
(RotTimeEqtide) Timescale for Rotational Evolution in EqTide [sec]: 3.770376e-28 
(EnvK2) Envelope's Love number k_2 []: 0.010000 
(OblTimeEqtide) Timescale for Obliquity Evolution in EqTide []: -1.000000 
(PowerEqtide) Internal Power due to Tides in EqTide [kg*m^2/sec^3]: 8.793689e+12 
(SurfEnFluxEqtide) Surface Energy Flux due to Tides in EqTide [kg*m^2/sec^2/(m^2*sec)]: 7.092622e-05 
Tidal Perturbers: TGb, TGc
----- STELLAR PARAMETERS (TGstar)------
(Luminosity) Luminosity [LSUN]: 0.001423 
(LXUVStellar) Base X-ray/XUV Luminosity [kg*m^2/sec^3]: 2.842738e+18 
(Temperature) Effective Temperature [K]: 2969.131628 
(LXUVFrac) Fraction of luminosity in XUV []: 5.193661e-06 
(RossbyNumber) Rossby Number []: 0.014561 
(DRotPerDtStellar) Time Rate of Change of Rotation Period in STELLAR []: 2.525250e-12 
Output Order: Time[year] Radius[Rearth] RotPer[days] Luminosity[LSUN] TotEnergy[ergs] TotAngMom[kg*m^2/s]
Grid Output Order:

----- BODY: TGb ----
Active Modules: DistOrb DistRot EqTide
Module Bit Sum: 51
Color: 000000
(Mass) Mass [kg]: 1.373603e+25 
(Obliquity) Obliquity [rad]: 0.000218 
(PrecA) Body's precession angle [rad]: 3.921139 
(Xobl) Body's sin(obliquity)*cos(precession angle) []: -0.000155 
(Yobl) Body's sin(obliquity)*sin(precession angle) []: -0.000154 
(Zobl) Body's cos(obliquity) []: 1.000000 
(Radius) Radius [m]: 8.419092e+06 
(RadGyra) Radius of Gyration/Moment of Inertia Constant []: 0.400000 
(RotAngMom) Rotational Angular Momentum [kg*m^2/sec]: 4.149811e+33 
(RotKinEnergy) Body's Rotational Energy [kg*m^2/sec^2]: 5.527323e+28 
(RotVel) Rotational Velocity [m/sec]: 224.275517 
(BodyType) Type of Body (0 == planet) []: 0.000000 
(RotRate) Rotational Frequency [/sec]: 2.663892e-05 
(RotPer) Rotational Period [days]: 2.729917 
(Density) Average Density [kg/m^3]: 5495.115003 
(SurfEnFluxTotal) Total Surface Energy Flux [W/m^2]: 0.002050 
(TidalQ) Tidal Q []: 100.000000 
(ImK2) Im(k_2) []: -0.003000 
(K2) k_2 []: 0.300000 
(K2Man) Real Love Number k2 Mantle []: 0.010000 
(Imk2Man) Imaginary Love Number k2 Mantle []: 0.000000 
(TidalQMantle) Mantle's Tidal Q []: 100.000000 
(HEcc) Poincare's h (=e*sin(varpi) []: 0.000000 
(HZLimitDryRunaway) Semi-major axis of Dry Runaway HZ Limit [m]: 5.122390e+09 
(HZLimRecVenus) Recent Venus HZ Limit [m]: 4.609151e+09 
(HZLimRunaway) Runaway Greenhouse HZ Limit [m]: 6.066555e+09 
(HZLimMoistGreenhouse) Moist Greenhouse HZ Limit [m]: 6.098670e+09 
(HZLimMaxGreenhouse) Maximum Greenhouse HZ Limit [m]: 1.169672e+10 
(HZLimEarlyMars) Early Mars HZ Limit [m]: 1.275647e+10 
(Instellation) Orbit-averaged INcident STELLar radiATION [kg*m^2/sec^2/(m^2*sec)]: 5536.001073 
(KEcc) Poincare's k (=e*cos(varpi) []: 0.000000 
(Eccentricity) Orbital Eccentricity []: 0.000000 
(OrbEnergy) Body's Total Orbital Energy [kg*m^2/sec^2]: -3.834389e+34 
(MeanMotion) Orbital Mean Motion [/sec]: 2.663892e-05 
(OrbPeriod) Orbital Period [sec]: 2.358649e+05 
(SemiMajorAxis) Semi-major Axis [m]: 2.804973e+09 
(CriticalSemiMajorAxis) Holman & Wiegert (1999) P-type Critical Semi-major Axis [m]: -1.000000 
(COPP) Climate Obliquity Precession Parameter []: -0.000000 
(OrbAngMom) Orbital Angular Momentum [kg*m^2/sec]: 2.878787e+39 
(ArgP) Body's argument of pericenter [rad]: 0.799616 
(Inc) Body's Inclination [rad]: 0.010881 
(LongA) Body's Longitude of ascending node [rad]: 5.483569 
(MeanLongitude) Orbital Mean Longitude [rad]: 0.785398 
(LongP) Body's Longitude of pericenter [rad]: 0.000000 
(TotOrbEnergy) System's Total Orbital Energy [kg*m^2/sec^2]: -5.795898e+34 
(OrbPotEnergy) Body's Orbital Potential Energy [kg*m^2/sec^2]: -7.668779e+34 
(LostEnergy) Body's Total Lost Energy [kg*m^2/sec^2]: 1.840334e+29 
----- EQTIDE PARAMETERS (TGb)------
(TidalRadius) In EqTide, the value of the radius that enters the tidal evolution equations. This parameter is distinct from others, such as the radius of XUV absorption or a pressure level in an atmosphere. [m]: 8.419092e+06 
(DsemiDtEqtide) Total da/dt from EqTide [m/sec]: 2.318030e-13 
(DeccDtEqtide) Total de/dt from EqTide [/sec]: -0.000000 
(DMeanMotionDtEqtide) Total dMeanMotion/dt from EqTide [/sec^2]: -3.302161e-27 
(DOrbPerDtEqtide) Total dOrbPer/dt from EqTide []: 2.923782e-17 
(EccTimeEqtide) Timescale for Eccentricity Evolution (e/[de/dt]) in EqTide [sec]: 0.000000 
(SemiTimeEqtide) Timescale for Semi-major Axis Evolution (a/[da/dt]) in EqTide [sec]: 1.210067e+22 
(DHEccDtEqtide) Time Rate of Change of Poincare's h in EqTide [/sec]: -0.000000 
(DKEccDtEqtide) Time Rate of Change of Poincare's k in EqTide [/sec]: -0.000000 
(DXoblDtEqtide) Time Rate of Change of Laskar's X in EqTide [/sec]: 5.377240e-14 
(DYoblDtEqtide) Time Rate of Change of Laskar's Y in EqTide [/sec]: 5.314668e-14 
(DZoblDtEqtide) Time Rate of Change of Laskar's Z in EqTide [/sec]: 1.651859e-17 
(LockTime) Time when body tidally locked. [sec]: 5.345592e+09 
(BodyDsemiDtEqtide) In EqTide, the total change in semi-major axis is due to dissipation in both bodies. This output parameter returns the change due to current body. []: -1.000000 
(BodyDeccDt) In EqTide, the total change in eccentricity is due to towrues on both bodies. This output parameter returns the change due to current body. []: -1.000000 
(DOblDtEqtide) Time Rate of Change of Obliquity in EqTide [rad/sec]: -7.560450e-14 
(DRotPerDtEqtide) Time Rate of Change of Rotation Period in EqTide []: -4.925282e-299 
(DRotRateDtEqtide) Time Rate of Change of Rotational Frequency in EqTide [/sec^2]: 5.562685e-309 
(EqRotRateDiscrete) CPL2 Discrete Equilibrium Spin Rate [/sec]: 2.663892e-05 
(EqRotPerDiscrete) CPL2 Discrete Equilibrium Spin Period [sec]: 2.358649e+05 
(EqRotRateCont) CPL2 Continuous Equilibrium Spin Rate [/sec]: 2.663892e-05 
(EqRotPerCont) CPL2 Continuous Equilibrium Rotation Period [sec]: 2.358649e+05 
(EqRotPer) Equilibrium Rotation Period [sec]: 2.358649e+05 
(EqTidePower) Equilibrium Power from Tides [/sec]: 0.000000 
(GammaRot) Gamma_Rotation [sec]: -1.000000 
(GammaOrb) Gamma_Orbital [sec]: -1.000000 
(OceanK2) Ocean's Love number k_2 []: 0.010000 
(EnvTidalQ) Envelope Tidal Q []: -1.000000 
(OceanTidalQ) Ocean Tidal Q []: -1.000000 
(TideLock) Tidally Locked? []: 1.000000 
(RotTimeEqtide) Timescale for Rotational Evolution in EqTide [sec]: 4.788860e+303 
(EnvK2) Envelope's Love number k_2 []: 0.010000 
(OblTimeEqtide) Timescale for Obliquity Evolution in EqTide []: -1.000000 
(PowerEqtide) Internal Power due to Tides in EqTide [kg*m^2/sec^3]: 1.826069e+12 
(SurfEnFluxEqtide) Surface Energy Flux due to Tides in EqTide [kg*m^2/sec^2/(m^2*sec)]: 0.002050 
Tidal Perturbers: TGstar
----- DISTORB PARAMETERS (TGb)------
(Sinc) Body's sin(Inc/2) in DistOrb []: 0.005441 
(Pinc) Body's Poincare p in DistOrb []: -0.003901 
(Qinc) Body's Poincare q in DistOrb []: 0.003792 
(DIncDtDistOrb) Body's inclination derivative in DistOrb [rad/sec]: 1.577378e-17 
(DSincDtDistOrb) Body's sin(Inc/2) derivative in DistOrb [/sec]: 7.886773e-18 
(DLongADtDistOrb) Body's longitude of ascending node derivative in DistOrb [rad/sec]: -3.462999e-10 
(DLongPDtDistOrb) Body's longitude of pericenter derivative in DistOrb [rad/sec]: -nan 
(DHeccDtDistOrb) Body's Poincare h derivative in DistOrb [/sec]: 0.000000 
(DKeccDtDistOrb) Body's Poincare k in DistOrb [/sec]: 0.000000 
(DPincDtDistOrb) Body's Poincare p in DistOrb [/sec]: -1.313166e-12 
(DQincDtDistOrb) Body's Poincare q in DistOrb [/sec]: -1.351037e-12 
-----DISTROT PARAMETERS (TGb)------
(CassiniOne) First Cassini parameter (misalignment of Cassini state vectors) []: 0.020064 
(CassiniTwo) Second Cassini parameter (alignment of Cassini state vectors []: -0.999799 
(DOblDtDistRot) Body's dobl/dt in DistRot [rad]: 7.560450e-14 
(DPrecADtDistRot) Body's dpA/dt in DistRot [rad/sec]: 3.462933e-10 
(DXoblDtDistRot) Body's dXobl/dt in DistRot [/sec]: -5.863236e-16 
(DYoblDtDistRot) Body's dYobl/dt in DistRot [/sec]: -1.069589e-13 
(DZoblDtDistRot) Body's dZobl/dt in DistRot [/sec]: -1.651859e-17 
(OblTimeDistRot) Obliquity timescale in DistRot [rad]: 4.155298e+13 
(PrecATimeDistRot) Axial precession timescale in DistRot [sec]: 1.814411e+10 
(XoblTimeDistRot) Xobl timescale in DistRot [/sec]: 1.705543e+15 
(YoblTimeDistRot) Yobl timescale in DistRot [/sec]: 9.349382e+12 
(ZoblTimeDistRot) Zobl timescale in DistRot [/sec]: 6.053785e+16 
(DynEllip) dynamical ellipticity of planet []: 0.000440 
(PrecFNat) natural precession freq of planet [rad/sec]: 1.758904e-08 
Output Order: Time[year] RotPer[days] LongP[deg] SemiMajorAxis[au] Eccentricity[] SurfEnFluxTotal[W/m^2] Obliquity[deg] PrecA[deg] CassiniOne[deg] CassiniTwo[deg] PrecFNat[deg/year] DynEllip[] DeltaTime[year] Inc[deg]
Grid Output Order:

----- BODY: TGc ----
Active Modules: DistOrb DistRot EqTide
Module Bit Sum: 51
Color: 000000
(Mass) Mass [kg]: 1.493046e+25 
(Obliquity) Obliquity [rad]: 0.008587 
(PrecA) Body's precession angle [rad]: 0.433422 
(Xobl) Body's sin(obliquity)*cos(precession angle) []: 0.007793 
(Yobl) Body's sin(obliquity)*sin(precession angle) []: 0.003606 
(Zobl) Body's cos(obliquity) []: 0.999963 
(Radius) Radius [m]: 8.718863e+06 
(RadGyra) Radius of Gyration/Moment of Inertia Constant []: 0.400000 
(RotAngMom) Rotational Angular Momentum [kg*m^2/sec]: 1.561900e+33 
(RotKinEnergy) Body's Rotational Energy [kg*m^2/sec^2]: 6.716819e+27 
(RotVel) Rotational Velocity [m/sec]: 74.989450 
(BodyType) Type of Body (0 == planet) []: 0.000000 
(RotRate) Rotational Frequency [/sec]: 8.600829e-06 
(RotPer) Rotational Period [days]: 8.455237 
(Density) Average Density [kg/m^3]: 5377.806954 
(SurfEnFluxTotal) Total Surface Energy Flux [W/m^2]: 0.102823 
(TidalQ) Tidal Q []: 12.000000 
(ImK2) Im(k_2) []: -0.025000 
(K2) k_2 []: 0.300000 
(K2Man) Real Love Number k2 Mantle []: 0.010000 
(Imk2Man) Imaginary Love Number k2 Mantle []: 0.000000 
(TidalQMantle) Mantle's Tidal Q []: 100.000000 
(HEcc) Poincare's h (=e*sin(varpi) []: 0.000000 
(HZLimitDryRunaway) Semi-major axis of Dry Runaway HZ Limit [m]: 5.122390e+09 
(HZLimRecVenus) Recent Venus HZ Limit [m]: 4.609151e+09 
(HZLimRunaway) Runaway Greenhouse HZ Limit [m]: 6.066555e+09 
(HZLimMoistGreenhouse) Moist Greenhouse HZ Limit [m]: 6.098670e+09 
(HZLimMaxGreenhouse) Maximum Greenhouse HZ Limit [m]: 1.169672e+10 
(HZLimEarlyMars) Early Mars HZ Limit [m]: 1.275647e+10 
(Instellation) Orbit-averaged INcident STELLar radiATION [kg*m^2/sec^2/(m^2*sec)]: 1226.195308 
(KEcc) Poincare's k (=e*cos(varpi) []: 0.000000 
(Eccentricity) Orbital Eccentricity []: 0.000000 
(OrbEnergy) Body's Total Orbital Energy [kg*m^2/sec^2]: -1.961508e+34 
(MeanMotion) Orbital Mean Motion [/sec]: 8.600829e-06 
(OrbPeriod) Orbital Period [sec]: 7.305325e+05 
(SemiMajorAxis) Semi-major Axis [m]: 5.960009e+09 
(CriticalSemiMajorAxis) Holman & Wiegert (1999) P-type Critical Semi-major Axis [m]: -1.000000 
(COPP) Climate Obliquity Precession Parameter []: 0.000000 
(OrbAngMom) Orbital Angular Momentum [kg*m^2/sec]: 4.561207e+39 
(ArgP) Body's argument of pericenter [rad]: 3.941198 
(Inc) Body's Inclination [rad]: 0.006868 
(LongA) Body's Longitude of ascending node [rad]: 2.341988 
(MeanLongitude) Orbital Mean Longitude [rad]: 3.926991 
(LongP) Body's Longitude of pericenter [rad]: 0.000000 
(TotOrbEnergy) System's Total Orbital Energy [kg*m^2/sec^2]: -5.795898e+34 
(OrbPotEnergy) Body's Orbital Potential Energy [kg*m^2/sec^2]: -3.923016e+34 
(LostEnergy) Body's Total Lost Energy [kg*m^2/sec^2]: 3.765551e+29 
----- EQTIDE PARAMETERS (TGc)------
(TidalRadius) In EqTide, the value of the radius that enters the tidal evolution equations. This parameter is distinct from others, such as the radius of XUV absorption or a pressure level in an atmosphere. [m]: 8.718863e+06 
(DsemiDtEqtide) Total da/dt from EqTide [m/sec]: -2.983912e-11 
(DeccDtEqtide) Total de/dt from EqTide [/sec]: -0.000000 
(DMeanMotionDtEqtide) Total dMeanMotion/dt from EqTide [/sec^2]: 6.459082e-26 
(DOrbPerDtEqtide) Total dOrbPer/dt from EqTide []: -5.486179e-15 
(EccTimeEqtide) Timescale for Eccentricity Evolution (e/[de/dt]) in EqTide [sec]: 0.000000 
(SemiTimeEqtide) Timescale for Semi-major Axis Evolution (a/[da/dt]) in EqTide [sec]: 1.997380e+20 
(DHEccDtEqtide) Time Rate of Change of Poincare's h in EqTide [/sec]: -0.000000 
(DKEccDtEqtide) Time Rate of Change of Poincare's k in EqTide [/sec]: -0.000000 
(DXoblDtEqtide) Time Rate of Change of Laskar's X in EqTide [/sec]: -7.727694e-13 
(DYoblDtEqtide) Time Rate of Change of Laskar's Y in EqTide [/sec]: -3.576144e-13 
(DZoblDtEqtide) Time Rate of Change of Laskar's Z in EqTide [/sec]: 7.311852e-15 
(LockTime) Time when body tidally locked. [sec]: 7.676744e+10 
(BodyDsemiDtEqtide) In EqTide, the total change in semi-major axis is due to dissipation in both bodies. This output parameter returns the change due to current body. []: -1.000000 
(BodyDeccDt) In EqTide, the total change in eccentricity is due to towrues on both bodies. This output parameter returns the change due to current body. []: -1.000000 
(DOblDtEqtide) Time Rate of Change of Obliquity in EqTide [rad/sec]: -8.515363e-13 
(DRotPerDtEqtide) Time Rate of Change of Rotation Period in EqTide []: -4.724802e-298 
(DRotRateDtEqtide) Time Rate of Change of Rotational Frequency in EqTide [/sec^2]: 5.562685e-309 
(EqRotRateDiscrete) CPL2 Discrete Equilibrium Spin Rate [/sec]: 8.600829e-06 
(EqRotPerDiscrete) CPL2 Discrete Equilibrium Spin Period [sec]: 7.305325e+05 
(EqRotRateCont) CPL2 Continuous Equilibrium Spin Rate [/sec]: 8.600829e-06 
(EqRotPerCont) CPL2 Continuous Equilibrium Rotation Period [sec]: 7.305325e+05 
(EqRotPer) Equilibrium Rotation Period [sec]: 7.305325e+05 
(EqTidePower) Equilibrium Power from Tides [/sec]: 0.000000 
(GammaRot) Gamma_Rotation [sec]: -1.000000 
(GammaOrb) Gamma_Orbital [sec]: -1.000000 
(OceanK2) Ocean's Love number k_2 []: 0.010000 
(EnvTidalQ) Envelope Tidal Q []: -1.000000 
(OceanTidalQ) Ocean Tidal Q []: -1.000000 
(TideLock) Tidally Locked? []: 1.000000 
(RotTimeEqtide) Timescale for Rotational Evolution in EqTide [sec]: 1.546165e+303 
(EnvK2) Envelope's Love number k_2 []: 0.010000 
(OblTimeEqtide) Timescale for Obliquity Evolution in EqTide []: -1.000000 
(PowerEqtide) Internal Power due to Tides in EqTide [kg*m^2/sec^3]: 9.822474e+13 
(SurfEnFluxEqtide) Surface Energy Flux due to Tides in EqTide [kg*m^2/sec^2/(m^2*sec)]: 0.102823 
Tidal Perturbers: TGstar
----- DISTORB PARAMETERS (TGc)------
(Sinc) Body's sin(Inc/2) in DistOrb []: 0.003434 
(Pinc) Body's Poincare p in DistOrb []: 0.002462 
(Qinc) Body's Poincare q in DistOrb []: -0.002393 
(DIncDtDistOrb) Body's inclination derivative in DistOrb [rad/sec]: -1.577301e-17 
(DSincDtDistOrb) Body's sin(Inc/2) derivative in DistOrb [/sec]: -7.886456e-18 
(DLongADtDistOrb) Body's longitude of ascending node derivative in DistOrb [rad/sec]: -3.462829e-10 
(DLongPDtDistOrb) Body's longitude of pericenter derivative in DistOrb [rad/sec]: -nan 
(DHeccDtDistOrb) Body's Poincare h derivative in DistOrb [/sec]: 0.000000 
(DKeccDtDistOrb) Body's Poincare k in DistOrb [/sec]: 0.000000 
(DPincDtDistOrb) Body's Poincare p in DistOrb [/sec]: 8.287879e-13 
(DQincDtDistOrb) Body's Poincare q in DistOrb [/sec]: 8.526894e-13 
-----DISTROT PARAMETERS (TGc)------
(CassiniOne) First Cassini parameter (misalignment of Cassini state vectors) []: 0.358060 
(CassiniTwo) Second Cassini parameter (alignment of Cassini state vectors []: -0.933699 
(DOblDtDistRot) Body's dobl/dt in DistRot [rad]: 8.515363e-13 
(DPrecADtDistRot) Body's dpA/dt in DistRot [rad/sec]: 3.462933e-10 
(DXoblDtDistRot) Body's dXobl/dt in DistRot [/sec]: -4.760402e-13 
(DYoblDtDistRot) Body's dYobl/dt in DistRot [/sec]: 3.056168e-12 
(DZoblDtDistRot) Body's dZobl/dt in DistRot [/sec]: -7.311852e-15 
(OblTimeDistRot) Obliquity timescale in DistRot [rad]: 3.689323e+12 
(PrecATimeDistRot) Axial precession timescale in DistRot [sec]: 1.814411e+10 
(XoblTimeDistRot) Xobl timescale in DistRot [/sec]: 2.100663e+12 
(YoblTimeDistRot) Yobl timescale in DistRot [/sec]: 3.272071e+11 
(ZoblTimeDistRot) Zobl timescale in DistRot [/sec]: 1.367643e+14 
(DynEllip) dynamical ellipticity of planet []: 4.688984e-05 
(PrecFNat) natural precession freq of planet [rad/sec]: 6.048764e-10 
Output Order: Time[year] RotPer[days] LongP[deg] SemiMajorAxis[au] Eccentricity[] SurfEnFluxTotal[W/m^2] Obliquity[deg] PrecA[deg] CassiniOne[deg] CassiniTwo[deg] PrecFNat[deg/year] DynEllip[] DeltaTime[year] Inc[deg]
Grid Output Order:
