-------- Log file TGard.log -------

Executable: vplanet
Version: v2.3.17-2-g2edeec679544660dc326252124ac1c33911d6c01
System Name: TGard
Primary Input File: vpl.in
Body File #1: TGstar.in
Body File #2: TGb.in
Body File #3: TGc.in
Allow files to be overwitten: Yes
Mass Units: Grams
Length Units: Meters
Time Units: Seconds
Angle Units: Radians

------- FORMATTING -----
Verbosity Level: 0
Crossover Decade for Scientific Notation: 4
Number of Digits After Decimal: 6
Integration Method: Runge-Kutta4
Direction: Forward
Time Step: 3.155760e+07
Stop Time: 3.155760e+11
Output Interval: 3.155760e+09
Use Variable Timestep: Yes
dEta: 0.001000
Minimum Value of ecc and obl: 1.000000e-10


---- INITIAL SYSTEM PROPERTIES ----
(Age) System Age [sec]: 3.155760e+13 
(Time) Simulation Time [sec]: 0.000000 
(TotAngMom) Total Angular Momentum [kg*m^2/s]: 1.239496e+40 
(TotEnergy) Total System Energy [ergs]: -1.657600e+39 
(PotEnergy) Body's non-orbital Potential Energy [kg*m^2/sec^2]: -1.657567e+39 
(KinEnergy) Body's non-orbital Kinetic Energy [kg*m^2/sec^2]: 1.389414e+33 
(DeltaTime) Average Timestep Over Last Output Interval [sec]: 0.000000 

----- BODY: TGstar ----
Active Modules: EqTide STELLAR
Module Bit Sum: 67
Color: 000000
(Mass) Mass [kg]: 1.590733e+29 
(Obliquity) Obliquity [rad]: 0.000000 
(PrecA) Body's precession angle [rad]: 0.000000 
(Xobl) Body's sin(obliquity)*cos(precession angle) []: 0.000000 
(Yobl) Body's sin(obliquity)*sin(precession angle) []: 0.000000 
(Zobl) Body's cos(obliquity) []: 1.000000 
(Radius) Radius [Rearth]: 95.849006 
(RadGyra) Radius of Gyration/Moment of Inertia Constant []: 0.445942 
(RotAngMom) Rotational Angular Momentum [kg*m^2/sec]: 5.731743e+39 
(RotKinEnergy) Body's Rotational Energy [kg*m^2/sec^2]: 1.389414e+33 
(RotVel) Rotational Velocity [m/sec]: 296.383353 
(BodyType) Type of Body (0 == planet) []: 0.000000 
(RotRate) Rotational Frequency [/sec]: 4.848137e-07 
(RotPer) Rotational Period [days]: 150.000000 
(Density) Average Density [kg/m^3]: 166.215610 
(SurfEnFluxTotal) Total Surface Energy Flux [kg*m^2/sec^2/(m^2*sec)]: 0.000829 
(TidalQ) Tidal Q []: 1.000000e+06 
(ImK2) Im(k_2) []: -5.000000e-07 
(K2) k_2 []: 0.500000 
(K2Man) Real Love Number k2 Mantle []: 0.010000 
(Imk2Man) Imaginary Love Number k2 Mantle []: 0.000000 
(TidalQMantle) Mantle's Tidal Q []: 100.000000 
(HEcc) Poincare's h (=e*sin(varpi) []: 0.000000 
(HZLimitDryRunaway) Semi-major axis of Dry Runaway HZ Limit [m]: 3.002086e+10 
(HZLimRecVenus) Recent Venus HZ Limit [m]: 2.704556e+10 
(HZLimRunaway) Runaway Greenhouse HZ Limit [m]: 3.557903e+10 
(HZLimMoistGreenhouse) Moist Greenhouse HZ Limit [m]: 3.578576e+10 
(HZLimMaxGreenhouse) Maximum Greenhouse HZ Limit [m]: 6.881980e+10 
(HZLimEarlyMars) Early Mars HZ Limit [m]: 7.505521e+10 
(Instellation) Orbit-averaged INcident STELLar radiATION [kg*m^2/sec^2/(m^2*sec)]: -1.000000 
(KEcc) Poincare's k (=e*cos(varpi) []: 0.000000 
(Eccentricity) Orbital Eccentricity []: -1.000000 
(OrbEnergy) Body's Total Orbital Energy [kg*m^2/sec^2]: 0.000000 
(MeanMotion) Orbital Mean Motion [/sec]: -1.000000 
(OrbPeriod) Orbital Period [sec]: -1.000000 
(SemiMajorAxis) Semi-major Axis [m]: -1.000000 
(CriticalSemiMajorAxis) Holman & Wiegert (1999) P-type Critical Semi-major Axis [m]: -1.000000 
(COPP) Climate Obliquity Precession Parameter []: 0.000000 
(OrbAngMom) Orbital Angular Momentum [kg*m^2/sec]: 0.000000 
(LongP) Body's Longitude of pericenter [rad]: 0.000000 
(LXUVTot) Total XUV Luminosity [kg*m^2/sec^2/(m^2*sec)]: 1.880028e+22 
(TotOrbEnergy) System's Total Orbital Energy [kg*m^2/sec^2]: -3.157803e+34 
(OrbPotEnergy) Body's Orbital Potential Energy [kg*m^2/sec^2]: -1.000000 
(LostEnergy) Body's Total Lost Energy [kg*m^2/sec^2]: 5.562685e-309 
(LostAngMom) Lost Angular Momentum due to Magnetic Braking [kg*m^2/sec]: 5.562685e-309 
----- EQTIDE PARAMETERS (TGstar)------
(LockTime) Time when body tidally locked. [sec]: -1.000000 
(BodyDsemiDtEqtide) In EqTide, the total change in semi-major axis is due to dissipation in both bodies. This output parameter returns the change due to current body. []: -1.000000 
(BodyDeccDt) In EqTide, the total change in eccentricity is due to towrues on both bodies. This output parameter returns the change due to current body. []: -1.000000 
(DOblDtEqtide) Time Rate of Change of Obliquity in EqTide [rad/sec]: 0.000000 
(DRotPerDtEqtide) Time Rate of Change of Rotation Period in EqTide []: -6.644147e-13 
(DRotRateDtEqtide) Time Rate of Change of Rotational Frequency in EqTide [/sec^2]: 2.485473e-26 
(EqRotRateDiscrete) CPL2 Discrete Equilibrium Spin Rate [/sec]: 1.407767e-05 
(EqRotPerDiscrete) CPL2 Discrete Equilibrium Spin Period [sec]: 4.463229e+05 
(EqRotRateCont) CPL2 Continuous Equilibrium Spin Rate [/sec]: 1.407767e-05 
(EqRotPerCont) CPL2 Continuous Equilibrium Rotation Period [sec]: 4.463229e+05 
(EqRotPer) Equilibrium Rotation Period [sec]: 4.463229e+05 
(EqTidePower) Equilibrium Power from Tides [/sec]: 0.000000 
(GammaRot) Gamma_Rotation [sec]: -1.000000 
(GammaOrb) Gamma_Orbital [sec]: -1.000000 
(OceanK2) Ocean's Love number k_2 []: 0.010000 
(EnvTidalQ) Envelope Tidal Q []: -1.000000 
(OceanTidalQ) Ocean Tidal Q []: -1.000000 
(TideLock) Tidally Locked? []: 0.000000 
(RotTimeEqtide) Timescale for Rotational Evolution in EqTide [sec]: 2.376376e-26 
(EnvK2) Envelope's Love number k_2 []: 0.010000 
(OblTimeEqtide) Timescale for Obliquity Evolution in EqTide []: -1.000000 
(PowerEqtide) Internal Power due to Tides in EqTide [kg*m^2/sec^3]: 3.893258e+15 
(SurfEnFluxEqtide) Surface Energy Flux due to Tides in EqTide [kg*m^2/sec^2/(m^2*sec)]: 0.000829 
Tidal Perturbers: TGb, TGc
----- STELLAR PARAMETERS (TGstar)------
(Luminosity) Luminosity [LSUN]: 0.048883 
(LXUVStellar) Base X-ray/XUV Luminosity [kg*m^2/sec^3]: 1.880028e+22 
(Temperature) Effective Temperature [K]: 2897.423645 
(LXUVFrac) Fraction of luminosity in XUV []: 0.001000 
(RossbyNumber) Rossby Number []: 2.105193 
(DRotPerDtStellar) Time Rate of Change of Rotation Period in STELLAR []: -2.680275e-08 
Output Order: Time[year] Radius[Rearth] RotPer[days] Luminosity[LSUN] TotEnergy[ergs] TotAngMom[kg*m^2/s]
Grid Output Order:

----- BODY: TGb ----
Active Modules: DistOrb DistRot EqTide
Module Bit Sum: 51
Color: 000000
(Mass) Mass [kg]: 1.373603e+25 
(Obliquity) Obliquity [rad]: 1.675516 
(PrecA) Body's precession angle [rad]: 2.076942 
(Xobl) Body's sin(obliquity)*cos(precession angle) []: -0.482154 
(Yobl) Body's sin(obliquity)*sin(precession angle) []: 0.869828 
(Zobl) Body's cos(obliquity) []: -0.104528 
(Radius) Radius [m]: 7.653720e+06 
(RadGyra) Radius of Gyration/Moment of Inertia Constant []: 0.400000 
(RotAngMom) Rotational Angular Momentum [kg*m^2/sec]: 9.362512e+33 
(RotKinEnergy) Body's Rotational Energy [kg*m^2/sec^2]: 3.404306e+29 
(RotVel) Rotational Velocity [m/sec]: 556.594225 
(BodyType) Type of Body (0 == planet) []: 0.000000 
(RotRate) Rotational Frequency [/sec]: 7.272205e-05 
(RotPer) Rotational Period [days]: 1.000000 
(Density) Average Density [kg/m^3]: 7313.998069 
(SurfEnFluxTotal) Total Surface Energy Flux [W/m^2]: 5539.747680 
(TidalQ) Tidal Q []: 100.000000 
(ImK2) Im(k_2) []: -0.003000 
(K2) k_2 []: 0.300000 
(K2Man) Real Love Number k2 Mantle []: 0.010000 
(Imk2Man) Imaginary Love Number k2 Mantle []: 0.000000 
(TidalQMantle) Mantle's Tidal Q []: 100.000000 
(HEcc) Poincare's h (=e*sin(varpi) []: 0.000000 
(HZLimitDryRunaway) Semi-major axis of Dry Runaway HZ Limit [m]: 3.002086e+10 
(HZLimRecVenus) Recent Venus HZ Limit [m]: 2.704556e+10 
(HZLimRunaway) Runaway Greenhouse HZ Limit [m]: 3.557903e+10 
(HZLimMoistGreenhouse) Moist Greenhouse HZ Limit [m]: 3.578576e+10 
(HZLimMaxGreenhouse) Maximum Greenhouse HZ Limit [m]: 6.881980e+10 
(HZLimEarlyMars) Early Mars HZ Limit [m]: 7.505521e+10 
(Instellation) Orbit-averaged INcident STELLar radiATION [kg*m^2/sec^2/(m^2*sec)]: 1.052695e+05 
(KEcc) Poincare's k (=e*cos(varpi) []: 0.000000 
(Eccentricity) Orbital Eccentricity []: 0.000000 
(OrbEnergy) Body's Total Orbital Energy [kg*m^2/sec^2]: -1.934224e+34 
(MeanMotion) Orbital Mean Motion [/sec]: 1.407767e-05 
(OrbPeriod) Orbital Period [sec]: 4.463229e+05 
(SemiMajorAxis) Semi-major Axis [m]: 3.769866e+09 
(CriticalSemiMajorAxis) Holman & Wiegert (1999) P-type Critical Semi-major Axis [m]: -1.000000 
(COPP) Climate Obliquity Precession Parameter []: 0.000000 
(OrbAngMom) Orbital Angular Momentum [kg*m^2/sec]: 2.747933e+39 
(ArgP) Body's argument of pericenter [rad]: 1.531943 
(Inc) Body's Inclination [rad]: 0.003901 
(LongA) Body's Longitude of ascending node [rad]: 4.751243 
(MeanLongitude) Orbital Mean Longitude [rad]: 0.785398 
(LongP) Body's Longitude of pericenter [rad]: 0.000000 
(TotOrbEnergy) System's Total Orbital Energy [kg*m^2/sec^2]: -3.157803e+34 
(OrbPotEnergy) Body's Orbital Potential Energy [kg*m^2/sec^2]: -3.868449e+34 
(LostEnergy) Body's Total Lost Energy [kg*m^2/sec^2]: 5.562685e-309 
----- EQTIDE PARAMETERS (TGb)------
(TidalRadius) In EqTide, the value of the radius that enters the tidal evolution equations. This parameter is distinct from others, such as the radius of XUV absorption or a pressure level in an atmosphere. [m]: 7.653720e+06 
(DsemiDtEqtide) Total da/dt from EqTide [m/sec]: 1.900247e-07 
(DeccDtEqtide) Total de/dt from EqTide [/sec]: 0.000000 
(DMeanMotionDtEqtide) Total dMeanMotion/dt from EqTide [/sec^2]: -1.064403e-21 
(DOrbPerDtEqtide) Total dOrbPer/dt from EqTide []: 3.374618e-11 
(EccTimeEqtide) Timescale for Eccentricity Evolution (e/[de/dt]) in EqTide [sec]: 0.000000 
(SemiTimeEqtide) Timescale for Semi-major Axis Evolution (a/[da/dt]) in EqTide [sec]: 1.983882e+16 
(DHEccDtEqtide) Time Rate of Change of Poincare's h in EqTide [/sec]: 0.000000 
(DKEccDtEqtide) Time Rate of Change of Poincare's k in EqTide [/sec]: 0.000000 
(DXoblDtEqtide) Time Rate of Change of Laskar's X in EqTide [/sec]: 1.871608e-13 
(DYoblDtEqtide) Time Rate of Change of Laskar's Y in EqTide [/sec]: -3.376469e-13 
(DZoblDtEqtide) Time Rate of Change of Laskar's Z in EqTide [/sec]: -3.673021e-12 
(LockTime) Time when body tidally locked. [sec]: -1.000000 
(BodyDsemiDtEqtide) In EqTide, the total change in semi-major axis is due to dissipation in both bodies. This output parameter returns the change due to current body. []: -1.000000 
(BodyDeccDt) In EqTide, the total change in eccentricity is due to towrues on both bodies. This output parameter returns the change due to current body. []: -1.000000 
(DOblDtEqtide) Time Rate of Change of Obliquity in EqTide [rad/sec]: 3.693253e-12 
(DRotPerDtEqtide) Time Rate of Change of Rotation Period in EqTide []: 6.417116e-07 
(DRotRateDtEqtide) Time Rate of Change of Rotational Frequency in EqTide [/sec^2]: -5.401225e-16 
(EqRotRateDiscrete) CPL2 Discrete Equilibrium Spin Rate [/sec]: 1.407767e-05 
(EqRotPerDiscrete) CPL2 Discrete Equilibrium Spin Period [sec]: 4.463229e+05 
(EqRotRateCont) CPL2 Continuous Equilibrium Spin Rate [/sec]: 1.407767e-05 
(EqRotPerCont) CPL2 Continuous Equilibrium Rotation Period [sec]: 4.463229e+05 
(EqRotPer) Equilibrium Rotation Period [sec]: 4.463229e+05 
(EqTidePower) Equilibrium Power from Tides [/sec]: 0.000000 
(GammaRot) Gamma_Rotation [sec]: -1.000000 
(GammaOrb) Gamma_Orbital [sec]: -1.000000 
(OceanK2) Ocean's Love number k_2 []: 0.010000 
(EnvTidalQ) Envelope Tidal Q []: -1.000000 
(OceanTidalQ) Ocean Tidal Q []: -1.000000 
(TideLock) Tidally Locked? []: 0.000000 
(RotTimeEqtide) Timescale for Rotational Evolution in EqTide [sec]: 1.346399e+11 
(EnvK2) Envelope's Love number k_2 []: 0.010000 
(OblTimeEqtide) Timescale for Obliquity Evolution in EqTide []: -1.000000 
(PowerEqtide) Internal Power due to Tides in EqTide [kg*m^2/sec^3]: 4.077979e+18 
(SurfEnFluxEqtide) Surface Energy Flux due to Tides in EqTide [kg*m^2/sec^2/(m^2*sec)]: 5539.747680 
Tidal Perturbers: TGstar
----- DISTORB PARAMETERS (TGb)------
(Sinc) Body's sin(Inc/2) in DistOrb []: 0.001950 
(Pinc) Body's Poincare p in DistOrb []: -0.001949 
(Qinc) Body's Poincare q in DistOrb []: 7.576324e-05 
(DIncDtDistOrb) Body's inclination derivative in DistOrb [rad/sec]: 6.470775e-17 
(DSincDtDistOrb) Body's sin(Inc/2) derivative in DistOrb [/sec]: 3.235381e-17 
(DLongADtDistOrb) Body's longitude of ascending node derivative in DistOrb [rad/sec]: -7.263479e-10 
(DLongPDtDistOrb) Body's longitude of pericenter derivative in DistOrb [rad/sec]: nan 
(DHeccDtDistOrb) Body's Poincare h derivative in DistOrb [/sec]: 0.000000 
(DKeccDtDistOrb) Body's Poincare k in DistOrb [/sec]: 0.000000 
(DPincDtDistOrb) Body's Poincare p in DistOrb [/sec]: -5.506280e-14 
(DQincDtDistOrb) Body's Poincare q in DistOrb [/sec]: -1.415634e-12 
-----DISTROT PARAMETERS (TGb)------
(CassiniOne) First Cassini parameter (misalignment of Cassini state vectors) []: 0.518437 
(CassiniTwo) Second Cassini parameter (alignment of Cassini state vectors []: 0.855116 
(DOblDtDistRot) Body's dobl/dt in DistRot [rad]: 1.436842e-12 
(DPrecADtDistRot) Body's dpA/dt in DistRot [rad/sec]: -1.052827e-09 
(DXoblDtDistRot) Body's dXobl/dt in DistRot [/sec]: 9.157041e-10 
(DYoblDtDistRot) Body's dYobl/dt in DistRot [/sec]: 5.077586e-10 
(DZoblDtDistRot) Body's dZobl/dt in DistRot [/sec]: -1.460895e-12 
(OblTimeDistRot) Obliquity timescale in DistRot [rad]: 2.186457e+12 
(PrecATimeDistRot) Axial precession timescale in DistRot [sec]: 5.967921e+09 
(XoblTimeDistRot) Xobl timescale in DistRot [/sec]: 1.092056e+09 
(YoblTimeDistRot) Yobl timescale in DistRot [/sec]: 1.969440e+09 
(ZoblTimeDistRot) Zobl timescale in DistRot [/sec]: 6.845121e+11 
(DynEllip) dynamical ellipticity of planet []: 0.002465 
(PrecFNat) natural precession freq of planet [rad/sec]: -1.053087e-09 
Output Order: Time[year] RotPer[days] LongP[deg] SemiMajorAxis[au] Eccentricity[] SurfEnFluxTotal[W/m^2] Obliquity[deg] PrecA[deg] CassiniOne[deg] CassiniTwo[deg] PrecFNat[deg/year] DynEllip[] DeltaTime[year]
Grid Output Order:

----- BODY: TGc ----
Active Modules: DistOrb DistRot EqTide
Module Bit Sum: 51
Color: 000000
(Mass) Mass [kg]: 1.493046e+25 
(Obliquity) Obliquity [rad]: 1.413717 
(PrecA) Body's precession angle [rad]: 3.595378 
(Xobl) Body's sin(obliquity)*cos(precession angle) []: -0.887728 
(Yobl) Body's sin(obliquity)*sin(precession angle) []: -0.432974 
(Zobl) Body's cos(obliquity) []: 0.156434 
(Radius) Radius [m]: 9.567150e+06 
(RadGyra) Radius of Gyration/Moment of Inertia Constant []: 0.400000 
(RotAngMom) Rotational Angular Momentum [kg*m^2/sec]: 1.590101e+34 
(RotKinEnergy) Body's Rotational Energy [kg*m^2/sec^2]: 5.781769e+29 
(RotVel) Rotational Velocity [m/sec]: 695.742781 
(BodyType) Type of Body (0 == planet) []: 0.000000 
(RotRate) Rotational Frequency [/sec]: 7.272205e-05 
(RotPer) Rotational Period [days]: 1.000000 
(Density) Average Density [kg/m^3]: 4070.398925 
(SurfEnFluxTotal) Total Surface Energy Flux [W/m^2]: 3971.232261 
(TidalQ) Tidal Q []: 12.000000 
(ImK2) Im(k_2) []: -0.025000 
(K2) k_2 []: 0.300000 
(K2Man) Real Love Number k2 Mantle []: 0.010000 
(Imk2Man) Imaginary Love Number k2 Mantle []: 0.000000 
(TidalQMantle) Mantle's Tidal Q []: 100.000000 
(HEcc) Poincare's h (=e*sin(varpi) []: 0.000000 
(HZLimitDryRunaway) Semi-major axis of Dry Runaway HZ Limit [m]: 3.002086e+10 
(HZLimRecVenus) Recent Venus HZ Limit [m]: 2.704556e+10 
(HZLimRunaway) Runaway Greenhouse HZ Limit [m]: 3.557903e+10 
(HZLimMoistGreenhouse) Moist Greenhouse HZ Limit [m]: 3.578576e+10 
(HZLimMaxGreenhouse) Maximum Greenhouse HZ Limit [m]: 6.881980e+10 
(HZLimEarlyMars) Early Mars HZ Limit [m]: 7.505521e+10 
(Instellation) Orbit-averaged INcident STELLar radiATION [kg*m^2/sec^2/(m^2*sec)]: 3.565560e+04 
(KEcc) Poincare's k (=e*cos(varpi) []: 0.000000 
(Eccentricity) Orbital Eccentricity []: 0.000000 
(OrbEnergy) Body's Total Orbital Energy [kg*m^2/sec^2]: -1.223578e+34 
(MeanMotion) Orbital Mean Motion [/sec]: 6.250306e-06 
(OrbPeriod) Orbital Period [sec]: 1.005261e+06 
(SemiMajorAxis) Semi-major Axis [m]: 6.477588e+09 
(CriticalSemiMajorAxis) Holman & Wiegert (1999) P-type Critical Semi-major Axis [m]: -1.000000 
(COPP) Climate Obliquity Precession Parameter []: -0.000000 
(OrbAngMom) Orbital Angular Momentum [kg*m^2/sec]: 3.915258e+39 
(ArgP) Body's argument of pericenter [rad]: 4.673480 
(Inc) Body's Inclination [rad]: 0.002738 
(LongA) Body's Longitude of ascending node [rad]: 1.609705 
(MeanLongitude) Orbital Mean Longitude [rad]: 0.000000 
(LongP) Body's Longitude of pericenter [rad]: 0.000000 
(TotOrbEnergy) System's Total Orbital Energy [kg*m^2/sec^2]: -3.157803e+34 
(OrbPotEnergy) Body's Orbital Potential Energy [kg*m^2/sec^2]: -2.447156e+34 
(LostEnergy) Body's Total Lost Energy [kg*m^2/sec^2]: 5.562685e-309 
----- EQTIDE PARAMETERS (TGc)------
(TidalRadius) In EqTide, the value of the radius that enters the tidal evolution equations. This parameter is distinct from others, such as the radius of XUV absorption or a pressure level in an atmosphere. [m]: 9.567150e+06 
(DsemiDtEqtide) Total da/dt from EqTide [m/sec]: 2.273341e-07 
(DeccDtEqtide) Total de/dt from EqTide [/sec]: 0.000000 
(DMeanMotionDtEqtide) Total dMeanMotion/dt from EqTide [/sec^2]: -3.290363e-22 
(DOrbPerDtEqtide) Total dOrbPer/dt from EqTide []: 5.292016e-11 
(EccTimeEqtide) Timescale for Eccentricity Evolution (e/[de/dt]) in EqTide [sec]: 0.000000 
(SemiTimeEqtide) Timescale for Semi-major Axis Evolution (a/[da/dt]) in EqTide [sec]: 2.849369e+16 
(DHEccDtEqtide) Time Rate of Change of Poincare's h in EqTide [/sec]: 0.000000 
(DKEccDtEqtide) Time Rate of Change of Poincare's k in EqTide [/sec]: 0.000000 
(DXoblDtEqtide) Time Rate of Change of Laskar's X in EqTide [/sec]: -3.000678e-13 
(DYoblDtEqtide) Time Rate of Change of Laskar's Y in EqTide [/sec]: -1.463529e-13 
(DZoblDtEqtide) Time Rate of Change of Laskar's Z in EqTide [/sec]: -2.107884e-12 
(LockTime) Time when body tidally locked. [sec]: -1.000000 
(BodyDsemiDtEqtide) In EqTide, the total change in semi-major axis is due to dissipation in both bodies. This output parameter returns the change due to current body. []: -1.000000 
(BodyDeccDt) In EqTide, the total change in eccentricity is due to towrues on both bodies. This output parameter returns the change due to current body. []: -1.000000 
(DOblDtEqtide) Time Rate of Change of Obliquity in EqTide [rad/sec]: 2.134159e-12 
(DRotPerDtEqtide) Time Rate of Change of Rotation Period in EqTide []: 3.733811e-07 
(DRotRateDtEqtide) Time Rate of Change of Rotational Frequency in EqTide [/sec^2]: -3.142713e-16 
(EqRotRateDiscrete) CPL2 Discrete Equilibrium Spin Rate [/sec]: 6.250306e-06 
(EqRotPerDiscrete) CPL2 Discrete Equilibrium Spin Period [sec]: 1.005261e+06 
(EqRotRateCont) CPL2 Continuous Equilibrium Spin Rate [/sec]: 6.250306e-06 
(EqRotPerCont) CPL2 Continuous Equilibrium Rotation Period [sec]: 1.005261e+06 
(EqRotPer) Equilibrium Rotation Period [sec]: 1.005261e+06 
(EqTidePower) Equilibrium Power from Tides [/sec]: 0.000000 
(GammaRot) Gamma_Rotation [sec]: -1.000000 
(GammaOrb) Gamma_Orbital [sec]: -1.000000 
(OceanK2) Ocean's Love number k_2 []: 0.010000 
(EnvTidalQ) Envelope Tidal Q []: -1.000000 
(OceanTidalQ) Ocean Tidal Q []: -1.000000 
(TideLock) Tidally Locked? []: 0.000000 
(RotTimeEqtide) Timescale for Rotational Evolution in EqTide [sec]: 2.313989e+11 
(EnvK2) Envelope's Love number k_2 []: 0.010000 
(OblTimeEqtide) Timescale for Obliquity Evolution in EqTide []: -1.000000 
(PowerEqtide) Internal Power due to Tides in EqTide [kg*m^2/sec^3]: 4.567729e+18 
(SurfEnFluxEqtide) Surface Energy Flux due to Tides in EqTide [kg*m^2/sec^2/(m^2*sec)]: 3971.232261 
Tidal Perturbers: TGstar
----- DISTORB PARAMETERS (TGc)------
(Sinc) Body's sin(Inc/2) in DistOrb []: 0.001369 
(Pinc) Body's Poincare p in DistOrb []: 0.001368 
(Qinc) Body's Poincare q in DistOrb []: -5.325125e-05 
(DIncDtDistOrb) Body's inclination derivative in DistOrb [rad/sec]: -6.470611e-17 
(DSincDtDistOrb) Body's sin(Inc/2) derivative in DistOrb [/sec]: -3.235303e-17 
(DLongADtDistOrb) Body's longitude of ascending node derivative in DistOrb [rad/sec]: -7.263295e-10 
(DLongPDtDistOrb) Body's longitude of pericenter derivative in DistOrb [rad/sec]: nan 
(DHeccDtDistOrb) Body's Poincare h derivative in DistOrb [/sec]: 0.000000 
(DKeccDtDistOrb) Body's Poincare k in DistOrb [/sec]: 0.000000 
(DPincDtDistOrb) Body's Poincare p in DistOrb [/sec]: 3.864563e-14 
(DQincDtDistOrb) Body's Poincare q in DistOrb [/sec]: 9.935579e-13 
-----DISTROT PARAMETERS (TGc)------
(CassiniOne) First Cassini parameter (misalignment of Cassini state vectors) []: 0.881077 
(CassiniTwo) Second Cassini parameter (alignment of Cassini state vectors []: 0.472973 
(DOblDtDistRot) Body's dobl/dt in DistRot [rad]: -1.752124e-12 
(DPrecADtDistRot) Body's dpA/dt in DistRot [rad/sec]: 5.583877e-10 
(DXoblDtDistRot) Body's dXobl/dt in DistRot [/sec]: 2.420137e-10 
(DYoblDtDistRot) Body's dYobl/dt in DistRot [/sec]: -4.955764e-10 
(DZoblDtDistRot) Body's dZobl/dt in DistRot [/sec]: 1.730552e-12 
(OblTimeDistRot) Obliquity timescale in DistRot [rad]: 1.793020e+12 
(PrecATimeDistRot) Axial precession timescale in DistRot [sec]: 1.125237e+10 
(XoblTimeDistRot) Xobl timescale in DistRot [/sec]: 4.131997e+09 
(YoblTimeDistRot) Yobl timescale in DistRot [/sec]: 2.017852e+09 
(ZoblTimeDistRot) Zobl timescale in DistRot [/sec]: 5.778502e+11 
(DynEllip) dynamical ellipticity of planet []: 0.004429 
(PrecFNat) natural precession freq of planet [rad/sec]: 5.582360e-10 
Output Order: Time[year] RotPer[days] LongP[deg] SemiMajorAxis[au] Eccentricity[] SurfEnFluxTotal[W/m^2] Obliquity[deg] PrecA[deg] CassiniOne[deg] CassiniTwo[deg] PrecFNat[deg/year] DynEllip[] DeltaTime[year]
Grid Output Order:



---- FINAL SYSTEM PROPERTIES ----
(Age) System Age [sec]: 3.187318e+13 
(Time) Simulation Time [sec]: 3.155760e+11 
(TotAngMom) Total Angular Momentum [kg*m^2/s]: 1.239494e+40 
(TotEnergy) Total System Energy [ergs]: -1.657600e+39 
(PotEnergy) Body's non-orbital Potential Energy [kg*m^2/sec^2]: -1.659655e+39 
(KinEnergy) Body's non-orbital Kinetic Energy [kg*m^2/sec^2]: 1.392553e+33 
(DeltaTime) Average Timestep Over Last Output Interval [sec]: 7162.837571 

----- BODY: TGstar ----
Active Modules: EqTide STELLAR
Module Bit Sum: 67
Color: 000000
(Mass) Mass [kg]: 1.590733e+29 
(Obliquity) Obliquity [rad]: 0.000000 
(PrecA) Body's precession angle [rad]: 0.000000 
(Xobl) Body's sin(obliquity)*cos(precession angle) []: 0.000000 
(Yobl) Body's sin(obliquity)*sin(precession angle) []: 0.000000 
(Zobl) Body's cos(obliquity) []: 1.000000 
(Radius) Radius [Rearth]: 95.728470 
(RadGyra) Radius of Gyration/Moment of Inertia Constant []: 0.445982 
(RotAngMom) Rotational Angular Momentum [kg*m^2/sec]: 5.731506e+39 
(RotKinEnergy) Body's Rotational Energy [kg*m^2/sec^2]: 1.392553e+33 
(RotVel) Rotational Velocity [m/sec]: 296.691644 
(BodyType) Type of Body (0 == planet) []: 0.000000 
(RotRate) Rotational Frequency [/sec]: 4.859291e-07 
(RotPer) Rotational Period [days]: 149.655697 
(Density) Average Density [kg/m^3]: 166.844272 
(SurfEnFluxTotal) Total Surface Energy Flux [kg*m^2/sec^2/(m^2*sec)]: 0.000826 
(TidalQ) Tidal Q []: 1.000000e+06 
(ImK2) Im(k_2) []: -5.000000e-07 
(K2) k_2 []: 0.500000 
(K2Man) Real Love Number k2 Mantle []: 0.010000 
(Imk2Man) Imaginary Love Number k2 Mantle []: 0.000000 
(TidalQMantle) Mantle's Tidal Q []: 100.000000 
(HEcc) Poincare's h (=e*sin(varpi) []: 0.000000 
(HZLimitDryRunaway) Semi-major axis of Dry Runaway HZ Limit [m]: 2.999637e+10 
(HZLimRecVenus) Recent Venus HZ Limit [m]: 2.702332e+10 
(HZLimRunaway) Runaway Greenhouse HZ Limit [m]: 3.554987e+10 
(HZLimMoistGreenhouse) Moist Greenhouse HZ Limit [m]: 3.575634e+10 
(HZLimMaxGreenhouse) Maximum Greenhouse HZ Limit [m]: 6.876221e+10 
(HZLimEarlyMars) Early Mars HZ Limit [m]: 7.499240e+10 
(Instellation) Orbit-averaged INcident STELLar radiATION [kg*m^2/sec^2/(m^2*sec)]: -1.000000 
(KEcc) Poincare's k (=e*cos(varpi) []: 0.000000 
(Eccentricity) Orbital Eccentricity []: -1.000000 
(OrbEnergy) Body's Total Orbital Energy [kg*m^2/sec^2]: 0.000000 
(MeanMotion) Orbital Mean Motion [/sec]: -1.000000 
(OrbPeriod) Orbital Period [sec]: -1.000000 
(SemiMajorAxis) Semi-major Axis [m]: -1.000000 
(CriticalSemiMajorAxis) Holman & Wiegert (1999) P-type Critical Semi-major Axis [m]: -1.000000 
(COPP) Climate Obliquity Precession Parameter []: 0.000000 
(OrbAngMom) Orbital Angular Momentum [kg*m^2/sec]: 0.000000 
(LongP) Body's Longitude of pericenter [rad]: 0.000000 
(LXUVTot) Total XUV Luminosity [kg*m^2/sec^2/(m^2*sec)]: 1.876962e+22 
(TotOrbEnergy) System's Total Orbital Energy [kg*m^2/sec^2]: -3.157799e+34 
(OrbPotEnergy) Body's Orbital Potential Energy [kg*m^2/sec^2]: -1.000000 
(LostEnergy) Body's Total Lost Energy [kg*m^2/sec^2]: 2.086813e+36 
(LostAngMom) Lost Angular Momentum due to Magnetic Braking [kg*m^2/sec]: 2.352814e+35 
----- EQTIDE PARAMETERS (TGstar)------
(LockTime) Time when body tidally locked. [sec]: -1.000000 
(BodyDsemiDtEqtide) In EqTide, the total change in semi-major axis is due to dissipation in both bodies. This output parameter returns the change due to current body. []: -1.000000 
(BodyDeccDt) In EqTide, the total change in eccentricity is due to towrues on both bodies. This output parameter returns the change due to current body. []: -1.000000 
(DOblDtEqtide) Time Rate of Change of Obliquity in EqTide [rad/sec]: 0.000000 
(DRotPerDtEqtide) Time Rate of Change of Rotation Period in EqTide []: -6.587620e-13 
(DRotRateDtEqtide) Time Rate of Change of Rotational Frequency in EqTide [/sec^2]: 2.475679e-26 
(EqRotRateDiscrete) CPL2 Discrete Equilibrium Spin Rate [/sec]: 1.407768e-05 
(EqRotPerDiscrete) CPL2 Discrete Equilibrium Spin Period [sec]: 4.463223e+05 
(EqRotRateCont) CPL2 Continuous Equilibrium Spin Rate [/sec]: 1.407768e-05 
(EqRotPerCont) CPL2 Continuous Equilibrium Rotation Period [sec]: 4.463223e+05 
(EqRotPer) Equilibrium Rotation Period [sec]: 4.463223e+05 
(EqTidePower) Equilibrium Power from Tides [/sec]: 0.000000 
(GammaRot) Gamma_Rotation [sec]: -1.000000 
(GammaOrb) Gamma_Orbital [sec]: -1.000000 
(OceanK2) Ocean's Love number k_2 []: 0.010000 
(EnvTidalQ) Envelope Tidal Q []: -1.000000 
(OceanTidalQ) Ocean Tidal Q []: -1.000000 
(TideLock) Tidally Locked? []: 0.000000 
(RotTimeEqtide) Timescale for Rotational Evolution in EqTide [sec]: 2.367015e-26 
(EnvK2) Envelope's Love number k_2 []: 0.010000 
(OblTimeEqtide) Timescale for Obliquity Evolution in EqTide []: -1.000000 
(PowerEqtide) Internal Power due to Tides in EqTide [kg*m^2/sec^3]: 3.868537e+15 
(SurfEnFluxEqtide) Surface Energy Flux due to Tides in EqTide [kg*m^2/sec^2/(m^2*sec)]: 0.000826 
Tidal Perturbers: TGb, TGc
----- STELLAR PARAMETERS (TGstar)------
(Luminosity) Luminosity [LSUN]: 0.048803 
(LXUVStellar) Base X-ray/XUV Luminosity [kg*m^2/sec^3]: 1.876962e+22 
(Temperature) Effective Temperature [K]: 2897.810676 
(LXUVFrac) Fraction of luminosity in XUV []: 0.001000 
(RossbyNumber) Rossby Number []: 2.100777 
(DRotPerDtStellar) Time Rate of Change of Rotation Period in STELLAR []: -1.162494e-07 
Output Order: Time[year] Radius[Rearth] RotPer[days] Luminosity[LSUN] TotEnergy[ergs] TotAngMom[kg*m^2/s]
Grid Output Order:

----- BODY: TGb ----
Active Modules: DistOrb DistRot EqTide
Module Bit Sum: 51
Color: 000000
(Mass) Mass [kg]: 1.373603e+25 
(Obliquity) Obliquity [rad]: 0.023075 
(PrecA) Body's precession angle [rad]: 5.919467 
(Xobl) Body's sin(obliquity)*cos(precession angle) []: 0.021558 
(Yobl) Body's sin(obliquity)*sin(precession angle) []: -0.008206 
(Zobl) Body's cos(obliquity) []: 0.999478 
(Radius) Radius [m]: 7.653720e+06 
(RadGyra) Radius of Gyration/Moment of Inertia Constant []: 0.400000 
(RotAngMom) Rotational Angular Momentum [kg*m^2/sec]: 1.812414e+33 
(RotKinEnergy) Body's Rotational Energy [kg*m^2/sec^2]: 1.275730e+28 
(RotVel) Rotational Velocity [m/sec]: 107.746659 
(BodyType) Type of Body (0 == planet) []: 0.000000 
(RotRate) Rotational Frequency [/sec]: 1.407768e-05 
(RotPer) Rotational Period [days]: 5.165768 
(Density) Average Density [kg/m^3]: 7313.998069 
(SurfEnFluxTotal) Total Surface Energy Flux [W/m^2]: 0.707954 
(TidalQ) Tidal Q []: 100.000000 
(ImK2) Im(k_2) []: -0.003000 
(K2) k_2 []: 0.300000 
(K2Man) Real Love Number k2 Mantle []: 0.010000 
(Imk2Man) Imaginary Love Number k2 Mantle []: 0.000000 
(TidalQMantle) Mantle's Tidal Q []: 100.000000 
(HEcc) Poincare's h (=e*sin(varpi) []: 0.000000 
(HZLimitDryRunaway) Semi-major axis of Dry Runaway HZ Limit [m]: 2.999637e+10 
(HZLimRecVenus) Recent Venus HZ Limit [m]: 2.702332e+10 
(HZLimRunaway) Runaway Greenhouse HZ Limit [m]: 3.554987e+10 
(HZLimMoistGreenhouse) Moist Greenhouse HZ Limit [m]: 3.575634e+10 
(HZLimMaxGreenhouse) Maximum Greenhouse HZ Limit [m]: 6.876221e+10 
(HZLimEarlyMars) Early Mars HZ Limit [m]: 7.499240e+10 
(Instellation) Orbit-averaged INcident STELLar radiATION [kg*m^2/sec^2/(m^2*sec)]: 1.050980e+05 
(KEcc) Poincare's k (=e*cos(varpi) []: 0.000000 
(Eccentricity) Orbital Eccentricity []: 0.000000 
(OrbEnergy) Body's Total Orbital Energy [kg*m^2/sec^2]: -1.934226e+34 
(MeanMotion) Orbital Mean Motion [/sec]: 1.407768e-05 
(OrbPeriod) Orbital Period [sec]: 4.463223e+05 
(SemiMajorAxis) Semi-major Axis [m]: 3.769863e+09 
(CriticalSemiMajorAxis) Holman & Wiegert (1999) P-type Critical Semi-major Axis [m]: -1.000000 
(COPP) Climate Obliquity Precession Parameter []: -0.000000 
(OrbAngMom) Orbital Angular Momentum [kg*m^2/sec]: 2.747932e+39 
(ArgP) Body's argument of pericenter [rad]: 4.551603 
(Inc) Body's Inclination [rad]: 0.003901 
(LongA) Body's Longitude of ascending node [rad]: 1.731582 
(MeanLongitude) Orbital Mean Longitude [rad]: 0.785398 
(LongP) Body's Longitude of pericenter [rad]: 0.000000 
(TotOrbEnergy) System's Total Orbital Energy [kg*m^2/sec^2]: -3.157799e+34 
(OrbPotEnergy) Body's Orbital Potential Energy [kg*m^2/sec^2]: -3.868452e+34 
(LostEnergy) Body's Total Lost Energy [kg*m^2/sec^2]: 3.437293e+29 
----- EQTIDE PARAMETERS (TGb)------
(TidalRadius) In EqTide, the value of the radius that enters the tidal evolution equations. This parameter is distinct from others, such as the radius of XUV absorption or a pressure level in an atmosphere. [m]: 7.653720e+06 
(DsemiDtEqtide) Total da/dt from EqTide [m/sec]: -8.676041e-10 
(DeccDtEqtide) Total de/dt from EqTide [/sec]: -0.000000 
(DMeanMotionDtEqtide) Total dMeanMotion/dt from EqTide [/sec^2]: 4.859801e-24 
(DOrbPerDtEqtide) Total dOrbPer/dt from EqTide []: -1.540763e-13 
(EccTimeEqtide) Timescale for Eccentricity Evolution (e/[de/dt]) in EqTide [sec]: 0.000000 
(SemiTimeEqtide) Timescale for Semi-major Axis Evolution (a/[da/dt]) in EqTide [sec]: 4.345142e+18 
(DHEccDtEqtide) Time Rate of Change of Poincare's h in EqTide [/sec]: -0.000000 
(DKEccDtEqtide) Time Rate of Change of Poincare's k in EqTide [/sec]: -0.000000 
(DXoblDtEqtide) Time Rate of Change of Laskar's X in EqTide [/sec]: -8.271201e-13 
(DYoblDtEqtide) Time Rate of Change of Laskar's Y in EqTide [/sec]: 3.148468e-13 
(DZoblDtEqtide) Time Rate of Change of Laskar's Z in EqTide [/sec]: 2.042544e-14 
(LockTime) Time when body tidally locked. [sec]: 2.278557e+11 
(BodyDsemiDtEqtide) In EqTide, the total change in semi-major axis is due to dissipation in both bodies. This output parameter returns the change due to current body. []: -1.000000 
(BodyDeccDt) In EqTide, the total change in eccentricity is due to towrues on both bodies. This output parameter returns the change due to current body. []: -1.000000 
(DOblDtEqtide) Time Rate of Change of Obliquity in EqTide [rad/sec]: -8.852533e-13 
(DRotPerDtEqtide) Time Rate of Change of Rotation Period in EqTide []: -1.763607e-298 
(DRotRateDtEqtide) Time Rate of Change of Rotational Frequency in EqTide [/sec^2]: 5.562685e-309 
(EqRotRateDiscrete) CPL2 Discrete Equilibrium Spin Rate [/sec]: 1.407768e-05 
(EqRotPerDiscrete) CPL2 Discrete Equilibrium Spin Period [sec]: 4.463223e+05 
(EqRotRateCont) CPL2 Continuous Equilibrium Spin Rate [/sec]: 1.407768e-05 
(EqRotPerCont) CPL2 Continuous Equilibrium Rotation Period [sec]: 4.463223e+05 
(EqRotPer) Equilibrium Rotation Period [sec]: 4.463223e+05 
(EqTidePower) Equilibrium Power from Tides [/sec]: 0.000000 
(GammaRot) Gamma_Rotation [sec]: -1.000000 
(GammaOrb) Gamma_Orbital [sec]: -1.000000 
(OceanK2) Ocean's Love number k_2 []: 0.010000 
(EnvTidalQ) Envelope Tidal Q []: -1.000000 
(OceanTidalQ) Ocean Tidal Q []: -1.000000 
(TideLock) Tidally Locked? []: 1.000000 
(RotTimeEqtide) Timescale for Rotational Evolution in EqTide [sec]: 2.530736e+303 
(EnvK2) Envelope's Love number k_2 []: 0.010000 
(OblTimeEqtide) Timescale for Obliquity Evolution in EqTide []: -1.000000 
(PowerEqtide) Internal Power due to Tides in EqTide [kg*m^2/sec^3]: 5.211466e+14 
(SurfEnFluxEqtide) Surface Energy Flux due to Tides in EqTide [kg*m^2/sec^2/(m^2*sec)]: 0.707954 
Tidal Perturbers: TGstar
----- DISTORB PARAMETERS (TGb)------
(Sinc) Body's sin(Inc/2) in DistOrb []: 0.001950 
(Pinc) Body's Poincare p in DistOrb []: 0.001925 
(Qinc) Body's Poincare q in DistOrb []: -0.000312 
(DIncDtDistOrb) Body's inclination derivative in DistOrb [rad/sec]: -6.071788e-17 
(DSincDtDistOrb) Body's sin(Inc/2) derivative in DistOrb [/sec]: -3.035888e-17 
(DLongADtDistOrb) Body's longitude of ascending node derivative in DistOrb [rad/sec]: -7.263273e-10 
(DLongPDtDistOrb) Body's longitude of pericenter derivative in DistOrb [rad/sec]: nan 
(DHeccDtDistOrb) Body's Poincare h derivative in DistOrb [/sec]: 0.000000 
(DKeccDtDistOrb) Body's Poincare k in DistOrb [/sec]: 0.000000 
(DPincDtDistOrb) Body's Poincare p in DistOrb [/sec]: 2.267754e-13 
(DQincDtDistOrb) Body's Poincare q in DistOrb [/sec]: 1.398431e-12 
-----DISTROT PARAMETERS (TGb)------
(CassiniOne) First Cassini parameter (misalignment of Cassini state vectors) []: 0.979475 
(CassiniTwo) Second Cassini parameter (alignment of Cassini state vectors []: 0.201564 
(DOblDtDistRot) Body's dobl/dt in DistRot [rad]: 2.775949e-12 
(DPrecADtDistRot) Body's dpA/dt in DistRot [rad/sec]: 1.974015e-09 
(DXoblDtDistRot) Body's dXobl/dt in DistRot [/sec]: 1.879209e-11 
(DYoblDtDistRot) Body's dYobl/dt in DistRot [/sec]: 4.156888e-11 
(DZoblDtDistRot) Body's dZobl/dt in DistRot [/sec]: -6.401670e-14 
(OblTimeDistRot) Obliquity timescale in DistRot [rad]: 1.131718e+12 
(PrecATimeDistRot) Axial precession timescale in DistRot [sec]: 3.182947e+09 
(XoblTimeDistRot) Xobl timescale in DistRot [/sec]: 5.321389e+10 
(YoblTimeDistRot) Yobl timescale in DistRot [/sec]: 2.405646e+10 
(ZoblTimeDistRot) Zobl timescale in DistRot [/sec]: 1.562092e+13 
(DynEllip) dynamical ellipticity of planet []: 9.236574e-05 
(PrecFNat) natural precession freq of planet [rad/sec]: 1.949257e-09 
Output Order: Time[year] RotPer[days] LongP[deg] SemiMajorAxis[au] Eccentricity[] SurfEnFluxTotal[W/m^2] Obliquity[deg] PrecA[deg] CassiniOne[deg] CassiniTwo[deg] PrecFNat[deg/year] DynEllip[] DeltaTime[year]
Grid Output Order:

----- BODY: TGc ----
Active Modules: DistOrb DistRot EqTide
Module Bit Sum: 51
Color: 000000
(Mass) Mass [kg]: 1.493046e+25 
(Obliquity) Obliquity [rad]: 0.308492 
(PrecA) Body's precession angle [rad]: 0.659763 
(Xobl) Body's sin(obliquity)*cos(precession angle) []: 0.239880 
(Yobl) Body's sin(obliquity)*sin(precession angle) []: 0.186081 
(Zobl) Body's cos(obliquity) []: 0.952701 
(Radius) Radius [m]: 9.567150e+06 
(RadGyra) Radius of Gyration/Moment of Inertia Constant []: 0.400000 
(RotAngMom) Rotational Angular Momentum [kg*m^2/sec]: 1.366649e+33 
(RotKinEnergy) Body's Rotational Energy [kg*m^2/sec^2]: 4.270960e+27 
(RotVel) Rotational Velocity [m/sec]: 59.797231 
(BodyType) Type of Body (0 == planet) []: 0.000000 
(RotRate) Rotational Frequency [/sec]: 6.250266e-06 
(RotPer) Rotational Period [days]: 11.635033 
(Density) Average Density [kg/m^3]: 4070.398925 
(SurfEnFluxTotal) Total Surface Energy Flux [W/m^2]: 34.422624 
(TidalQ) Tidal Q []: 12.000000 
(ImK2) Im(k_2) []: -0.025000 
(K2) k_2 []: 0.300000 
(K2Man) Real Love Number k2 Mantle []: 0.010000 
(Imk2Man) Imaginary Love Number k2 Mantle []: 0.000000 
(TidalQMantle) Mantle's Tidal Q []: 100.000000 
(HEcc) Poincare's h (=e*sin(varpi) []: 0.000000 
(HZLimitDryRunaway) Semi-major axis of Dry Runaway HZ Limit [m]: 2.999637e+10 
(HZLimRecVenus) Recent Venus HZ Limit [m]: 2.702332e+10 
(HZLimRunaway) Runaway Greenhouse HZ Limit [m]: 3.554987e+10 
(HZLimMoistGreenhouse) Moist Greenhouse HZ Limit [m]: 3.575634e+10 
(HZLimMaxGreenhouse) Maximum Greenhouse HZ Limit [m]: 6.876221e+10 
(HZLimEarlyMars) Early Mars HZ Limit [m]: 7.499240e+10 
(Instellation) Orbit-averaged INcident STELLar radiATION [kg*m^2/sec^2/(m^2*sec)]: 3.559716e+04 
(KEcc) Poincare's k (=e*cos(varpi) []: 0.000000 
(Eccentricity) Orbital Eccentricity []: 0.000000 
(OrbEnergy) Body's Total Orbital Energy [kg*m^2/sec^2]: -1.223573e+34 
(MeanMotion) Orbital Mean Motion [/sec]: 6.250266e-06 
(OrbPeriod) Orbital Period [sec]: 1.005267e+06 
(SemiMajorAxis) Semi-major Axis [m]: 6.477615e+09 
(CriticalSemiMajorAxis) Holman & Wiegert (1999) P-type Critical Semi-major Axis [m]: -1.000000 
(COPP) Climate Obliquity Precession Parameter []: 0.000000 
(OrbAngMom) Orbital Angular Momentum [kg*m^2/sec]: 3.915267e+39 
(ArgP) Body's argument of pericenter [rad]: 1.410062 
(Inc) Body's Inclination [rad]: 0.002738 
(LongA) Body's Longitude of ascending node [rad]: 4.873123 
(MeanLongitude) Orbital Mean Longitude [rad]: 0.000000 
(LongP) Body's Longitude of pericenter [rad]: 0.000000 
(TotOrbEnergy) System's Total Orbital Energy [kg*m^2/sec^2]: -3.157799e+34 
(OrbPotEnergy) Body's Orbital Potential Energy [kg*m^2/sec^2]: -2.447146e+34 
(LostEnergy) Body's Total Lost Energy [kg*m^2/sec^2]: 5.220649e+29 
----- EQTIDE PARAMETERS (TGc)------
(TidalRadius) In EqTide, the value of the radius that enters the tidal evolution equations. This parameter is distinct from others, such as the radius of XUV absorption or a pressure level in an atmosphere. [m]: 9.567150e+06 
(DsemiDtEqtide) Total da/dt from EqTide [m/sec]: -2.100304e-08 
(DeccDtEqtide) Total de/dt from EqTide [/sec]: -0.000000 
(DMeanMotionDtEqtide) Total dMeanMotion/dt from EqTide [/sec^2]: 3.039882e-23 
(DOrbPerDtEqtide) Total dOrbPer/dt from EqTide []: -4.889220e-12 
(EccTimeEqtide) Timescale for Eccentricity Evolution (e/[de/dt]) in EqTide [sec]: 0.000000 
(SemiTimeEqtide) Timescale for Semi-major Axis Evolution (a/[da/dt]) in EqTide [sec]: 3.084132e+17 
(DHEccDtEqtide) Time Rate of Change of Poincare's h in EqTide [/sec]: -0.000000 
(DKEccDtEqtide) Time Rate of Change of Poincare's k in EqTide [/sec]: -0.000000 
(DXoblDtEqtide) Time Rate of Change of Laskar's X in EqTide [/sec]: -1.149292e-11 
(DYoblDtEqtide) Time Rate of Change of Laskar's Y in EqTide [/sec]: -8.915355e-12 
(DZoblDtEqtide) Time Rate of Change of Laskar's Z in EqTide [/sec]: 4.635149e-12 
(LockTime) Time when body tidally locked. [sec]: 2.983327e+11 
(BodyDsemiDtEqtide) In EqTide, the total change in semi-major axis is due to dissipation in both bodies. This output parameter returns the change due to current body. []: -1.000000 
(BodyDeccDt) In EqTide, the total change in eccentricity is due to towrues on both bodies. This output parameter returns the change due to current body. []: -1.000000 
(DOblDtEqtide) Time Rate of Change of Obliquity in EqTide [rad/sec]: -1.526615e-11 
(DRotPerDtEqtide) Time Rate of Change of Rotation Period in EqTide []: -8.946792e-298 
(DRotRateDtEqtide) Time Rate of Change of Rotational Frequency in EqTide [/sec^2]: 5.562685e-309 
(EqRotRateDiscrete) CPL2 Discrete Equilibrium Spin Rate [/sec]: 6.250266e-06 
(EqRotPerDiscrete) CPL2 Discrete Equilibrium Spin Period [sec]: 1.005267e+06 
(EqRotRateCont) CPL2 Continuous Equilibrium Spin Rate [/sec]: 6.250266e-06 
(EqRotPerCont) CPL2 Continuous Equilibrium Rotation Period [sec]: 1.005267e+06 
(EqRotPer) Equilibrium Rotation Period [sec]: 1.005267e+06 
(EqTidePower) Equilibrium Power from Tides [/sec]: 0.000000 
(GammaRot) Gamma_Rotation [sec]: -1.000000 
(GammaOrb) Gamma_Orbital [sec]: -1.000000 
(OceanK2) Ocean's Love number k_2 []: 0.010000 
(EnvTidalQ) Envelope Tidal Q []: -1.000000 
(OceanTidalQ) Ocean Tidal Q []: -1.000000 
(TideLock) Tidally Locked? []: 1.000000 
(RotTimeEqtide) Timescale for Rotational Evolution in EqTide [sec]: 1.123606e+303 
(EnvK2) Envelope's Love number k_2 []: 0.010000 
(OblTimeEqtide) Timescale for Obliquity Evolution in EqTide []: -1.000000 
(PowerEqtide) Internal Power due to Tides in EqTide [kg*m^2/sec^3]: 3.959305e+16 
(SurfEnFluxEqtide) Surface Energy Flux due to Tides in EqTide [kg*m^2/sec^2/(m^2*sec)]: 34.422624 
Tidal Perturbers: TGstar
----- DISTORB PARAMETERS (TGc)------
(Sinc) Body's sin(Inc/2) in DistOrb []: 0.001369 
(Pinc) Body's Poincare p in DistOrb []: -0.001351 
(Qinc) Body's Poincare q in DistOrb []: 0.000219 
(DIncDtDistOrb) Body's inclination derivative in DistOrb [rad/sec]: 6.071981e-17 
(DSincDtDistOrb) Body's sin(Inc/2) derivative in DistOrb [/sec]: 3.035988e-17 
(DLongADtDistOrb) Body's longitude of ascending node derivative in DistOrb [rad/sec]: -7.263504e-10 
(DLongPDtDistOrb) Body's longitude of pericenter derivative in DistOrb [rad/sec]: nan 
(DHeccDtDistOrb) Body's Poincare h derivative in DistOrb [/sec]: 0.000000 
(DKeccDtDistOrb) Body's Poincare k in DistOrb [/sec]: 0.000000 
(DPincDtDistOrb) Body's Poincare p in DistOrb [/sec]: -1.591611e-13 
(DQincDtDistOrb) Body's Poincare q in DistOrb [/sec]: -9.814816e-13 
-----DISTROT PARAMETERS (TGc)------
(CassiniOne) First Cassini parameter (misalignment of Cassini state vectors) []: 0.681835 
(CassiniTwo) Second Cassini parameter (alignment of Cassini state vectors []: 0.731506 
(DOblDtDistRot) Body's dobl/dt in DistRot [rad]: -1.356031e-12 
(DPrecADtDistRot) Body's dpA/dt in DistRot [rad/sec]: 2.967603e-10 
(DXoblDtDistRot) Body's dXobl/dt in DistRot [/sec]: -5.624237e-11 
(DYoblDtDistRot) Body's dYobl/dt in DistRot [/sec]: 7.039515e-11 
(DZoblDtDistRot) Body's dZobl/dt in DistRot [/sec]: 4.116422e-13 
(OblTimeDistRot) Obliquity timescale in DistRot [rad]: 2.316756e+12 
(PrecATimeDistRot) Axial precession timescale in DistRot [sec]: 2.117259e+10 
(XoblTimeDistRot) Xobl timescale in DistRot [/sec]: 1.778019e+10 
(YoblTimeDistRot) Yobl timescale in DistRot [/sec]: 1.420552e+10 
(ZoblTimeDistRot) Zobl timescale in DistRot [/sec]: 2.429294e+12 
(DynEllip) dynamical ellipticity of planet []: 3.271623e-05 
(PrecFNat) natural precession freq of planet [rad/sec]: 2.921922e-10 
Output Order: Time[year] RotPer[days] LongP[deg] SemiMajorAxis[au] Eccentricity[] SurfEnFluxTotal[W/m^2] Obliquity[deg] PrecA[deg] CassiniOne[deg] CassiniTwo[deg] PrecFNat[deg/year] DynEllip[] DeltaTime[year]
Grid Output Order:
