-------- Log file LP890-9.log -------

Executable: ../../../vplanet/bin/vplanet
Version: v2.3.28
System Name: LP890-9
Primary Input File: vpl.in
Body File #1: star.in
Body File #2: b.in
Body File #3: c.in
Allow files to be overwitten: Yes
Mass Units: Grams
Length Units: Meters
Time Units: Seconds
Angle Units: Radians

------- FORMATTING -----
Verbosity Level: 5
Crossover Decade for Scientific Notation: 4
Number of Digits After Decimal: 6
Integration Method: Runge-Kutta4
Direction: Forward
Time Step: 3.155760e+07
Stop Time: 3.155760e+15
Output Interval: 6.311520e+12
Use Variable Timestep: Yes
dEta: 0.001000
Minimum Value of ecc and obl: 1.000000e-10


---- INITIAL SYSTEM PROPERTIES ----
(Age) System Age [sec]: 3.155760e+13 
(Time) Simulation Time [sec]: 0.000000 
(TotAngMom) Total Angular Momentum [kg*m^2/sec]: 4.161965e+42 
(TotEnergy) Total System Energy [kg*m^2/sec^2]: -2.499797e+39 
(PotEnergy) Body's non-orbital Potential Energy [kg*m^2/sec^2]: -2.801863e+39 
(KinEnergy) Body's non-orbital Kinetic Energy [kg*m^2/sec^2]: 3.021254e+38 
(DeltaTime) Average Timestep Over Last Output Interval [sec]: 0.000000 

----- BODY: star ----
Active Modules: EqTide STELLAR
Module Bit Sum: 67
Color: 000000
(Mass) Mass [kg]: 2.346331e+29 
(Obliquity) Obliquity [rad]: 0.000000 
(PrecA) Body's precession angle [rad]: 0.000000 
(Xobl) Body's sin(obliquity)*cos(precession angle) []: 0.000000 
(Yobl) Body's sin(obliquity)*sin(precession angle) []: 0.000000 
(Zobl) Body's cos(obliquity) []: 1.000000 
(Radius) Radius [Rearth]: 123.366131 
(RadGyra) Radius of Gyration/Moment of Inertia Constant []: 0.443436 
(RotAngMom) Rotational Angular Momentum [kg*m^2/sec]: 4.154523e+42 
(RotKinEnergy) Body's Rotational Energy [kg*m^2/sec^2]: 3.021254e+38 
(RotVel) Rotational Velocity [m/sec]: 1.144415e+05 
(BodyType) Type of Body (0 == planet) []: 0.000000 
(RotRate) Rotational Frequency [/sec]: 0.000145 
(RotPer) Rotational Period [days]: 0.500000 
(Density) Average Density [kg/m^3]: 114.984378 
(SurfEnFluxTotal) Total Surface Energy Flux [kg*m^2/sec^2/(m^2*sec)]: 0.084859 
(TidalQ) Tidal Q []: 1.000000e+06 
(ImK2) Im(k_2) []: -5.000000e-07 
(K2) k_2 []: 0.500000 
(K2Man) Real Love Number k2 Mantle []: 0.010000 
(Imk2Man) Imaginary Love Number k2 Mantle []: 0.000000 
(TidalQMantle) Mantle's Tidal Q []: 100.000000 
(HEcc) Poincare's h (=e*sin(varpi) []: 0.000000 
(HZLimitDryRunaway) Semi-major axis of Dry Runaway HZ Limit [m]: 4.070588e+10 
(HZLimRecVenus) Recent Venus HZ Limit [m]: 3.662409e+10 
(HZLimRunaway) Runaway Greenhouse HZ Limit [m]: 4.820644e+10 
(HZLimMoistGreenhouse) Moist Greenhouse HZ Limit [m]: 4.845974e+10 
(HZLimMaxGreenhouse) Maximum Greenhouse HZ Limit [m]: 9.292342e+10 
(HZLimEarlyMars) Early Mars HZ Limit [m]: 1.013425e+11 
(Instellation) Orbit-averaged INcident STELLar radiATION [kg*m^2/sec^2/(m^2*sec)]: -1.000000 
(KEcc) Poincare's k (=e*cos(varpi) []: 0.000000 
(Eccentricity) Orbital Eccentricity []: -1.000000 
(OrbEnergy) Body's Total Orbital Energy [kg*m^2/sec^2]: 0.000000 
(MeanMotion) Orbital Mean Motion [/sec]: -1.000000 
(OrbPeriod) Orbital Period [sec]: -1.000000 
(SemiMajorAxis) Semi-major Axis [m]: -1.000000 
(CriticalSemiMajorAxis) Holman & Wiegert (1999) P-type Critical Semi-major Axis [m]: -1.000000 
(COPP) Climate Obliquity Precession Parameter []: 0.000000 
(OrbAngMom) Orbital Angular Momentum [kg*m^2/sec]: 0.000000 
(LongP) Body's Longitude of pericenter [rad]: 0.000000 
(LXUVTot) Total XUV Luminosity [kg*m^2/sec^2/(m^2*sec)]: 3.456466e+22 
(TotOrbEnergy) System's Total Orbital Energy [kg*m^2/sec^2]: -5.703859e+34 
(OrbPotEnergy) Body's Orbital Potential Energy [kg*m^2/sec^2]: -1.000000 
(LostEnergy) Body's Total Lost Energy [kg*m^2/sec^2]: 5.562685e-309 
(LostAngMom) Lost Angular Momentum due to Magnetic Braking [kg*m^2/sec]: 5.562685e-309 
----- EQTIDE PARAMETERS (star)------
(LockTime) Time when body tidally locked. [sec]: -1.000000 
(BodyDsemiDtEqtide) In EqTide, the total change in semi-major axis is due to dissipation in both bodies. This output parameter returns the change due to current body. []: -1.000000 
(BodyDeccDt) In EqTide, the total change in eccentricity is due to towrues on both bodies. This output parameter returns the change due to current body. []: -1.000000 
(DOblDtEqtide) Time Rate of Change of Obliquity in EqTide [rad/sec]: 0.000000 
(DRotPerDtEqtide) Time Rate of Change of Rotation Period in EqTide []: 5.783488e-17 
(DRotRateDtEqtide) Time Rate of Change of Rotational Frequency in EqTide [/sec^2]: -1.947162e-25 
(EqRotRateDiscrete) CPL2 Discrete Equilibrium Spin Rate [/sec]: 2.574232e-05 
(EqRotPerDiscrete) CPL2 Discrete Equilibrium Spin Period [sec]: 2.440800e+05 
(EqRotRateCont) CPL2 Continuous Equilibrium Spin Rate [/sec]: 2.818784e-05 
(EqRotPerCont) CPL2 Continuous Equilibrium Rotation Period [sec]: 2.229041e+05 
(EqRotPer) Equilibrium Rotation Period [sec]: 2.440800e+05 
(EqTidePower) Equilibrium Power from Tides [/sec]: 0.000000 
(GammaRot) Gamma_Rotation [sec]: -1.000000 
(GammaOrb) Gamma_Orbital [sec]: -1.000000 
(OceanK2) Ocean's Love number k_2 []: 0.010000 
(EnvTidalQ) Envelope Tidal Q []: -1.000000 
(OceanTidalQ) Ocean Tidal Q []: -1.000000 
(TideLock) Tidally Locked? []: 0.000000 
(RotTimeEqtide) Timescale for Rotational Evolution in EqTide [sec]: 1.919377e-25 
(EnvK2) Envelope's Love number k_2 []: 0.010000 
(OblTimeEqtide) Timescale for Obliquity Evolution in EqTide []: -1.000000 
(PowerEqtide) Internal Power due to Tides in EqTide [kg*m^2/sec^3]: 6.602131e+17 
(SurfEnFluxEqtide) Surface Energy Flux due to Tides in EqTide [kg*m^2/sec^2/(m^2*sec)]: 0.084859 
Tidal Perturbers: b, c
----- STELLAR PARAMETERS (star)------
(Luminosity) Luminosity [LSUN]: 0.089872 
(LXUVStellar) Base X-ray/XUV Luminosity [kg*m^2/sec^3]: 3.456466e+22 
(Temperature) Effective Temperature [K]: 2974.316306 
(LXUVFrac) Fraction of luminosity in XUV []: 0.001000 
(RossbyNumber) Rossby Number []: 0.007299 
(DRotPerDtStellar) Time Rate of Change of Rotation Period in STELLAR []: 1.303107e-09 
Output Order: Time[year] Radius[Rearth] RotPer[days] Luminosity[LSUN]
Grid Output Order:

----- BODY: b ----
Active Modules: DistOrb EqTide
Module Bit Sum: 19
Color: 000000
(Mass) Mass [kg]: 1.373603e+25 
(Obliquity) Obliquity [rad]: 0.000000 
(PrecA) Body's precession angle [rad]: 0.000000 
(Xobl) Body's sin(obliquity)*cos(precession angle) []: 0.000000 
(Yobl) Body's sin(obliquity)*sin(precession angle) []: 0.000000 
(Zobl) Body's cos(obliquity) []: 1.000000 
(Radius) Radius [m]: 8.291530e+06 
(RadGyra) Radius of Gyration/Moment of Inertia Constant []: 0.400000 
(RotAngMom) Rotational Angular Momentum [kg*m^2/sec]: 3.662650e+33 
(RotKinEnergy) Body's Rotational Energy [kg*m^2/sec^2]: 4.439257e+28 
(RotVel) Rotational Velocity [m/sec]: 200.992359 
(BodyType) Type of Body (0 == planet) []: 0.000000 
(RotRate) Rotational Frequency [/sec]: 2.424068e-05 
(RotPer) Rotational Period [days]: 3.000000 
(Density) Average Density [kg/m^3]: 5752.657562 
(SurfEnFluxTotal) Total Surface Energy Flux [W/m^2]: 4577.542957 
(TidalQ) Tidal Q []: 100.000000 
(ImK2) Im(k_2) []: -0.003000 
(K2) k_2 []: 0.300000 
(K2Man) Real Love Number k2 Mantle []: 0.010000 
(Imk2Man) Imaginary Love Number k2 Mantle []: 0.000000 
(TidalQMantle) Mantle's Tidal Q []: 100.000000 
(HEcc) Poincare's h (=e*sin(varpi) []: -0.066590 
(HZLimitDryRunaway) Semi-major axis of Dry Runaway HZ Limit [m]: 4.091095e+10 
(HZLimRecVenus) Recent Venus HZ Limit [m]: 3.662409e+10 
(HZLimRunaway) Runaway Greenhouse HZ Limit [m]: 4.820644e+10 
(HZLimMoistGreenhouse) Moist Greenhouse HZ Limit [m]: 4.845974e+10 
(HZLimMaxGreenhouse) Maximum Greenhouse HZ Limit [m]: 9.292342e+10 
(HZLimEarlyMars) Early Mars HZ Limit [m]: 1.013425e+11 
(Instellation) Orbit-averaged INcident STELLar radiATION [kg*m^2/sec^2/(m^2*sec)]: 3.356776e+05 
(KEcc) Poincare's k (=e*cos(varpi) []: -0.074604 
(Eccentricity) Orbital Eccentricity []: 0.100000 
(OrbEnergy) Body's Total Orbital Energy [kg*m^2/sec^2]: -3.747862e+34 
(MeanMotion) Orbital Mean Motion [/sec]: 2.574232e-05 
(OrbPeriod) Orbital Period [sec]: 2.440800e+05 
(SemiMajorAxis) Semi-major Axis [m]: 2.869731e+09 
(CriticalSemiMajorAxis) Holman & Wiegert (1999) P-type Critical Semi-major Axis [m]: -1.000000 
(COPP) Climate Obliquity Precession Parameter []: -0.000000 
(OrbAngMom) Orbital Angular Momentum [kg*m^2/sec]: 2.897234e+39 
(ArgP) Body's argument of pericenter [rad]: 5.263419 
(Inc) Body's Inclination [rad]: 0.011013 
(LongA) Body's Longitude of ascending node [rad]: 4.890054 
(MeanLongitude) Orbital Mean Longitude [rad]: -2.412897 
(LongP) Body's Longitude of pericenter [rad]: 3.870288 
(TotOrbEnergy) System's Total Orbital Energy [kg*m^2/sec^2]: -5.703859e+34 
(OrbPotEnergy) Body's Orbital Potential Energy [kg*m^2/sec^2]: -7.495724e+34 
(LostEnergy) Body's Total Lost Energy [kg*m^2/sec^2]: 5.562685e-309 
----- EQTIDE PARAMETERS (b)------
(TidalRadius) In EqTide, the value of the radius that enters the tidal evolution equations. This parameter is distinct from others, such as the radius of XUV absorption or a pressure level in an atmosphere. [m]: 8.291530e+06 
(DsemiDtEqtide) Total da/dt from EqTide [m/sec]: -2.595608e-06 
(DeccDtEqtide) Total de/dt from EqTide [/sec]: -2.581495e-16 
(DMeanMotionDtEqtide) Total dMeanMotion/dt from EqTide [/sec^2]: 3.492504e-20 
(DOrbPerDtEqtide) Total dOrbPer/dt from EqTide []: -3.311474e-10 
(EccTimeEqtide) Timescale for Eccentricity Evolution (e/[de/dt]) in EqTide [sec]: 3.873724e+14 
(SemiTimeEqtide) Timescale for Semi-major Axis Evolution (a/[da/dt]) in EqTide [sec]: 1.105610e+15 
(DHEccDtEqtide) Time Rate of Change of Poincare's h in EqTide [/sec]: 1.719009e-16 
(DKEccDtEqtide) Time Rate of Change of Poincare's k in EqTide [/sec]: 1.925909e-16 
(DXoblDtEqtide) Time Rate of Change of Laskar's X in EqTide [/sec]: 0.000000 
(DYoblDtEqtide) Time Rate of Change of Laskar's Y in EqTide [/sec]: 0.000000 
(DZoblDtEqtide) Time Rate of Change of Laskar's Z in EqTide [/sec]: 0.000000 
(LockTime) Time when body tidally locked. [sec]: -1.000000 
(BodyDsemiDtEqtide) In EqTide, the total change in semi-major axis is due to dissipation in both bodies. This output parameter returns the change due to current body. []: -1.000000 
(BodyDeccDt) In EqTide, the total change in eccentricity is due to towrues on both bodies. This output parameter returns the change due to current body. []: -1.000000 
(DOblDtEqtide) Time Rate of Change of Obliquity in EqTide [rad/sec]: 0.000000 
(DRotPerDtEqtide) Time Rate of Change of Rotation Period in EqTide []: -8.785060e-05 
(DRotRateDtEqtide) Time Rate of Change of Rotational Frequency in EqTide [/sec^2]: 8.215890e-15 
(EqRotRateDiscrete) CPL2 Discrete Equilibrium Spin Rate [/sec]: 2.574232e-05 
(EqRotPerDiscrete) CPL2 Discrete Equilibrium Spin Period [sec]: 2.440800e+05 
(EqRotRateCont) CPL2 Continuous Equilibrium Spin Rate [/sec]: 2.818784e-05 
(EqRotPerCont) CPL2 Continuous Equilibrium Rotation Period [sec]: 2.229041e+05 
(EqRotPer) Equilibrium Rotation Period [sec]: 2.440800e+05 
(EqTidePower) Equilibrium Power from Tides [/sec]: 0.000000 
(GammaRot) Gamma_Rotation [sec]: -1.000000 
(GammaOrb) Gamma_Orbital [sec]: -1.000000 
(OceanK2) Ocean's Love number k_2 []: 0.010000 
(EnvTidalQ) Envelope Tidal Q []: -1.000000 
(OceanTidalQ) Ocean Tidal Q []: -1.000000 
(TideLock) Tidally Locked? []: 0.000000 
(RotTimeEqtide) Timescale for Rotational Evolution in EqTide [sec]: 2.950464e+09 
(EnvK2) Envelope's Love number k_2 []: 0.010000 
(OblTimeEqtide) Timescale for Obliquity Evolution in EqTide []: -1.000000 
(PowerEqtide) Internal Power due to Tides in EqTide [kg*m^2/sec^3]: 3.954683e+18 
(SurfEnFluxEqtide) Surface Energy Flux due to Tides in EqTide [kg*m^2/sec^2/(m^2*sec)]: 4577.542957 
Tidal Perturbers: star
----- DISTORB PARAMETERS (b)------
(Sinc) Body's sin(Inc/2) in DistOrb []: 0.005507 
(Pinc) Body's Poincare p in DistOrb []: -0.005420 
(Qinc) Body's Poincare q in DistOrb []: 0.000973 
(DIncDtDistOrb) Body's inclination derivative in DistOrb [rad/sec]: 1.660127e-13 
(DSincDtDistOrb) Body's sin(Inc/2) derivative in DistOrb [/sec]: 8.300507e-14 
(DLongADtDistOrb) Body's longitude of ascending node derivative in DistOrb [rad/sec]: -3.881198e-10 
(DLongPDtDistOrb) Body's longitude of pericenter derivative in DistOrb [rad/sec]: 2.137997e-10 
(DHeccDtDistOrb) Body's Poincare h derivative in DistOrb [/sec]: -6.922724e-12 
(DKeccDtDistOrb) Body's Poincare k in DistOrb [/sec]: 2.435109e-11 
(DPincDtDistOrb) Body's Poincare p in DistOrb [/sec]: -4.594089e-13 
(DQincDtDistOrb) Body's Poincare q in DistOrb [/sec]: -2.088880e-12 
Output Order: Time[year] TotEnergy[ergs] TotAngMom[kg*m^2/s] RotPer[days] LongP[deg] SemiMajorAxis[au] Eccentricity[] SurfEnFluxTotal[W/m^2]
Grid Output Order:

----- BODY: c ----
Active Modules: DistOrb EqTide
Module Bit Sum: 19
Color: 000000
(Mass) Mass [kg]: 1.493046e+25 
(Obliquity) Obliquity [rad]: 0.000000 
(PrecA) Body's precession angle [rad]: 0.000000 
(Xobl) Body's sin(obliquity)*cos(precession angle) []: 0.000000 
(Yobl) Body's sin(obliquity)*sin(precession angle) []: 0.000000 
(Zobl) Body's cos(obliquity) []: 1.000000 
(Radius) Radius [m]: 8.718863e+06 
(RadGyra) Radius of Gyration/Moment of Inertia Constant []: 0.400000 
(RotAngMom) Rotational Angular Momentum [kg*m^2/sec]: 1.320624e+34 
(RotKinEnergy) Body's Rotational Energy [kg*m^2/sec^2]: 4.801924e+29 
(RotVel) Rotational Velocity [m/sec]: 634.053588 
(BodyType) Type of Body (0 == planet) []: 0.000000 
(RotRate) Rotational Frequency [/sec]: 7.272205e-05 
(RotPer) Rotational Period [days]: 1.000000 
(Density) Average Density [kg/m^3]: 5377.806954 
(SurfEnFluxTotal) Total Surface Energy Flux [W/m^2]: 1310.890841 
(TidalQ) Tidal Q []: 100.000000 
(ImK2) Im(k_2) []: -0.003000 
(K2) k_2 []: 0.300000 
(K2Man) Real Love Number k2 Mantle []: 0.010000 
(Imk2Man) Imaginary Love Number k2 Mantle []: 0.000000 
(TidalQMantle) Mantle's Tidal Q []: 100.000000 
(HEcc) Poincare's h (=e*sin(varpi) []: 0.067236 
(HZLimitDryRunaway) Semi-major axis of Dry Runaway HZ Limit [m]: 4.091095e+10 
(HZLimRecVenus) Recent Venus HZ Limit [m]: 3.662409e+10 
(HZLimRunaway) Runaway Greenhouse HZ Limit [m]: 4.820644e+10 
(HZLimMoistGreenhouse) Moist Greenhouse HZ Limit [m]: 4.845974e+10 
(HZLimMaxGreenhouse) Maximum Greenhouse HZ Limit [m]: 9.292342e+10 
(HZLimEarlyMars) Early Mars HZ Limit [m]: 1.013425e+11 
(Instellation) Orbit-averaged INcident STELLar radiATION [kg*m^2/sec^2/(m^2*sec)]: 7.738682e+04 
(KEcc) Poincare's k (=e*cos(varpi) []: -0.074023 
(Eccentricity) Orbital Eccentricity []: 0.100000 
(OrbEnergy) Body's Total Orbital Energy [kg*m^2/sec^2]: -1.955997e+34 
(MeanMotion) Orbital Mean Motion [/sec]: 8.564604e-06 
(OrbPeriod) Orbital Period [sec]: 7.336224e+05 
(SemiMajorAxis) Semi-major Axis [m]: 5.976803e+09 
(CriticalSemiMajorAxis) Holman & Wiegert (1999) P-type Critical Semi-major Axis [m]: -1.000000 
(COPP) Climate Obliquity Precession Parameter []: 0.000000 
(OrbAngMom) Orbital Angular Momentum [kg*m^2/sec]: 4.544733e+39 
(ArgP) Body's argument of pericenter [rad]: 0.655623 
(Inc) Body's Inclination [rad]: 0.007021 
(LongA) Body's Longitude of ascending node [rad]: 1.748580 
(MeanLongitude) Orbital Mean Longitude [rad]: 2.404203 
(LongP) Body's Longitude of pericenter [rad]: 2.404203 
(TotOrbEnergy) System's Total Orbital Energy [kg*m^2/sec^2]: -5.703859e+34 
(OrbPotEnergy) Body's Orbital Potential Energy [kg*m^2/sec^2]: -3.911993e+34 
(LostEnergy) Body's Total Lost Energy [kg*m^2/sec^2]: 5.562685e-309 
----- EQTIDE PARAMETERS (c)------
(TidalRadius) In EqTide, the value of the radius that enters the tidal evolution equations. This parameter is distinct from others, such as the radius of XUV absorption or a pressure level in an atmosphere. [m]: 8.718863e+06 
(DsemiDtEqtide) Total da/dt from EqTide [m/sec]: 5.414479e-08 
(DeccDtEqtide) Total de/dt from EqTide [/sec]: 1.908248e-18 
(DMeanMotionDtEqtide) Total dMeanMotion/dt from EqTide [/sec^2]: -1.163821e-22 
(DOrbPerDtEqtide) Total dOrbPer/dt from EqTide []: 9.969001e-12 
(EccTimeEqtide) Timescale for Eccentricity Evolution (e/[de/dt]) in EqTide [sec]: 5.240409e+16 
(SemiTimeEqtide) Timescale for Semi-major Axis Evolution (a/[da/dt]) in EqTide [sec]: 1.103855e+17 
(DHEccDtEqtide) Time Rate of Change of Poincare's h in EqTide [/sec]: 1.283026e-18 
(DKEccDtEqtide) Time Rate of Change of Poincare's k in EqTide [/sec]: -1.412535e-18 
(DXoblDtEqtide) Time Rate of Change of Laskar's X in EqTide [/sec]: 0.000000 
(DYoblDtEqtide) Time Rate of Change of Laskar's Y in EqTide [/sec]: 0.000000 
(DZoblDtEqtide) Time Rate of Change of Laskar's Z in EqTide [/sec]: 0.000000 
(LockTime) Time when body tidally locked. [sec]: -1.000000 
(BodyDsemiDtEqtide) In EqTide, the total change in semi-major axis is due to dissipation in both bodies. This output parameter returns the change due to current body. []: -1.000000 
(BodyDeccDt) In EqTide, the total change in eccentricity is due to towrues on both bodies. This output parameter returns the change due to current body. []: -1.000000 
(DOblDtEqtide) Time Rate of Change of Obliquity in EqTide [rad/sec]: 0.000000 
(DRotPerDtEqtide) Time Rate of Change of Rotation Period in EqTide []: 1.285358e-07 
(DRotRateDtEqtide) Time Rate of Change of Rotational Frequency in EqTide [/sec^2]: -1.081874e-16 
(EqRotRateDiscrete) CPL2 Discrete Equilibrium Spin Rate [/sec]: 8.564604e-06 
(EqRotPerDiscrete) CPL2 Discrete Equilibrium Spin Period [sec]: 7.336224e+05 
(EqRotRateCont) CPL2 Continuous Equilibrium Spin Rate [/sec]: 9.378241e-06 
(EqRotPerCont) CPL2 Continuous Equilibrium Rotation Period [sec]: 6.699748e+05 
(EqRotPer) Equilibrium Rotation Period [sec]: 7.336224e+05 
(EqTidePower) Equilibrium Power from Tides [/sec]: 0.000000 
(GammaRot) Gamma_Rotation [sec]: -1.000000 
(GammaOrb) Gamma_Orbital [sec]: -1.000000 
(OceanK2) Ocean's Love number k_2 []: 0.010000 
(EnvTidalQ) Envelope Tidal Q []: -1.000000 
(OceanTidalQ) Ocean Tidal Q []: -1.000000 
(TideLock) Tidally Locked? []: 0.000000 
(RotTimeEqtide) Timescale for Rotational Evolution in EqTide [sec]: 6.721861e+11 
(EnvK2) Envelope's Love number k_2 []: 0.010000 
(OblTimeEqtide) Timescale for Obliquity Evolution in EqTide []: -1.000000 
(PowerEqtide) Internal Power due to Tides in EqTide [kg*m^2/sec^3]: 1.252265e+18 
(SurfEnFluxEqtide) Surface Energy Flux due to Tides in EqTide [kg*m^2/sec^2/(m^2*sec)]: 1310.890841 
Tidal Perturbers: star
----- DISTORB PARAMETERS (c)------
(Sinc) Body's sin(Inc/2) in DistOrb []: 0.003511 
(Pinc) Body's Poincare p in DistOrb []: 0.003455 
(Qinc) Body's Poincare q in DistOrb []: -0.000621 
(DIncDtDistOrb) Body's inclination derivative in DistOrb [rad/sec]: 1.208191e-13 
(DSincDtDistOrb) Body's sin(Inc/2) derivative in DistOrb [/sec]: 6.040919e-14 
(DLongADtDistOrb) Body's longitude of ascending node derivative in DistOrb [rad/sec]: -3.880950e-10 
(DLongPDtDistOrb) Body's longitude of pericenter derivative in DistOrb [rad/sec]: 1.414275e-10 
(DHeccDtDistOrb) Body's Poincare h derivative in DistOrb [/sec]: -4.671559e-12 
(DKeccDtDistOrb) Body's Poincare k in DistOrb [/sec]: -1.589145e-11 
(DPincDtDistOrb) Body's Poincare p in DistOrb [/sec]: 3.004008e-13 
(DQincDtDistOrb) Body's Poincare q in DistOrb [/sec]: 1.330274e-12 
Output Order: Time[year] RotPer[days] LongP[deg] SemiMajorAxis[au] Eccentricity[] SurfEnFluxTotal[W/m^2]
Grid Output Order:



---- FINAL SYSTEM PROPERTIES ----
(Age) System Age [sec]: 3.187318e+15 
(Time) Simulation Time [sec]: 3.155760e+15 
(TotAngMom) Total Angular Momentum [kg*m^2/sec]: 4.161964e+42 
(TotEnergy) Total System Energy [kg*m^2/sec^2]: -2.499797e+39 
(PotEnergy) Body's non-orbital Potential Energy [kg*m^2/sec^2]: -1.581784e+40 
(KinEnergy) Body's non-orbital Kinetic Energy [kg*m^2/sec^2]: 4.963450e+37 
(DeltaTime) Average Timestep Over Last Output Interval [sec]: 1.514176e+04 

----- BODY: star ----
Active Modules: EqTide STELLAR
Module Bit Sum: 67
Color: 000000
(Mass) Mass [kg]: 2.346331e+29 
(Obliquity) Obliquity [rad]: 0.000000 
(PrecA) Body's precession angle [rad]: 0.000000 
(Xobl) Body's sin(obliquity)*cos(precession angle) []: 0.000000 
(Yobl) Body's sin(obliquity)*sin(precession angle) []: 0.000000 
(Zobl) Body's cos(obliquity) []: 1.000000 
(Radius) Radius [Rearth]: 21.852219 
(RadGyra) Radius of Gyration/Moment of Inertia Constant []: 0.463565 
(RotAngMom) Rotational Angular Momentum [kg*m^2/sec]: 3.118164e+41 
(RotKinEnergy) Body's Rotational Energy [kg*m^2/sec^2]: 4.963450e+37 
(RotVel) Rotational Velocity [m/sec]: 4.437125e+04 
(BodyType) Type of Body (0 == planet) []: 0.000000 
(RotRate) Rotational Frequency [/sec]: 0.000318 
(RotPer) Rotational Period [days]: 0.228429 
(Density) Average Density [kg/m^3]: 2.068902e+04 
(SurfEnFluxTotal) Total Surface Energy Flux [kg*m^2/sec^2/(m^2*sec)]: 0.001252 
(TidalQ) Tidal Q []: 1.000000e+06 
(ImK2) Im(k_2) []: -5.000000e-07 
(K2) k_2 []: 0.500000 
(K2Man) Real Love Number k2 Mantle []: 0.010000 
(Imk2Man) Imaginary Love Number k2 Mantle []: 0.000000 
(TidalQMantle) Mantle's Tidal Q []: 100.000000 
(HEcc) Poincare's h (=e*sin(varpi) []: 0.000000 
(HZLimitDryRunaway) Semi-major axis of Dry Runaway HZ Limit [m]: 7.654087e+09 
(HZLimRecVenus) Recent Venus HZ Limit [m]: 6.875464e+09 
(HZLimRunaway) Runaway Greenhouse HZ Limit [m]: 9.056456e+09 
(HZLimMoistGreenhouse) Moist Greenhouse HZ Limit [m]: 9.097374e+09 
(HZLimMaxGreenhouse) Maximum Greenhouse HZ Limit [m]: 1.738414e+10 
(HZLimEarlyMars) Early Mars HZ Limit [m]: 1.895918e+10 
(Instellation) Orbit-averaged INcident STELLar radiATION [kg*m^2/sec^2/(m^2*sec)]: -1.000000 
(KEcc) Poincare's k (=e*cos(varpi) []: 0.000000 
(Eccentricity) Orbital Eccentricity []: -1.000000 
(OrbEnergy) Body's Total Orbital Energy [kg*m^2/sec^2]: 0.000000 
(MeanMotion) Orbital Mean Motion [/sec]: -1.000000 
(OrbPeriod) Orbital Period [sec]: -1.000000 
(SemiMajorAxis) Semi-major Axis [m]: -1.000000 
(CriticalSemiMajorAxis) Holman & Wiegert (1999) P-type Critical Semi-major Axis [m]: -1.000000 
(COPP) Climate Obliquity Precession Parameter []: 0.000000 
(OrbAngMom) Orbital Angular Momentum [kg*m^2/sec]: 0.000000 
(LongP) Body's Longitude of pericenter [rad]: 0.000000 
(LXUVTot) Total XUV Luminosity [kg*m^2/sec^2/(m^2*sec)]: 1.207228e+21 
(TotOrbEnergy) System's Total Orbital Energy [kg*m^2/sec^2]: -5.799857e+34 
(OrbPotEnergy) Body's Orbital Potential Energy [kg*m^2/sec^2]: -1.000000 
(LostEnergy) Body's Total Lost Energy [kg*m^2/sec^2]: 1.326847e+40 
(LostAngMom) Lost Angular Momentum due to Magnetic Braking [kg*m^2/sec]: 3.842705e+42 
----- EQTIDE PARAMETERS (star)------
(LockTime) Time when body tidally locked. [sec]: -1.000000 
(BodyDsemiDtEqtide) In EqTide, the total change in semi-major axis is due to dissipation in both bodies. This output parameter returns the change due to current body. []: -1.000000 
(BodyDeccDt) In EqTide, the total change in eccentricity is due to towrues on both bodies. This output parameter returns the change due to current body. []: -1.000000 
(DOblDtEqtide) Time Rate of Change of Obliquity in EqTide [rad/sec]: 0.000000 
(DRotPerDtEqtide) Time Rate of Change of Rotation Period in EqTide []: 6.629475e-20 
(DRotRateDtEqtide) Time Rate of Change of Rotational Frequency in EqTide [/sec^2]: -1.069372e-27 
(EqRotRateDiscrete) CPL2 Discrete Equilibrium Spin Rate [/sec]: 2.673358e-05 
(EqRotPerDiscrete) CPL2 Discrete Equilibrium Spin Period [sec]: 2.350297e+05 
(EqRotRateCont) CPL2 Continuous Equilibrium Spin Rate [/sec]: 2.673530e-05 
(EqRotPerCont) CPL2 Continuous Equilibrium Rotation Period [sec]: 2.350146e+05 
(EqRotPer) Equilibrium Rotation Period [sec]: 2.350297e+05 
(EqTidePower) Equilibrium Power from Tides [/sec]: 0.000000 
(GammaRot) Gamma_Rotation [sec]: -1.000000 
(GammaOrb) Gamma_Orbital [sec]: -1.000000 
(OceanK2) Ocean's Love number k_2 []: 0.010000 
(EnvTidalQ) Envelope Tidal Q []: -1.000000 
(OceanTidalQ) Ocean Tidal Q []: -1.000000 
(TideLock) Tidally Locked? []: 0.000000 
(RotTimeEqtide) Timescale for Rotational Evolution in EqTide [sec]: 1.056211e-27 
(EnvK2) Envelope's Love number k_2 []: 0.010000 
(OblTimeEqtide) Timescale for Obliquity Evolution in EqTide []: -1.000000 
(PowerEqtide) Internal Power due to Tides in EqTide [kg*m^2/sec^3]: 3.056801e+14 
(SurfEnFluxEqtide) Surface Energy Flux due to Tides in EqTide [kg*m^2/sec^2/(m^2*sec)]: 0.001252 
Tidal Perturbers: b, c
----- STELLAR PARAMETERS (star)------
(Luminosity) Luminosity [LSUN]: 0.003178 
(LXUVStellar) Base X-ray/XUV Luminosity [kg*m^2/sec^3]: 1.207228e+21 
(Temperature) Effective Temperature [K]: 3066.436303 
(LXUVFrac) Fraction of luminosity in XUV []: 0.000988 
(RossbyNumber) Rossby Number []: 0.003496 
(DRotPerDtStellar) Time Rate of Change of Rotation Period in STELLAR []: -1.934796e-12 
Output Order: Time[year] Radius[Rearth] RotPer[days] Luminosity[LSUN]
Grid Output Order:

----- BODY: b ----
Active Modules: DistOrb EqTide
Module Bit Sum: 19
Color: 000000
(Mass) Mass [kg]: 1.373603e+25 
(Obliquity) Obliquity [rad]: 0.000000 
(PrecA) Body's precession angle [rad]: 0.000000 
(Xobl) Body's sin(obliquity)*cos(precession angle) []: 0.000000 
(Yobl) Body's sin(obliquity)*sin(precession angle) []: 0.000000 
(Zobl) Body's cos(obliquity) []: 1.000000 
(Radius) Radius [m]: 8.291530e+06 
(RadGyra) Radius of Gyration/Moment of Inertia Constant []: 0.400000 
(RotAngMom) Rotational Angular Momentum [kg*m^2/sec]: 4.039314e+33 
(RotKinEnergy) Body's Rotational Energy [kg*m^2/sec^2]: 5.399266e+28 
(RotVel) Rotational Velocity [m/sec]: 221.662280 
(BodyType) Type of Body (0 == planet) []: 0.000000 
(RotRate) Rotational Frequency [/sec]: 2.673358e-05 
(RotPer) Rotational Period [days]: 2.720251 
(Density) Average Density [kg/m^3]: 5752.657562 
(SurfEnFluxTotal) Total Surface Energy Flux [W/m^2]: 1.974500 
(TidalQ) Tidal Q []: 100.000000 
(ImK2) Im(k_2) []: -0.003000 
(K2) k_2 []: 0.300000 
(K2Man) Real Love Number k2 Mantle []: 0.010000 
(Imk2Man) Imaginary Love Number k2 Mantle []: 0.000000 
(TidalQMantle) Mantle's Tidal Q []: 100.000000 
(HEcc) Poincare's h (=e*sin(varpi) []: -0.001352 
(HZLimitDryRunaway) Semi-major axis of Dry Runaway HZ Limit [m]: 7.654113e+09 
(HZLimRecVenus) Recent Venus HZ Limit [m]: 6.875464e+09 
(HZLimRunaway) Runaway Greenhouse HZ Limit [m]: 9.056456e+09 
(HZLimMoistGreenhouse) Moist Greenhouse HZ Limit [m]: 9.097374e+09 
(HZLimMaxGreenhouse) Maximum Greenhouse HZ Limit [m]: 1.738414e+10 
(HZLimEarlyMars) Early Mars HZ Limit [m]: 1.895918e+10 
(Instellation) Orbit-averaged INcident STELLar radiATION [kg*m^2/sec^2/(m^2*sec)]: 1.241919e+04 
(KEcc) Poincare's k (=e*cos(varpi) []: -0.002220 
(Eccentricity) Orbital Eccentricity []: 0.002599 
(OrbEnergy) Body's Total Orbital Energy [kg*m^2/sec^2]: -3.843468e+34 
(MeanMotion) Orbital Mean Motion [/sec]: 2.673358e-05 
(OrbPeriod) Orbital Period [sec]: 2.350297e+05 
(SemiMajorAxis) Semi-major Axis [m]: 2.798347e+09 
(CriticalSemiMajorAxis) Holman & Wiegert (1999) P-type Critical Semi-major Axis [m]: -1.000000 
(COPP) Climate Obliquity Precession Parameter []: -0.000000 
(OrbAngMom) Orbital Angular Momentum [kg*m^2/sec]: 2.875376e+39 
(ArgP) Body's argument of pericenter [rad]: 3.684866 
(Inc) Body's Inclination [rad]: 0.011067 
(LongA) Body's Longitude of ascending node [rad]: 0.003940 
(MeanLongitude) Orbital Mean Longitude [rad]: -2.594379 
(LongP) Body's Longitude of pericenter [rad]: 3.688806 
(TotOrbEnergy) System's Total Orbital Energy [kg*m^2/sec^2]: -5.799857e+34 
(OrbPotEnergy) Body's Orbital Potential Energy [kg*m^2/sec^2]: -7.686935e+34 
(LostEnergy) Body's Total Lost Energy [kg*m^2/sec^2]: 9.622730e+32 
----- EQTIDE PARAMETERS (b)------
(TidalRadius) In EqTide, the value of the radius that enters the tidal evolution equations. This parameter is distinct from others, such as the radius of XUV absorption or a pressure level in an atmosphere. [m]: 8.291530e+06 
(DsemiDtEqtide) Total da/dt from EqTide [m/sec]: -1.221844e-10 
(DeccDtEqtide) Total de/dt from EqTide [/sec]: -8.538308e-18 
(DMeanMotionDtEqtide) Total dMeanMotion/dt from EqTide [/sec^2]: 1.750904e-24 
(DOrbPerDtEqtide) Total dOrbPer/dt from EqTide []: -1.539317e-14 
(EccTimeEqtide) Timescale for Eccentricity Evolution (e/[de/dt]) in EqTide [sec]: 3.043962e+14 
(SemiTimeEqtide) Timescale for Semi-major Axis Evolution (a/[da/dt]) in EqTide [sec]: 2.290266e+19 
(DHEccDtEqtide) Time Rate of Change of Poincare's h in EqTide [/sec]: 4.442565e-18 
(DKEccDtEqtide) Time Rate of Change of Poincare's k in EqTide [/sec]: 7.291524e-18 
(DXoblDtEqtide) Time Rate of Change of Laskar's X in EqTide [/sec]: 0.000000 
(DYoblDtEqtide) Time Rate of Change of Laskar's Y in EqTide [/sec]: 0.000000 
(DZoblDtEqtide) Time Rate of Change of Laskar's Z in EqTide [/sec]: 0.000000 
(LockTime) Time when body tidally locked. [sec]: 1.515622e+08 
(BodyDsemiDtEqtide) In EqTide, the total change in semi-major axis is due to dissipation in both bodies. This output parameter returns the change due to current body. []: -1.000000 
(BodyDeccDt) In EqTide, the total change in eccentricity is due to towrues on both bodies. This output parameter returns the change due to current body. []: -1.000000 
(DOblDtEqtide) Time Rate of Change of Obliquity in EqTide [rad/sec]: 0.000000 
(DRotPerDtEqtide) Time Rate of Change of Rotation Period in EqTide []: -4.890464e-299 
(DRotRateDtEqtide) Time Rate of Change of Rotational Frequency in EqTide [/sec^2]: 5.562685e-309 
(EqRotRateDiscrete) CPL2 Discrete Equilibrium Spin Rate [/sec]: 2.673358e-05 
(EqRotPerDiscrete) CPL2 Discrete Equilibrium Spin Period [sec]: 2.350297e+05 
(EqRotRateCont) CPL2 Continuous Equilibrium Spin Rate [/sec]: 2.673530e-05 
(EqRotPerCont) CPL2 Continuous Equilibrium Rotation Period [sec]: 2.350146e+05 
(EqRotPer) Equilibrium Rotation Period [sec]: 2.350297e+05 
(EqTidePower) Equilibrium Power from Tides [/sec]: -0.000000 
(GammaRot) Gamma_Rotation [sec]: -1.000000 
(GammaOrb) Gamma_Orbital [sec]: -1.000000 
(OceanK2) Ocean's Love number k_2 []: 0.010000 
(EnvTidalQ) Envelope Tidal Q []: -1.000000 
(OceanTidalQ) Ocean Tidal Q []: -1.000000 
(TideLock) Tidally Locked? []: 1.000000 
(RotTimeEqtide) Timescale for Rotational Evolution in EqTide [sec]: 4.805877e+303 
(EnvK2) Envelope's Love number k_2 []: 0.010000 
(OblTimeEqtide) Timescale for Obliquity Evolution in EqTide []: -1.000000 
(PowerEqtide) Internal Power due to Tides in EqTide [kg*m^2/sec^3]: 1.705832e+15 
(SurfEnFluxEqtide) Surface Energy Flux due to Tides in EqTide [kg*m^2/sec^2/(m^2*sec)]: 1.974500 
Tidal Perturbers: star
----- DISTORB PARAMETERS (b)------
(Sinc) Body's sin(Inc/2) in DistOrb []: 0.005534 
(Pinc) Body's Poincare p in DistOrb []: 2.180433e-05 
(Qinc) Body's Poincare q in DistOrb []: 0.005534 
(DIncDtDistOrb) Body's inclination derivative in DistOrb [rad/sec]: -8.244313e-16 
(DSincDtDistOrb) Body's sin(Inc/2) derivative in DistOrb [/sec]: -4.122093e-16 
(DLongADtDistOrb) Body's longitude of ascending node derivative in DistOrb [rad/sec]: -3.675354e-10 
(DLongPDtDistOrb) Body's longitude of pericenter derivative in DistOrb [rad/sec]: 7.229591e-11 
(DHeccDtDistOrb) Body's Poincare h derivative in DistOrb [/sec]: -1.513805e-13 
(DKeccDtDistOrb) Body's Poincare k in DistOrb [/sec]: 1.126706e-13 
(DPincDtDistOrb) Body's Poincare p in DistOrb [/sec]: -2.033779e-12 
(DQincDtDistOrb) Body's Poincare q in DistOrb [/sec]: 7.601658e-15 
Output Order: Time[year] TotEnergy[ergs] TotAngMom[kg*m^2/s] RotPer[days] LongP[deg] SemiMajorAxis[au] Eccentricity[] SurfEnFluxTotal[W/m^2]
Grid Output Order:

----- BODY: c ----
Active Modules: DistOrb EqTide
Module Bit Sum: 19
Color: 000000
(Mass) Mass [kg]: 1.493046e+25 
(Obliquity) Obliquity [rad]: 0.000000 
(PrecA) Body's precession angle [rad]: 0.000000 
(Xobl) Body's sin(obliquity)*cos(precession angle) []: 0.000000 
(Yobl) Body's sin(obliquity)*sin(precession angle) []: 0.000000 
(Zobl) Body's cos(obliquity) []: 1.000000 
(Radius) Radius [m]: 8.718863e+06 
(RadGyra) Radius of Gyration/Moment of Inertia Constant []: 0.400000 
(RotAngMom) Rotational Angular Momentum [kg*m^2/sec]: 1.555790e+33 
(RotKinEnergy) Body's Rotational Energy [kg*m^2/sec^2]: 6.664371e+27 
(RotVel) Rotational Velocity [m/sec]: 74.696098 
(BodyType) Type of Body (0 == planet) []: 0.000000 
(RotRate) Rotational Frequency [/sec]: 8.567184e-06 
(RotPer) Rotational Period [days]: 8.488443 
(Density) Average Density [kg/m^3]: 5377.806954 
(SurfEnFluxTotal) Total Surface Energy Flux [W/m^2]: 0.010627 
(TidalQ) Tidal Q []: 100.000000 
(ImK2) Im(k_2) []: -0.003000 
(K2) k_2 []: 0.300000 
(K2Man) Real Love Number k2 Mantle []: 0.010000 
(Imk2Man) Imaginary Love Number k2 Mantle []: 0.000000 
(TidalQMantle) Mantle's Tidal Q []: 100.000000 
(HEcc) Poincare's h (=e*sin(varpi) []: -0.001465 
(HZLimitDryRunaway) Semi-major axis of Dry Runaway HZ Limit [m]: 7.654123e+09 
(HZLimRecVenus) Recent Venus HZ Limit [m]: 6.875464e+09 
(HZLimRunaway) Runaway Greenhouse HZ Limit [m]: 9.056456e+09 
(HZLimMoistGreenhouse) Moist Greenhouse HZ Limit [m]: 9.097374e+09 
(HZLimMaxGreenhouse) Maximum Greenhouse HZ Limit [m]: 1.738414e+10 
(HZLimEarlyMars) Early Mars HZ Limit [m]: 1.895918e+10 
(Instellation) Orbit-averaged INcident STELLar radiATION [kg*m^2/sec^2/(m^2*sec)]: 2723.538086 
(KEcc) Poincare's k (=e*cos(varpi) []: -0.002666 
(Eccentricity) Orbital Eccentricity []: 0.003042 
(OrbEnergy) Body's Total Orbital Energy [kg*m^2/sec^2]: -1.956389e+34 
(MeanMotion) Orbital Mean Motion [/sec]: 8.567184e-06 
(OrbPeriod) Orbital Period [sec]: 7.334015e+05 
(SemiMajorAxis) Semi-major Axis [m]: 5.975603e+09 
(CriticalSemiMajorAxis) Holman & Wiegert (1999) P-type Critical Semi-major Axis [m]: -1.000000 
(COPP) Climate Obliquity Precession Parameter []: -0.000000 
(OrbAngMom) Orbital Angular Momentum [kg*m^2/sec]: 4.567149e+39 
(ArgP) Body's argument of pericenter [rad]: 0.499053 
(Inc) Body's Inclination [rad]: 0.006963 
(LongA) Body's Longitude of ascending node [rad]: 3.145028 
(MeanLongitude) Orbital Mean Longitude [rad]: -2.639104 
(LongP) Body's Longitude of pericenter [rad]: 3.644081 
(TotOrbEnergy) System's Total Orbital Energy [kg*m^2/sec^2]: -5.799857e+34 
(OrbPotEnergy) Body's Orbital Potential Energy [kg*m^2/sec^2]: -3.912779e+34 
(LostEnergy) Body's Total Lost Energy [kg*m^2/sec^2]: 4.428996e+30 
----- EQTIDE PARAMETERS (c)------
(TidalRadius) In EqTide, the value of the radius that enters the tidal evolution equations. This parameter is distinct from others, such as the radius of XUV absorption or a pressure level in an atmosphere. [m]: 8.718863e+06 
(DsemiDtEqtide) Total da/dt from EqTide [m/sec]: -3.066967e-12 
(DeccDtEqtide) Total de/dt from EqTide [/sec]: -8.530048e-20 
(DMeanMotionDtEqtide) Total dMeanMotion/dt from EqTide [/sec^2]: 6.595637e-27 
(DOrbPerDtEqtide) Total dOrbPer/dt from EqTide []: -5.646255e-16 
(EccTimeEqtide) Timescale for Eccentricity Evolution (e/[de/dt]) in EqTide [sec]: 3.565702e+16 
(SemiTimeEqtide) Timescale for Semi-major Axis Evolution (a/[da/dt]) in EqTide [sec]: 1.948375e+21 
(DHEccDtEqtide) Time Rate of Change of Poincare's h in EqTide [/sec]: 4.108137e-20 
(DKEccDtEqtide) Time Rate of Change of Poincare's k in EqTide [/sec]: 7.475623e-20 
(DXoblDtEqtide) Time Rate of Change of Laskar's X in EqTide [/sec]: 0.000000 
(DYoblDtEqtide) Time Rate of Change of Laskar's Y in EqTide [/sec]: 0.000000 
(DZoblDtEqtide) Time Rate of Change of Laskar's Z in EqTide [/sec]: 0.000000 
(LockTime) Time when body tidally locked. [sec]: 6.067148e+11 
(BodyDsemiDtEqtide) In EqTide, the total change in semi-major axis is due to dissipation in both bodies. This output parameter returns the change due to current body. []: -1.000000 
(BodyDeccDt) In EqTide, the total change in eccentricity is due to towrues on both bodies. This output parameter returns the change due to current body. []: -1.000000 
(DOblDtEqtide) Time Rate of Change of Obliquity in EqTide [rad/sec]: 0.000000 
(DRotPerDtEqtide) Time Rate of Change of Rotation Period in EqTide []: -4.761987e-298 
(DRotRateDtEqtide) Time Rate of Change of Rotational Frequency in EqTide [/sec^2]: 5.562685e-309 
(EqRotRateDiscrete) CPL2 Discrete Equilibrium Spin Rate [/sec]: 8.567184e-06 
(EqRotPerDiscrete) CPL2 Discrete Equilibrium Spin Period [sec]: 7.334015e+05 
(EqRotRateCont) CPL2 Continuous Equilibrium Spin Rate [/sec]: 8.567937e-06 
(EqRotPerCont) CPL2 Continuous Equilibrium Rotation Period [sec]: 7.333371e+05 
(EqRotPer) Equilibrium Rotation Period [sec]: 7.334015e+05 
(EqTidePower) Equilibrium Power from Tides [/sec]: 0.000000 
(GammaRot) Gamma_Rotation [sec]: -1.000000 
(GammaOrb) Gamma_Orbital [sec]: -1.000000 
(OceanK2) Ocean's Love number k_2 []: 0.010000 
(EnvTidalQ) Envelope Tidal Q []: -1.000000 
(OceanTidalQ) Ocean Tidal Q []: -1.000000 
(TideLock) Tidally Locked? []: 1.000000 
(RotTimeEqtide) Timescale for Rotational Evolution in EqTide [sec]: 1.540117e+303 
(EnvK2) Envelope's Love number k_2 []: 0.010000 
(OblTimeEqtide) Timescale for Obliquity Evolution in EqTide []: -1.000000 
(PowerEqtide) Internal Power due to Tides in EqTide [kg*m^2/sec^3]: 1.015158e+13 
(SurfEnFluxEqtide) Surface Energy Flux due to Tides in EqTide [kg*m^2/sec^2/(m^2*sec)]: 0.010627 
Tidal Perturbers: star
----- DISTORB PARAMETERS (c)------
(Sinc) Body's sin(Inc/2) in DistOrb []: 0.003481 
(Pinc) Body's Poincare p in DistOrb []: -1.196056e-05 
(Qinc) Body's Poincare q in DistOrb []: -0.003481 
(DIncDtDistOrb) Body's inclination derivative in DistOrb [rad/sec]: 7.749128e-16 
(DSincDtDistOrb) Body's sin(Inc/2) derivative in DistOrb [/sec]: 3.874541e-16 
(DLongADtDistOrb) Body's longitude of ascending node derivative in DistOrb [rad/sec]: -3.677863e-10 
(DLongPDtDistOrb) Body's longitude of pericenter derivative in DistOrb [rad/sec]: 7.149045e-11 
(DHeccDtDistOrb) Body's Poincare h derivative in DistOrb [/sec]: -1.951409e-13 
(DKeccDtDistOrb) Body's Poincare k in DistOrb [/sec]: 9.639305e-14 
(DPincDtDistOrb) Body's Poincare p in DistOrb [/sec]: 1.280406e-12 
(DQincDtDistOrb) Body's Poincare q in DistOrb [/sec]: -4.786382e-15 
Output Order: Time[year] RotPer[days] LongP[deg] SemiMajorAxis[au] Eccentricity[] SurfEnFluxTotal[W/m^2]
Grid Output Order:
