-------- Log file LP890-9.log -------

Executable: /home/user/envs/py39/bin/vplanet
Version: Unknown
System Name: LP890-9
Primary Input File: vpl.in
Body File #1: star.in
Body File #2: b.in
Body File #3: c.in
Allow files to be overwitten: Yes
Mass Units: Grams
Length Units: Meters
Time Units: Seconds
Angle Units: Radians

------- FORMATTING -----
Verbosity Level: 1
Crossover Decade for Scientific Notation: 4
Number of Digits After Decimal: 6
Integration Method: Runge-Kutta4
Direction: Forward
Time Step: 3.155760e+07
Stop Time: 1.577880e+16
Output Interval: 3.155760e+13
Use Variable Timestep: Yes
dEta: 0.001000
Minimum Value of ecc and obl: 1.000000e-10


---- INITIAL SYSTEM PROPERTIES ----
(Age) System Age [sec]: 3.155760e+13 
(Time) Simulation Time [sec]: 0.000000 
(TotAngMom) Total Angular Momentum [kg*m^2/sec]: 4.162113e+42 
(TotEnergy) Total System Energy [kg*m^2/sec^2]: -2.499794e+39 
(PotEnergy) Body's non-orbital Potential Energy [kg*m^2/sec^2]: -2.801863e+39 
(KinEnergy) Body's non-orbital Kinetic Energy [kg*m^2/sec^2]: 3.021254e+38 
(DeltaTime) Average Timestep Over Last Output Interval [sec]: 0.000000 

----- BODY: star ----
Active Modules: EqTide STELLAR
Module Bit Sum: 67
Color: 000000
(Mass) Mass [kg]: 2.346331e+29 
(Obliquity) Obliquity [rad]: 0.000000 
(PrecA) Body's precession angle [rad]: 0.000000 
(Xobl) Body's sin(obliquity)*cos(precession angle) []: 0.000000 
(Yobl) Body's sin(obliquity)*sin(precession angle) []: 0.000000 
(Zobl) Body's cos(obliquity) []: 1.000000 
(Radius) Radius [Rearth]: 123.366131 
(RadGyra) Radius of Gyration/Moment of Inertia Constant []: 0.443436 
(RotAngMom) Rotational Angular Momentum [kg*m^2/sec]: 4.154523e+42 
(RotKinEnergy) Body's Rotational Energy [kg*m^2/sec^2]: 3.021254e+38 
(RotVel) Rotational Velocity [m/sec]: 1.144415e+05 
(BodyType) Type of Body (0 == planet) []: 0.000000 
(RotRate) Rotational Frequency [/sec]: 0.000145 
(RotPer) Rotational Period [days]: 0.500000 
(Density) Average Density [kg/m^3]: 114.984378 
(SurfEnFluxTotal) Total Surface Energy Flux [kg*m^2/sec^2/(m^2*sec)]: 0.064621 
(TidalQ) Tidal Q []: 1.000000e+06 
(ImK2) Im(k_2) []: -5.000000e-07 
(K2) k_2 []: 0.500000 
(K2Man) Real Love Number k2 Mantle []: 0.010000 
(Imk2Man) Imaginary Love Number k2 Mantle []: 0.000000 
(TidalQMantle) Mantle's Tidal Q []: 100.000000 
(HEcc) Poincare's h (=e*sin(varpi) []: 0.000000 
(HZLimitDryRunaway) Semi-major axis of Dry Runaway HZ Limit [m]: 4.070588e+10 
(HZLimRecVenus) Recent Venus HZ Limit [m]: 3.662409e+10 
(HZLimRunaway) Runaway Greenhouse HZ Limit [m]: 4.820644e+10 
(HZLimMoistGreenhouse) Moist Greenhouse HZ Limit [m]: 4.845974e+10 
(HZLimMaxGreenhouse) Maximum Greenhouse HZ Limit [m]: 9.292342e+10 
(HZLimEarlyMars) Early Mars HZ Limit [m]: 1.013425e+11 
(Instellation) Orbit-averaged INcident STELLar radiATION [kg*m^2/sec^2/(m^2*sec)]: -1.000000 
(KEcc) Poincare's k (=e*cos(varpi) []: 0.000000 
(Eccentricity) Orbital Eccentricity []: -1.000000 
(OrbEnergy) Body's Total Orbital Energy [kg*m^2/sec^2]: 0.000000 
(MeanMotion) Orbital Mean Motion [/sec]: -1.000000 
(OrbPeriod) Orbital Period [sec]: -1.000000 
(SemiMajorAxis) Semi-major Axis [m]: -1.000000 
(CriticalSemiMajorAxis) Holman & Wiegert (1999) P-type Critical Semi-major Axis [m]: -1.000000 
(COPP) Climate Obliquity Precession Parameter []: 0.000000 
(OrbAngMom) Orbital Angular Momentum [kg*m^2/sec]: 0.000000 
(LongP) Body's Longitude of pericenter [rad]: 0.000000 
(LXUVTot) Total XUV Luminosity [kg*m^2/sec^2/(m^2*sec)]: 3.456466e+22 
(TotOrbEnergy) System's Total Orbital Energy [kg*m^2/sec^2]: -5.482192e+34 
(OrbPotEnergy) Body's Orbital Potential Energy [kg*m^2/sec^2]: -1.000000 
(LostEnergy) Body's Total Lost Energy [kg*m^2/sec^2]: 5.562685e-309 
(LostAngMom) Lost Angular Momentum due to Magnetic Braking [kg*m^2/sec]: 5.562685e-309 
----- EQTIDE PARAMETERS (star)------
(LockTime) Time when body tidally locked. [sec]: -1.000000 
(BodyDsemiDtEqtide) In EqTide, the total change in semi-major axis is due to dissipation in both bodies. This output parameter returns the change due to current body. []: -1.000000 
(BodyDeccDt) In EqTide, the total change in eccentricity is due to towrues on both bodies. This output parameter returns the change due to current body. []: -1.000000 
(DOblDtEqtide) Time Rate of Change of Obliquity in EqTide [rad/sec]: 0.000000 
(DRotPerDtEqtide) Time Rate of Change of Rotation Period in EqTide []: 4.315502e-17 
(DRotRateDtEqtide) Time Rate of Change of Rotational Frequency in EqTide [/sec^2]: -1.452927e-25 
(EqRotRateDiscrete) CPL2 Discrete Equilibrium Spin Rate [/sec]: 2.424068e-05 
(EqRotPerDiscrete) CPL2 Discrete Equilibrium Spin Period [sec]: 2.592000e+05 
(EqRotRateCont) CPL2 Continuous Equilibrium Spin Rate [/sec]: 2.481640e-05 
(EqRotPerCont) CPL2 Continuous Equilibrium Rotation Period [sec]: 2.531868e+05 
(EqRotPer) Equilibrium Rotation Period [sec]: 2.592000e+05 
(EqTidePower) Equilibrium Power from Tides [/sec]: 0.000000 
(GammaRot) Gamma_Rotation [sec]: -1.000000 
(GammaOrb) Gamma_Orbital [sec]: -1.000000 
(OceanK2) Ocean's Love number k_2 []: 0.010000 
(EnvTidalQ) Envelope Tidal Q []: -1.000000 
(OceanTidalQ) Ocean Tidal Q []: -1.000000 
(TideLock) Tidally Locked? []: 0.000000 
(RotTimeEqtide) Timescale for Rotational Evolution in EqTide [sec]: 1.430238e-25 
(EnvK2) Envelope's Love number k_2 []: 0.010000 
(OblTimeEqtide) Timescale for Obliquity Evolution in EqTide []: -1.000000 
(PowerEqtide) Internal Power due to Tides in EqTide [kg*m^2/sec^3]: 5.027538e+17 
(SurfEnFluxEqtide) Surface Energy Flux due to Tides in EqTide [kg*m^2/sec^2/(m^2*sec)]: 0.064621 
Tidal Perturbers: b, c
----- STELLAR PARAMETERS (star)------
(Luminosity) Luminosity [LSUN]: 0.089872 
(LXUVStellar) Base X-ray/XUV Luminosity [kg*m^2/sec^3]: 3.456466e+22 
(Temperature) Effective Temperature [K]: 2974.316306 
(LXUVFrac) Fraction of luminosity in XUV []: 0.001000 
(RossbyNumber) Rossby Number []: 0.007299 
(DRotPerDtStellar) Time Rate of Change of Rotation Period in STELLAR []: 1.303107e-09 
Output Order: Time[year] Radius[Rearth] RotPer[days] Luminosity[LSUN]
Grid Output Order:

----- BODY: b ----
Active Modules: DistOrb EqTide
Module Bit Sum: 19
Color: 000000
(Mass) Mass [kg]: 1.373603e+25 
(Obliquity) Obliquity [rad]: 0.000000 
(PrecA) Body's precession angle [rad]: 0.000000 
(Xobl) Body's sin(obliquity)*cos(precession angle) []: 0.000000 
(Yobl) Body's sin(obliquity)*sin(precession angle) []: 0.000000 
(Zobl) Body's cos(obliquity) []: 1.000000 
(Radius) Radius [m]: 8.470117e+06 
(RadGyra) Radius of Gyration/Moment of Inertia Constant []: 0.400000 
(RotAngMom) Rotational Angular Momentum [kg*m^2/sec]: 1.146637e+34 
(RotKinEnergy) Body's Rotational Energy [kg*m^2/sec^2]: 4.169291e+29 
(RotVel) Rotational Velocity [m/sec]: 615.964276 
(BodyType) Type of Body (0 == planet) []: 0.000000 
(RotRate) Rotational Frequency [/sec]: 7.272205e-05 
(RotPer) Rotational Period [days]: 1.000000 
(Density) Average Density [kg/m^3]: 5396.402743 
(SurfEnFluxTotal) Total Surface Energy Flux [W/m^2]: 5.523710e+04 
(TidalQ) Tidal Q []: 100.000000 
(ImK2) Im(k_2) []: -0.003000 
(K2) k_2 []: 0.300000 
(K2Man) Real Love Number k2 Mantle []: 0.010000 
(Imk2Man) Imaginary Love Number k2 Mantle []: 0.000000 
(TidalQMantle) Mantle's Tidal Q []: 100.000000 
(HEcc) Poincare's h (=e*sin(varpi) []: -0.022050 
(HZLimitDryRunaway) Semi-major axis of Dry Runaway HZ Limit [m]: 4.075686e+10 
(HZLimRecVenus) Recent Venus HZ Limit [m]: 3.662409e+10 
(HZLimRunaway) Runaway Greenhouse HZ Limit [m]: 4.820644e+10 
(HZLimMoistGreenhouse) Moist Greenhouse HZ Limit [m]: 4.845974e+10 
(HZLimMaxGreenhouse) Maximum Greenhouse HZ Limit [m]: 9.292342e+10 
(HZLimEarlyMars) Early Mars HZ Limit [m]: 1.013425e+11 
(Instellation) Orbit-averaged INcident STELLar radiATION [kg*m^2/sec^2/(m^2*sec)]: 3.086596e+05 
(KEcc) Poincare's k (=e*cos(varpi) []: -0.044875 
(Eccentricity) Orbital Eccentricity []: 0.050000 
(OrbEnergy) Body's Total Orbital Energy [kg*m^2/sec^2]: -3.600657e+34 
(MeanMotion) Orbital Mean Motion [/sec]: 2.424068e-05 
(OrbPeriod) Orbital Period [sec]: 2.592000e+05 
(SemiMajorAxis) Semi-major Axis [m]: 2.987054e+09 
(CriticalSemiMajorAxis) Holman & Wiegert (1999) P-type Critical Semi-major Axis [m]: -1.000000 
(COPP) Climate Obliquity Precession Parameter []: -0.000000 
(OrbAngMom) Orbital Angular Momentum [kg*m^2/sec]: 2.967039e+39 
(ArgP) Body's argument of pericenter [rad]: 5.902785 
(Inc) Body's Inclination [rad]: 0.007868 
(LongA) Body's Longitude of ascending node [rad]: 3.978711 
(MeanLongitude) Orbital Mean Longitude [rad]: -2.684875 
(LongP) Body's Longitude of pericenter [rad]: 3.598311 
(TotOrbEnergy) System's Total Orbital Energy [kg*m^2/sec^2]: -5.482192e+34 
(OrbPotEnergy) Body's Orbital Potential Energy [kg*m^2/sec^2]: -7.201314e+34 
(LostEnergy) Body's Total Lost Energy [kg*m^2/sec^2]: 5.562685e-309 
----- EQTIDE PARAMETERS (b)------
(TidalRadius) In EqTide, the value of the radius that enters the tidal evolution equations. This parameter is distinct from others, such as the radius of XUV absorption or a pressure level in an atmosphere. [m]: 8.470117e+06 
(DsemiDtEqtide) Total da/dt from EqTide [m/sec]: 2.114121e-06 
(DeccDtEqtide) Total de/dt from EqTide [/sec]: 8.145041e-17 
(DMeanMotionDtEqtide) Total dMeanMotion/dt from EqTide [/sec^2]: -2.573492e-20 
(DOrbPerDtEqtide) Total dOrbPer/dt from EqTide []: 2.751776e-10 
(EccTimeEqtide) Timescale for Eccentricity Evolution (e/[de/dt]) in EqTide [sec]: 6.138704e+14 
(SemiTimeEqtide) Timescale for Semi-major Axis Evolution (a/[da/dt]) in EqTide [sec]: 1.412906e+15 
(DHEccDtEqtide) Time Rate of Change of Poincare's h in EqTide [/sec]: -3.592002e-17 
(DKEccDtEqtide) Time Rate of Change of Poincare's k in EqTide [/sec]: -7.310213e-17 
(DXoblDtEqtide) Time Rate of Change of Laskar's X in EqTide [/sec]: 0.000000 
(DYoblDtEqtide) Time Rate of Change of Laskar's Y in EqTide [/sec]: 0.000000 
(DZoblDtEqtide) Time Rate of Change of Laskar's Z in EqTide [/sec]: 0.000000 
(LockTime) Time when body tidally locked. [sec]: -1.000000 
(BodyDsemiDtEqtide) In EqTide, the total change in semi-major axis is due to dissipation in both bodies. This output parameter returns the change due to current body. []: -1.000000 
(BodyDeccDt) In EqTide, the total change in eccentricity is due to towrues on both bodies. This output parameter returns the change due to current body. []: -1.000000 
(DOblDtEqtide) Time Rate of Change of Obliquity in EqTide [rad/sec]: 0.000000 
(DRotPerDtEqtide) Time Rate of Change of Rotation Period in EqTide []: 7.790028e-06 
(DRotRateDtEqtide) Time Rate of Change of Rotational Frequency in EqTide [/sec^2]: -6.556792e-15 
(EqRotRateDiscrete) CPL2 Discrete Equilibrium Spin Rate [/sec]: 2.424068e-05 
(EqRotPerDiscrete) CPL2 Discrete Equilibrium Spin Period [sec]: 2.592000e+05 
(EqRotRateCont) CPL2 Continuous Equilibrium Spin Rate [/sec]: 2.481640e-05 
(EqRotPerCont) CPL2 Continuous Equilibrium Rotation Period [sec]: 2.531868e+05 
(EqRotPer) Equilibrium Rotation Period [sec]: 2.592000e+05 
(EqTidePower) Equilibrium Power from Tides [/sec]: 0.000000 
(GammaRot) Gamma_Rotation [sec]: -1.000000 
(GammaOrb) Gamma_Orbital [sec]: -1.000000 
(OceanK2) Ocean's Love number k_2 []: 0.010000 
(EnvTidalQ) Envelope Tidal Q []: -1.000000 
(OceanTidalQ) Ocean Tidal Q []: -1.000000 
(TideLock) Tidally Locked? []: 0.000000 
(RotTimeEqtide) Timescale for Rotational Evolution in EqTide [sec]: 1.109110e+10 
(EnvK2) Envelope's Love number k_2 []: 0.010000 
(OblTimeEqtide) Timescale for Obliquity Evolution in EqTide []: -1.000000 
(PowerEqtide) Internal Power due to Tides in EqTide [kg*m^2/sec^3]: 4.979888e+19 
(SurfEnFluxEqtide) Surface Energy Flux due to Tides in EqTide [kg*m^2/sec^2/(m^2*sec)]: 5.523710e+04 
Tidal Perturbers: star
----- DISTORB PARAMETERS (b)------
(Sinc) Body's sin(Inc/2) in DistOrb []: 0.003934 
(Pinc) Body's Poincare p in DistOrb []: -0.002922 
(Qinc) Body's Poincare q in DistOrb []: -0.002634 
(DIncDtDistOrb) Body's inclination derivative in DistOrb [rad/sec]: -4.154484e-14 
(DSincDtDistOrb) Body's sin(Inc/2) derivative in DistOrb [/sec]: -2.077226e-14 
(DLongADtDistOrb) Body's longitude of ascending node derivative in DistOrb [rad/sec]: -3.641567e-10 
(DLongPDtDistOrb) Body's longitude of pericenter derivative in DistOrb [rad/sec]: 1.646281e-10 
(DHeccDtDistOrb) Body's Poincare h derivative in DistOrb [/sec]: -6.131659e-13 
(DKeccDtDistOrb) Body's Poincare k in DistOrb [/sec]: 1.741724e-11 
(DPincDtDistOrb) Body's Poincare p in DistOrb [/sec]: 9.747172e-13 
(DQincDtDistOrb) Body's Poincare q in DistOrb [/sec]: -1.050120e-12 
Output Order: Time[year] TotEnergy[ergs] TotAngMom[kg*m^2/s] RotPer[days] LongP[deg] SemiMajorAxis[au] Eccentricity[] SurfEnFluxTotal[W/m^2] Inc[deg]
Grid Output Order:

----- BODY: c ----
Active Modules: DistOrb EqTide
Module Bit Sum: 19
Color: 000000
(Mass) Mass [kg]: 1.493046e+25 
(Obliquity) Obliquity [rad]: 0.000000 
(PrecA) Body's precession angle [rad]: 0.000000 
(Xobl) Body's sin(obliquity)*cos(precession angle) []: 0.000000 
(Yobl) Body's sin(obliquity)*sin(precession angle) []: 0.000000 
(Zobl) Body's cos(obliquity) []: 1.000000 
(Radius) Radius [m]: 8.718863e+06 
(RadGyra) Radius of Gyration/Moment of Inertia Constant []: 0.400000 
(RotAngMom) Rotational Angular Momentum [kg*m^2/sec]: 1.320624e+34 
(RotKinEnergy) Body's Rotational Energy [kg*m^2/sec^2]: 4.801924e+29 
(RotVel) Rotational Velocity [m/sec]: 634.053588 
(BodyType) Type of Body (0 == planet) []: 0.000000 
(RotRate) Rotational Frequency [/sec]: 7.272205e-05 
(RotPer) Rotational Period [days]: 1.000000 
(Density) Average Density [kg/m^3]: 5377.806954 
(SurfEnFluxTotal) Total Surface Energy Flux [W/m^2]: 1076.342209 
(TidalQ) Tidal Q []: 100.000000 
(ImK2) Im(k_2) []: -0.003000 
(K2) k_2 []: 0.300000 
(K2Man) Real Love Number k2 Mantle []: 0.010000 
(Imk2Man) Imaginary Love Number k2 Mantle []: 0.000000 
(TidalQMantle) Mantle's Tidal Q []: 100.000000 
(HEcc) Poincare's h (=e*sin(varpi) []: 0.096872 
(HZLimitDryRunaway) Semi-major axis of Dry Runaway HZ Limit [m]: 4.100217e+10 
(HZLimRecVenus) Recent Venus HZ Limit [m]: 3.662409e+10 
(HZLimRunaway) Runaway Greenhouse HZ Limit [m]: 4.820644e+10 
(HZLimMoistGreenhouse) Moist Greenhouse HZ Limit [m]: 4.845974e+10 
(HZLimMaxGreenhouse) Maximum Greenhouse HZ Limit [m]: 9.292342e+10 
(HZLimEarlyMars) Early Mars HZ Limit [m]: 1.013425e+11 
(Instellation) Orbit-averaged INcident STELLar radiATION [kg*m^2/sec^2/(m^2*sec)]: 7.176666e+04 
(KEcc) Poincare's k (=e*cos(varpi) []: -0.070822 
(Eccentricity) Orbital Eccentricity []: 0.120000 
(OrbEnergy) Body's Total Orbital Energy [kg*m^2/sec^2]: -1.881535e+34 
(MeanMotion) Orbital Mean Motion [/sec]: 8.080228e-06 
(OrbPeriod) Orbital Period [sec]: 7.776000e+05 
(SemiMajorAxis) Semi-major Axis [m]: 6.213334e+09 
(CriticalSemiMajorAxis) Holman & Wiegert (1999) P-type Critical Semi-major Axis [m]: -1.000000 
(COPP) Climate Obliquity Precession Parameter []: 0.000000 
(OrbAngMom) Orbital Angular Momentum [kg*m^2/sec]: 4.623481e+39 
(ArgP) Body's argument of pericenter [rad]: 1.364775 
(Inc) Body's Inclination [rad]: 0.005049 
(LongA) Body's Longitude of ascending node [rad]: 0.837307 
(MeanLongitude) Orbital Mean Longitude [rad]: 2.202083 
(LongP) Body's Longitude of pericenter [rad]: 2.202083 
(TotOrbEnergy) System's Total Orbital Energy [kg*m^2/sec^2]: -5.482192e+34 
(OrbPotEnergy) Body's Orbital Potential Energy [kg*m^2/sec^2]: -3.763070e+34 
(LostEnergy) Body's Total Lost Energy [kg*m^2/sec^2]: 5.562685e-309 
----- EQTIDE PARAMETERS (c)------
(TidalRadius) In EqTide, the value of the radius that enters the tidal evolution equations. This parameter is distinct from others, such as the radius of XUV absorption or a pressure level in an atmosphere. [m]: 8.718863e+06 
(DsemiDtEqtide) Total da/dt from EqTide [m/sec]: 4.591328e-08 
(DeccDtEqtide) Total de/dt from EqTide [/sec]: 1.779318e-18 
(DMeanMotionDtEqtide) Total dMeanMotion/dt from EqTide [/sec^2]: -8.956298e-23 
(DOrbPerDtEqtide) Total dOrbPer/dt from EqTide []: 8.619085e-12 
(EccTimeEqtide) Timescale for Eccentricity Evolution (e/[de/dt]) in EqTide [sec]: 6.744158e+16 
(SemiTimeEqtide) Timescale for Semi-major Axis Evolution (a/[da/dt]) in EqTide [sec]: 1.353276e+17 
(DHEccDtEqtide) Time Rate of Change of Poincare's h in EqTide [/sec]: 1.436388e-18 
(DKEccDtEqtide) Time Rate of Change of Poincare's k in EqTide [/sec]: -1.050124e-18 
(DXoblDtEqtide) Time Rate of Change of Laskar's X in EqTide [/sec]: 0.000000 
(DYoblDtEqtide) Time Rate of Change of Laskar's Y in EqTide [/sec]: 0.000000 
(DZoblDtEqtide) Time Rate of Change of Laskar's Z in EqTide [/sec]: 0.000000 
(LockTime) Time when body tidally locked. [sec]: -1.000000 
(BodyDsemiDtEqtide) In EqTide, the total change in semi-major axis is due to dissipation in both bodies. This output parameter returns the change due to current body. []: -1.000000 
(BodyDeccDt) In EqTide, the total change in eccentricity is due to towrues on both bodies. This output parameter returns the change due to current body. []: -1.000000 
(DOblDtEqtide) Time Rate of Change of Obliquity in EqTide [rad/sec]: 0.000000 
(DRotPerDtEqtide) Time Rate of Change of Rotation Period in EqTide []: 1.049593e-07 
(DRotRateDtEqtide) Time Rate of Change of Rotational Frequency in EqTide [/sec^2]: -8.834322e-17 
(EqRotRateDiscrete) CPL2 Discrete Equilibrium Spin Rate [/sec]: 8.080228e-06 
(EqRotPerDiscrete) CPL2 Discrete Equilibrium Spin Period [sec]: 7.776000e+05 
(EqRotRateCont) CPL2 Continuous Equilibrium Spin Rate [/sec]: 9.185603e-06 
(EqRotPerCont) CPL2 Continuous Equilibrium Rotation Period [sec]: 6.840253e+05 
(EqRotPer) Equilibrium Rotation Period [sec]: 7.776000e+05 
(EqTidePower) Equilibrium Power from Tides [/sec]: 0.000000 
(GammaRot) Gamma_Rotation [sec]: -1.000000 
(GammaOrb) Gamma_Orbital [sec]: -1.000000 
(OceanK2) Ocean's Love number k_2 []: 0.010000 
(EnvTidalQ) Envelope Tidal Q []: -1.000000 
(OceanTidalQ) Ocean Tidal Q []: -1.000000 
(TideLock) Tidally Locked? []: 0.000000 
(RotTimeEqtide) Timescale for Rotational Evolution in EqTide [sec]: 8.231763e+11 
(EnvK2) Envelope's Love number k_2 []: 0.010000 
(OblTimeEqtide) Timescale for Obliquity Evolution in EqTide []: -1.000000 
(PowerEqtide) Internal Power due to Tides in EqTide [kg*m^2/sec^3]: 1.028205e+18 
(SurfEnFluxEqtide) Surface Energy Flux due to Tides in EqTide [kg*m^2/sec^2/(m^2*sec)]: 1076.342209 
Tidal Perturbers: star
----- DISTORB PARAMETERS (c)------
(Sinc) Body's sin(Inc/2) in DistOrb []: 0.002525 
(Pinc) Body's Poincare p in DistOrb []: 0.001875 
(Qinc) Body's Poincare q in DistOrb []: 0.001690 
(DIncDtDistOrb) Body's inclination derivative in DistOrb [rad/sec]: -2.080389e-14 
(DSincDtDistOrb) Body's sin(Inc/2) derivative in DistOrb [/sec]: -1.040191e-14 
(DLongADtDistOrb) Body's longitude of ascending node derivative in DistOrb [rad/sec]: -3.641435e-10 
(DLongPDtDistOrb) Body's longitude of pericenter derivative in DistOrb [rad/sec]: 1.360644e-10 
(DHeccDtDistOrb) Body's Poincare h derivative in DistOrb [/sec]: -6.358018e-12 
(DKeccDtDistOrb) Body's Poincare k in DistOrb [/sec]: -1.557761e-11 
(DPincDtDistOrb) Body's Poincare p in DistOrb [/sec]: -6.231982e-13 
(DQincDtDistOrb) Body's Poincare q in DistOrb [/sec]: 6.759672e-13 
Output Order: Time[year] RotPer[days] LongP[deg] SemiMajorAxis[au] Eccentricity[] SurfEnFluxTotal[W/m^2] Inc[deg]
Grid Output Order:



---- FINAL SYSTEM PROPERTIES ----
(Age) System Age [sec]: 1.581036e+16 
(Time) Simulation Time [sec]: 1.577880e+16 
(TotAngMom) Total Angular Momentum [kg*m^2/sec]: 4.162113e+42 
(TotEnergy) Total System Energy [kg*m^2/sec^2]: -2.499795e+39 
(PotEnergy) Body's non-orbital Potential Energy [kg*m^2/sec^2]: -2.201483e+40 
(KinEnergy) Body's non-orbital Kinetic Energy [kg*m^2/sec^2]: 3.387461e+37 
(DeltaTime) Average Timestep Over Last Output Interval [sec]: 2.800330e+04 

----- BODY: star ----
Active Modules: EqTide STELLAR
Module Bit Sum: 67
Color: 000000
(Mass) Mass [kg]: 2.346331e+29 
(Obliquity) Obliquity [rad]: 0.000000 
(PrecA) Body's precession angle [rad]: 0.000000 
(Xobl) Body's sin(obliquity)*cos(precession angle) []: 0.000000 
(Yobl) Body's sin(obliquity)*sin(precession angle) []: 0.000000 
(Zobl) Body's cos(obliquity) []: 1.000000 
(Radius) Radius [Rearth]: 15.701010 
(RadGyra) Radius of Gyration/Moment of Inertia Constant []: 0.463584 
(RotAngMom) Rotational Angular Momentum [kg*m^2/sec]: 1.850948e+41 
(RotKinEnergy) Body's Rotational Energy [kg*m^2/sec^2]: 3.387461e+37 
(RotVel) Rotational Velocity [m/sec]: 3.665465e+04 
(BodyType) Type of Body (0 == planet) []: 0.000000 
(RotRate) Rotational Frequency [/sec]: 0.000366 
(RotPer) Rotational Period [days]: 0.198681 
(Density) Average Density [kg/m^3]: 5.577555e+04 
(SurfEnFluxTotal) Total Surface Energy Flux [kg*m^2/sec^2/(m^2*sec)]: 0.000426 
(TidalQ) Tidal Q []: 1.000000e+06 
(ImK2) Im(k_2) []: -5.000000e-07 
(K2) k_2 []: 0.500000 
(K2Man) Real Love Number k2 Mantle []: 0.010000 
(Imk2Man) Imaginary Love Number k2 Mantle []: 0.000000 
(TidalQMantle) Mantle's Tidal Q []: 100.000000 
(HEcc) Poincare's h (=e*sin(varpi) []: 0.000000 
(HZLimitDryRunaway) Semi-major axis of Dry Runaway HZ Limit [m]: 5.170609e+09 
(HZLimRecVenus) Recent Venus HZ Limit [m]: 4.652422e+09 
(HZLimRunaway) Runaway Greenhouse HZ Limit [m]: 6.123576e+09 
(HZLimMoistGreenhouse) Moist Greenhouse HZ Limit [m]: 6.155926e+09 
(HZLimMaxGreenhouse) Maximum Greenhouse HZ Limit [m]: 1.180588e+10 
(HZLimEarlyMars) Early Mars HZ Limit [m]: 1.287552e+10 
(Instellation) Orbit-averaged INcident STELLar radiATION [kg*m^2/sec^2/(m^2*sec)]: -1.000000 
(KEcc) Poincare's k (=e*cos(varpi) []: 0.000000 
(Eccentricity) Orbital Eccentricity []: -1.000000 
(OrbEnergy) Body's Total Orbital Energy [kg*m^2/sec^2]: 0.000000 
(MeanMotion) Orbital Mean Motion [/sec]: -1.000000 
(OrbPeriod) Orbital Period [sec]: -1.000000 
(SemiMajorAxis) Semi-major Axis [m]: -1.000000 
(CriticalSemiMajorAxis) Holman & Wiegert (1999) P-type Critical Semi-major Axis [m]: -1.000000 
(COPP) Climate Obliquity Precession Parameter []: 0.000000 
(OrbAngMom) Orbital Angular Momentum [kg*m^2/sec]: 0.000000 
(LongP) Body's Longitude of pericenter [rad]: 0.000000 
(LXUVTot) Total XUV Luminosity [kg*m^2/sec^2/(m^2*sec)]: 7.684240e+19 
(TotOrbEnergy) System's Total Orbital Energy [kg*m^2/sec^2]: -5.572498e+34 
(OrbPotEnergy) Body's Orbital Potential Energy [kg*m^2/sec^2]: -1.000000 
(LostEnergy) Body's Total Lost Energy [kg*m^2/sec^2]: 1.948121e+40 
(LostAngMom) Lost Angular Momentum due to Magnetic Braking [kg*m^2/sec]: 3.969427e+42 
----- EQTIDE PARAMETERS (star)------
(LockTime) Time when body tidally locked. [sec]: -1.000000 
(BodyDsemiDtEqtide) In EqTide, the total change in semi-major axis is due to dissipation in both bodies. This output parameter returns the change due to current body. []: -1.000000 
(BodyDeccDt) In EqTide, the total change in eccentricity is due to towrues on both bodies. This output parameter returns the change due to current body. []: -1.000000 
(DOblDtEqtide) Time Rate of Change of Obliquity in EqTide [rad/sec]: 0.000000 
(DRotPerDtEqtide) Time Rate of Change of Rotation Period in EqTide []: 1.458195e-20 
(DRotRateDtEqtide) Time Rate of Change of Rotational Frequency in EqTide [/sec^2]: -3.109254e-28 
(EqRotRateDiscrete) CPL2 Discrete Equilibrium Spin Rate [/sec]: 2.515446e-05 
(EqRotPerDiscrete) CPL2 Discrete Equilibrium Spin Period [sec]: 2.497841e+05 
(EqRotRateCont) CPL2 Continuous Equilibrium Spin Rate [/sec]: 2.515446e-05 
(EqRotPerCont) CPL2 Continuous Equilibrium Rotation Period [sec]: 2.497841e+05 
(EqRotPer) Equilibrium Rotation Period [sec]: 2.497841e+05 
(EqTidePower) Equilibrium Power from Tides [/sec]: 0.000000 
(GammaRot) Gamma_Rotation [sec]: -1.000000 
(GammaOrb) Gamma_Orbital [sec]: -1.000000 
(OceanK2) Ocean's Love number k_2 []: 0.010000 
(EnvTidalQ) Envelope Tidal Q []: -1.000000 
(OceanTidalQ) Ocean Tidal Q []: -1.000000 
(TideLock) Tidally Locked? []: 0.000000 
(RotTimeEqtide) Timescale for Rotational Evolution in EqTide [sec]: 3.070581e-28 
(EnvK2) Envelope's Love number k_2 []: 0.010000 
(OblTimeEqtide) Timescale for Obliquity Evolution in EqTide []: -1.000000 
(PowerEqtide) Internal Power due to Tides in EqTide [kg*m^2/sec^3]: 5.362896e+13 
(SurfEnFluxEqtide) Surface Energy Flux due to Tides in EqTide [kg*m^2/sec^2/(m^2*sec)]: 0.000426 
Tidal Perturbers: b, c
----- STELLAR PARAMETERS (star)------
(Luminosity) Luminosity [LSUN]: 0.001450 
(LXUVStellar) Base X-ray/XUV Luminosity [kg*m^2/sec^3]: 7.684240e+19 
(Temperature) Effective Temperature [K]: 2970.584927 
(LXUVFrac) Fraction of luminosity in XUV []: 0.000138 
(RossbyNumber) Rossby Number []: 0.002895 
(DRotPerDtStellar) Time Rate of Change of Rotation Period in STELLAR []: 5.531002e-13 
Output Order: Time[year] Radius[Rearth] RotPer[days] Luminosity[LSUN]
Grid Output Order:

----- BODY: b ----
Active Modules: DistOrb EqTide
Module Bit Sum: 19
Color: 000000
(Mass) Mass [kg]: 1.373603e+25 
(Obliquity) Obliquity [rad]: 0.000000 
(PrecA) Body's precession angle [rad]: 0.000000 
(Xobl) Body's sin(obliquity)*cos(precession angle) []: 0.000000 
(Yobl) Body's sin(obliquity)*sin(precession angle) []: 0.000000 
(Zobl) Body's cos(obliquity) []: 1.000000 
(Radius) Radius [m]: 8.470117e+06 
(RadGyra) Radius of Gyration/Moment of Inertia Constant []: 0.400000 
(RotAngMom) Rotational Angular Momentum [kg*m^2/sec]: 3.966203e+33 
(RotKinEnergy) Body's Rotational Energy [kg*m^2/sec^2]: 4.988386e+28 
(RotVel) Rotational Velocity [m/sec]: 213.061239 
(BodyType) Type of Body (0 == planet) []: 0.000000 
(RotRate) Rotational Frequency [/sec]: 2.515446e-05 
(RotPer) Rotational Period [days]: 2.891020 
(Density) Average Density [kg/m^3]: 5396.402743 
(SurfEnFluxTotal) Total Surface Energy Flux [W/m^2]: 6.929023e-10 
(TidalQ) Tidal Q []: 100.000000 
(ImK2) Im(k_2) []: -0.003000 
(K2) k_2 []: 0.300000 
(K2Man) Real Love Number k2 Mantle []: 0.010000 
(Imk2Man) Imaginary Love Number k2 Mantle []: 0.000000 
(TidalQMantle) Mantle's Tidal Q []: 100.000000 
(HEcc) Poincare's h (=e*sin(varpi) []: -4.817399e-08 
(HZLimitDryRunaway) Semi-major axis of Dry Runaway HZ Limit [m]: 5.170609e+09 
(HZLimRecVenus) Recent Venus HZ Limit [m]: 4.652422e+09 
(HZLimRunaway) Runaway Greenhouse HZ Limit [m]: 6.123576e+09 
(HZLimMoistGreenhouse) Moist Greenhouse HZ Limit [m]: 6.155926e+09 
(HZLimMaxGreenhouse) Maximum Greenhouse HZ Limit [m]: 1.180588e+10 
(HZLimEarlyMars) Early Mars HZ Limit [m]: 1.287552e+10 
(Instellation) Orbit-averaged INcident STELLar radiATION [kg*m^2/sec^2/(m^2*sec)]: 5225.551438 
(KEcc) Poincare's k (=e*cos(varpi) []: -2.634840e-08 
(Eccentricity) Orbital Eccentricity []: 5.490875e-08 
(OrbEnergy) Body's Total Orbital Energy [kg*m^2/sec^2]: -3.690585e+34 
(MeanMotion) Orbital Mean Motion [/sec]: 2.515446e-05 
(OrbPeriod) Orbital Period [sec]: 2.497841e+05 
(SemiMajorAxis) Semi-major Axis [m]: 2.914269e+09 
(CriticalSemiMajorAxis) Holman & Wiegert (1999) P-type Critical Semi-major Axis [m]: -1.000000 
(COPP) Climate Obliquity Precession Parameter []: -0.000000 
(OrbAngMom) Orbital Angular Momentum [kg*m^2/sec]: 2.934338e+39 
(ArgP) Body's argument of pericenter [rad]: 5.134685 
(Inc) Body's Inclination [rad]: 0.007917 
(LongA) Body's Longitude of ascending node [rad]: 5.360397 
(MeanLongitude) Orbital Mean Longitude [rad]: -2.071289 
(LongP) Body's Longitude of pericenter [rad]: 4.211896 
(TotOrbEnergy) System's Total Orbital Energy [kg*m^2/sec^2]: -5.572498e+34 
(OrbPotEnergy) Body's Orbital Potential Energy [kg*m^2/sec^2]: -7.381169e+34 
(LostEnergy) Body's Total Lost Energy [kg*m^2/sec^2]: 9.042808e+32 
----- EQTIDE PARAMETERS (b)------
(TidalRadius) In EqTide, the value of the radius that enters the tidal evolution equations. This parameter is distinct from others, such as the radius of XUV absorption or a pressure level in an atmosphere. [m]: 8.470117e+06 
(DsemiDtEqtide) Total da/dt from EqTide [m/sec]: 3.084282e-13 
(DeccDtEqtide) Total de/dt from EqTide [/sec]: -1.541324e-22 
(DMeanMotionDtEqtide) Total dMeanMotion/dt from EqTide [/sec^2]: -3.993289e-27 
(DOrbPerDtEqtide) Total dOrbPer/dt from EqTide []: 3.965340e-17 
(EccTimeEqtide) Timescale for Eccentricity Evolution (e/[de/dt]) in EqTide [sec]: 3.562441e+14 
(SemiTimeEqtide) Timescale for Semi-major Axis Evolution (a/[da/dt]) in EqTide [sec]: 9.448777e+21 
(DHEccDtEqtide) Time Rate of Change of Poincare's h in EqTide [/sec]: 1.352275e-22 
(DKEccDtEqtide) Time Rate of Change of Poincare's k in EqTide [/sec]: 7.396163e-23 
(DXoblDtEqtide) Time Rate of Change of Laskar's X in EqTide [/sec]: 0.000000 
(DYoblDtEqtide) Time Rate of Change of Laskar's Y in EqTide [/sec]: 0.000000 
(DZoblDtEqtide) Time Rate of Change of Laskar's Z in EqTide [/sec]: 0.000000 
(LockTime) Time when body tidally locked. [sec]: 7.567052e+09 
(BodyDsemiDtEqtide) In EqTide, the total change in semi-major axis is due to dissipation in both bodies. This output parameter returns the change due to current body. []: -1.000000 
(BodyDeccDt) In EqTide, the total change in eccentricity is due to towrues on both bodies. This output parameter returns the change due to current body. []: -1.000000 
(DOblDtEqtide) Time Rate of Change of Obliquity in EqTide [rad/sec]: 0.000000 
(DRotPerDtEqtide) Time Rate of Change of Rotation Period in EqTide []: -5.523752e-299 
(DRotRateDtEqtide) Time Rate of Change of Rotational Frequency in EqTide [/sec^2]: 5.562685e-309 
(EqRotRateDiscrete) CPL2 Discrete Equilibrium Spin Rate [/sec]: 2.515446e-05 
(EqRotPerDiscrete) CPL2 Discrete Equilibrium Spin Period [sec]: 2.497841e+05 
(EqRotRateCont) CPL2 Continuous Equilibrium Spin Rate [/sec]: 2.515446e-05 
(EqRotPerCont) CPL2 Continuous Equilibrium Rotation Period [sec]: 2.497841e+05 
(EqRotPer) Equilibrium Rotation Period [sec]: 2.497841e+05 
(EqTidePower) Equilibrium Power from Tides [/sec]: -0.000000 
(GammaRot) Gamma_Rotation [sec]: -1.000000 
(GammaOrb) Gamma_Orbital [sec]: -1.000000 
(OceanK2) Ocean's Love number k_2 []: 0.010000 
(EnvTidalQ) Envelope Tidal Q []: -1.000000 
(OceanTidalQ) Ocean Tidal Q []: -1.000000 
(TideLock) Tidally Locked? []: 1.000000 
(RotTimeEqtide) Timescale for Rotational Evolution in EqTide [sec]: 4.522001e+303 
(EnvK2) Envelope's Love number k_2 []: 0.010000 
(OblTimeEqtide) Timescale for Obliquity Evolution in EqTide []: -1.000000 
(PowerEqtide) Internal Power due to Tides in EqTide [kg*m^2/sec^3]: 6.246844e+05 
(SurfEnFluxEqtide) Surface Energy Flux due to Tides in EqTide [kg*m^2/sec^2/(m^2*sec)]: 6.929023e-10 
Tidal Perturbers: star
----- DISTORB PARAMETERS (b)------
(Sinc) Body's sin(Inc/2) in DistOrb []: 0.003959 
(Pinc) Body's Poincare p in DistOrb []: -0.003156 
(Qinc) Body's Poincare q in DistOrb []: 0.002389 
(DIncDtDistOrb) Body's inclination derivative in DistOrb [rad/sec]: -4.403614e-16 
(DSincDtDistOrb) Body's sin(Inc/2) derivative in DistOrb [/sec]: -2.201790e-16 
(DLongADtDistOrb) Body's longitude of ascending node derivative in DistOrb [rad/sec]: -3.480940e-10 
(DLongPDtDistOrb) Body's longitude of pericenter derivative in DistOrb [rad/sec]: 6.770640e-11 
(DHeccDtDistOrb) Body's Poincare h derivative in DistOrb [/sec]: -1.781728e-18 
(DKeccDtDistOrb) Body's Poincare k in DistOrb [/sec]: 3.262905e-18 
(DPincDtDistOrb) Body's Poincare p in DistOrb [/sec]: -8.315573e-13 
(DQincDtDistOrb) Body's Poincare q in DistOrb [/sec]: -1.098760e-12 
Output Order: Time[year] TotEnergy[ergs] TotAngMom[kg*m^2/s] RotPer[days] LongP[deg] SemiMajorAxis[au] Eccentricity[] SurfEnFluxTotal[W/m^2] Inc[deg]
Grid Output Order:

----- BODY: c ----
Active Modules: DistOrb EqTide
Module Bit Sum: 19
Color: 000000
(Mass) Mass [kg]: 1.493046e+25 
(Obliquity) Obliquity [rad]: 0.000000 
(PrecA) Body's precession angle [rad]: 0.000000 
(Xobl) Body's sin(obliquity)*cos(precession angle) []: 0.000000 
(Yobl) Body's sin(obliquity)*sin(precession angle) []: 0.000000 
(Zobl) Body's cos(obliquity) []: 1.000000 
(Radius) Radius [m]: 8.718863e+06 
(RadGyra) Radius of Gyration/Moment of Inertia Constant []: 0.400000 
(RotAngMom) Rotational Angular Momentum [kg*m^2/sec]: 1.467802e+33 
(RotKinEnergy) Body's Rotational Energy [kg*m^2/sec^2]: 5.931875e+27 
(RotVel) Rotational Velocity [m/sec]: 70.471633 
(BodyType) Type of Body (0 == planet) []: 0.000000 
(RotRate) Rotational Frequency [/sec]: 8.082663e-06 
(RotPer) Rotational Period [days]: 8.997288 
(Density) Average Density [kg/m^3]: 5377.806954 
(SurfEnFluxTotal) Total Surface Energy Flux [W/m^2]: 3.559717e-12 
(TidalQ) Tidal Q []: 100.000000 
(ImK2) Im(k_2) []: -0.003000 
(K2) k_2 []: 0.300000 
(K2Man) Real Love Number k2 Mantle []: 0.010000 
(Imk2Man) Imaginary Love Number k2 Mantle []: 0.000000 
(TidalQMantle) Mantle's Tidal Q []: 100.000000 
(HEcc) Poincare's h (=e*sin(varpi) []: -5.649384e-08 
(HZLimitDryRunaway) Semi-major axis of Dry Runaway HZ Limit [m]: 5.170609e+09 
(HZLimRecVenus) Recent Venus HZ Limit [m]: 4.652422e+09 
(HZLimRunaway) Runaway Greenhouse HZ Limit [m]: 6.123576e+09 
(HZLimMoistGreenhouse) Moist Greenhouse HZ Limit [m]: 6.155926e+09 
(HZLimMaxGreenhouse) Maximum Greenhouse HZ Limit [m]: 1.180588e+10 
(HZLimEarlyMars) Early Mars HZ Limit [m]: 1.287552e+10 
(Instellation) Orbit-averaged INcident STELLar radiATION [kg*m^2/sec^2/(m^2*sec)]: 1150.049620 
(KEcc) Poincare's k (=e*cos(varpi) []: -3.089306e-08 
(Eccentricity) Orbital Eccentricity []: 6.438894e-08 
(OrbEnergy) Body's Total Orbital Energy [kg*m^2/sec^2]: -1.881913e+34 
(MeanMotion) Orbital Mean Motion [/sec]: 8.082663e-06 
(OrbPeriod) Orbital Period [sec]: 7.773657e+05 
(SemiMajorAxis) Semi-major Axis [m]: 6.212086e+09 
(CriticalSemiMajorAxis) Holman & Wiegert (1999) P-type Critical Semi-major Axis [m]: -1.000000 
(COPP) Climate Obliquity Precession Parameter []: -0.000000 
(OrbAngMom) Orbital Angular Momentum [kg*m^2/sec]: 4.656666e+39 
(ArgP) Body's argument of pericenter [rad]: 1.993585 
(Inc) Body's Inclination [rad]: 0.004988 
(LongA) Body's Longitude of ascending node [rad]: 2.218391 
(MeanLongitude) Orbital Mean Longitude [rad]: -2.071210 
(LongP) Body's Longitude of pericenter [rad]: 4.211976 
(TotOrbEnergy) System's Total Orbital Energy [kg*m^2/sec^2]: -5.572498e+34 
(OrbPotEnergy) Body's Orbital Potential Energy [kg*m^2/sec^2]: -3.763826e+34 
(LostEnergy) Body's Total Lost Energy [kg*m^2/sec^2]: 4.275996e+30 
----- EQTIDE PARAMETERS (c)------
(TidalRadius) In EqTide, the value of the radius that enters the tidal evolution equations. This parameter is distinct from others, such as the radius of XUV absorption or a pressure level in an atmosphere. [m]: 8.718863e+06 
(DsemiDtEqtide) Total da/dt from EqTide [m/sec]: 5.217645e-15 
(DeccDtEqtide) Total de/dt from EqTide [/sec]: -1.403150e-24 
(DMeanMotionDtEqtide) Total dMeanMotion/dt from EqTide [/sec^2]: -1.018317e-29 
(DOrbPerDtEqtide) Total dOrbPer/dt from EqTide []: 9.793857e-19 
(EccTimeEqtide) Timescale for Eccentricity Evolution (e/[de/dt]) in EqTide [sec]: 4.588884e+16 
(SemiTimeEqtide) Timescale for Semi-major Axis Evolution (a/[da/dt]) in EqTide [sec]: 1.190592e+24 
(DHEccDtEqtide) Time Rate of Change of Poincare's h in EqTide [/sec]: 1.231102e-24 
(DKEccDtEqtide) Time Rate of Change of Poincare's k in EqTide [/sec]: 6.732150e-25 
(DXoblDtEqtide) Time Rate of Change of Laskar's X in EqTide [/sec]: 0.000000 
(DYoblDtEqtide) Time Rate of Change of Laskar's Y in EqTide [/sec]: 0.000000 
(DZoblDtEqtide) Time Rate of Change of Laskar's Z in EqTide [/sec]: 0.000000 
(LockTime) Time when body tidally locked. [sec]: 7.706887e+11 
(BodyDsemiDtEqtide) In EqTide, the total change in semi-major axis is due to dissipation in both bodies. This output parameter returns the change due to current body. []: -1.000000 
(BodyDeccDt) In EqTide, the total change in eccentricity is due to towrues on both bodies. This output parameter returns the change due to current body. []: -1.000000 
(DOblDtEqtide) Time Rate of Change of Obliquity in EqTide [rad/sec]: 0.000000 
(DRotPerDtEqtide) Time Rate of Change of Rotation Period in EqTide []: -5.350019e-298 
(DRotRateDtEqtide) Time Rate of Change of Rotational Frequency in EqTide [/sec^2]: 5.562685e-309 
(EqRotRateDiscrete) CPL2 Discrete Equilibrium Spin Rate [/sec]: 8.082663e-06 
(EqRotPerDiscrete) CPL2 Discrete Equilibrium Spin Period [sec]: 7.773657e+05 
(EqRotRateCont) CPL2 Continuous Equilibrium Spin Rate [/sec]: 8.082663e-06 
(EqRotPerCont) CPL2 Continuous Equilibrium Rotation Period [sec]: 7.773657e+05 
(EqRotPer) Equilibrium Rotation Period [sec]: 7.773657e+05 
(EqTidePower) Equilibrium Power from Tides [/sec]: -0.000000 
(GammaRot) Gamma_Rotation [sec]: -1.000000 
(GammaOrb) Gamma_Orbital [sec]: -1.000000 
(OceanK2) Ocean's Love number k_2 []: 0.010000 
(EnvTidalQ) Envelope Tidal Q []: -1.000000 
(OceanTidalQ) Ocean Tidal Q []: -1.000000 
(TideLock) Tidally Locked? []: 1.000000 
(RotTimeEqtide) Timescale for Rotational Evolution in EqTide [sec]: 1.453015e+303 
(EnvK2) Envelope's Love number k_2 []: 0.010000 
(OblTimeEqtide) Timescale for Obliquity Evolution in EqTide []: -1.000000 
(PowerEqtide) Internal Power due to Tides in EqTide [kg*m^2/sec^3]: 3400.517668 
(SurfEnFluxEqtide) Surface Energy Flux due to Tides in EqTide [kg*m^2/sec^2/(m^2*sec)]: 3.559717e-12 
Tidal Perturbers: star
----- DISTORB PARAMETERS (c)------
(Sinc) Body's sin(Inc/2) in DistOrb []: 0.002494 
(Pinc) Body's Poincare p in DistOrb []: 0.001989 
(Qinc) Body's Poincare q in DistOrb []: -0.001505 
(DIncDtDistOrb) Body's inclination derivative in DistOrb [rad/sec]: 4.404082e-16 
(DSincDtDistOrb) Body's sin(Inc/2) derivative in DistOrb [/sec]: 2.202034e-16 
(DLongADtDistOrb) Body's longitude of ascending node derivative in DistOrb [rad/sec]: -3.481313e-10 
(DLongPDtDistOrb) Body's longitude of pericenter derivative in DistOrb [rad/sec]: 6.775517e-11 
(DHeccDtDistOrb) Body's Poincare h derivative in DistOrb [/sec]: -2.093499e-18 
(DKeccDtDistOrb) Body's Poincare k in DistOrb [/sec]: 3.827567e-18 
(DPincDtDistOrb) Body's Poincare p in DistOrb [/sec]: 5.239904e-13 
(DQincDtDistOrb) Body's Poincare q in DistOrb [/sec]: 6.923632e-13 
Output Order: Time[year] RotPer[days] LongP[deg] SemiMajorAxis[au] Eccentricity[] SurfEnFluxTotal[W/m^2] Inc[deg]
Grid Output Order:
