-------- Log file LP890-9_778.log -------

Executable: /home/paul/vplanet/vplanet
Version: v1.0.0-410-g06cc63fcbb6ba0d343040b1b7c332851a0939b66
System Name: LP890-9_778
Primary Input File: 778_vpl.in
Body File #1: 778_star.in
Body File #2: 778_b.in
Body File #3: 778_c.in
Allow files to be overwitten: Yes
Mass Units: Kilograms
Length Units: Meters
Time Units: Seconds
Angle Units: Radians

------- FORMATTING -----
Verbosity Level: 0
Crossover Decade for Scientific Notation: 4
Number of Digits After Decimal: 6
Integration Method: Runge-Kutta4
Direction: Forward
Time Step: 3.155760e+07
Stop Time: 3.155760e+11
Output Interval: 3.155760e+09
Use Variable Timestep: Yes
dEta: 0.001000
Minimum Value of ecc and obl: 1.000000e-10


---- INITIAL SYSTEM PROPERTIES ----
(Age) System Age [sec]: 3.155760e+13 
(Time) Simulation Time [sec]: 0.000000 
(TotAngMom) Total Angular Momentum [kgm^2/s]: 2.084701e+42 
(TotEnergy) Total System Energy [ergs]: -2.726392e+39 
(PotEnergy) Body's non-orbital Potential Energy [kg*m^2/sec^2]: -2.801863e+39 
(KinEnergy) Body's non-orbital Kinetic Energy [kg*m^2/sec^2]: 7.553136e+37 
(DeltaTime) Average Timestep Over Last Output Interval [sec]: 0.000000 
(Density) Average Density [kg/m^3]: 2017.511691 
(LongP) Body's Longitude of pericenter [rad]: 0.000000 
(LXUVTot) Total XUV Luminosity [kg*m^2/sec^2/(m^2*sec)]: 3.456466e+22 

----- BODY: 778_star ----
Active Modules: EqTide STELLAR
Module Bit Sum: 67
Color: 000000
(Mass) Mass [kg]: 2.346331e+29 
(Obliquity) Obliquity [rad]: 0.000000 
(PrecA) Body's precession angle [rad]: 0.000000 
(Xobl) Body's sin(obl)*cos(pA) []: 0.000000 
(Yobl) Body's sin(obl)*sin(pA) []: 0.000000 
(Zobl) Body's cos(obl) []: 1.000000 
(Radius) Radius [Solar]: 1.131007 
(RadGyra) Radius of Gyration []: 0.443436 
(RotAngMom) Rotational Angular Momentum [kg*m^2/sec]: 2.077261e+42 
(RotKinEnergy) Body's Rotational Energy [kg*m^2/sec^2]: 7.553136e+37 
(RotVel) Rotational Velocity [m/sec]: 5.722073e+04 
(BodyType) Type of Body (0 == planet) []: 0.000000 
(RotRate) Rotational Frequency [/sec]: 7.272205e-05 
(RotPer) Rotational Period [days]: 1.000000 
(SurfEnFluxTotal) Total Surface Energy Flux [kg*m^2/sec^2/(m^2*sec)]: 0.035262 
(TidalQ) Tidal Q []: 1.000000e+06 
(ImK2) Im(k_2) []: -5.000000e-07 
(K2) k_2 []: 0.500000 
(K2Man) Real Love Number k2 Mantle []: 0.010000 
(Imk2Man) Imaginary Love Number k2 Mantle []: 0.000000 
(TidalQMantle) Mantle's Tidal Q []: 100.000000 
(HEcc) Poincare's h (=e*sin(varpi) []: 0.000000 
(HZLimitDryRunaway) Semi-major axis of Dry Runaway HZ Limit [m]: 4.070588e+10 
(HZLimRecVenus) Recent Venus Habitable Zone Limit [m]: 3.662409e+10 
(HZLimRunaway) Runaway Greenhouse Habitable Zone Limit [m]: 4.820644e+10 
(HZLimMoistGreenhouse) Moist Greenhouse Habitable Zone Limit [m]: 4.845974e+10 
(HZLimMaxGreenhouse) Maximum Greenhouse Habitable Zone Limit [m]: 9.292342e+10 
(HZLimEarlyMars) Early Mars Habitable Zone Limit [m]: 1.013425e+11 
(Instellation) Orbit-averaged INcident STELLar radiATION [kg*m^2/sec^2/(m^2*sec)]: -1.000000 
(KEcc) Poincare's k (=e*cos(varpi) []: 0.000000 
(Eccentricity) Orbital Eccentricity []: -1.000000 
(OrbEnergy) Body's Total Orbital Energy [kg*m^2/sec^2]: 0.000000 
(MeanMotion) Orbital Mean Motion [/sec]: -1.000000 
(OrbPeriod) Orbital Period [sec]: -1.000000 
(SemiMajorAxis) Semi-major Axis [m]: -1.000000 
(CriticalSemiMajorAxis) Holman & Wiegert (1999) P-type Critical Semi-major Axis [m]: -1.000000 
(OrbAngMom) Orbital Angular Momentum [kg*m^2/sec]: 0.000000 
(TotOrbEnergy) System's Total Orbital Energy [kg*m^2/sec^2]: -5.795924e+34 
(OrbPotEnergy) Body's Orbital Potential Energy [kg*m^2/sec^2]: -1.000000 
(LostEnergy) Body's Total Lost Energy [kg*m^2/sec^2]: 5.562685e-309 
(LostAngMom) Lost Angular Momentum due to Magnetic Braking [kg*m^2/sec]: 5.562685e-309 
----- EQTIDE PARAMETERS (778_star)------
(LockTime) Time when body tidally locked. [sec]: -1.000000 
(BodyDsemiDtEqtide) Body's Contribution to dSemi/dt in EQTIDE []: -1.000000 
(BodyDeccDt) Body's Contribution to dEcc/dt in EQTIDE []: -1.000000 
(DOblDtEqtide) Time Rate of Change of Obliquity in EQTIDE [rad/sec]: 0.000000 
(DRotPerDtEqtide) Time Rate of Change of Rotation Period in EQTIDE []: 2.463923e-16 
(DRotRateDtEqtide) Time Rate of Change of Rotational Frequency in EQTIDE [/sec^2]: -2.073860e-25 
(EqRotRateDiscrete) CPL2 Discrete Equilibrium Spin Rate [/sec]: 2.663910e-05 
(EqRotPerDiscrete) CPL2 Discrete Equilibrium Spin Period [sec]: 2.358633e+05 
(EqRotRateCont) CPL2 Continuous Equilibrium Spin Rate [/sec]: 2.663910e-05 
(EqRotPerCont) CPL2 Continuous Equilibrium Rotation Period [sec]: 2.358633e+05 
(EqRotPer) Equilibrium Rotation Period [sec]: 2.358633e+05 
(EqRotRate) Equilibrium Rotation Rate [/sec]: 2.663910e-05 
(GammaRot) Gamma_Rotation [cgs]: -1.000000 
(GammaOrb) Gamma_Orbital [cgs]: -1.000000 
(OceanK2) K2_Ocean []: 0.010000 
(EnvTidalQ) Envelope Tidal Q []: -1.000000 
(OceanTidalQ) Ocean Tidal Q []: -1.000000 
(TideLock) Tidally Locked? []: 0.000000 
(RotTimeEqtide) Timescale for Rotational Evolution in EQTIDE [sec]: 2.047572e-25 
(EnvK2) K2_Env []: 0.010000 
(OblTimeEqtide) Timescale for Obliquity Evolution in EQTIDE []: -1.000000 
(PowerEqtide) Internal Power due to Tides in EQTIDE [kg*m^2/sec^3]: 2.743432e+17 
(SurfEnFluxEqtide) Surface Energy Flux due to Tides in EQTIDE [kg*m^2/sec^2/(m^2*sec)]: 0.035262 
Tidal Perturbers: 778_b, 778_c
----- STELLAR PARAMETERS (778_star)------
(Luminosity) Luminosity [LSUN]: 0.089872 
(LXUVStellar) Base X-ray/XUV Luminosity [kg*m^2/sec^3]: 3.456466e+22 
(Temperature) Effective Temperature [K]: 2974.316306 
(LXUVFrac) X-ray/XUV Luminosity Fraction []: 0.001000 
(RossbyNumber) Rossby Number []: 0.014598 
(DRotPerDtStellar) Time Rate of Change of Rotation Period in STELLAR []: 2.606214e-09 
Output Order: Time[year] Radius[Solar] RotPer[days] Luminosity[LSUN] TotEnergy[ergs] TotAngMom[kgm^2/s]
Grid Output Order:

----- BODY: 778_b ----
Active Modules: DistOrb DistRot EqTide
Module Bit Sum: 51
Color: 000000
(Mass) Mass [kg]: 1.373603e+25 
(Obliquity) Obliquity [rad]: 2.108288 
(PrecA) Body's precession angle [rad]: 4.486206 
(Xobl) Body's sin(obl)*cos(pA) []: -0.192638 
(Yobl) Body's sin(obl)*sin(pA) []: -0.837117 
(Zobl) Body's cos(obl) []: -0.511983 
(Radius) Radius [m]: 8.419092e+06 
(RadGyra) Radius of Gyration []: 0.400000 
(RotAngMom) Rotational Angular Momentum [kg*m^2/sec]: 1.132864e+34 
(RotKinEnergy) Body's Rotational Energy [kg*m^2/sec^2]: 4.119210e+29 
(RotVel) Rotational Velocity [m/sec]: 612.253648 
(BodyType) Type of Body (0 == planet) []: 0.000000 
(RotRate) Rotational Frequency [/sec]: 7.272205e-05 
(RotPer) Rotational Period [days]: 1.000000 
(SurfEnFluxTotal) Total Surface Energy Flux [W/m^2]: 7.429534e+04 
(TidalQ) Tidal Q []: 100.000000 
(ImK2) Im(k_2) []: -0.003000 
(K2) k_2 []: 0.300000 
(K2Man) Real Love Number k2 Mantle []: 0.010000 
(Imk2Man) Imaginary Love Number k2 Mantle []: 0.000000 
(TidalQMantle) Mantle's Tidal Q []: 100.000000 
(HEcc) Poincare's h (=e*sin(varpi) []: 0.000000 
(HZLimitDryRunaway) Semi-major axis of Dry Runaway HZ Limit [m]: 4.070588e+10 
(HZLimRecVenus) Recent Venus Habitable Zone Limit [m]: 3.662409e+10 
(HZLimRunaway) Runaway Greenhouse Habitable Zone Limit [m]: 4.820644e+10 
(HZLimMoistGreenhouse) Moist Greenhouse Habitable Zone Limit [m]: 4.845974e+10 
(HZLimMaxGreenhouse) Maximum Greenhouse Habitable Zone Limit [m]: 9.292342e+10 
(HZLimEarlyMars) Early Mars Habitable Zone Limit [m]: 1.013425e+11 
(Instellation) Orbit-averaged INcident STELLar radiATION [kg*m^2/sec^2/(m^2*sec)]: 3.495981e+05 
(KEcc) Poincare's k (=e*cos(varpi) []: 0.000000 
(Eccentricity) Orbital Eccentricity []: 0.000000 
(OrbEnergy) Body's Total Orbital Energy [kg*m^2/sec^2]: -3.834407e+34 
(MeanMotion) Orbital Mean Motion [/sec]: 2.663910e-05 
(OrbPeriod) Orbital Period [sec]: 2.358633e+05 
(SemiMajorAxis) Semi-major Axis [m]: 2.804960e+09 
(CriticalSemiMajorAxis) Holman & Wiegert (1999) P-type Critical Semi-major Axis [m]: -1.000000 
(OrbAngMom) Orbital Angular Momentum [kg*m^2/sec]: 2.878781e+39 
(ArgP) Body's argument of pericenter [rad]: 2.291369 
(Inc) Body's Inclination [rad]: 0.007189 
(LongA) Body's Longitude of ascending node [rad]: 3.991816 
(MeanLongitude) Orbital Mean Longitude [rad]: 2.356194 
(TotOrbEnergy) System's Total Orbital Energy [kg*m^2/sec^2]: -5.795924e+34 
(OrbPotEnergy) Body's Orbital Potential Energy [kg*m^2/sec^2]: -7.668813e+34 
(LostEnergy) Body's Total Lost Energy [kg*m^2/sec^2]: 5.562685e-309 
----- EQTIDE PARAMETERS (778_b)------
(TidalRadius) Tidal Radius [m]: 8.419092e+06 
(DsemiDtEqtide) Total da/dt in EQTIDE [m/sec]: 2.809797e-06 
(DeccDtEqtide) Total de/dt in EQTIDE [/sec]: 0.000000 
(DMeanMotionDtEqtide) Total dMeanMotion/dt in EQTIDE [/sec^2]: -4.002755e-20 
(DOrbPerDtEqtide) Total dOrbPer/dt in EQTIDE []: 3.544050e-10 
(EccTimeEqtide) Timescale for Eccentricity Evolution (e/[de/dt]) in EQTIDE [sec]: 0.000000 
(SemiTimeEqtide) Timescale for Semi-major Axis Evolution (a/[da/dt]) in EQTIDE [sec]: 9.982786e+14 
(DHEccDtEqtide) Time Rate of Change of Poincare's h in EQTIDE [/sec]: 0.000000 
(DKEccDtEqtide) Time Rate of Change of Poincare's k in EQTIDE [/sec]: 0.000000 
(DXoblDtEqtide) Time Rate of Change of Laskar's X in EQTIDE [/sec]: 6.250999e-12 
(DYoblDtEqtide) Time Rate of Change of Laskar's Y in EQTIDE [/sec]: 2.716398e-11 
(DZoblDtEqtide) Time Rate of Change of Laskar's Z in EQTIDE [/sec]: -4.676642e-11 
(LockTime) Time when body tidally locked. [sec]: -1.000000 
(BodyDsemiDtEqtide) Body's Contribution to dSemi/dt in EQTIDE []: -1.000000 
(BodyDeccDt) Body's Contribution to dEcc/dt in EQTIDE []: -1.000000 
(DOblDtEqtide) Time Rate of Change of Obliquity in EQTIDE [rad/sec]: 5.444314e-11 
(DRotPerDtEqtide) Time Rate of Change of Rotation Period in EQTIDE []: 1.095210e-05 
(DRotRateDtEqtide) Time Rate of Change of Rotational Frequency in EQTIDE [/sec^2]: -9.218282e-15 
(EqRotRateDiscrete) CPL2 Discrete Equilibrium Spin Rate [/sec]: 2.663910e-05 
(EqRotPerDiscrete) CPL2 Discrete Equilibrium Spin Period [sec]: 2.358633e+05 
(EqRotRateCont) CPL2 Continuous Equilibrium Spin Rate [/sec]: 2.663910e-05 
(EqRotPerCont) CPL2 Continuous Equilibrium Rotation Period [sec]: 2.358633e+05 
(EqRotPer) Equilibrium Rotation Period [sec]: 2.358633e+05 
(EqRotRate) Equilibrium Rotation Rate [/sec]: 2.663910e-05 
(GammaRot) Gamma_Rotation [cgs]: -1.000000 
(GammaOrb) Gamma_Orbital [cgs]: -1.000000 
(OceanK2) K2_Ocean []: 0.010000 
(EnvTidalQ) Envelope Tidal Q []: -1.000000 
(OceanTidalQ) Ocean Tidal Q []: -1.000000 
(TideLock) Tidally Locked? []: 0.000000 
(RotTimeEqtide) Timescale for Rotational Evolution in EQTIDE [sec]: 7.888895e+09 
(EnvK2) K2_Env []: 0.010000 
(OblTimeEqtide) Timescale for Obliquity Evolution in EQTIDE []: -1.000000 
(PowerEqtide) Internal Power due to Tides in EQTIDE [kg*m^2/sec^3]: 6.617622e+19 
(SurfEnFluxEqtide) Surface Energy Flux due to Tides in EQTIDE [kg*m^2/sec^2/(m^2*sec)]: 7.429534e+04 
Tidal Perturbers: 778_star
----- DISTORB PARAMETERS (778_b)------
(Sinc) Body's sin(1/2*Inclination) in DistOrb []: 0.003595 
(Pinc) Body's p = s*sin(Omega) in DistOrb []: -0.002701 
(Qinc) Body's q = s* cos(Omega) in DistOrb []: -0.002372 
(DIncDtDistOrb) Body's dInc/dt in DistOrb [rad/sec]: 4.309933e-17 
(DSincDtDistOrb) Body's dsin(.5*Inc)/dt in DistOrb [/sec]: 2.154953e-17 
(DLongADtDistOrb) Body's dOmega/dt in DistOrb [rad/sec]: -3.464100e-10 
(DLongPDtDistOrb) Body's dvarpi/dt in DistOrb [rad/sec]: -nan 
(DHeccDtDistOrb) Body's dh/dt in DistOrb [/sec]: 0.000000 
(DKeccDtDistOrb) Body's dk/dt in DistOrb [/sec]: 0.000000 
(DPincDtDistOrb) Body's dp/dt in DistOrb [/sec]: 8.215745e-13 
(DQincDtDistOrb) Body's dq/dt in DistOrb [/sec]: -9.356798e-13 
-----DISTROT PARAMETERS (778_b)------
(CassiniOne) First Cassini parameter (misalignment of Cassini state vectors) []: 0.811514 
(CassiniTwo) Second Cassini parameter (alignment of Cassini state vectors []: -0.584333 
(DOblDtDistRot) Body's dobl/dt in DistRot [rad]: 9.614636e-13 
(DPrecADtDistRot) Body's dpA/dt in DistRot [rad/sec]: -2.458487e-08 
(DXoblDtDistRot) Body's dXobl/dt in DistRot [/sec]: -2.058064e-08 
(DYoblDtDistRot) Body's dYobl/dt in DistRot [/sec]: 4.734972e-09 
(DZoblDtDistRot) Body's dZobl/dt in DistRot [/sec]: -1.735991e-12 
(OblTimeDistRot) Obliquity timescale in DistRot [rad]: 3.267511e+12 
(PrecATimeDistRot) Axial precession timescale in DistRot [sec]: 2.555712e+08 
(XoblTimeDistRot) Xobl timescale in DistRot [/sec]: 4.858936e+07 
(YoblTimeDistRot) Yobl timescale in DistRot [/sec]: 2.111945e+08 
(ZoblTimeDistRot) Zobl timescale in DistRot [/sec]: 5.760398e+11 
(DynEllip) dynamical ellipticity of planet []: 0.003281 
(PrecFNat) natural precession freq of planet [rad/sec]: -2.458401e-08 
Output Order: Time[year] RotPer[days] LongP[deg] SemiMajorAxis[AU] Eccentricity[] SurfEnFluxTotal[W/m^2] Obliquity[deg] PrecA[deg] CassiniOne[deg] CassiniTwo[deg] PrecFNat[deg/year] DynEllip[] DeltaTime[year]
Grid Output Order:

----- BODY: 778_c ----
Active Modules: DistOrb DistRot EqTide
Module Bit Sum: 51
Color: 000000
(Mass) Mass [kg]: 1.493046e+25 
(Obliquity) Obliquity [rad]: 1.765309 
(PrecA) Body's precession angle [rad]: 1.016982 
(Xobl) Body's sin(obl)*cos(pA) []: 0.516017 
(Yobl) Body's sin(obl)*sin(pA) []: 0.834485 
(Zobl) Body's cos(obl) []: -0.193288 
(Radius) Radius [m]: 8.718863e+06 
(RadGyra) Radius of Gyration []: 0.400000 
(RotAngMom) Rotational Angular Momentum [kg*m^2/sec]: 1.320624e+34 
(RotKinEnergy) Body's Rotational Energy [kg*m^2/sec^2]: 4.801924e+29 
(RotVel) Rotational Velocity [m/sec]: 634.053588 
(BodyType) Type of Body (0 == planet) []: 0.000000 
(RotRate) Rotational Frequency [/sec]: 7.272205e-05 
(RotPer) Rotational Period [days]: 1.000000 
(SurfEnFluxTotal) Total Surface Energy Flux [W/m^2]: 1.039721e+04 
(TidalQ) Tidal Q []: 12.000000 
(ImK2) Im(k_2) []: -0.025000 
(K2) k_2 []: 0.300000 
(K2Man) Real Love Number k2 Mantle []: 0.010000 
(Imk2Man) Imaginary Love Number k2 Mantle []: 0.000000 
(TidalQMantle) Mantle's Tidal Q []: 100.000000 
(HEcc) Poincare's h (=e*sin(varpi) []: 0.000000 
(HZLimitDryRunaway) Semi-major axis of Dry Runaway HZ Limit [m]: 4.070588e+10 
(HZLimRecVenus) Recent Venus Habitable Zone Limit [m]: 3.662409e+10 
(HZLimRunaway) Runaway Greenhouse Habitable Zone Limit [m]: 4.820644e+10 
(HZLimMoistGreenhouse) Moist Greenhouse Habitable Zone Limit [m]: 4.845974e+10 
(HZLimMaxGreenhouse) Maximum Greenhouse Habitable Zone Limit [m]: 9.292342e+10 
(HZLimEarlyMars) Early Mars Habitable Zone Limit [m]: 1.013425e+11 
(Instellation) Orbit-averaged INcident STELLar radiATION [kg*m^2/sec^2/(m^2*sec)]: 7.743423e+04 
(KEcc) Poincare's k (=e*cos(varpi) []: 0.000000 
(Eccentricity) Orbital Eccentricity []: 0.000000 
(OrbEnergy) Body's Total Orbital Energy [kg*m^2/sec^2]: -1.961518e+34 
(MeanMotion) Orbital Mean Motion [/sec]: 8.600893e-06 
(OrbPeriod) Orbital Period [sec]: 7.305271e+05 
(SemiMajorAxis) Semi-major Axis [m]: 5.959979e+09 
(CriticalSemiMajorAxis) Holman & Wiegert (1999) P-type Critical Semi-major Axis [m]: -1.000000 
(OrbAngMom) Orbital Angular Momentum [kg*m^2/sec]: 4.561196e+39 
(ArgP) Body's argument of pericenter [rad]: 5.432917 
(Inc) Body's Inclination [rad]: 0.004537 
(LongA) Body's Longitude of ascending node [rad]: 0.850268 
(MeanLongitude) Orbital Mean Longitude [rad]: 2.356194 
(TotOrbEnergy) System's Total Orbital Energy [kg*m^2/sec^2]: -5.795924e+34 
(OrbPotEnergy) Body's Orbital Potential Energy [kg*m^2/sec^2]: -3.923036e+34 
(LostEnergy) Body's Total Lost Energy [kg*m^2/sec^2]: 5.562685e-309 
----- EQTIDE PARAMETERS (778_c)------
(TidalRadius) Tidal Radius [m]: 8.718863e+06 
(DsemiDtEqtide) Total da/dt in EQTIDE [m/sec]: 4.049967e-07 
(DeccDtEqtide) Total de/dt in EQTIDE [/sec]: 0.000000 
(DMeanMotionDtEqtide) Total dMeanMotion/dt in EQTIDE [/sec^2]: -8.766808e-22 
(DOrbPerDtEqtide) Total dOrbPer/dt in EQTIDE []: 7.446193e-11 
(EccTimeEqtide) Timescale for Eccentricity Evolution (e/[de/dt]) in EQTIDE [sec]: 0.000000 
(SemiTimeEqtide) Timescale for Semi-major Axis Evolution (a/[da/dt]) in EQTIDE [sec]: 1.471612e+16 
(DHEccDtEqtide) Time Rate of Change of Poincare's h in EQTIDE [/sec]: 0.000000 
(DKEccDtEqtide) Time Rate of Change of Poincare's k in EQTIDE [/sec]: 0.000000 
(DXoblDtEqtide) Time Rate of Change of Laskar's X in EQTIDE [/sec]: -5.849307e-13 
(DYoblDtEqtide) Time Rate of Change of Laskar's Y in EQTIDE [/sec]: -9.459297e-13 
(DZoblDtEqtide) Time Rate of Change of Laskar's Z in EQTIDE [/sec]: -5.645447e-12 
(LockTime) Time when body tidally locked. [sec]: -1.000000 
(BodyDsemiDtEqtide) Body's Contribution to dSemi/dt in EQTIDE []: -1.000000 
(BodyDeccDt) Body's Contribution to dEcc/dt in EQTIDE []: -1.000000 
(DOblDtEqtide) Time Rate of Change of Obliquity in EQTIDE [rad/sec]: 5.753955e-12 
(DRotPerDtEqtide) Time Rate of Change of Rotation Period in EQTIDE []: 1.013397e-06 
(DRotRateDtEqtide) Time Rate of Change of Rotational Frequency in EQTIDE [/sec^2]: -8.529665e-16 
(EqRotRateDiscrete) CPL2 Discrete Equilibrium Spin Rate [/sec]: 8.600893e-06 
(EqRotPerDiscrete) CPL2 Discrete Equilibrium Spin Period [sec]: 7.305271e+05 
(EqRotRateCont) CPL2 Continuous Equilibrium Spin Rate [/sec]: 8.600893e-06 
(EqRotPerCont) CPL2 Continuous Equilibrium Rotation Period [sec]: 7.305271e+05 
(EqRotPer) Equilibrium Rotation Period [sec]: 7.305271e+05 
(EqRotRate) Equilibrium Rotation Rate [/sec]: 8.600893e-06 
(GammaRot) Gamma_Rotation [cgs]: -1.000000 
(GammaOrb) Gamma_Orbital [cgs]: -1.000000 
(OceanK2) K2_Ocean []: 0.010000 
(EnvTidalQ) Envelope Tidal Q []: -1.000000 
(OceanTidalQ) Ocean Tidal Q []: -1.000000 
(TideLock) Tidally Locked? []: 0.000000 
(RotTimeEqtide) Timescale for Rotational Evolution in EQTIDE [sec]: 8.525781e+10 
(EnvK2) K2_Env []: 0.010000 
(OblTimeEqtide) Timescale for Obliquity Evolution in EQTIDE []: -1.000000 
(PowerEqtide) Internal Power due to Tides in EQTIDE [kg*m^2/sec^3]: 9.932220e+18 
(SurfEnFluxEqtide) Surface Energy Flux due to Tides in EQTIDE [kg*m^2/sec^2/(m^2*sec)]: 1.039721e+04 
Tidal Perturbers: 778_star
----- DISTORB PARAMETERS (778_c)------
(Sinc) Body's sin(1/2*Inclination) in DistOrb []: 0.002269 
(Pinc) Body's p = s*sin(Omega) in DistOrb []: 0.001705 
(Qinc) Body's q = s* cos(Omega) in DistOrb []: 0.001497 
(DIncDtDistOrb) Body's dInc/dt in DistOrb [rad/sec]: -4.309796e-17 
(DSincDtDistOrb) Body's dsin(.5*Inc)/dt in DistOrb [/sec]: -2.154892e-17 
(DLongADtDistOrb) Body's dOmega/dt in DistOrb [rad/sec]: -3.463989e-10 
(DLongPDtDistOrb) Body's dvarpi/dt in DistOrb [rad/sec]: -nan 
(DHeccDtDistOrb) Body's dh/dt in DistOrb [/sec]: 0.000000 
(DKeccDtDistOrb) Body's dk/dt in DistOrb [/sec]: 0.000000 
(DPincDtDistOrb) Body's dp/dt in DistOrb [/sec]: -5.185289e-13 
(DQincDtDistOrb) Body's dq/dt in DistOrb [/sec]: 5.905454e-13 
-----DISTROT PARAMETERS (778_c)------
(CassiniOne) First Cassini parameter (misalignment of Cassini state vectors) []: 0.956386 
(CassiniTwo) Second Cassini parameter (alignment of Cassini state vectors []: -0.292104 
(DOblDtDistRot) Body's dobl/dt in DistRot [rad]: 1.390895e-12 
(DPrecADtDistRot) Body's dpA/dt in DistRot [rad/sec]: -9.886865e-10 
(DXoblDtDistRot) Body's dXobl/dt in DistRot [/sec]: 8.251972e-10 
(DYoblDtDistRot) Body's dYobl/dt in DistRot [/sec]: -5.099322e-10 
(DZoblDtDistRot) Body's dZobl/dt in DistRot [/sec]: -1.474869e-12 
(OblTimeDistRot) Obliquity timescale in DistRot [rad]: 2.258684e+12 
(PrecATimeDistRot) Axial precession timescale in DistRot [sec]: 6.355083e+09 
(XoblTimeDistRot) Xobl timescale in DistRot [/sec]: 1.211831e+09 
(YoblTimeDistRot) Yobl timescale in DistRot [/sec]: 1.961045e+09 
(ZoblTimeDistRot) Zobl timescale in DistRot [/sec]: 6.780264e+11 
(DynEllip) dynamical ellipticity of planet []: 0.003352 
(PrecFNat) natural precession freq of planet [rad/sec]: -9.885996e-10 
Output Order: Time[year] RotPer[days] LongP[deg] SemiMajorAxis[AU] Eccentricity[] SurfEnFluxTotal[W/m^2] Obliquity[deg] PrecA[deg] CassiniOne[deg] CassiniTwo[deg] PrecFNat[deg/year] DynEllip[] DeltaTime[year]
Grid Output Order:



---- FINAL SYSTEM PROPERTIES ----
(Age) System Age [sec]: 3.187318e+13 
(Time) Simulation Time [sec]: 3.155760e+11 
(TotAngMom) Total Angular Momentum [kgm^2/s]: 2.084701e+42 
(TotEnergy) Total System Energy [ergs]: -2.726392e+39 
(PotEnergy) Body's non-orbital Potential Energy [kg*m^2/sec^2]: -2.804103e+39 
(KinEnergy) Body's non-orbital Kinetic Energy [kg*m^2/sec^2]: 7.415244e+37 
(DeltaTime) Average Timestep Over Last Output Interval [sec]: 638.376249 
(Density) Average Density [kg/m^3]: 2022.353681 
(LongP) Body's Longitude of pericenter [rad]: 0.000000 
(LXUVTot) Total XUV Luminosity [kg*m^2/sec^2/(m^2*sec)]: 3.451621e+22 

----- BODY: 778_star ----
Active Modules: EqTide STELLAR
Module Bit Sum: 67
Color: 000000
(Mass) Mass [kg]: 2.346331e+29 
(Obliquity) Obliquity [rad]: 0.000000 
(PrecA) Body's precession angle [rad]: 0.000000 
(Xobl) Body's sin(obl)*cos(pA) []: 0.000000 
(Yobl) Body's sin(obl)*sin(pA) []: 0.000000 
(Zobl) Body's cos(obl) []: 1.000000 
(Radius) Radius [Solar]: 1.130104 
(RadGyra) Radius of Gyration []: 0.443453 
(RotAngMom) Rotational Angular Momentum [kg*m^2/sec]: 2.056650e+42 
(RotKinEnergy) Body's Rotational Energy [kg*m^2/sec^2]: 7.415244e+37 
(RotVel) Rotational Velocity [m/sec]: 5.669376e+04 
(BodyType) Type of Body (0 == planet) []: 0.000000 
(RotRate) Rotational Frequency [/sec]: 7.210992e-05 
(RotPer) Rotational Period [days]: 1.008489 
(SurfEnFluxTotal) Total Surface Energy Flux [kg*m^2/sec^2/(m^2*sec)]: 0.034714 
(TidalQ) Tidal Q []: 1.000000e+06 
(ImK2) Im(k_2) []: -5.000000e-07 
(K2) k_2 []: 0.500000 
(K2Man) Real Love Number k2 Mantle []: 0.010000 
(Imk2Man) Imaginary Love Number k2 Mantle []: 0.000000 
(TidalQMantle) Mantle's Tidal Q []: 100.000000 
(HEcc) Poincare's h (=e*sin(varpi) []: 0.000000 
(HZLimitDryRunaway) Semi-major axis of Dry Runaway HZ Limit [m]: 4.067734e+10 
(HZLimRecVenus) Recent Venus Habitable Zone Limit [m]: 3.659825e+10 
(HZLimRunaway) Runaway Greenhouse Habitable Zone Limit [m]: 4.817253e+10 
(HZLimMoistGreenhouse) Moist Greenhouse Habitable Zone Limit [m]: 4.842555e+10 
(HZLimMaxGreenhouse) Maximum Greenhouse Habitable Zone Limit [m]: 9.285697e+10 
(HZLimEarlyMars) Early Mars Habitable Zone Limit [m]: 1.012700e+11 
(Instellation) Orbit-averaged INcident STELLar radiATION [kg*m^2/sec^2/(m^2*sec)]: -1.000000 
(KEcc) Poincare's k (=e*cos(varpi) []: 0.000000 
(Eccentricity) Orbital Eccentricity []: -1.000000 
(OrbEnergy) Body's Total Orbital Energy [kg*m^2/sec^2]: 0.000000 
(MeanMotion) Orbital Mean Motion [/sec]: -1.000000 
(OrbPeriod) Orbital Period [sec]: -1.000000 
(SemiMajorAxis) Semi-major Axis [m]: -1.000000 
(CriticalSemiMajorAxis) Holman & Wiegert (1999) P-type Critical Semi-major Axis [m]: -1.000000 
(OrbAngMom) Orbital Angular Momentum [kg*m^2/sec]: 0.000000 
(TotOrbEnergy) System's Total Orbital Energy [kg*m^2/sec^2]: -5.795947e+34 
(OrbPotEnergy) Body's Orbital Potential Energy [kg*m^2/sec^2]: -1.000000 
(LostEnergy) Body's Total Lost Energy [kg*m^2/sec^2]: 3.618242e+36 
(LostAngMom) Lost Angular Momentum due to Magnetic Braking [kg*m^2/sec]: 2.061089e+40 
----- EQTIDE PARAMETERS (778_star)------
(LockTime) Time when body tidally locked. [sec]: -1.000000 
(BodyDsemiDtEqtide) Body's Contribution to dSemi/dt in EQTIDE []: -1.000000 
(BodyDeccDt) Body's Contribution to dEcc/dt in EQTIDE []: -1.000000 
(DOblDtEqtide) Time Rate of Change of Obliquity in EQTIDE [rad/sec]: 0.000000 
(DRotPerDtEqtide) Time Rate of Change of Rotation Period in EQTIDE []: 2.499838e-16 
(DRotRateDtEqtide) Time Rate of Change of Rotational Frequency in EQTIDE [/sec^2]: -2.068817e-25 
(EqRotRateDiscrete) CPL2 Discrete Equilibrium Spin Rate [/sec]: 2.663938e-05 
(EqRotPerDiscrete) CPL2 Discrete Equilibrium Spin Period [sec]: 2.358608e+05 
(EqRotRateCont) CPL2 Continuous Equilibrium Spin Rate [/sec]: 2.663938e-05 
(EqRotPerCont) CPL2 Continuous Equilibrium Rotation Period [sec]: 2.358608e+05 
(EqRotPer) Equilibrium Rotation Period [sec]: 2.358608e+05 
(EqRotRate) Equilibrium Rotation Rate [/sec]: 2.663938e-05 
(GammaRot) Gamma_Rotation [cgs]: -1.000000 
(GammaOrb) Gamma_Orbital [cgs]: -1.000000 
(OceanK2) K2_Ocean []: 0.010000 
(EnvTidalQ) Envelope Tidal Q []: -1.000000 
(OceanTidalQ) Ocean Tidal Q []: -1.000000 
(TideLock) Tidally Locked? []: 0.000000 
(RotTimeEqtide) Timescale for Rotational Evolution in EQTIDE [sec]: 2.042594e-25 
(EnvK2) K2_Env []: 0.010000 
(OblTimeEqtide) Timescale for Obliquity Evolution in EQTIDE []: -1.000000 
(PowerEqtide) Internal Power due to Tides in EQTIDE [kg*m^2/sec^3]: 2.696471e+17 
(SurfEnFluxEqtide) Surface Energy Flux due to Tides in EQTIDE [kg*m^2/sec^2/(m^2*sec)]: 0.034714 
Tidal Perturbers: 778_b, 778_c
----- STELLAR PARAMETERS (778_star)------
(Luminosity) Luminosity [LSUN]: 0.089746 
(LXUVStellar) Base X-ray/XUV Luminosity [kg*m^2/sec^3]: 3.451621e+22 
(Temperature) Effective Temperature [K]: 2974.572784 
(LXUVFrac) X-ray/XUV Luminosity Fraction []: 0.001000 
(RossbyNumber) Rossby Number []: 0.014724 
(DRotPerDtStellar) Time Rate of Change of Rotation Period in STELLAR []: 2.226426e-09 
Output Order: Time[year] Radius[Solar] RotPer[days] Luminosity[LSUN] TotEnergy[ergs] TotAngMom[kgm^2/s]
Grid Output Order:

----- BODY: 778_b ----
Active Modules: DistOrb DistRot EqTide
Module Bit Sum: 51
Color: 000000
(Mass) Mass [kg]: 1.373603e+25 
(Obliquity) Obliquity [rad]: 0.000144 
(PrecA) Body's precession angle [rad]: 1.632800 
(Xobl) Body's sin(obl)*cos(pA) []: -8.946490e-06 
(Yobl) Body's sin(obl)*sin(pA) []: 0.000144 
(Zobl) Body's cos(obl) []: 1.000077 
(Radius) Radius [m]: 8.419092e+06 
(RadGyra) Radius of Gyration []: 0.400000 
(RotAngMom) Rotational Angular Momentum [kg*m^2/sec]: 4.149882e+33 
(RotKinEnergy) Body's Rotational Energy [kg*m^2/sec^2]: 5.527514e+28 
(RotVel) Rotational Velocity [m/sec]: 224.279382 
(BodyType) Type of Body (0 == planet) []: 0.000000 
(RotRate) Rotational Frequency [/sec]: 2.663938e-05 
(RotPer) Rotational Period [days]: 2.729870 
(SurfEnFluxTotal) Total Surface Energy Flux [W/m^2]: 0.000895 
(TidalQ) Tidal Q []: 100.000000 
(ImK2) Im(k_2) []: -0.003000 
(K2) k_2 []: 0.300000 
(K2Man) Real Love Number k2 Mantle []: 0.010000 
(Imk2Man) Imaginary Love Number k2 Mantle []: 0.000000 
(TidalQMantle) Mantle's Tidal Q []: 100.000000 
(HEcc) Poincare's h (=e*sin(varpi) []: 0.000000 
(HZLimitDryRunaway) Semi-major axis of Dry Runaway HZ Limit [m]: 4.067734e+10 
(HZLimRecVenus) Recent Venus Habitable Zone Limit [m]: 3.659825e+10 
(HZLimRunaway) Runaway Greenhouse Habitable Zone Limit [m]: 4.817253e+10 
(HZLimMoistGreenhouse) Moist Greenhouse Habitable Zone Limit [m]: 4.842555e+10 
(HZLimMaxGreenhouse) Maximum Greenhouse Habitable Zone Limit [m]: 9.285697e+10 
(HZLimEarlyMars) Early Mars Habitable Zone Limit [m]: 1.012700e+11 
(Instellation) Orbit-averaged INcident STELLar radiATION [kg*m^2/sec^2/(m^2*sec)]: 3.491130e+05 
(KEcc) Poincare's k (=e*cos(varpi) []: 0.000000 
(Eccentricity) Orbital Eccentricity []: 0.000000 
(OrbEnergy) Body's Total Orbital Energy [kg*m^2/sec^2]: -3.834433e+34 
(MeanMotion) Orbital Mean Motion [/sec]: 2.663938e-05 
(OrbPeriod) Orbital Period [sec]: 2.358608e+05 
(SemiMajorAxis) Semi-major Axis [m]: 2.804940e+09 
(CriticalSemiMajorAxis) Holman & Wiegert (1999) P-type Critical Semi-major Axis [m]: -1.000000 
(OrbAngMom) Orbital Angular Momentum [kg*m^2/sec]: 2.878771e+39 
(ArgP) Body's argument of pericenter [rad]: 4.794448 
(Inc) Body's Inclination [rad]: 0.007189 
(LongA) Body's Longitude of ascending node [rad]: 1.488737 
(MeanLongitude) Orbital Mean Longitude [rad]: 2.356194 
(TotOrbEnergy) System's Total Orbital Energy [kg*m^2/sec^2]: -5.795947e+34 
(OrbPotEnergy) Body's Orbital Potential Energy [kg*m^2/sec^2]: -7.668867e+34 
(LostEnergy) Body's Total Lost Energy [kg*m^2/sec^2]: 6.736294e+29 
----- EQTIDE PARAMETERS (778_b)------
(TidalRadius) Tidal Radius [m]: 8.419092e+06 
(DsemiDtEqtide) Total da/dt in EQTIDE [m/sec]: 1.135251e-08 
(DeccDtEqtide) Total de/dt in EQTIDE [/sec]: -0.000000 
(DMeanMotionDtEqtide) Total dMeanMotion/dt in EQTIDE [/sec^2]: -1.617273e-22 
(DOrbPerDtEqtide) Total dOrbPer/dt in EQTIDE []: 1.431908e-12 
(EccTimeEqtide) Timescale for Eccentricity Evolution (e/[de/dt]) in EQTIDE [sec]: 0.000000 
(SemiTimeEqtide) Timescale for Semi-major Axis Evolution (a/[da/dt]) in EQTIDE [sec]: 2.470768e+17 
(DHEccDtEqtide) Time Rate of Change of Poincare's h in EQTIDE [/sec]: -0.000000 
(DKEccDtEqtide) Time Rate of Change of Poincare's k in EQTIDE [/sec]: -0.000000 
(DXoblDtEqtide) Time Rate of Change of Laskar's X in EQTIDE [/sec]: 3.095737e-15 
(DYoblDtEqtide) Time Rate of Change of Laskar's Y in EQTIDE [/sec]: -4.986418e-14 
(DZoblDtEqtide) Time Rate of Change of Laskar's Z in EQTIDE [/sec]: 7.212791e-18 
(LockTime) Time when body tidally locked. [sec]: 1.756544e+10 
(BodyDsemiDtEqtide) Body's Contribution to dSemi/dt in EQTIDE []: -1.000000 
(BodyDeccDt) Body's Contribution to dEcc/dt in EQTIDE []: -1.000000 
(DOblDtEqtide) Time Rate of Change of Obliquity in EQTIDE [rad/sec]: -4.996019e-14 
(DRotPerDtEqtide) Time Rate of Change of Rotation Period in EQTIDE []: -4.925112e-299 
(DRotRateDtEqtide) Time Rate of Change of Rotational Frequency in EQTIDE [/sec^2]: 5.562685e-309 
(EqRotRateDiscrete) CPL2 Discrete Equilibrium Spin Rate [/sec]: 2.663938e-05 
(EqRotPerDiscrete) CPL2 Discrete Equilibrium Spin Period [sec]: 2.358608e+05 
(EqRotRateCont) CPL2 Continuous Equilibrium Spin Rate [/sec]: 2.663938e-05 
(EqRotPerCont) CPL2 Continuous Equilibrium Rotation Period [sec]: 2.358608e+05 
(EqRotPer) Equilibrium Rotation Period [sec]: 2.358608e+05 
(EqRotRate) Equilibrium Rotation Rate [/sec]: 2.663938e-05 
(GammaRot) Gamma_Rotation [cgs]: -1.000000 
(GammaOrb) Gamma_Orbital [cgs]: -1.000000 
(OceanK2) K2_Ocean []: 0.010000 
(EnvTidalQ) Envelope Tidal Q []: -1.000000 
(OceanTidalQ) Ocean Tidal Q []: -1.000000 
(TideLock) Tidally Locked? []: 1.000000 
(RotTimeEqtide) Timescale for Rotational Evolution in EQTIDE [sec]: 4.788943e+303 
(EnvK2) K2_Env []: 0.010000 
(OblTimeEqtide) Timescale for Obliquity Evolution in EQTIDE []: -1.000000 
(PowerEqtide) Internal Power due to Tides in EQTIDE [kg*m^2/sec^3]: 7.973749e+11 
(SurfEnFluxEqtide) Surface Energy Flux due to Tides in EQTIDE [kg*m^2/sec^2/(m^2*sec)]: 0.000895 
Tidal Perturbers: 778_star
----- DISTORB PARAMETERS (778_b)------
(Sinc) Body's sin(1/2*Inclination) in DistOrb []: 0.003595 
(Pinc) Body's p = s*sin(Omega) in DistOrb []: 0.003583 
(Qinc) Body's q = s* cos(Omega) in DistOrb []: 0.000295 
(DIncDtDistOrb) Body's dInc/dt in DistOrb [rad/sec]: -1.815146e-17 
(DSincDtDistOrb) Body's dsin(.5*Inc)/dt in DistOrb [/sec]: -9.075672e-18 
(DLongADtDistOrb) Body's dOmega/dt in DistOrb [rad/sec]: -3.463988e-10 
(DLongPDtDistOrb) Body's dvarpi/dt in DistOrb [rad/sec]: -nan 
(DHeccDtDistOrb) Body's dh/dt in DistOrb [/sec]: 0.000000 
(DKeccDtDistOrb) Body's dk/dt in DistOrb [/sec]: 0.000000 
(DPincDtDistOrb) Body's dp/dt in DistOrb [/sec]: -1.020734e-13 
(DQincDtDistOrb) Body's dq/dt in DistOrb [/sec]: 1.240994e-12 
-----DISTROT PARAMETERS (778_b)------
(CassiniOne) First Cassini parameter (misalignment of Cassini state vectors) []: 0.020061 
(CassiniTwo) Second Cassini parameter (alignment of Cassini state vectors []: -0.999799 
(DOblDtDistRot) Body's dobl/dt in DistRot [rad]: 4.995634e-14 
(DPrecADtDistRot) Body's dpA/dt in DistRot [rad/sec]: 3.464055e-10 
(DXoblDtDistRot) Body's dXobl/dt in DistRot [/sec]: -5.301431e-14 
(DYoblDtDistRot) Body's dYobl/dt in DistRot [/sec]: 4.676507e-14 
(DZoblDtDistRot) Body's dZobl/dt in DistRot [/sec]: -7.213347e-18 
(OblTimeDistRot) Obliquity timescale in DistRot [rad]: 6.288677e+13 
(PrecATimeDistRot) Axial precession timescale in DistRot [sec]: 1.813824e+10 
(XoblTimeDistRot) Xobl timescale in DistRot [/sec]: 1.886283e+13 
(YoblTimeDistRot) Yobl timescale in DistRot [/sec]: 2.138348e+13 
(ZoblTimeDistRot) Zobl timescale in DistRot [/sec]: 1.386319e+17 
(DynEllip) dynamical ellipticity of planet []: 0.000440 
(PrecFNat) natural precession freq of planet [rad/sec]: 1.759130e-08 
Output Order: Time[year] RotPer[days] LongP[deg] SemiMajorAxis[AU] Eccentricity[] SurfEnFluxTotal[W/m^2] Obliquity[deg] PrecA[deg] CassiniOne[deg] CassiniTwo[deg] PrecFNat[deg/year] DynEllip[] DeltaTime[year]
Grid Output Order:

----- BODY: 778_c ----
Active Modules: DistOrb DistRot EqTide
Module Bit Sum: 51
Color: 000000
(Mass) Mass [kg]: 1.493046e+25 
(Obliquity) Obliquity [rad]: 0.005672 
(PrecA) Body's precession angle [rad]: 4.428442 
(Xobl) Body's sin(obl)*cos(pA) []: -0.001590 
(Yobl) Body's sin(obl)*sin(pA) []: -0.005447 
(Zobl) Body's cos(obl) []: 1.000264 
(Radius) Radius [m]: 8.718863e+06 
(RadGyra) Radius of Gyration []: 0.400000 
(RotAngMom) Rotational Angular Momentum [kg*m^2/sec]: 1.561907e+33 
(RotKinEnergy) Body's Rotational Energy [kg*m^2/sec^2]: 6.716873e+27 
(RotVel) Rotational Velocity [m/sec]: 74.989752 
(BodyType) Type of Body (0 == planet) []: 0.000000 
(RotRate) Rotational Frequency [/sec]: 8.600864e-06 
(RotPer) Rotational Period [days]: 8.455203 
(SurfEnFluxTotal) Total Surface Energy Flux [W/m^2]: 0.044871 
(TidalQ) Tidal Q []: 12.000000 
(ImK2) Im(k_2) []: -0.025000 
(K2) k_2 []: 0.300000 
(K2Man) Real Love Number k2 Mantle []: 0.010000 
(Imk2Man) Imaginary Love Number k2 Mantle []: 0.000000 
(TidalQMantle) Mantle's Tidal Q []: 100.000000 
(HEcc) Poincare's h (=e*sin(varpi) []: 0.000000 
(HZLimitDryRunaway) Semi-major axis of Dry Runaway HZ Limit [m]: 4.067734e+10 
(HZLimRecVenus) Recent Venus Habitable Zone Limit [m]: 3.659825e+10 
(HZLimRunaway) Runaway Greenhouse Habitable Zone Limit [m]: 4.817253e+10 
(HZLimMoistGreenhouse) Moist Greenhouse Habitable Zone Limit [m]: 4.842555e+10 
(HZLimMaxGreenhouse) Maximum Greenhouse Habitable Zone Limit [m]: 9.285697e+10 
(HZLimEarlyMars) Early Mars Habitable Zone Limit [m]: 1.012700e+11 
(Instellation) Orbit-averaged INcident STELLar radiATION [kg*m^2/sec^2/(m^2*sec)]: 7.732533e+04 
(KEcc) Poincare's k (=e*cos(varpi) []: 0.000000 
(Eccentricity) Orbital Eccentricity []: 0.000000 
(OrbEnergy) Body's Total Orbital Energy [kg*m^2/sec^2]: -1.961513e+34 
(MeanMotion) Orbital Mean Motion [/sec]: 8.600864e-06 
(OrbPeriod) Orbital Period [sec]: 7.305296e+05 
(SemiMajorAxis) Semi-major Axis [m]: 5.959993e+09 
(CriticalSemiMajorAxis) Holman & Wiegert (1999) P-type Critical Semi-major Axis [m]: -1.000000 
(OrbAngMom) Orbital Angular Momentum [kg*m^2/sec]: 4.561201e+39 
(ArgP) Body's argument of pericenter [rad]: 1.652874 
(Inc) Body's Inclination [rad]: 0.004537 
(LongA) Body's Longitude of ascending node [rad]: 4.630311 
(MeanLongitude) Orbital Mean Longitude [rad]: 2.356194 
(TotOrbEnergy) System's Total Orbital Energy [kg*m^2/sec^2]: -5.795947e+34 
(OrbPotEnergy) Body's Orbital Potential Energy [kg*m^2/sec^2]: -3.923027e+34 
(LostEnergy) Body's Total Lost Energy [kg*m^2/sec^2]: 4.293797e+29 
----- EQTIDE PARAMETERS (778_c)------
(TidalRadius) Tidal Radius [m]: 8.718863e+06 
(DsemiDtEqtide) Total da/dt in EQTIDE [m/sec]: 1.824258e-10 
(DeccDtEqtide) Total de/dt in EQTIDE [/sec]: -0.000000 
(DMeanMotionDtEqtide) Total dMeanMotion/dt in EQTIDE [/sec^2]: -3.948879e-25 
(DOrbPerDtEqtide) Total dOrbPer/dt in EQTIDE []: 3.354050e-14 
(EccTimeEqtide) Timescale for Eccentricity Evolution (e/[de/dt]) in EQTIDE [sec]: 0.000000 
(SemiTimeEqtide) Timescale for Semi-major Axis Evolution (a/[da/dt]) in EQTIDE [sec]: 3.267078e+19 
(DHEccDtEqtide) Time Rate of Change of Poincare's h in EQTIDE [/sec]: -0.000000 
(DKEccDtEqtide) Time Rate of Change of Poincare's k in EQTIDE [/sec]: -0.000000 
(DXoblDtEqtide) Time Rate of Change of Laskar's X in EQTIDE [/sec]: 1.575873e-13 
(DYoblDtEqtide) Time Rate of Change of Laskar's Y in EQTIDE [/sec]: 5.399928e-13 
(DZoblDtEqtide) Time Rate of Change of Laskar's Z in EQTIDE [/sec]: 3.190817e-15 
(LockTime) Time when body tidally locked. [sec]: 1.140217e+11 
(BodyDsemiDtEqtide) Body's Contribution to dSemi/dt in EQTIDE []: -1.000000 
(BodyDeccDt) Body's Contribution to dEcc/dt in EQTIDE []: -1.000000 
(DOblDtEqtide) Time Rate of Change of Obliquity in EQTIDE [rad/sec]: -5.625266e-13 
(DRotPerDtEqtide) Time Rate of Change of Rotation Period in EQTIDE []: -4.724764e-298 
(DRotRateDtEqtide) Time Rate of Change of Rotational Frequency in EQTIDE [/sec^2]: 5.562685e-309 
(EqRotRateDiscrete) CPL2 Discrete Equilibrium Spin Rate [/sec]: 8.600864e-06 
(EqRotPerDiscrete) CPL2 Discrete Equilibrium Spin Period [sec]: 7.305296e+05 
(EqRotRateCont) CPL2 Continuous Equilibrium Spin Rate [/sec]: 8.600864e-06 
(EqRotPerCont) CPL2 Continuous Equilibrium Rotation Period [sec]: 7.305296e+05 
(EqRotPer) Equilibrium Rotation Period [sec]: 7.305296e+05 
(EqRotRate) Equilibrium Rotation Rate [/sec]: 8.600864e-06 
(GammaRot) Gamma_Rotation [cgs]: -1.000000 
(GammaOrb) Gamma_Orbital [cgs]: -1.000000 
(OceanK2) K2_Ocean []: 0.010000 
(EnvTidalQ) Envelope Tidal Q []: -1.000000 
(OceanTidalQ) Ocean Tidal Q []: -1.000000 
(TideLock) Tidally Locked? []: 1.000000 
(RotTimeEqtide) Timescale for Rotational Evolution in EQTIDE [sec]: 1.546171e+303 
(EnvK2) K2_Env []: 0.010000 
(OblTimeEqtide) Timescale for Obliquity Evolution in EQTIDE []: -1.000000 
(PowerEqtide) Internal Power due to Tides in EQTIDE [kg*m^2/sec^3]: 4.286462e+13 
(SurfEnFluxEqtide) Surface Energy Flux due to Tides in EQTIDE [kg*m^2/sec^2/(m^2*sec)]: 0.044871 
Tidal Perturbers: 778_star
----- DISTORB PARAMETERS (778_c)------
(Sinc) Body's sin(1/2*Inclination) in DistOrb []: 0.002269 
(Pinc) Body's p = s*sin(Omega) in DistOrb []: -0.002261 
(Qinc) Body's q = s* cos(Omega) in DistOrb []: -0.000186 
(DIncDtDistOrb) Body's dInc/dt in DistOrb [rad/sec]: 1.815237e-17 
(DSincDtDistOrb) Body's dsin(.5*Inc)/dt in DistOrb [/sec]: 9.076161e-18 
(DLongADtDistOrb) Body's dOmega/dt in DistOrb [rad/sec]: -3.464161e-10 
(DLongPDtDistOrb) Body's dvarpi/dt in DistOrb [rad/sec]: -nan 
(DHeccDtDistOrb) Body's dh/dt in DistOrb [/sec]: 0.000000 
(DKeccDtDistOrb) Body's dk/dt in DistOrb [/sec]: 0.000000 
(DPincDtDistOrb) Body's dp/dt in DistOrb [/sec]: 6.442238e-14 
(DQincDtDistOrb) Body's dq/dt in DistOrb [/sec]: -7.832379e-13 
-----DISTROT PARAMETERS (778_c)------
(CassiniOne) First Cassini parameter (misalignment of Cassini state vectors) []: 0.357896 
(CassiniTwo) Second Cassini parameter (alignment of Cassini state vectors []: -0.933762 
(DOblDtDistRot) Body's dobl/dt in DistRot [rad]: 5.623694e-13 
(DPrecADtDistRot) Body's dpA/dt in DistRot [rad/sec]: 3.464054e-10 
(DXoblDtDistRot) Body's dXobl/dt in DistRot [/sec]: 1.729174e-12 
(DYoblDtDistRot) Body's dYobl/dt in DistRot [/sec]: -1.090611e-12 
(DZoblDtDistRot) Body's dZobl/dt in DistRot [/sec]: -3.191711e-15 
(OblTimeDistRot) Obliquity timescale in DistRot [rad]: 5.586351e+12 
(PrecATimeDistRot) Axial precession timescale in DistRot [sec]: 1.813824e+10 
(XoblTimeDistRot) Xobl timescale in DistRot [/sec]: 5.783108e+11 
(YoblTimeDistRot) Yobl timescale in DistRot [/sec]: 9.169175e+11 
(ZoblTimeDistRot) Zobl timescale in DistRot [/sec]: 3.133116e+14 
(DynEllip) dynamical ellipticity of planet []: 4.689021e-05 
(PrecFNat) natural precession freq of planet [rad/sec]: 6.050655e-10 
Output Order: Time[year] RotPer[days] LongP[deg] SemiMajorAxis[AU] Eccentricity[] SurfEnFluxTotal[W/m^2] Obliquity[deg] PrecA[deg] CassiniOne[deg] CassiniTwo[deg] PrecFNat[deg/year] DynEllip[] DeltaTime[year]
Grid Output Order:
