-------- Log file LP890-9_9632.log -------

Executable: /home/paul/vplanet/vplanet
Version: v1.0.0-410-g06cc63fcbb6ba0d343040b1b7c332851a0939b66
System Name: LP890-9_9632
Primary Input File: 9632_vpl.in
Body File #1: 9632_star.in
Body File #2: 9632_b.in
Body File #3: 9632_c.in
Allow files to be overwitten: Yes
Mass Units: Kilograms
Length Units: Meters
Time Units: Seconds
Angle Units: Radians

------- FORMATTING -----
Verbosity Level: 0
Crossover Decade for Scientific Notation: 4
Number of Digits After Decimal: 6
Integration Method: Runge-Kutta4
Direction: Forward
Time Step: 3.155760e+07
Stop Time: 3.155760e+11
Output Interval: 3.155760e+09
Use Variable Timestep: Yes
dEta: 0.001000
Minimum Value of ecc and obl: 1.000000e-10


---- INITIAL SYSTEM PROPERTIES ----
(Age) System Age [sec]: 3.155760e+13 
(Time) Simulation Time [sec]: 0.000000 
(TotAngMom) Total Angular Momentum [kgm^2/s]: 2.084701e+42 
(TotEnergy) Total System Energy [ergs]: -2.726392e+39 
(PotEnergy) Body's non-orbital Potential Energy [kg*m^2/sec^2]: -2.801863e+39 
(KinEnergy) Body's non-orbital Kinetic Energy [kg*m^2/sec^2]: 7.553136e+37 
(DeltaTime) Average Timestep Over Last Output Interval [sec]: 0.000000 
(Density) Average Density [kg/m^3]: 2017.511691 
(LongP) Body's Longitude of pericenter [rad]: 0.000000 
(LXUVTot) Total XUV Luminosity [kg*m^2/sec^2/(m^2*sec)]: 3.456466e+22 

----- BODY: 9632_star ----
Active Modules: EqTide STELLAR
Module Bit Sum: 67
Color: 000000
(Mass) Mass [kg]: 2.346331e+29 
(Obliquity) Obliquity [rad]: 0.000000 
(PrecA) Body's precession angle [rad]: 0.000000 
(Xobl) Body's sin(obl)*cos(pA) []: 0.000000 
(Yobl) Body's sin(obl)*sin(pA) []: 0.000000 
(Zobl) Body's cos(obl) []: 1.000000 
(Radius) Radius [Solar]: 1.131007 
(RadGyra) Radius of Gyration []: 0.443436 
(RotAngMom) Rotational Angular Momentum [kg*m^2/sec]: 2.077261e+42 
(RotKinEnergy) Body's Rotational Energy [kg*m^2/sec^2]: 7.553136e+37 
(RotVel) Rotational Velocity [m/sec]: 5.722073e+04 
(BodyType) Type of Body (0 == planet) []: 0.000000 
(RotRate) Rotational Frequency [/sec]: 7.272205e-05 
(RotPer) Rotational Period [days]: 1.000000 
(SurfEnFluxTotal) Total Surface Energy Flux [kg*m^2/sec^2/(m^2*sec)]: 0.035262 
(TidalQ) Tidal Q []: 1.000000e+06 
(ImK2) Im(k_2) []: -5.000000e-07 
(K2) k_2 []: 0.500000 
(K2Man) Real Love Number k2 Mantle []: 0.010000 
(Imk2Man) Imaginary Love Number k2 Mantle []: 0.000000 
(TidalQMantle) Mantle's Tidal Q []: 100.000000 
(HEcc) Poincare's h (=e*sin(varpi) []: 0.000000 
(HZLimitDryRunaway) Semi-major axis of Dry Runaway HZ Limit [m]: 4.070588e+10 
(HZLimRecVenus) Recent Venus Habitable Zone Limit [m]: 3.662409e+10 
(HZLimRunaway) Runaway Greenhouse Habitable Zone Limit [m]: 4.820644e+10 
(HZLimMoistGreenhouse) Moist Greenhouse Habitable Zone Limit [m]: 4.845974e+10 
(HZLimMaxGreenhouse) Maximum Greenhouse Habitable Zone Limit [m]: 9.292342e+10 
(HZLimEarlyMars) Early Mars Habitable Zone Limit [m]: 1.013425e+11 
(Instellation) Orbit-averaged INcident STELLar radiATION [kg*m^2/sec^2/(m^2*sec)]: -1.000000 
(KEcc) Poincare's k (=e*cos(varpi) []: 0.000000 
(Eccentricity) Orbital Eccentricity []: -1.000000 
(OrbEnergy) Body's Total Orbital Energy [kg*m^2/sec^2]: 0.000000 
(MeanMotion) Orbital Mean Motion [/sec]: -1.000000 
(OrbPeriod) Orbital Period [sec]: -1.000000 
(SemiMajorAxis) Semi-major Axis [m]: -1.000000 
(CriticalSemiMajorAxis) Holman & Wiegert (1999) P-type Critical Semi-major Axis [m]: -1.000000 
(OrbAngMom) Orbital Angular Momentum [kg*m^2/sec]: 0.000000 
(TotOrbEnergy) System's Total Orbital Energy [kg*m^2/sec^2]: -5.795924e+34 
(OrbPotEnergy) Body's Orbital Potential Energy [kg*m^2/sec^2]: -1.000000 
(LostEnergy) Body's Total Lost Energy [kg*m^2/sec^2]: 5.562685e-309 
(LostAngMom) Lost Angular Momentum due to Magnetic Braking [kg*m^2/sec]: 5.562685e-309 
----- EQTIDE PARAMETERS (9632_star)------
(LockTime) Time when body tidally locked. [sec]: -1.000000 
(BodyDsemiDtEqtide) Body's Contribution to dSemi/dt in EQTIDE []: -1.000000 
(BodyDeccDt) Body's Contribution to dEcc/dt in EQTIDE []: -1.000000 
(DOblDtEqtide) Time Rate of Change of Obliquity in EQTIDE [rad/sec]: 0.000000 
(DRotPerDtEqtide) Time Rate of Change of Rotation Period in EQTIDE []: 2.463923e-16 
(DRotRateDtEqtide) Time Rate of Change of Rotational Frequency in EQTIDE [/sec^2]: -2.073860e-25 
(EqRotRateDiscrete) CPL2 Discrete Equilibrium Spin Rate [/sec]: 2.663910e-05 
(EqRotPerDiscrete) CPL2 Discrete Equilibrium Spin Period [sec]: 2.358633e+05 
(EqRotRateCont) CPL2 Continuous Equilibrium Spin Rate [/sec]: 2.663910e-05 
(EqRotPerCont) CPL2 Continuous Equilibrium Rotation Period [sec]: 2.358633e+05 
(EqRotPer) Equilibrium Rotation Period [sec]: 2.358633e+05 
(EqRotRate) Equilibrium Rotation Rate [/sec]: 2.663910e-05 
(GammaRot) Gamma_Rotation [cgs]: -1.000000 
(GammaOrb) Gamma_Orbital [cgs]: -1.000000 
(OceanK2) K2_Ocean []: 0.010000 
(EnvTidalQ) Envelope Tidal Q []: -1.000000 
(OceanTidalQ) Ocean Tidal Q []: -1.000000 
(TideLock) Tidally Locked? []: 0.000000 
(RotTimeEqtide) Timescale for Rotational Evolution in EQTIDE [sec]: 2.047572e-25 
(EnvK2) K2_Env []: 0.010000 
(OblTimeEqtide) Timescale for Obliquity Evolution in EQTIDE []: -1.000000 
(PowerEqtide) Internal Power due to Tides in EQTIDE [kg*m^2/sec^3]: 2.743432e+17 
(SurfEnFluxEqtide) Surface Energy Flux due to Tides in EQTIDE [kg*m^2/sec^2/(m^2*sec)]: 0.035262 
Tidal Perturbers: 9632_b, 9632_c
----- STELLAR PARAMETERS (9632_star)------
(Luminosity) Luminosity [LSUN]: 0.089872 
(LXUVStellar) Base X-ray/XUV Luminosity [kg*m^2/sec^3]: 3.456466e+22 
(Temperature) Effective Temperature [K]: 2974.316306 
(LXUVFrac) X-ray/XUV Luminosity Fraction []: 0.001000 
(RossbyNumber) Rossby Number []: 0.014598 
(DRotPerDtStellar) Time Rate of Change of Rotation Period in STELLAR []: 2.606214e-09 
Output Order: Time[year] Radius[Solar] RotPer[days] Luminosity[LSUN] TotEnergy[ergs] TotAngMom[kgm^2/s]
Grid Output Order:

----- BODY: 9632_b ----
Active Modules: DistOrb DistRot EqTide
Module Bit Sum: 51
Color: 000000
(Mass) Mass [kg]: 1.373603e+25 
(Obliquity) Obliquity [rad]: 0.408749 
(PrecA) Body's precession angle [rad]: 3.522429 
(Xobl) Body's sin(obl)*cos(pA) []: -0.368985 
(Yobl) Body's sin(obl)*sin(pA) []: -0.147735 
(Zobl) Body's cos(obl) []: 0.917619 
(Radius) Radius [m]: 8.419092e+06 
(RadGyra) Radius of Gyration []: 0.400000 
(RotAngMom) Rotational Angular Momentum [kg*m^2/sec]: 1.132864e+34 
(RotKinEnergy) Body's Rotational Energy [kg*m^2/sec^2]: 4.119210e+29 
(RotVel) Rotational Velocity [m/sec]: 612.253648 
(BodyType) Type of Body (0 == planet) []: 0.000000 
(RotRate) Rotational Frequency [/sec]: 7.272205e-05 
(RotPer) Rotational Period [days]: 1.000000 
(SurfEnFluxTotal) Total Surface Energy Flux [W/m^2]: 7.429534e+04 
(TidalQ) Tidal Q []: 100.000000 
(ImK2) Im(k_2) []: -0.003000 
(K2) k_2 []: 0.300000 
(K2Man) Real Love Number k2 Mantle []: 0.010000 
(Imk2Man) Imaginary Love Number k2 Mantle []: 0.000000 
(TidalQMantle) Mantle's Tidal Q []: 100.000000 
(HEcc) Poincare's h (=e*sin(varpi) []: 0.000000 
(HZLimitDryRunaway) Semi-major axis of Dry Runaway HZ Limit [m]: 4.070588e+10 
(HZLimRecVenus) Recent Venus Habitable Zone Limit [m]: 3.662409e+10 
(HZLimRunaway) Runaway Greenhouse Habitable Zone Limit [m]: 4.820644e+10 
(HZLimMoistGreenhouse) Moist Greenhouse Habitable Zone Limit [m]: 4.845974e+10 
(HZLimMaxGreenhouse) Maximum Greenhouse Habitable Zone Limit [m]: 9.292342e+10 
(HZLimEarlyMars) Early Mars Habitable Zone Limit [m]: 1.013425e+11 
(Instellation) Orbit-averaged INcident STELLar radiATION [kg*m^2/sec^2/(m^2*sec)]: 3.495981e+05 
(KEcc) Poincare's k (=e*cos(varpi) []: 0.000000 
(Eccentricity) Orbital Eccentricity []: 0.000000 
(OrbEnergy) Body's Total Orbital Energy [kg*m^2/sec^2]: -3.834407e+34 
(MeanMotion) Orbital Mean Motion [/sec]: 2.663910e-05 
(OrbPeriod) Orbital Period [sec]: 2.358633e+05 
(SemiMajorAxis) Semi-major Axis [m]: 2.804960e+09 
(CriticalSemiMajorAxis) Holman & Wiegert (1999) P-type Critical Semi-major Axis [m]: -1.000000 
(OrbAngMom) Orbital Angular Momentum [kg*m^2/sec]: 2.878781e+39 
(ArgP) Body's argument of pericenter [rad]: 0.864201 
(Inc) Body's Inclination [rad]: 0.006787 
(LongA) Body's Longitude of ascending node [rad]: 5.418984 
(MeanLongitude) Orbital Mean Longitude [rad]: 0.000000 
(TotOrbEnergy) System's Total Orbital Energy [kg*m^2/sec^2]: -5.795924e+34 
(OrbPotEnergy) Body's Orbital Potential Energy [kg*m^2/sec^2]: -7.668813e+34 
(LostEnergy) Body's Total Lost Energy [kg*m^2/sec^2]: 5.562685e-309 
----- EQTIDE PARAMETERS (9632_b)------
(TidalRadius) Tidal Radius [m]: 8.419092e+06 
(DsemiDtEqtide) Total da/dt in EQTIDE [m/sec]: 2.809797e-06 
(DeccDtEqtide) Total de/dt in EQTIDE [/sec]: 0.000000 
(DMeanMotionDtEqtide) Total dMeanMotion/dt in EQTIDE [/sec^2]: -4.002755e-20 
(DOrbPerDtEqtide) Total dOrbPer/dt in EQTIDE []: 3.544050e-10 
(EccTimeEqtide) Timescale for Eccentricity Evolution (e/[de/dt]) in EQTIDE [sec]: 0.000000 
(SemiTimeEqtide) Timescale for Semi-major Axis Evolution (a/[da/dt]) in EQTIDE [sec]: 9.982786e+14 
(DHEccDtEqtide) Time Rate of Change of Poincare's h in EQTIDE [/sec]: 0.000000 
(DKEccDtEqtide) Time Rate of Change of Poincare's k in EQTIDE [/sec]: 0.000000 
(DXoblDtEqtide) Time Rate of Change of Laskar's X in EQTIDE [/sec]: -2.145969e-11 
(DYoblDtEqtide) Time Rate of Change of Laskar's Y in EQTIDE [/sec]: -8.592094e-12 
(DZoblDtEqtide) Time Rate of Change of Laskar's Z in EQTIDE [/sec]: -1.001251e-11 
(LockTime) Time when body tidally locked. [sec]: -1.000000 
(BodyDsemiDtEqtide) Body's Contribution to dSemi/dt in EQTIDE []: -1.000000 
(BodyDeccDt) Body's Contribution to dEcc/dt in EQTIDE []: -1.000000 
(DOblDtEqtide) Time Rate of Change of Obliquity in EQTIDE [rad/sec]: 2.519113e-11 
(DRotPerDtEqtide) Time Rate of Change of Rotation Period in EQTIDE []: 1.095210e-05 
(DRotRateDtEqtide) Time Rate of Change of Rotational Frequency in EQTIDE [/sec^2]: -9.218282e-15 
(EqRotRateDiscrete) CPL2 Discrete Equilibrium Spin Rate [/sec]: 2.663910e-05 
(EqRotPerDiscrete) CPL2 Discrete Equilibrium Spin Period [sec]: 2.358633e+05 
(EqRotRateCont) CPL2 Continuous Equilibrium Spin Rate [/sec]: 2.663910e-05 
(EqRotPerCont) CPL2 Continuous Equilibrium Rotation Period [sec]: 2.358633e+05 
(EqRotPer) Equilibrium Rotation Period [sec]: 2.358633e+05 
(EqRotRate) Equilibrium Rotation Rate [/sec]: 2.663910e-05 
(GammaRot) Gamma_Rotation [cgs]: -1.000000 
(GammaOrb) Gamma_Orbital [cgs]: -1.000000 
(OceanK2) K2_Ocean []: 0.010000 
(EnvTidalQ) Envelope Tidal Q []: -1.000000 
(OceanTidalQ) Ocean Tidal Q []: -1.000000 
(TideLock) Tidally Locked? []: 0.000000 
(RotTimeEqtide) Timescale for Rotational Evolution in EQTIDE [sec]: 7.888895e+09 
(EnvK2) K2_Env []: 0.010000 
(OblTimeEqtide) Timescale for Obliquity Evolution in EQTIDE []: -1.000000 
(PowerEqtide) Internal Power due to Tides in EQTIDE [kg*m^2/sec^3]: 6.617622e+19 
(SurfEnFluxEqtide) Surface Energy Flux due to Tides in EQTIDE [kg*m^2/sec^2/(m^2*sec)]: 7.429534e+04 
Tidal Perturbers: 9632_star
----- DISTORB PARAMETERS (9632_b)------
(Sinc) Body's sin(1/2*Inclination) in DistOrb []: 0.003394 
(Pinc) Body's p = s*sin(Omega) in DistOrb []: -0.002581 
(Qinc) Body's q = s* cos(Omega) in DistOrb []: 0.002203 
(DIncDtDistOrb) Body's dInc/dt in DistOrb [rad/sec]: -2.840498e-18 
(DSincDtDistOrb) Body's dsin(.5*Inc)/dt in DistOrb [/sec]: -1.420241e-18 
(DLongADtDistOrb) Body's dOmega/dt in DistOrb [rad/sec]: -3.464212e-10 
(DLongPDtDistOrb) Body's dvarpi/dt in DistOrb [rad/sec]: -nan 
(DHeccDtDistOrb) Body's dh/dt in DistOrb [/sec]: 0.000000 
(DKeccDtDistOrb) Body's dk/dt in DistOrb [/sec]: 0.000000 
(DPincDtDistOrb) Body's dp/dt in DistOrb [/sec]: -7.632963e-13 
(DQincDtDistOrb) Body's dq/dt in DistOrb [/sec]: -8.941843e-13 
-----DISTROT PARAMETERS (9632_b)------
(CassiniOne) First Cassini parameter (misalignment of Cassini state vectors) []: 0.464762 
(CassiniTwo) Second Cassini parameter (alignment of Cassini state vectors []: -0.885435 
(DOblDtDistRot) Body's dobl/dt in DistRot [rad]: 1.092803e-12 
(DPrecADtDistRot) Body's dpA/dt in DistRot [rad/sec]: 4.405675e-08 
(DXoblDtDistRot) Body's dXobl/dt in DistRot [/sec]: 6.507811e-09 
(DYoblDtDistRot) Body's dYobl/dt in DistRot [/sec]: -1.625667e-08 
(DZoblDtDistRot) Body's dZobl/dt in DistRot [/sec]: -4.343475e-13 
(OblTimeDistRot) Obliquity timescale in DistRot [rad]: 2.874803e+12 
(PrecATimeDistRot) Axial precession timescale in DistRot [sec]: 1.426157e+08 
(XoblTimeDistRot) Xobl timescale in DistRot [/sec]: 1.536615e+08 
(YoblTimeDistRot) Yobl timescale in DistRot [/sec]: 6.151322e+07 
(ZoblTimeDistRot) Zobl timescale in DistRot [/sec]: 2.302304e+12 
(DynEllip) dynamical ellipticity of planet []: 0.003281 
(PrecFNat) natural precession freq of planet [rad/sec]: 4.406154e-08 
Output Order: Time[year] RotPer[days] LongP[deg] SemiMajorAxis[AU] Eccentricity[] SurfEnFluxTotal[W/m^2] Obliquity[deg] PrecA[deg] CassiniOne[deg] CassiniTwo[deg] PrecFNat[deg/year] DynEllip[] DeltaTime[year]
Grid Output Order:

----- BODY: 9632_c ----
Active Modules: DistOrb DistRot EqTide
Module Bit Sum: 51
Color: 000000
(Mass) Mass [kg]: 1.493046e+25 
(Obliquity) Obliquity [rad]: 1.939983 
(PrecA) Body's precession angle [rad]: 4.078682 
(Xobl) Body's sin(obl)*cos(pA) []: -0.552239 
(Yobl) Body's sin(obl)*sin(pA) []: -0.751542 
(Zobl) Body's cos(obl) []: -0.360857 
(Radius) Radius [m]: 8.718863e+06 
(RadGyra) Radius of Gyration []: 0.400000 
(RotAngMom) Rotational Angular Momentum [kg*m^2/sec]: 1.320624e+34 
(RotKinEnergy) Body's Rotational Energy [kg*m^2/sec^2]: 4.801924e+29 
(RotVel) Rotational Velocity [m/sec]: 634.053588 
(BodyType) Type of Body (0 == planet) []: 0.000000 
(RotRate) Rotational Frequency [/sec]: 7.272205e-05 
(RotPer) Rotational Period [days]: 1.000000 
(SurfEnFluxTotal) Total Surface Energy Flux [W/m^2]: 1.039721e+04 
(TidalQ) Tidal Q []: 12.000000 
(ImK2) Im(k_2) []: -0.025000 
(K2) k_2 []: 0.300000 
(K2Man) Real Love Number k2 Mantle []: 0.010000 
(Imk2Man) Imaginary Love Number k2 Mantle []: 0.000000 
(TidalQMantle) Mantle's Tidal Q []: 100.000000 
(HEcc) Poincare's h (=e*sin(varpi) []: 0.000000 
(HZLimitDryRunaway) Semi-major axis of Dry Runaway HZ Limit [m]: 4.070588e+10 
(HZLimRecVenus) Recent Venus Habitable Zone Limit [m]: 3.662409e+10 
(HZLimRunaway) Runaway Greenhouse Habitable Zone Limit [m]: 4.820644e+10 
(HZLimMoistGreenhouse) Moist Greenhouse Habitable Zone Limit [m]: 4.845974e+10 
(HZLimMaxGreenhouse) Maximum Greenhouse Habitable Zone Limit [m]: 9.292342e+10 
(HZLimEarlyMars) Early Mars Habitable Zone Limit [m]: 1.013425e+11 
(Instellation) Orbit-averaged INcident STELLar radiATION [kg*m^2/sec^2/(m^2*sec)]: 7.743423e+04 
(KEcc) Poincare's k (=e*cos(varpi) []: 0.000000 
(Eccentricity) Orbital Eccentricity []: 0.000000 
(OrbEnergy) Body's Total Orbital Energy [kg*m^2/sec^2]: -1.961518e+34 
(MeanMotion) Orbital Mean Motion [/sec]: 8.600893e-06 
(OrbPeriod) Orbital Period [sec]: 7.305271e+05 
(SemiMajorAxis) Semi-major Axis [m]: 5.959979e+09 
(CriticalSemiMajorAxis) Holman & Wiegert (1999) P-type Critical Semi-major Axis [m]: -1.000000 
(OrbAngMom) Orbital Angular Momentum [kg*m^2/sec]: 4.561196e+39 
(ArgP) Body's argument of pericenter [rad]: 4.005797 
(Inc) Body's Inclination [rad]: 0.004284 
(LongA) Body's Longitude of ascending node [rad]: 2.277388 
(MeanLongitude) Orbital Mean Longitude [rad]: 3.926991 
(TotOrbEnergy) System's Total Orbital Energy [kg*m^2/sec^2]: -5.795924e+34 
(OrbPotEnergy) Body's Orbital Potential Energy [kg*m^2/sec^2]: -3.923036e+34 
(LostEnergy) Body's Total Lost Energy [kg*m^2/sec^2]: 5.562685e-309 
----- EQTIDE PARAMETERS (9632_c)------
(TidalRadius) Tidal Radius [m]: 8.718863e+06 
(DsemiDtEqtide) Total da/dt in EQTIDE [m/sec]: 4.049967e-07 
(DeccDtEqtide) Total de/dt in EQTIDE [/sec]: 0.000000 
(DMeanMotionDtEqtide) Total dMeanMotion/dt in EQTIDE [/sec^2]: -8.766808e-22 
(DOrbPerDtEqtide) Total dOrbPer/dt in EQTIDE []: 7.446193e-11 
(EccTimeEqtide) Timescale for Eccentricity Evolution (e/[de/dt]) in EQTIDE [sec]: 0.000000 
(SemiTimeEqtide) Timescale for Semi-major Axis Evolution (a/[da/dt]) in EQTIDE [sec]: 1.471612e+16 
(DHEccDtEqtide) Time Rate of Change of Poincare's h in EQTIDE [/sec]: 0.000000 
(DKEccDtEqtide) Time Rate of Change of Poincare's k in EQTIDE [/sec]: 0.000000 
(DXoblDtEqtide) Time Rate of Change of Laskar's X in EQTIDE [/sec]: 1.168681e-12 
(DYoblDtEqtide) Time Rate of Change of Laskar's Y in EQTIDE [/sec]: 1.590459e-12 
(DZoblDtEqtide) Time Rate of Change of Laskar's Z in EQTIDE [/sec]: -5.100881e-12 
(LockTime) Time when body tidally locked. [sec]: -1.000000 
(BodyDsemiDtEqtide) Body's Contribution to dSemi/dt in EQTIDE []: -1.000000 
(BodyDeccDt) Body's Contribution to dEcc/dt in EQTIDE []: -1.000000 
(DOblDtEqtide) Time Rate of Change of Obliquity in EQTIDE [rad/sec]: 5.469402e-12 
(DRotPerDtEqtide) Time Rate of Change of Rotation Period in EQTIDE []: 1.013397e-06 
(DRotRateDtEqtide) Time Rate of Change of Rotational Frequency in EQTIDE [/sec^2]: -8.529665e-16 
(EqRotRateDiscrete) CPL2 Discrete Equilibrium Spin Rate [/sec]: 8.600893e-06 
(EqRotPerDiscrete) CPL2 Discrete Equilibrium Spin Period [sec]: 7.305271e+05 
(EqRotRateCont) CPL2 Continuous Equilibrium Spin Rate [/sec]: 8.600893e-06 
(EqRotPerCont) CPL2 Continuous Equilibrium Rotation Period [sec]: 7.305271e+05 
(EqRotPer) Equilibrium Rotation Period [sec]: 7.305271e+05 
(EqRotRate) Equilibrium Rotation Rate [/sec]: 8.600893e-06 
(GammaRot) Gamma_Rotation [cgs]: -1.000000 
(GammaOrb) Gamma_Orbital [cgs]: -1.000000 
(OceanK2) K2_Ocean []: 0.010000 
(EnvTidalQ) Envelope Tidal Q []: -1.000000 
(OceanTidalQ) Ocean Tidal Q []: -1.000000 
(TideLock) Tidally Locked? []: 0.000000 
(RotTimeEqtide) Timescale for Rotational Evolution in EQTIDE [sec]: 8.525781e+10 
(EnvK2) K2_Env []: 0.010000 
(OblTimeEqtide) Timescale for Obliquity Evolution in EQTIDE []: -1.000000 
(PowerEqtide) Internal Power due to Tides in EQTIDE [kg*m^2/sec^3]: 9.932220e+18 
(SurfEnFluxEqtide) Surface Energy Flux due to Tides in EQTIDE [kg*m^2/sec^2/(m^2*sec)]: 1.039721e+04 
Tidal Perturbers: 9632_star
----- DISTORB PARAMETERS (9632_c)------
(Sinc) Body's sin(1/2*Inclination) in DistOrb []: 0.002142 
(Pinc) Body's p = s*sin(Omega) in DistOrb []: 0.001629 
(Qinc) Body's q = s* cos(Omega) in DistOrb []: -0.001391 
(DIncDtDistOrb) Body's dInc/dt in DistOrb [rad/sec]: 2.840366e-18 
(DSincDtDistOrb) Body's dsin(.5*Inc)/dt in DistOrb [/sec]: 1.420180e-18 
(DLongADtDistOrb) Body's dOmega/dt in DistOrb [rad/sec]: -3.464050e-10 
(DLongPDtDistOrb) Body's dvarpi/dt in DistOrb [rad/sec]: -nan 
(DHeccDtDistOrb) Body's dh/dt in DistOrb [/sec]: 0.000000 
(DKeccDtDistOrb) Body's dk/dt in DistOrb [/sec]: 0.000000 
(DPincDtDistOrb) Body's dp/dt in DistOrb [/sec]: 4.817474e-13 
(DQincDtDistOrb) Body's dq/dt in DistOrb [/sec]: 5.643561e-13 
-----DISTROT PARAMETERS (9632_c)------
(CassiniOne) First Cassini parameter (misalignment of Cassini state vectors) []: 0.072822 
(CassiniTwo) Second Cassini parameter (alignment of Cassini state vectors []: 0.997345 
(DOblDtDistRot) Body's dobl/dt in DistRot [rad]: 7.992443e-14 
(DPrecADtDistRot) Body's dpA/dt in DistRot [rad/sec]: -1.845076e-09 
(DXoblDtDistRot) Body's dXobl/dt in DistRot [/sec]: -1.386675e-09 
(DYoblDtDistRot) Body's dYobl/dt in DistRot [/sec]: 1.018891e-09 
(DZoblDtDistRot) Body's dZobl/dt in DistRot [/sec]: -1.007880e-13 
(OblTimeDistRot) Obliquity timescale in DistRot [rad]: 3.930704e+13 
(PrecATimeDistRot) Axial precession timescale in DistRot [sec]: 3.405381e+09 
(XoblTimeDistRot) Xobl timescale in DistRot [/sec]: 7.211497e+08 
(YoblTimeDistRot) Yobl timescale in DistRot [/sec]: 9.814597e+08 
(ZoblTimeDistRot) Zobl timescale in DistRot [/sec]: 9.921821e+12 
(DynEllip) dynamical ellipticity of planet []: 0.003352 
(PrecFNat) natural precession freq of planet [rad/sec]: -1.845652e-09 
Output Order: Time[year] RotPer[days] LongP[deg] SemiMajorAxis[AU] Eccentricity[] SurfEnFluxTotal[W/m^2] Obliquity[deg] PrecA[deg] CassiniOne[deg] CassiniTwo[deg] PrecFNat[deg/year] DynEllip[] DeltaTime[year]
Grid Output Order:



---- FINAL SYSTEM PROPERTIES ----
(Age) System Age [sec]: 3.187318e+13 
(Time) Simulation Time [sec]: 3.155760e+11 
(TotAngMom) Total Angular Momentum [kgm^2/s]: 2.084701e+42 
(TotEnergy) Total System Energy [ergs]: -2.726392e+39 
(PotEnergy) Body's non-orbital Potential Energy [kg*m^2/sec^2]: -2.804103e+39 
(KinEnergy) Body's non-orbital Kinetic Energy [kg*m^2/sec^2]: 7.415244e+37 
(DeltaTime) Average Timestep Over Last Output Interval [sec]: 619.861349 
(Density) Average Density [kg/m^3]: 2022.353681 
(LongP) Body's Longitude of pericenter [rad]: 0.000000 
(LXUVTot) Total XUV Luminosity [kg*m^2/sec^2/(m^2*sec)]: 3.451621e+22 

----- BODY: 9632_star ----
Active Modules: EqTide STELLAR
Module Bit Sum: 67
Color: 000000
(Mass) Mass [kg]: 2.346331e+29 
(Obliquity) Obliquity [rad]: 0.000000 
(PrecA) Body's precession angle [rad]: 0.000000 
(Xobl) Body's sin(obl)*cos(pA) []: 0.000000 
(Yobl) Body's sin(obl)*sin(pA) []: 0.000000 
(Zobl) Body's cos(obl) []: 1.000000 
(Radius) Radius [Solar]: 1.130104 
(RadGyra) Radius of Gyration []: 0.443453 
(RotAngMom) Rotational Angular Momentum [kg*m^2/sec]: 2.056650e+42 
(RotKinEnergy) Body's Rotational Energy [kg*m^2/sec^2]: 7.415244e+37 
(RotVel) Rotational Velocity [m/sec]: 5.669376e+04 
(BodyType) Type of Body (0 == planet) []: 0.000000 
(RotRate) Rotational Frequency [/sec]: 7.210992e-05 
(RotPer) Rotational Period [days]: 1.008489 
(SurfEnFluxTotal) Total Surface Energy Flux [kg*m^2/sec^2/(m^2*sec)]: 0.034712 
(TidalQ) Tidal Q []: 1.000000e+06 
(ImK2) Im(k_2) []: -5.000000e-07 
(K2) k_2 []: 0.500000 
(K2Man) Real Love Number k2 Mantle []: 0.010000 
(Imk2Man) Imaginary Love Number k2 Mantle []: 0.000000 
(TidalQMantle) Mantle's Tidal Q []: 100.000000 
(HEcc) Poincare's h (=e*sin(varpi) []: 0.000000 
(HZLimitDryRunaway) Semi-major axis of Dry Runaway HZ Limit [m]: 4.067734e+10 
(HZLimRecVenus) Recent Venus Habitable Zone Limit [m]: 3.659825e+10 
(HZLimRunaway) Runaway Greenhouse Habitable Zone Limit [m]: 4.817253e+10 
(HZLimMoistGreenhouse) Moist Greenhouse Habitable Zone Limit [m]: 4.842555e+10 
(HZLimMaxGreenhouse) Maximum Greenhouse Habitable Zone Limit [m]: 9.285697e+10 
(HZLimEarlyMars) Early Mars Habitable Zone Limit [m]: 1.012700e+11 
(Instellation) Orbit-averaged INcident STELLar radiATION [kg*m^2/sec^2/(m^2*sec)]: -1.000000 
(KEcc) Poincare's k (=e*cos(varpi) []: 0.000000 
(Eccentricity) Orbital Eccentricity []: -1.000000 
(OrbEnergy) Body's Total Orbital Energy [kg*m^2/sec^2]: 0.000000 
(MeanMotion) Orbital Mean Motion [/sec]: -1.000000 
(OrbPeriod) Orbital Period [sec]: -1.000000 
(SemiMajorAxis) Semi-major Axis [m]: -1.000000 
(CriticalSemiMajorAxis) Holman & Wiegert (1999) P-type Critical Semi-major Axis [m]: -1.000000 
(OrbAngMom) Orbital Angular Momentum [kg*m^2/sec]: 0.000000 
(TotOrbEnergy) System's Total Orbital Energy [kg*m^2/sec^2]: -5.795898e+34 
(OrbPotEnergy) Body's Orbital Potential Energy [kg*m^2/sec^2]: -1.000000 
(LostEnergy) Body's Total Lost Energy [kg*m^2/sec^2]: 3.618243e+36 
(LostAngMom) Lost Angular Momentum due to Magnetic Braking [kg*m^2/sec]: 2.061089e+40 
----- EQTIDE PARAMETERS (9632_star)------
(LockTime) Time when body tidally locked. [sec]: -1.000000 
(BodyDsemiDtEqtide) Body's Contribution to dSemi/dt in EQTIDE []: -1.000000 
(BodyDeccDt) Body's Contribution to dEcc/dt in EQTIDE []: -1.000000 
(DOblDtEqtide) Time Rate of Change of Obliquity in EQTIDE [rad/sec]: 0.000000 
(DRotPerDtEqtide) Time Rate of Change of Rotation Period in EQTIDE []: 2.499651e-16 
(DRotRateDtEqtide) Time Rate of Change of Rotational Frequency in EQTIDE [/sec^2]: -2.068662e-25 
(EqRotRateDiscrete) CPL2 Discrete Equilibrium Spin Rate [/sec]: 2.663888e-05 
(EqRotPerDiscrete) CPL2 Discrete Equilibrium Spin Period [sec]: 2.358653e+05 
(EqRotRateCont) CPL2 Continuous Equilibrium Spin Rate [/sec]: 2.663888e-05 
(EqRotPerCont) CPL2 Continuous Equilibrium Rotation Period [sec]: 2.358653e+05 
(EqRotPer) Equilibrium Rotation Period [sec]: 2.358653e+05 
(EqRotRate) Equilibrium Rotation Rate [/sec]: 2.663888e-05 
(GammaRot) Gamma_Rotation [cgs]: -1.000000 
(GammaOrb) Gamma_Orbital [cgs]: -1.000000 
(OceanK2) K2_Ocean []: 0.010000 
(EnvTidalQ) Envelope Tidal Q []: -1.000000 
(OceanTidalQ) Ocean Tidal Q []: -1.000000 
(TideLock) Tidally Locked? []: 0.000000 
(RotTimeEqtide) Timescale for Rotational Evolution in EQTIDE [sec]: 2.042440e-25 
(EnvK2) K2_Env []: 0.010000 
(OblTimeEqtide) Timescale for Obliquity Evolution in EQTIDE []: -1.000000 
(PowerEqtide) Internal Power due to Tides in EQTIDE [kg*m^2/sec^3]: 2.696300e+17 
(SurfEnFluxEqtide) Surface Energy Flux due to Tides in EQTIDE [kg*m^2/sec^2/(m^2*sec)]: 0.034712 
Tidal Perturbers: 9632_b, 9632_c
----- STELLAR PARAMETERS (9632_star)------
(Luminosity) Luminosity [LSUN]: 0.089746 
(LXUVStellar) Base X-ray/XUV Luminosity [kg*m^2/sec^3]: 3.451621e+22 
(Temperature) Effective Temperature [K]: 2974.572784 
(LXUVFrac) X-ray/XUV Luminosity Fraction []: 0.001000 
(RossbyNumber) Rossby Number []: 0.014724 
(DRotPerDtStellar) Time Rate of Change of Rotation Period in STELLAR []: 2.226426e-09 
Output Order: Time[year] Radius[Solar] RotPer[days] Luminosity[LSUN] TotEnergy[ergs] TotAngMom[kgm^2/s]
Grid Output Order:

----- BODY: 9632_b ----
Active Modules: DistOrb DistRot EqTide
Module Bit Sum: 51
Color: 000000
(Mass) Mass [kg]: 1.373603e+25 
(Obliquity) Obliquity [rad]: 0.000136 
(PrecA) Body's precession angle [rad]: 0.208113 
(Xobl) Body's sin(obl)*cos(pA) []: 0.000133 
(Yobl) Body's sin(obl)*sin(pA) []: 2.816955e-05 
(Zobl) Body's cos(obl) []: 1.000000 
(Radius) Radius [m]: 8.419092e+06 
(RadGyra) Radius of Gyration []: 0.400000 
(RotAngMom) Rotational Angular Momentum [kg*m^2/sec]: 4.149804e+33 
(RotKinEnergy) Body's Rotational Energy [kg*m^2/sec^2]: 5.527305e+28 
(RotVel) Rotational Velocity [m/sec]: 224.275148 
(BodyType) Type of Body (0 == planet) []: 0.000000 
(RotRate) Rotational Frequency [/sec]: 2.663888e-05 
(RotPer) Rotational Period [days]: 2.729922 
(SurfEnFluxTotal) Total Surface Energy Flux [W/m^2]: 0.000798 
(TidalQ) Tidal Q []: 100.000000 
(ImK2) Im(k_2) []: -0.003000 
(K2) k_2 []: 0.300000 
(K2Man) Real Love Number k2 Mantle []: 0.010000 
(Imk2Man) Imaginary Love Number k2 Mantle []: 0.000000 
(TidalQMantle) Mantle's Tidal Q []: 100.000000 
(HEcc) Poincare's h (=e*sin(varpi) []: 0.000000 
(HZLimitDryRunaway) Semi-major axis of Dry Runaway HZ Limit [m]: 4.067734e+10 
(HZLimRecVenus) Recent Venus Habitable Zone Limit [m]: 3.659825e+10 
(HZLimRunaway) Runaway Greenhouse Habitable Zone Limit [m]: 4.817253e+10 
(HZLimMoistGreenhouse) Moist Greenhouse Habitable Zone Limit [m]: 4.842555e+10 
(HZLimMaxGreenhouse) Maximum Greenhouse Habitable Zone Limit [m]: 9.285697e+10 
(HZLimEarlyMars) Early Mars Habitable Zone Limit [m]: 1.012700e+11 
(Instellation) Orbit-averaged INcident STELLar radiATION [kg*m^2/sec^2/(m^2*sec)]: 3.491042e+05 
(KEcc) Poincare's k (=e*cos(varpi) []: 0.000000 
(Eccentricity) Orbital Eccentricity []: 0.000000 
(OrbEnergy) Body's Total Orbital Energy [kg*m^2/sec^2]: -3.834385e+34 
(MeanMotion) Orbital Mean Motion [/sec]: 2.663888e-05 
(OrbPeriod) Orbital Period [sec]: 2.358653e+05 
(SemiMajorAxis) Semi-major Axis [m]: 2.804976e+09 
(CriticalSemiMajorAxis) Holman & Wiegert (1999) P-type Critical Semi-major Axis [m]: -1.000000 
(OrbAngMom) Orbital Angular Momentum [kg*m^2/sec]: 2.878789e+39 
(ArgP) Body's argument of pericenter [rad]: 3.369783 
(Inc) Body's Inclination [rad]: 0.006788 
(LongA) Body's Longitude of ascending node [rad]: 2.913402 
(MeanLongitude) Orbital Mean Longitude [rad]: 0.000000 
(TotOrbEnergy) System's Total Orbital Energy [kg*m^2/sec^2]: -5.795898e+34 
(OrbPotEnergy) Body's Orbital Potential Energy [kg*m^2/sec^2]: -7.668770e+34 
(LostEnergy) Body's Total Lost Energy [kg*m^2/sec^2]: 1.910812e+29 
----- EQTIDE PARAMETERS (9632_b)------
(TidalRadius) Tidal Radius [m]: 8.419092e+06 
(DsemiDtEqtide) Total da/dt in EQTIDE [m/sec]: 1.135173e-08 
(DeccDtEqtide) Total de/dt in EQTIDE [/sec]: -0.000000 
(DMeanMotionDtEqtide) Total dMeanMotion/dt in EQTIDE [/sec^2]: -1.617112e-22 
(DOrbPerDtEqtide) Total dOrbPer/dt in EQTIDE []: 1.431819e-12 
(EccTimeEqtide) Timescale for Eccentricity Evolution (e/[de/dt]) in EQTIDE [sec]: 0.000000 
(SemiTimeEqtide) Timescale for Semi-major Axis Evolution (a/[da/dt]) in EQTIDE [sec]: 2.470968e+17 
(DHEccDtEqtide) Time Rate of Change of Poincare's h in EQTIDE [/sec]: -0.000000 
(DKEccDtEqtide) Time Rate of Change of Poincare's k in EQTIDE [/sec]: -0.000000 
(DXoblDtEqtide) Time Rate of Change of Laskar's X in EQTIDE [/sec]: -4.616004e-14 
(DYoblDtEqtide) Time Rate of Change of Laskar's Y in EQTIDE [/sec]: -9.747654e-15 
(DZoblDtEqtide) Time Rate of Change of Laskar's Z in EQTIDE [/sec]: 6.432198e-18 
(LockTime) Time when body tidally locked. [sec]: 5.493397e+09 
(BodyDsemiDtEqtide) Body's Contribution to dSemi/dt in EQTIDE []: -1.000000 
(BodyDeccDt) Body's Contribution to dEcc/dt in EQTIDE []: -1.000000 
(DOblDtEqtide) Time Rate of Change of Obliquity in EQTIDE [rad/sec]: -4.717803e-14 
(DRotPerDtEqtide) Time Rate of Change of Rotation Period in EQTIDE []: -4.925298e-299 
(DRotRateDtEqtide) Time Rate of Change of Rotational Frequency in EQTIDE [/sec^2]: 5.562685e-309 
(EqRotRateDiscrete) CPL2 Discrete Equilibrium Spin Rate [/sec]: 2.663888e-05 
(EqRotPerDiscrete) CPL2 Discrete Equilibrium Spin Period [sec]: 2.358653e+05 
(EqRotRateCont) CPL2 Continuous Equilibrium Spin Rate [/sec]: 2.663888e-05 
(EqRotPerCont) CPL2 Continuous Equilibrium Rotation Period [sec]: 2.358653e+05 
(EqRotPer) Equilibrium Rotation Period [sec]: 2.358653e+05 
(EqRotRate) Equilibrium Rotation Rate [/sec]: 2.663888e-05 
(GammaRot) Gamma_Rotation [cgs]: -1.000000 
(GammaOrb) Gamma_Orbital [cgs]: -1.000000 
(OceanK2) K2_Ocean []: 0.010000 
(EnvTidalQ) Envelope Tidal Q []: -1.000000 
(OceanTidalQ) Ocean Tidal Q []: -1.000000 
(TideLock) Tidally Locked? []: 1.000000 
(RotTimeEqtide) Timescale for Rotational Evolution in EQTIDE [sec]: 4.788852e+303 
(EnvK2) K2_Env []: 0.010000 
(OblTimeEqtide) Timescale for Obliquity Evolution in EQTIDE []: -1.000000 
(PowerEqtide) Internal Power due to Tides in EQTIDE [kg*m^2/sec^3]: 7.110534e+11 
(SurfEnFluxEqtide) Surface Energy Flux due to Tides in EQTIDE [kg*m^2/sec^2/(m^2*sec)]: 0.000798 
Tidal Perturbers: 9632_star
----- DISTORB PARAMETERS (9632_b)------
(Sinc) Body's sin(1/2*Inclination) in DistOrb []: 0.003394 
(Pinc) Body's p = s*sin(Omega) in DistOrb []: 0.000768 
(Qinc) Body's q = s* cos(Omega) in DistOrb []: -0.003306 
(DIncDtDistOrb) Body's dInc/dt in DistOrb [rad/sec]: 2.589531e-17 
(DSincDtDistOrb) Body's dsin(.5*Inc)/dt in DistOrb [/sec]: 1.294758e-17 
(DLongADtDistOrb) Body's dOmega/dt in DistOrb [rad/sec]: -3.464085e-10 
(DLongPDtDistOrb) Body's dvarpi/dt in DistOrb [rad/sec]: -nan 
(DHeccDtDistOrb) Body's dh/dt in DistOrb [/sec]: 0.000000 
(DKeccDtDistOrb) Body's dk/dt in DistOrb [/sec]: 0.000000 
(DPincDtDistOrb) Body's dp/dt in DistOrb [/sec]: 1.145185e-12 
(DQincDtDistOrb) Body's dq/dt in DistOrb [/sec]: 2.659390e-13 
-----DISTROT PARAMETERS (9632_b)------
(CassiniOne) First Cassini parameter (misalignment of Cassini state vectors) []: 0.020065 
(CassiniTwo) Second Cassini parameter (alignment of Cassini state vectors []: -0.999799 
(DOblDtDistRot) Body's dobl/dt in DistRot [rad]: 4.717803e-14 
(DPrecADtDistRot) Body's dpA/dt in DistRot [rad/sec]: 3.464132e-10 
(DXoblDtDistRot) Body's dXobl/dt in DistRot [/sec]: 3.640174e-14 
(DYoblDtDistRot) Body's dYobl/dt in DistRot [/sec]: 5.595814e-14 
(DZoblDtDistRot) Body's dZobl/dt in DistRot [/sec]: -6.432198e-18 
(OblTimeDistRot) Obliquity timescale in DistRot [rad]: 6.659016e+13 
(PrecATimeDistRot) Axial precession timescale in DistRot [sec]: 1.813783e+10 
(XoblTimeDistRot) Xobl timescale in DistRot [/sec]: 2.747121e+13 
(YoblTimeDistRot) Yobl timescale in DistRot [/sec]: 1.787050e+13 
(ZoblTimeDistRot) Zobl timescale in DistRot [/sec]: 1.554678e+17 
(DynEllip) dynamical ellipticity of planet []: 0.000440 
(PrecFNat) natural precession freq of planet [rad/sec]: 1.758895e-08 
Output Order: Time[year] RotPer[days] LongP[deg] SemiMajorAxis[AU] Eccentricity[] SurfEnFluxTotal[W/m^2] Obliquity[deg] PrecA[deg] CassiniOne[deg] CassiniTwo[deg] PrecFNat[deg/year] DynEllip[] DeltaTime[year]
Grid Output Order:

----- BODY: 9632_c ----
Active Modules: DistOrb DistRot EqTide
Module Bit Sum: 51
Color: 000000
(Mass) Mass [kg]: 1.493046e+25 
(Obliquity) Obliquity [rad]: 0.005353 
(PrecA) Body's precession angle [rad]: 3.003963 
(Xobl) Body's sin(obl)*cos(pA) []: -0.005305 
(Yobl) Body's sin(obl)*sin(pA) []: 0.000735 
(Zobl) Body's cos(obl) []: 1.000459 
(Radius) Radius [m]: 8.718863e+06 
(RadGyra) Radius of Gyration []: 0.400000 
(RotAngMom) Rotational Angular Momentum [kg*m^2/sec]: 1.561906e+33 
(RotKinEnergy) Body's Rotational Energy [kg*m^2/sec^2]: 6.716865e+27 
(RotVel) Rotational Velocity [m/sec]: 74.989704 
(BodyType) Type of Body (0 == planet) []: 0.000000 
(RotRate) Rotational Frequency [/sec]: 8.600858e-06 
(RotPer) Rotational Period [days]: 8.455209 
(SurfEnFluxTotal) Total Surface Energy Flux [W/m^2]: 0.039958 
(TidalQ) Tidal Q []: 12.000000 
(ImK2) Im(k_2) []: -0.025000 
(K2) k_2 []: 0.300000 
(K2Man) Real Love Number k2 Mantle []: 0.010000 
(Imk2Man) Imaginary Love Number k2 Mantle []: 0.000000 
(TidalQMantle) Mantle's Tidal Q []: 100.000000 
(HEcc) Poincare's h (=e*sin(varpi) []: 0.000000 
(HZLimitDryRunaway) Semi-major axis of Dry Runaway HZ Limit [m]: 4.067734e+10 
(HZLimRecVenus) Recent Venus Habitable Zone Limit [m]: 3.659825e+10 
(HZLimRunaway) Runaway Greenhouse Habitable Zone Limit [m]: 4.817253e+10 
(HZLimMoistGreenhouse) Moist Greenhouse Habitable Zone Limit [m]: 4.842555e+10 
(HZLimMaxGreenhouse) Maximum Greenhouse Habitable Zone Limit [m]: 9.285697e+10 
(HZLimEarlyMars) Early Mars Habitable Zone Limit [m]: 1.012700e+11 
(Instellation) Orbit-averaged INcident STELLar radiATION [kg*m^2/sec^2/(m^2*sec)]: 7.732527e+04 
(KEcc) Poincare's k (=e*cos(varpi) []: 0.000000 
(Eccentricity) Orbital Eccentricity []: 0.000000 
(OrbEnergy) Body's Total Orbital Energy [kg*m^2/sec^2]: -1.961513e+34 
(MeanMotion) Orbital Mean Motion [/sec]: 8.600858e-06 
(OrbPeriod) Orbital Period [sec]: 7.305300e+05 
(SemiMajorAxis) Semi-major Axis [m]: 5.959995e+09 
(CriticalSemiMajorAxis) Holman & Wiegert (1999) P-type Critical Semi-major Axis [m]: -1.000000 
(OrbAngMom) Orbital Angular Momentum [kg*m^2/sec]: 4.561202e+39 
(ArgP) Body's argument of pericenter [rad]: 0.228162 
(Inc) Body's Inclination [rad]: 0.004284 
(LongA) Body's Longitude of ascending node [rad]: 6.055023 
(MeanLongitude) Orbital Mean Longitude [rad]: 3.926991 
(TotOrbEnergy) System's Total Orbital Energy [kg*m^2/sec^2]: -5.795898e+34 
(OrbPotEnergy) Body's Orbital Potential Energy [kg*m^2/sec^2]: -3.923025e+34 
(LostEnergy) Body's Total Lost Energy [kg*m^2/sec^2]: 4.209927e+29 
----- EQTIDE PARAMETERS (9632_c)------
(TidalRadius) Tidal Radius [m]: 8.718863e+06 
(DsemiDtEqtide) Total da/dt in EQTIDE [m/sec]: 1.838514e-10 
(DeccDtEqtide) Total de/dt in EQTIDE [/sec]: -0.000000 
(DMeanMotionDtEqtide) Total dMeanMotion/dt in EQTIDE [/sec^2]: -3.979735e-25 
(DOrbPerDtEqtide) Total dOrbPer/dt in EQTIDE []: 3.380262e-14 
(EccTimeEqtide) Timescale for Eccentricity Evolution (e/[de/dt]) in EQTIDE [sec]: 0.000000 
(SemiTimeEqtide) Timescale for Semi-major Axis Evolution (a/[da/dt]) in EQTIDE [sec]: 3.241746e+19 
(DHEccDtEqtide) Time Rate of Change of Poincare's h in EQTIDE [/sec]: -0.000000 
(DKEccDtEqtide) Time Rate of Change of Poincare's k in EQTIDE [/sec]: -0.000000 
(DXoblDtEqtide) Time Rate of Change of Laskar's X in EQTIDE [/sec]: 5.258098e-13 
(DYoblDtEqtide) Time Rate of Change of Laskar's Y in EQTIDE [/sec]: -7.282719e-14 
(DZoblDtEqtide) Time Rate of Change of Laskar's Z in EQTIDE [/sec]: 2.841443e-15 
(LockTime) Time when body tidally locked. [sec]: 1.056668e+11 
(BodyDsemiDtEqtide) Body's Contribution to dSemi/dt in EQTIDE []: -1.000000 
(BodyDeccDt) Body's Contribution to dEcc/dt in EQTIDE []: -1.000000 
(DOblDtEqtide) Time Rate of Change of Obliquity in EQTIDE [rad/sec]: -5.308369e-13 
(DRotPerDtEqtide) Time Rate of Change of Rotation Period in EQTIDE []: -4.724770e-298 
(DRotRateDtEqtide) Time Rate of Change of Rotational Frequency in EQTIDE [/sec^2]: 5.562685e-309 
(EqRotRateDiscrete) CPL2 Discrete Equilibrium Spin Rate [/sec]: 8.600858e-06 
(EqRotPerDiscrete) CPL2 Discrete Equilibrium Spin Period [sec]: 7.305300e+05 
(EqRotRateCont) CPL2 Continuous Equilibrium Spin Rate [/sec]: 8.600858e-06 
(EqRotPerCont) CPL2 Continuous Equilibrium Rotation Period [sec]: 7.305300e+05 
(EqRotPer) Equilibrium Rotation Period [sec]: 7.305300e+05 
(EqRotRate) Equilibrium Rotation Rate [/sec]: 8.600858e-06 
(GammaRot) Gamma_Rotation [cgs]: -1.000000 
(GammaOrb) Gamma_Orbital [cgs]: -1.000000 
(OceanK2) K2_Ocean []: 0.010000 
(EnvTidalQ) Envelope Tidal Q []: -1.000000 
(OceanTidalQ) Ocean Tidal Q []: -1.000000 
(TideLock) Tidally Locked? []: 1.000000 
(RotTimeEqtide) Timescale for Rotational Evolution in EQTIDE [sec]: 1.546170e+303 
(EnvK2) K2_Env []: 0.010000 
(OblTimeEqtide) Timescale for Obliquity Evolution in EQTIDE []: -1.000000 
(PowerEqtide) Internal Power due to Tides in EQTIDE [kg*m^2/sec^3]: 3.817116e+13 
(SurfEnFluxEqtide) Surface Energy Flux due to Tides in EQTIDE [kg*m^2/sec^2/(m^2*sec)]: 0.039958 
Tidal Perturbers: 9632_star
----- DISTORB PARAMETERS (9632_c)------
(Sinc) Body's sin(1/2*Inclination) in DistOrb []: 0.002142 
(Pinc) Body's p = s*sin(Omega) in DistOrb []: -0.000484 
(Qinc) Body's q = s* cos(Omega) in DistOrb []: 0.002086 
(DIncDtDistOrb) Body's dInc/dt in DistOrb [rad/sec]: -2.589623e-17 
(DSincDtDistOrb) Body's dsin(.5*Inc)/dt in DistOrb [/sec]: -1.294808e-17 
(DLongADtDistOrb) Body's dOmega/dt in DistOrb [rad/sec]: -3.464208e-10 
(DLongPDtDistOrb) Body's dvarpi/dt in DistOrb [rad/sec]: -nan 
(DHeccDtDistOrb) Body's dh/dt in DistOrb [/sec]: 0.000000 
(DKeccDtDistOrb) Body's dk/dt in DistOrb [/sec]: 0.000000 
(DPincDtDistOrb) Body's dp/dt in DistOrb [/sec]: -7.227738e-13 
(DQincDtDistOrb) Body's dq/dt in DistOrb [/sec]: -1.678452e-13 
-----DISTROT PARAMETERS (9632_c)------
(CassiniOne) First Cassini parameter (misalignment of Cassini state vectors) []: 0.357704 
(CassiniTwo) Second Cassini parameter (alignment of Cassini state vectors []: -0.933835 
(DOblDtDistRot) Body's dobl/dt in DistRot [rad]: 5.305860e-13 
(DPrecADtDistRot) Body's dpA/dt in DistRot [rad/sec]: 3.464132e-10 
(DXoblDtDistRot) Body's dXobl/dt in DistRot [/sec]: -7.803264e-13 
(DYoblDtDistRot) Body's dYobl/dt in DistRot [/sec]: -1.764774e-12 
(DZoblDtDistRot) Body's dZobl/dt in DistRot [/sec]: -2.842786e-15 
(OblTimeDistRot) Obliquity timescale in DistRot [rad]: 5.920987e+12 
(PrecATimeDistRot) Axial precession timescale in DistRot [sec]: 1.813783e+10 
(XoblTimeDistRot) Xobl timescale in DistRot [/sec]: 1.281515e+12 
(YoblTimeDistRot) Yobl timescale in DistRot [/sec]: 5.666447e+11 
(ZoblTimeDistRot) Zobl timescale in DistRot [/sec]: 3.517676e+14 
(DynEllip) dynamical ellipticity of planet []: 4.689015e-05 
(PrecFNat) natural precession freq of planet [rad/sec]: 6.051822e-10 
Output Order: Time[year] RotPer[days] LongP[deg] SemiMajorAxis[AU] Eccentricity[] SurfEnFluxTotal[W/m^2] Obliquity[deg] PrecA[deg] CassiniOne[deg] CassiniTwo[deg] PrecFNat[deg/year] DynEllip[] DeltaTime[year]
Grid Output Order:
